2025-10-23 03:36:58,681 [ERROR] LogOutputStream:75 - [STDERR_REDIRECT] 
2025-10-23 07:25:53,180 [INFO] Activator:176 - 


2025-10-23 07:25:53,182 [INFO] Activator:177 - !SESSION log4j initialized
2025-10-23 07:25:59,552 [INFO] LogOutputStream:77 - [STDOUT_REDIRECT] 
2025-10-23 22:33:23,986 [INFO] Activator:176 - 


2025-10-23 22:33:23,989 [INFO] Activator:177 - !SESSION log4j initialized
2025-10-23 22:33:35,828 [INFO] LogOutputStream:77 - [STDOUT_REDIRECT] 
2025-10-23 22:33:39,951 [INFO] ApplicationProperties:184 - Using Application install path: C:\ST\STM32CubeIDE_1.19.0\STM32CubeIDE\plugins\com.st.stm32cube.common.mx_6.15.0.202507011659
2025-10-23 22:33:39,995 [INFO] DbMcusXml:78 - Set database path to: C:\ST\STM32CubeIDE_1.19.0\STM32CubeIDE\plugins\com.st.stm32cube.common.mx_6.15.0.202507011659\\db\/mcu/
2025-10-23 22:33:39,996 [INFO] ApiDb:274 - Set plugin database path to: C:\ST\STM32CubeIDE_1.19.0\STM32CubeIDE\plugins\com.st.stm32cube.common.mx_6.15.0.202507011659\\db\/plugins/boardmanager/
2025-10-23 22:33:39,996 [WARN] ApiDb:259 - Overriding images path with different value:  => C:\ST\STM32CubeIDE_1.19.0\STM32CubeIDE\plugins\com.st.stm32cube.common.mx_6.15.0.202507011659\\db\/plugins/mcufinder/images/
2025-10-23 22:33:40,015 [INFO] ApiDb:250 - Set database path to: C:\Users\eevgs\.stmcufinder\plugins\mcufinder//mcu/
2025-10-23 22:33:40,018 [INFO] DbMcusAds:125 - Set database path to: C:\Users\eevgs\.stmcufinder\plugins\mcufinder//mcu/
2025-10-23 22:33:40,023 [INFO] CrossReferenceDbSqlite:203 - Set database path to: C:\Users\eevgs\.stmcufinder\plugins\mcufinder//mcu/cs/
2025-10-23 22:33:40,267 [INFO] RulesReader:64 - Compatibility file has been processed (317 Rules)
2025-10-23 22:33:40,414 [INFO] DbMcusXml:78 - Set database path to: C:\ST\STM32CubeIDE_1.19.0\STM32CubeIDE\plugins\com.st.stm32cube.common.mx_6.15.0.202507011659\\db\/mcu/
2025-10-23 22:33:40,414 [INFO] ApiDb:274 - Set plugin database path to: C:\ST\STM32CubeIDE_1.19.0\STM32CubeIDE\plugins\com.st.stm32cube.common.mx_6.15.0.202507011659\\db\/plugins/boardmanager/
2025-10-23 22:33:40,414 [INFO] ApiDb:261 - Set plugin images path to: C:\ST\STM32CubeIDE_1.19.0\STM32CubeIDE\plugins\com.st.stm32cube.common.mx_6.15.0.202507011659\\db\/plugins/mcufinder/images/
2025-10-23 22:33:40,414 [WARN] DbFile:41 - Overriding database path with different value: C:\Users\eevgs\.stmcufinder\plugins\mcufinder/ => C:\Users\eevgs\.stmcufinder\plugins\mcufinder
2025-10-23 22:33:40,414 [INFO] ApiDb:250 - Set database path to: C:\Users\eevgs\.stmcufinder\plugins\mcufinder//mcu/
2025-10-23 22:33:40,430 [WARN] DbFile:41 - Overriding database path with different value: C:\Users\eevgs\.stmcufinder\plugins\mcufinder/ => C:\Users\eevgs\.stmcufinder\plugins\mcufinder
2025-10-23 22:33:40,430 [INFO] DbMcusAds:125 - Set database path to: C:\Users\eevgs\.stmcufinder\plugins\mcufinder//mcu/
2025-10-23 22:33:40,430 [WARN] DbFile:41 - Overriding database path with different value: C:\Users\eevgs\.stmcufinder\plugins\mcufinder/ => C:\Users\eevgs\.stmcufinder\plugins\mcufinder
2025-10-23 22:33:40,430 [WARN] DbFile:41 - Overriding database path with different value: C:\Users\eevgs\.stmcufinder\plugins\mcufinder/ => C:\Users\eevgs\.stmcufinder\plugins\mcufinder
2025-10-23 22:33:40,430 [INFO] CrossReferenceDbSqlite:203 - Set database path to: C:\Users\eevgs\.stmcufinder\plugins\mcufinder//mcu/cs/
2025-10-23 22:33:40,557 [INFO] MainPanel:274 - HeapMemory: 268435456
2025-10-23 22:33:40,750 [INFO] DbMcusXml:78 - Set database path to: C:\ST\STM32CubeIDE_1.19.0\STM32CubeIDE\plugins\com.st.stm32cube.common.mx_6.15.0.202507011659\\db\/mcu/
2025-10-23 22:33:40,750 [INFO] ApiDb:274 - Set plugin database path to: C:\ST\STM32CubeIDE_1.19.0\STM32CubeIDE\plugins\com.st.stm32cube.common.mx_6.15.0.202507011659\\db\/plugins/boardmanager/
2025-10-23 22:33:40,751 [INFO] ApiDb:261 - Set plugin images path to: C:\ST\STM32CubeIDE_1.19.0\STM32CubeIDE\plugins\com.st.stm32cube.common.mx_6.15.0.202507011659\\db\/plugins/mcufinder/images/
2025-10-23 22:33:40,751 [WARN] DbFile:41 - Overriding database path with different value: C:\Users\eevgs\.stmcufinder\plugins\mcufinder/ => C:\Users\eevgs\.stmcufinder\plugins\mcufinder
2025-10-23 22:33:40,752 [INFO] ApiDb:250 - Set database path to: C:\Users\eevgs\.stmcufinder\plugins\mcufinder//mcu/
2025-10-23 22:33:40,752 [WARN] DbFile:41 - Overriding database path with different value: C:\Users\eevgs\.stmcufinder\plugins\mcufinder/ => C:\Users\eevgs\.stmcufinder\plugins\mcufinder
2025-10-23 22:33:40,752 [INFO] DbMcusAds:125 - Set database path to: C:\Users\eevgs\.stmcufinder\plugins\mcufinder//mcu/
2025-10-23 22:33:40,752 [WARN] DbFile:41 - Overriding database path with different value: C:\Users\eevgs\.stmcufinder\plugins\mcufinder/ => C:\Users\eevgs\.stmcufinder\plugins\mcufinder
2025-10-23 22:33:40,752 [WARN] DbFile:41 - Overriding database path with different value: C:\Users\eevgs\.stmcufinder\plugins\mcufinder/ => C:\Users\eevgs\.stmcufinder\plugins\mcufinder
2025-10-23 22:33:40,753 [INFO] CrossReferenceDbSqlite:203 - Set database path to: C:\Users\eevgs\.stmcufinder\plugins\mcufinder//mcu/cs/
2025-10-23 22:33:40,784 [INFO] ApplicationProperties:184 - Using Application install path: C:\ST\STM32CubeIDE_1.19.0\STM32CubeIDE\plugins\com.st.stm32cube.common.mx_6.15.0.202507011659
2025-10-23 22:33:40,786 [INFO] PluginManage:196 - Search for loadable plugins [exclusion list=, ]
2025-10-23 22:33:40,787 [INFO] PluginManage:310 - Check plugin analytics
2025-10-23 22:33:41,111 [INFO] AnalyticsPlugin:253 - Accepted Software Licenses: STM32CubeMX.6.15.0
2025-10-23 22:33:41,111 [INFO] AnalyticsPlugin:255 - Accepted CMSIS Pack Licenses: 
2025-10-23 22:33:41,111 [INFO] AnalyticsPlugin:257 - Accepted Firmware Licenses: FW.F4.1.28.0
2025-10-23 22:33:41,126 [INFO] PluginManage:359 - Loaded plugin analytics (category:tool,tabindex:-1)
2025-10-23 22:33:41,130 [INFO] PluginManage:310 - Check plugin cadmodel
2025-10-23 22:33:41,140 [INFO] CADModel:105 - Init CAD model plugin
2025-10-23 22:33:41,143 [INFO] PluginManage:359 - Loaded plugin cadmodel (category:power,tabindex:5)
2025-10-23 22:33:41,143 [INFO] PluginManage:310 - Check plugin clock
2025-10-23 22:33:41,161 [INFO] PluginManage:359 - Loaded plugin clock (category:base,tabindex:2)
2025-10-23 22:33:41,161 [INFO] PluginManage:310 - Check plugin ddr
2025-10-23 22:33:41,167 [INFO] PluginManage:359 - Loaded plugin ddr (category:tool,tabindex:6)
2025-10-23 22:33:41,167 [INFO] PluginManage:310 - Check plugin filemanager
2025-10-23 22:33:41,453 [INFO] PluginManage:359 - Loaded plugin filemanager (category:base,tabindex:10)
2025-10-23 22:33:41,453 [INFO] PluginManage:310 - Check plugin ipmanager
2025-10-23 22:33:41,469 [INFO] PluginManage:359 - Loaded plugin ipmanager (category:base,tabindex:5)
2025-10-23 22:33:41,469 [INFO] PluginManage:310 - Check plugin lpbam
2025-10-23 22:33:41,484 [INFO] PluginManage:359 - Loaded plugin lpbam (category:base,tabindex:0)
2025-10-23 22:33:41,484 [INFO] PluginManage:310 - Check plugin memorymap
2025-10-23 22:33:41,519 [INFO] PluginManage:359 - Loaded plugin memorymap (category:base,tabindex:4)
2025-10-23 22:33:41,521 [INFO] PluginManage:310 - Check plugin pinoutandconfiguration
2025-10-23 22:33:41,547 [INFO] PluginManage:359 - Loaded plugin pinoutandconfiguration (category:base,tabindex:1)
2025-10-23 22:33:41,547 [INFO] PluginManage:310 - Check plugin pinoutconfig
2025-10-23 22:33:41,729 [WARN] SupportedApi:132 - Cannot load RTOS API schema: s4s-elt-must-match.1: The content of 'definitions' must match (annotation?, (simpleType | complexType)?, (unique | key | keyref)*)). A problem was found starting at: attribute.
2025-10-23 22:33:42,026 [INFO] PluginManage:359 - Loaded plugin pinoutconfig (category:base,tabindex:0)
2025-10-23 22:33:42,026 [INFO] PluginManage:310 - Check plugin power
2025-10-23 22:33:42,049 [INFO] PluginManage:359 - Loaded plugin power (category:power,tabindex:4)
2025-10-23 22:33:42,049 [INFO] PluginManage:310 - Check plugin projectmanager
2025-10-23 22:33:42,072 [INFO] PluginManage:359 - Loaded plugin projectmanager (category:projectmanager,tabindex:4)
2025-10-23 22:33:42,072 [INFO] PluginManage:310 - Check plugin rif
2025-10-23 22:33:42,092 [INFO] PluginManage:359 - Loaded plugin rif (category:base,tabindex:3)
2025-10-23 22:33:42,092 [INFO] PluginManage:310 - Check plugin thirdparty
2025-10-23 22:33:42,385 [WARN] IntegrityCheckThread:84 - waiting for thirdparty lock release [integrity check]
2025-10-23 22:33:42,385 [INFO] IntegrityCheckThread:86 - entering critical section [integrity check]
2025-10-23 22:33:42,385 [INFO] PluginManage:359 - Loaded plugin thirdparty (category:base,tabindex:-1)
2025-10-23 22:33:42,385 [INFO] PluginManage:310 - Check plugin tools
2025-10-23 22:33:42,385 [INFO] ThirdPartyUpdaterWithRetryManager:70 - Updater plugin not ready yet. [1/15]
2025-10-23 22:33:42,385 [INFO] PluginManage:359 - Loaded plugin tools (category:base,tabindex:7)
2025-10-23 22:33:42,385 [INFO] PluginManage:310 - Check plugin tutovideos
2025-10-23 22:33:42,747 [INFO] PluginManage:359 - Loaded plugin tutovideos (category:base,tabindex:-1)
2025-10-23 22:33:42,747 [INFO] PluginManage:310 - Check plugin updater
2025-10-23 22:33:42,794 [INFO] PluginManage:359 - Loaded plugin updater (category:base,tabindex:12)
2025-10-23 22:33:42,794 [INFO] PluginManage:310 - Check plugin userauth
2025-10-23 22:33:42,810 [INFO] UserAuth:118 - Init User Auth plugin
2025-10-23 22:33:42,816 [INFO] PluginManage:359 - Loaded plugin userauth (category:base,tabindex:14)
2025-10-23 22:33:42,816 [INFO] PluginManage:283 - PluginManage : Loaded plugins [18]
2025-10-23 22:33:43,188 [INFO] PinOutPanel:1589 - setPackage(No Configuration,No Configuration)
2025-10-23 22:33:43,347 [INFO] CADModel:165 - CPN selected for project level
2025-10-23 22:33:43,347 [INFO] CADModel:114 - Register for checkConnection events
2025-10-23 22:33:43,381 [INFO] IPUIPlugin:80 - create IPUIPlugin
2025-10-23 22:33:43,381 [INFO] PluginManager:220 - loadIPPluginJar : add adc
2025-10-23 22:33:43,385 [INFO] IPUIPlugin:80 - create IPUIPlugin
2025-10-23 22:33:43,387 [INFO] PluginManager:220 - loadIPPluginJar : add aes
2025-10-23 22:33:43,391 [INFO] IPUIPlugin:80 - create IPUIPlugin
2025-10-23 22:33:43,391 [INFO] PluginManager:220 - loadIPPluginJar : add can
2025-10-23 22:33:43,393 [INFO] IPUIPlugin:80 - create IPUIPlugin
2025-10-23 22:33:43,394 [INFO] PluginManager:220 - loadIPPluginJar : add comp
2025-10-23 22:33:43,398 [INFO] IPUIPlugin:80 - create IPUIPlugin
2025-10-23 22:33:43,398 [INFO] PluginManager:220 - loadIPPluginJar : add cryp
2025-10-23 22:33:43,401 [INFO] IPUIPlugin:80 - create IPUIPlugin
2025-10-23 22:33:43,401 [INFO] PluginManager:220 - loadIPPluginJar : add ddr_ctrl_phy
2025-10-23 22:33:43,410 [INFO] IPUIPlugin:80 - create IPUIPlugin
2025-10-23 22:33:43,410 [INFO] PluginManager:220 - loadIPPluginJar : add dfsdm
2025-10-23 22:33:43,410 [INFO] IPUIPlugin:80 - create IPUIPlugin
2025-10-23 22:33:43,410 [INFO] PluginManager:220 - loadIPPluginJar : add dma
2025-10-23 22:33:43,426 [INFO] IPUIPlugin:80 - create IPUIPlugin
2025-10-23 22:33:43,426 [INFO] PluginManager:220 - loadIPPluginJar : add dma3
2025-10-23 22:33:43,438 [INFO] IPUIPlugin:80 - create IPUIPlugin
2025-10-23 22:33:43,438 [INFO] PluginManager:220 - loadIPPluginJar : add extmemmanager
2025-10-23 22:33:43,440 [INFO] IPUIPlugin:80 - create IPUIPlugin
2025-10-23 22:33:43,440 [INFO] PluginManager:220 - loadIPPluginJar : add fatfs
2025-10-23 22:33:43,448 [INFO] IPUIPlugin:80 - create IPUIPlugin
2025-10-23 22:33:43,448 [INFO] PluginManager:220 - loadIPPluginJar : add fmc
2025-10-23 22:33:43,460 [INFO] IPUIPlugin:80 - create IPUIPlugin
2025-10-23 22:33:43,460 [INFO] PluginManager:220 - loadIPPluginJar : add freertos
2025-10-23 22:33:43,460 [INFO] IPUIPlugin:80 - create IPUIPlugin
2025-10-23 22:33:43,460 [INFO] PluginManager:220 - loadIPPluginJar : add genericplugin
2025-10-23 22:33:43,460 [INFO] IPUIPlugin:80 - create IPUIPlugin
2025-10-23 22:33:43,460 [INFO] PluginManager:220 - loadIPPluginJar : add gfxmmu
2025-10-23 22:33:43,474 [INFO] IPUIPlugin:80 - create IPUIPlugin
2025-10-23 22:33:43,474 [INFO] PluginManager:220 - loadIPPluginJar : add gic
2025-10-23 22:33:43,474 [INFO] IPUIPlugin:80 - create IPUIPlugin
2025-10-23 22:33:43,474 [INFO] PluginManager:220 - loadIPPluginJar : add gpio
2025-10-23 22:33:43,490 [INFO] IPUIPlugin:80 - create IPUIPlugin
2025-10-23 22:33:43,490 [INFO] PluginManager:220 - loadIPPluginJar : add gtzc
2025-10-23 22:33:43,490 [INFO] IPUIPlugin:80 - create IPUIPlugin
2025-10-23 22:33:43,490 [INFO] PluginManager:220 - loadIPPluginJar : add hash
2025-10-23 22:33:43,505 [INFO] IPUIPlugin:80 - create IPUIPlugin
2025-10-23 22:33:43,505 [INFO] PluginManager:220 - loadIPPluginJar : add i2c
2025-10-23 22:33:43,505 [INFO] IPUIPlugin:80 - create IPUIPlugin
2025-10-23 22:33:43,505 [INFO] PluginManager:220 - loadIPPluginJar : add i2s
2025-10-23 22:33:43,505 [INFO] IPUIPlugin:80 - create IPUIPlugin
2025-10-23 22:33:43,505 [INFO] PluginManager:220 - loadIPPluginJar : add i3c
2025-10-23 22:33:43,522 [INFO] IPUIPlugin:80 - create IPUIPlugin
2025-10-23 22:33:43,522 [INFO] PluginManager:220 - loadIPPluginJar : add ipddr
2025-10-23 22:33:43,522 [INFO] IPUIPlugin:80 - create IPUIPlugin
2025-10-23 22:33:43,522 [INFO] PluginManager:220 - loadIPPluginJar : add linkedlist
2025-10-23 22:33:43,537 [INFO] IPUIPlugin:80 - create IPUIPlugin
2025-10-23 22:33:43,537 [INFO] PluginManager:220 - loadIPPluginJar : add lorawan
2025-10-23 22:33:43,539 [INFO] IPUIPlugin:80 - create IPUIPlugin
2025-10-23 22:33:43,541 [INFO] PluginManager:220 - loadIPPluginJar : add ltdc
2025-10-23 22:33:43,546 [INFO] IPUIPlugin:80 - create IPUIPlugin
2025-10-23 22:33:43,546 [INFO] PluginManager:220 - loadIPPluginJar : add mdma
2025-10-23 22:33:43,554 [INFO] IPUIPlugin:80 - create IPUIPlugin
2025-10-23 22:33:43,554 [INFO] PluginManager:220 - loadIPPluginJar : add nvic
2025-10-23 22:33:43,554 [INFO] IPUIPlugin:80 - create IPUIPlugin
2025-10-23 22:33:43,554 [INFO] PluginManager:220 - loadIPPluginJar : add opamp
2025-10-23 22:33:43,554 [INFO] IPUIPlugin:80 - create IPUIPlugin
2025-10-23 22:33:43,554 [INFO] PluginManager:220 - loadIPPluginJar : add openamp
2025-10-23 22:33:43,569 [INFO] IPUIPlugin:80 - create IPUIPlugin
2025-10-23 22:33:43,569 [INFO] PluginManager:220 - loadIPPluginJar : add pdm2pcm
2025-10-23 22:33:43,569 [INFO] IPUIPlugin:80 - create IPUIPlugin
2025-10-23 22:33:43,585 [INFO] PluginManager:220 - loadIPPluginJar : add plateformsettings
2025-10-23 22:33:43,585 [INFO] IPUIPlugin:80 - create IPUIPlugin
2025-10-23 22:33:43,585 [INFO] PluginManager:220 - loadIPPluginJar : add quadspi
2025-10-23 22:33:43,585 [INFO] IPUIPlugin:80 - create IPUIPlugin
2025-10-23 22:33:43,585 [INFO] PluginManager:220 - loadIPPluginJar : add radio
2025-10-23 22:33:43,601 [INFO] IPUIPlugin:80 - create IPUIPlugin
2025-10-23 22:33:43,601 [INFO] PluginManager:220 - loadIPPluginJar : add resmgrutility
2025-10-23 22:33:43,601 [INFO] IPUIPlugin:80 - create IPUIPlugin
2025-10-23 22:33:43,601 [INFO] PluginManager:220 - loadIPPluginJar : add sai
2025-10-23 22:33:43,617 [INFO] IPUIPlugin:80 - create IPUIPlugin
2025-10-23 22:33:43,617 [INFO] PluginManager:220 - loadIPPluginJar : add spi
2025-10-23 22:33:43,626 [INFO] IPUIPlugin:80 - create IPUIPlugin
2025-10-23 22:33:43,626 [INFO] PluginManager:220 - loadIPPluginJar : add stm32_wpan
2025-10-23 22:33:43,634 [INFO] IPUIPlugin:80 - create IPUIPlugin
2025-10-23 22:33:43,634 [INFO] PluginManager:220 - loadIPPluginJar : add tim
2025-10-23 22:33:43,634 [INFO] IPUIPlugin:80 - create IPUIPlugin
2025-10-23 22:33:43,634 [INFO] PluginManager:220 - loadIPPluginJar : add touchsensing
2025-10-23 22:33:43,634 [INFO] IPUIPlugin:80 - create IPUIPlugin
2025-10-23 22:33:43,634 [INFO] PluginManager:220 - loadIPPluginJar : add tracer_emb
2025-10-23 22:33:43,649 [INFO] IPUIPlugin:80 - create IPUIPlugin
2025-10-23 22:33:43,649 [INFO] PluginManager:220 - loadIPPluginJar : add ts
2025-10-23 22:33:43,649 [INFO] IPUIPlugin:80 - create IPUIPlugin
2025-10-23 22:33:43,649 [INFO] PluginManager:220 - loadIPPluginJar : add tsc
2025-10-23 22:33:43,649 [INFO] IPUIPlugin:80 - create IPUIPlugin
2025-10-23 22:33:43,649 [INFO] PluginManager:220 - loadIPPluginJar : add ucpd
2025-10-23 22:33:43,649 [INFO] IPUIPlugin:80 - create IPUIPlugin
2025-10-23 22:33:43,649 [INFO] PluginManager:220 - loadIPPluginJar : add usart
2025-10-23 22:33:43,665 [INFO] IPUIPlugin:80 - create IPUIPlugin
2025-10-23 22:33:43,665 [INFO] PluginManager:220 - loadIPPluginJar : add usbx
2025-10-23 22:33:43,840 [FATAL] Updater:351 - Updater called before beeing initialized
2025-10-23 22:33:43,887 [INFO] RulesReader:64 - Compatibility file has been processed (317 Rules)
2025-10-23 22:33:43,919 [INFO] RulesReader:64 - Compatibility file has been processed (317 Rules)
2025-10-23 22:33:43,938 [INFO] CADModel:165 - CPN selected for project level
2025-10-23 22:33:43,938 [INFO] CADModel:114 - Register for checkConnection events
2025-10-23 22:33:43,938 [FATAL] Updater:351 - Updater called before beeing initialized
2025-10-23 22:33:43,938 [ERROR] CADModel:125 - Updater not yet initialized, retry later 
2025-10-23 22:33:44,285 [FATAL] Updater:351 - Updater called before beeing initialized
2025-10-23 22:33:44,289 [INFO] CADModel:165 - CPN selected for project level
2025-10-23 22:33:44,289 [INFO] CADModel:114 - Register for checkConnection events
2025-10-23 22:33:44,290 [FATAL] Updater:351 - Updater called before beeing initialized
2025-10-23 22:33:44,290 [ERROR] CADModel:125 - Updater not yet initialized, retry later 
2025-10-23 22:33:44,295 [FATAL] Updater:351 - Updater called before beeing initialized
2025-10-23 22:33:44,525 [FATAL] Updater:351 - Updater called before beeing initialized
2025-10-23 22:33:44,532 [INFO] DbMcusAds:53 - JSON generation date=Thu Oct 02 12:36:05 MSK 2025 (1759397765645)
2025-10-23 22:33:44,532 [FATAL] Updater:351 - Updater called before beeing initialized
2025-10-23 22:33:44,607 [WARN] DetailPanel:346 - Failed to get advertising image, set to default
2025-10-23 22:33:44,780 [FATAL] Updater:351 - Updater called before beeing initialized
2025-10-23 22:33:44,782 [FATAL] Updater:351 - Updater called before beeing initialized
2025-10-23 22:33:44,782 [FATAL] Updater:351 - Updater called before beeing initialized
2025-10-23 22:33:44,782 [WARN] DetailPanel:346 - Failed to get advertising image, set to default
2025-10-23 22:33:44,784 [FATAL] Updater:351 - Updater called before beeing initialized
2025-10-23 22:33:44,906 [ERROR] Updater:1198 - MainUpdater not yet initialized. External WinMGr cannot be set.
2025-10-23 22:33:44,909 [INFO] Updater:1134 - Updater Version found : 6.15.0
2025-10-23 22:33:44,955 [INFO] ApplicationProperties:184 - Using Application install path: C:\ST\STM32CubeIDE_1.19.0\STM32CubeIDE\plugins\com.st.stm32cube.common.mx_6.15.0.202507011659
2025-10-23 22:33:45,402 [INFO] ThirdPartyUpdaterWithRetryManager:70 - Updater plugin not ready yet. [2/15]
2025-10-23 22:33:46,318 [INFO] MainUpdater:2872 - connection check result : 10
2025-10-23 22:33:46,319 [INFO] MainUpdater:289 - Updater Check For Update Now.
2025-10-23 22:33:46,319 [INFO] MicroXplorer:498 - Change Database Version : DB.6.0.150
2025-10-23 22:33:46,345 [INFO] McuFinderGlobals:63 - Set McuFinder mode to 2 (CubeIDE integrated)
2025-10-23 22:33:46,346 [INFO] UserAuth:487 - Internet connection configuration mode: 1
2025-10-23 22:33:46,384 [INFO] JxBrowserEngine:152 - Initiate JxBrowser Engine with user profile folder
2025-10-23 22:33:46,603 [INFO] CheckServerUpdateThread:120 - End of CheckServer Thread
2025-10-23 22:33:48,966 [INFO] WebApp:169 - Instantiating new browser for Auth
2025-10-23 22:33:48,966 [WARN] PackLoader:240 - Cannot read IP mode file for STMicroelectronics.FP-SNS-MOTENVWB1.1.4.0
2025-10-23 22:33:49,042 [WARN] PackLoader:240 - Cannot read IP mode file for STMicroelectronics.FP-ATR-ASTRA1.2.0.2
2025-10-23 22:33:49,073 [WARN] PackLoader:240 - Cannot read IP mode file for STMicroelectronics.X-CUBE-SMBUS.2.1.0
2025-10-23 22:33:49,084 [WARN] PackLoader:240 - Cannot read IP mode file for STMicroelectronics.X-CUBE-ST60.1.0.0
2025-10-23 22:33:49,148 [WARN] PackLoader:240 - Cannot read IP mode file for STMicroelectronics.X-CUBE-AZRTOS-F7.1.1.0
2025-10-23 22:33:49,162 [WARN] PackLoader:240 - Cannot read IP mode file for Cesanta.I-CUBE-Mongoose.7.19.0
2025-10-23 22:33:49,191 [WARN] PackLoader:240 - Cannot read IP mode file for WES.I-CUBE-Cesium.1.4.0
2025-10-23 22:33:49,251 [WARN] PackLoader:240 - Cannot read IP mode file for Infineon.AIROC-Wi-Fi-Bluetooth-STM32.1.7.1
2025-10-23 22:33:49,266 [WARN] PackLoader:240 - Cannot read IP mode file for STMicroelectronics.X-CUBE-DISPLAY.3.0.0
2025-10-23 22:33:49,298 [WARN] PackLoader:240 - Cannot read IP mode file for STMicroelectronics.X-CUBE-NFC10.1.0.0
2025-10-23 22:33:49,314 [WARN] PackLoader:240 - Cannot read IP mode file for STMicroelectronics.X-CUBE-ST60.1.1.0
2025-10-23 22:33:49,329 [WARN] PackLoader:240 - Cannot read IP mode file for emotas.I-CUBE-CANOPEN.1.3.0
2025-10-23 22:33:49,345 [WARN] PackLoader:240 - Cannot read IP mode file for STMicroelectronics.FP-SNS-SMARTAG2.1.2.0
2025-10-23 22:33:49,356 [WARN] PackLoader:240 - Cannot read IP mode file for STMicroelectronics.FP-SNS-FLIGHT1.5.1.0
2025-10-23 22:33:49,377 [INFO] LogOutputStream:77 - [STDOUT_REDIRECT] 1 : Invalid condition id : UX_CORESTACK_Condition cause : null
2025-10-23 22:33:49,379 [INFO] LogOutputStream:77 - [STDOUT_REDIRECT] 1 : Invalid condition id : UX_CORESTACK_Condition cause : null
2025-10-23 22:33:49,382 [INFO] LogOutputStream:77 - [STDOUT_REDIRECT] 1 : Invalid condition id : UX_CORESTACK_Condition cause : null
2025-10-23 22:33:49,386 [INFO] LogOutputStream:77 - [STDOUT_REDIRECT] 1 : Invalid condition id : UX_CORESTACK_Condition cause : null
2025-10-23 22:33:49,389 [INFO] LogOutputStream:77 - [STDOUT_REDIRECT] 1 : Invalid condition id : UX_CORESTACK_Condition cause : null
2025-10-23 22:33:49,396 [WARN] PackLoader:240 - Cannot read IP mode file for STMicroelectronics.X-CUBE-AZRTOS-WL.2.0.0
2025-10-23 22:33:49,396 [WARN] PackLoader:240 - Cannot read IP mode file for STMicroelectronics.FP-SNS-MOTENV1.5.0.0
2025-10-23 22:33:49,412 [WARN] PackLoader:240 - Cannot read IP mode file for STMicroelectronics.X-CUBE-BLE2.3.3.0
2025-10-23 22:33:49,430 [WARN] PackLoader:240 - Cannot read IP mode file for STMicroelectronics.X-CUBE-NFC9.1.0.0
2025-10-23 22:33:49,445 [WARN] PackLoader:240 - Cannot read IP mode file for STMicroelectronics.X-CUBE-BLE1.7.1.0
2025-10-23 22:33:49,452 [WARN] PackLoader:240 - Cannot read IP mode file for STMicroelectronics.X-CUBE-ST67W61.1.1.0
2025-10-23 22:33:49,481 [WARN] PackLoader:240 - Cannot read IP mode file for STMicroelectronics.X-CUBE-AZRTOS-G0.1.1.0
2025-10-23 22:33:49,497 [WARN] PackLoader:240 - Cannot read IP mode file for STMicroelectronics.X-CUBE-SAFEA1.1.2.2
2025-10-23 22:33:49,512 [WARN] PackLoader:240 - Cannot read IP mode file for STMicroelectronics.X-CUBE-NFC4.3.0.0
2025-10-23 22:33:49,539 [WARN] PackLoader:240 - Cannot read IP mode file for EmbeddedOffice.I-CUBE-FS-RTOS.1.0.1
2025-10-23 22:33:49,551 [WARN] PackLoader:240 - Cannot read IP mode file for STMicroelectronics.X-CUBE-WB05N.2.0.0
2025-10-23 22:33:49,561 [WARN] PackLoader:240 - Cannot read IP mode file for STMicroelectronics.X-CUBE-TCPP.4.2.0
2025-10-23 22:33:49,578 [WARN] PackLoader:240 - Cannot read IP mode file for RealThread.X-CUBE-RT-Thread_Nano.4.1.1
2025-10-23 22:33:49,585 [WARN] PackLoader:240 - Cannot read IP mode file for STMicroelectronics.FP-ATR-SIGFOX1.3.2.0
2025-10-23 22:33:49,592 [WARN] PackLoader:240 - Cannot read IP mode file for ITTIA_DB.I-CUBE-ITTIADB.8.9.0
2025-10-23 22:33:49,607 [WARN] PackLoader:240 - Cannot read IP mode file for STMicroelectronics.X-CUBE-ST67W61.1.0.0
2025-10-23 22:33:49,681 [WARN] PackLoader:240 - Cannot read IP mode file for SEGGER.I-CUBE-embOS.1.3.1
2025-10-23 22:33:49,823 [WARN] PackLoader:240 - Cannot read IP mode file for STMicroelectronics.X-CUBE-ALGOBUILD.1.4.0
2025-10-23 22:33:49,901 [WARN] PackLoader:240 - Cannot read IP mode file for STMicroelectronics.X-CUBE-MEMS1.11.3.0
2025-10-23 22:33:50,169 [WARN] PackLoader:240 - Cannot read IP mode file for STMicroelectronics.X-CUBE-PM33A1.1.0.0
2025-10-23 22:33:50,188 [WARN] PackLoader:240 - Cannot read IP mode file for STMicroelectronics.X-CUBE-AZRTOS-F4.1.1.0
2025-10-23 22:33:50,205 [WARN] PackLoader:240 - Cannot read IP mode file for STMicroelectronics.X-CUBE-ISPU.2.1.0
2025-10-23 22:33:50,230 [WARN] PackLoader:240 - Cannot read IP mode file for STMicroelectronics.X-CUBE-IPS.3.2.0
2025-10-23 22:33:50,271 [WARN] PackLoader:240 - Cannot read IP mode file for STMicroelectronics.X-CUBE-AZRTOS-L5.2.0.0
2025-10-23 22:33:50,287 [WARN] PackLoader:240 - Cannot read IP mode file for STMicroelectronics.X-CUBE-NFC6.3.1.0
2025-10-23 22:33:50,302 [WARN] PackLoader:240 - Cannot read IP mode file for STMicroelectronics.X-CUBE-FREERTOS.1.3.1
2025-10-23 22:33:50,302 [WARN] PackLoader:240 - Cannot read IP mode file for STMicroelectronics.X-CUBE-TOUCHGFX.4.26.0
2025-10-23 22:33:50,318 [WARN] PackLoader:240 - Cannot read IP mode file for STMicroelectronics.X-CUBE-DPower.1.3.0
2025-10-23 22:33:50,350 [WARN] ConditionMgr:438 - getConditionDescription Invalid condition id : LAN8742 Phy interface Condition cause : null
2025-10-23 22:33:50,350 [WARN] PackLoader:240 - Cannot read IP mode file for STMicroelectronics.X-CUBE-AZRTOS-L4.2.0.0
2025-10-23 22:33:50,350 [WARN] ConditionMgr:1044 - genDependencies : Invalid condition id : LAN8742 Phy interface Condition cause : null
2025-10-23 22:33:50,350 [WARN] ConditionMgr:1044 - genDependencies : Invalid condition id : LAN8742 Phy interface Condition cause : null
2025-10-23 22:33:50,350 [WARN] ConditionMgr:1044 - genDependencies : Invalid condition id : LAN8742 Phy interface Condition cause : null
2025-10-23 22:33:50,369 [WARN] PackLoader:240 - Cannot read IP mode file for STMicroelectronics.X-CUBE-SFXS2LP1.4.0.0
2025-10-23 22:33:50,397 [WARN] ConditionMgr:438 - getConditionDescription Invalid condition id : UX DEVICE CLASS RTOS Condition cause : null
2025-10-23 22:33:50,397 [WARN] ConditionMgr:438 - getConditionDescription Invalid condition id : UX DEVICE CLASS RTOS Condition cause : null
2025-10-23 22:33:50,397 [WARN] PackLoader:240 - Cannot read IP mode file for STMicroelectronics.X-CUBE-AZRTOS-WB.2.0.0
2025-10-23 22:33:50,397 [WARN] ConditionMgr:1044 - genDependencies : Invalid condition id : UX DEVICE CLASS RTOS Condition cause : null
2025-10-23 22:33:50,397 [WARN] ConditionMgr:1044 - genDependencies : Invalid condition id : UX DEVICE CLASS RTOS Condition cause : null
2025-10-23 22:33:50,397 [WARN] ConditionMgr:1044 - genDependencies : Invalid condition id : UX DEVICE CLASS RTOS Condition cause : null
2025-10-23 22:33:50,397 [WARN] ConditionMgr:1044 - genDependencies : Invalid condition id : UX DEVICE CLASS RTOS Condition cause : null
2025-10-23 22:33:50,397 [WARN] ConditionMgr:1044 - genDependencies : Invalid condition id : UX DEVICE CLASS RTOS Condition cause : null
2025-10-23 22:33:50,413 [WARN] PackLoader:240 - Cannot read IP mode file for STMicroelectronics.X-CUBE-GNSS1.7.0.1
2025-10-23 22:33:50,413 [WARN] PackLoader:240 - Cannot read IP mode file for STMicroelectronics.X-CUBE-TOUCHGFX.4.25.0
2025-10-23 22:33:50,428 [WARN] ConditionMgr:438 - getConditionDescription Invalid condition id : Cortex-A Device cause : null
2025-10-23 22:33:50,444 [WARN] ConditionMgr:1044 - genDependencies : Invalid condition id : Cortex-A Device cause : null
2025-10-23 22:33:50,444 [WARN] ConditionMgr:1044 - genDependencies : Invalid condition id : Cortex-A Device cause : null
2025-10-23 22:33:50,444 [WARN] ConditionMgr:1044 - genDependencies : Invalid condition id : Cortex-A Device cause : null
2025-10-23 22:33:50,460 [WARN] PackLoader:240 - Cannot read IP mode file for STMicroelectronics.X-CUBE-SUBG2.5.0.0
2025-10-23 22:33:50,507 [WARN] PackLoader:240 - Cannot read IP mode file for STMicroelectronics.X-CUBE-AZRTOS-H7RS.1.1.0
2025-10-23 22:33:50,536 [WARN] PackLoader:240 - Cannot read IP mode file for STMicroelectronics.X-CUBE-AZRTOS-G4.2.0.0
2025-10-23 22:33:50,549 [WARN] PackLoader:240 - Cannot read IP mode file for STMicroelectronics.X-CUBE-NFC7.2.0.0
2025-10-23 22:33:50,573 [WARN] PackLoader:240 - Cannot read IP mode file for STMicroelectronics.X-CUBE-IPS.3.1.0
2025-10-23 22:33:50,589 [WARN] PackLoader:240 - Cannot read IP mode file for STMicroelectronics.X-CUBE-ALS.1.0.2
2025-10-23 22:33:50,606 [WARN] PackLoader:240 - Cannot read IP mode file for STMicroelectronics.X-CUBE-TOF1.3.4.3
2025-10-23 22:33:50,622 [INFO] ThirdParty:978 - Integrity check success = true
2025-10-23 22:33:50,623 [INFO] IntegrityCheckThread:100 - exiting critical section [integrity check]
2025-10-23 22:33:50,623 [INFO] IntegrityCheckThread:103 - End integrity checks thread
2025-10-23 22:33:50,986 [INFO] WebApp:463 - Apply proxy settings
2025-10-23 22:33:50,987 [INFO] WebApp:548 - Chromium requires no authentication
2025-10-23 22:33:51,029 [INFO] WebApp:491 - Direct internet connection detected
2025-10-23 22:33:51,107 [INFO] WebApp:900 - Register for checkConnection events
2025-10-23 22:33:51,107 [INFO] WebApp:463 - Apply proxy settings
2025-10-23 22:33:51,107 [INFO] WebApp:548 - Chromium requires no authentication
2025-10-23 22:33:51,108 [INFO] WebApp:491 - Direct internet connection detected
2025-10-23 22:33:51,500 [INFO] WebApp:225 - Starting web application
2025-10-23 22:33:51,500 [INFO] WebApp:593 - Web application path used C:\ST\STM32CubeIDE_1.19.0\STM32CubeIDE\plugins\com.st.stm32cube.common.mx_6.15.0.202507011659\db\plugins\mcufinder\reactClient1\index.html
2025-10-23 22:33:51,837 [INFO] UserAuth:487 - Internet connection configuration mode: 1
2025-10-23 22:33:51,901 [INFO] WebApp:191 - Connection restablished
