2025-11-05 13:32:10,376 [INFO] Activator:176 - 


2025-11-05 13:32:10,382 [INFO] Activator:177 - !SESSION log4j initialized
2025-11-05 13:32:27,862 [INFO] LogOutputStream:77 - [STDOUT_REDIRECT] 
2025-11-05 13:32:42,001 [INFO] ApplicationProperties:184 - Using Application install path: C:\ST\STM32CubeIDE_1.19.0\STM32CubeIDE\plugins\com.st.stm32cube.common.mx_6.15.0.202507011659
2025-11-05 13:32:42,019 [INFO] DbMcusXml:78 - Set database path to: C:\ST\STM32CubeIDE_1.19.0\STM32CubeIDE\plugins\com.st.stm32cube.common.mx_6.15.0.202507011659\\db\/mcu/
2025-11-05 13:32:42,020 [INFO] ApiDb:274 - Set plugin database path to: C:\ST\STM32CubeIDE_1.19.0\STM32CubeIDE\plugins\com.st.stm32cube.common.mx_6.15.0.202507011659\\db\/plugins/boardmanager/
2025-11-05 13:32:42,021 [WARN] ApiDb:259 - Overriding images path with different value:  => C:\ST\STM32CubeIDE_1.19.0\STM32CubeIDE\plugins\com.st.stm32cube.common.mx_6.15.0.202507011659\\db\/plugins/mcufinder/images/
2025-11-05 13:32:42,030 [INFO] ApiDb:250 - Set database path to: C:\Users\eevgs\.stmcufinder\plugins\mcufinder//mcu/
2025-11-05 13:32:42,031 [INFO] DbMcusAds:125 - Set database path to: C:\Users\eevgs\.stmcufinder\plugins\mcufinder//mcu/
2025-11-05 13:32:42,034 [INFO] CrossReferenceDbSqlite:203 - Set database path to: C:\Users\eevgs\.stmcufinder\plugins\mcufinder//mcu/cs/
2025-11-05 13:32:42,155 [INFO] RulesReader:64 - Compatibility file has been processed (317 Rules)
2025-11-05 13:32:42,246 [INFO] DbMcusXml:78 - Set database path to: C:\ST\STM32CubeIDE_1.19.0\STM32CubeIDE\plugins\com.st.stm32cube.common.mx_6.15.0.202507011659\\db\/mcu/
2025-11-05 13:32:42,247 [INFO] ApiDb:274 - Set plugin database path to: C:\ST\STM32CubeIDE_1.19.0\STM32CubeIDE\plugins\com.st.stm32cube.common.mx_6.15.0.202507011659\\db\/plugins/boardmanager/
2025-11-05 13:32:42,247 [INFO] ApiDb:261 - Set plugin images path to: C:\ST\STM32CubeIDE_1.19.0\STM32CubeIDE\plugins\com.st.stm32cube.common.mx_6.15.0.202507011659\\db\/plugins/mcufinder/images/
2025-11-05 13:32:42,247 [WARN] DbFile:41 - Overriding database path with different value: C:\Users\eevgs\.stmcufinder\plugins\mcufinder/ => C:\Users\eevgs\.stmcufinder\plugins\mcufinder
2025-11-05 13:32:42,247 [INFO] ApiDb:250 - Set database path to: C:\Users\eevgs\.stmcufinder\plugins\mcufinder//mcu/
2025-11-05 13:32:42,247 [WARN] DbFile:41 - Overriding database path with different value: C:\Users\eevgs\.stmcufinder\plugins\mcufinder/ => C:\Users\eevgs\.stmcufinder\plugins\mcufinder
2025-11-05 13:32:42,247 [INFO] DbMcusAds:125 - Set database path to: C:\Users\eevgs\.stmcufinder\plugins\mcufinder//mcu/
2025-11-05 13:32:42,247 [WARN] DbFile:41 - Overriding database path with different value: C:\Users\eevgs\.stmcufinder\plugins\mcufinder/ => C:\Users\eevgs\.stmcufinder\plugins\mcufinder
2025-11-05 13:32:42,247 [WARN] DbFile:41 - Overriding database path with different value: C:\Users\eevgs\.stmcufinder\plugins\mcufinder/ => C:\Users\eevgs\.stmcufinder\plugins\mcufinder
2025-11-05 13:32:42,247 [INFO] CrossReferenceDbSqlite:203 - Set database path to: C:\Users\eevgs\.stmcufinder\plugins\mcufinder//mcu/cs/
2025-11-05 13:32:42,318 [INFO] MainPanel:274 - HeapMemory: 268435456
2025-11-05 13:32:42,448 [INFO] DbMcusXml:78 - Set database path to: C:\ST\STM32CubeIDE_1.19.0\STM32CubeIDE\plugins\com.st.stm32cube.common.mx_6.15.0.202507011659\\db\/mcu/
2025-11-05 13:32:42,448 [INFO] ApiDb:274 - Set plugin database path to: C:\ST\STM32CubeIDE_1.19.0\STM32CubeIDE\plugins\com.st.stm32cube.common.mx_6.15.0.202507011659\\db\/plugins/boardmanager/
2025-11-05 13:32:42,448 [INFO] ApiDb:261 - Set plugin images path to: C:\ST\STM32CubeIDE_1.19.0\STM32CubeIDE\plugins\com.st.stm32cube.common.mx_6.15.0.202507011659\\db\/plugins/mcufinder/images/
2025-11-05 13:32:42,448 [WARN] DbFile:41 - Overriding database path with different value: C:\Users\eevgs\.stmcufinder\plugins\mcufinder/ => C:\Users\eevgs\.stmcufinder\plugins\mcufinder
2025-11-05 13:32:42,448 [INFO] ApiDb:250 - Set database path to: C:\Users\eevgs\.stmcufinder\plugins\mcufinder//mcu/
2025-11-05 13:32:42,448 [WARN] DbFile:41 - Overriding database path with different value: C:\Users\eevgs\.stmcufinder\plugins\mcufinder/ => C:\Users\eevgs\.stmcufinder\plugins\mcufinder
2025-11-05 13:32:42,448 [INFO] DbMcusAds:125 - Set database path to: C:\Users\eevgs\.stmcufinder\plugins\mcufinder//mcu/
2025-11-05 13:32:42,448 [WARN] DbFile:41 - Overriding database path with different value: C:\Users\eevgs\.stmcufinder\plugins\mcufinder/ => C:\Users\eevgs\.stmcufinder\plugins\mcufinder
2025-11-05 13:32:42,448 [WARN] DbFile:41 - Overriding database path with different value: C:\Users\eevgs\.stmcufinder\plugins\mcufinder/ => C:\Users\eevgs\.stmcufinder\plugins\mcufinder
2025-11-05 13:32:42,448 [INFO] CrossReferenceDbSqlite:203 - Set database path to: C:\Users\eevgs\.stmcufinder\plugins\mcufinder//mcu/cs/
2025-11-05 13:32:42,469 [INFO] ApplicationProperties:184 - Using Application install path: C:\ST\STM32CubeIDE_1.19.0\STM32CubeIDE\plugins\com.st.stm32cube.common.mx_6.15.0.202507011659
2025-11-05 13:32:42,471 [INFO] PluginManage:196 - Search for loadable plugins [exclusion list=, ]
2025-11-05 13:32:42,472 [INFO] PluginManage:310 - Check plugin analytics
2025-11-05 13:32:42,670 [INFO] AnalyticsPlugin:253 - Accepted Software Licenses: STM32CubeMX.6.15.0
2025-11-05 13:32:42,673 [INFO] AnalyticsPlugin:255 - Accepted CMSIS Pack Licenses: 
2025-11-05 13:32:42,673 [INFO] AnalyticsPlugin:257 - Accepted Firmware Licenses: FW.F4.1.28.0
2025-11-05 13:32:42,676 [INFO] PluginManage:359 - Loaded plugin analytics (category:tool,tabindex:-1)
2025-11-05 13:32:42,676 [INFO] PluginManage:310 - Check plugin cadmodel
2025-11-05 13:32:42,684 [INFO] CADModel:105 - Init CAD model plugin
2025-11-05 13:32:42,685 [INFO] PluginManage:359 - Loaded plugin cadmodel (category:power,tabindex:5)
2025-11-05 13:32:42,685 [INFO] PluginManage:310 - Check plugin clock
2025-11-05 13:32:42,699 [INFO] PluginManage:359 - Loaded plugin clock (category:base,tabindex:2)
2025-11-05 13:32:42,699 [INFO] PluginManage:310 - Check plugin ddr
2025-11-05 13:32:42,702 [INFO] PluginManage:359 - Loaded plugin ddr (category:tool,tabindex:6)
2025-11-05 13:32:42,702 [INFO] PluginManage:310 - Check plugin filemanager
2025-11-05 13:32:42,868 [INFO] PluginManage:359 - Loaded plugin filemanager (category:base,tabindex:10)
2025-11-05 13:32:42,868 [INFO] PluginManage:310 - Check plugin ipmanager
2025-11-05 13:32:42,876 [INFO] PluginManage:359 - Loaded plugin ipmanager (category:base,tabindex:5)
2025-11-05 13:32:42,876 [INFO] PluginManage:310 - Check plugin lpbam
2025-11-05 13:32:42,886 [INFO] PluginManage:359 - Loaded plugin lpbam (category:base,tabindex:0)
2025-11-05 13:32:42,886 [INFO] PluginManage:310 - Check plugin memorymap
2025-11-05 13:32:42,904 [INFO] PluginManage:359 - Loaded plugin memorymap (category:base,tabindex:4)
2025-11-05 13:32:42,904 [INFO] PluginManage:310 - Check plugin pinoutandconfiguration
2025-11-05 13:32:42,932 [INFO] PluginManage:359 - Loaded plugin pinoutandconfiguration (category:base,tabindex:1)
2025-11-05 13:32:42,932 [INFO] PluginManage:310 - Check plugin pinoutconfig
2025-11-05 13:32:43,034 [WARN] SupportedApi:132 - Cannot load RTOS API schema: s4s-elt-must-match.1: The content of 'definitions' must match (annotation?, (simpleType | complexType)?, (unique | key | keyref)*)). A problem was found starting at: attribute.
2025-11-05 13:32:43,200 [INFO] PluginManage:359 - Loaded plugin pinoutconfig (category:base,tabindex:0)
2025-11-05 13:32:43,200 [INFO] PluginManage:310 - Check plugin power
2025-11-05 13:32:43,218 [INFO] PluginManage:359 - Loaded plugin power (category:power,tabindex:4)
2025-11-05 13:32:43,218 [INFO] PluginManage:310 - Check plugin projectmanager
2025-11-05 13:32:43,232 [INFO] PluginManage:359 - Loaded plugin projectmanager (category:projectmanager,tabindex:4)
2025-11-05 13:32:43,232 [INFO] PluginManage:310 - Check plugin rif
2025-11-05 13:32:43,243 [INFO] PluginManage:359 - Loaded plugin rif (category:base,tabindex:3)
2025-11-05 13:32:43,245 [INFO] PluginManage:310 - Check plugin thirdparty
2025-11-05 13:32:43,391 [INFO] PluginManage:359 - Loaded plugin thirdparty (category:base,tabindex:-1)
2025-11-05 13:32:43,391 [WARN] IntegrityCheckThread:84 - waiting for thirdparty lock release [integrity check]
2025-11-05 13:32:43,402 [INFO] PluginManage:310 - Check plugin tools
2025-11-05 13:32:43,402 [INFO] IntegrityCheckThread:86 - entering critical section [integrity check]
2025-11-05 13:32:43,402 [INFO] ThirdPartyUpdaterWithRetryManager:70 - Updater plugin not ready yet. [1/15]
2025-11-05 13:32:43,402 [INFO] PluginManage:359 - Loaded plugin tools (category:base,tabindex:7)
2025-11-05 13:32:43,402 [INFO] PluginManage:310 - Check plugin tutovideos
2025-11-05 13:32:43,624 [INFO] PluginManage:359 - Loaded plugin tutovideos (category:base,tabindex:-1)
2025-11-05 13:32:43,624 [INFO] PluginManage:310 - Check plugin updater
2025-11-05 13:32:43,650 [INFO] PluginManage:359 - Loaded plugin updater (category:base,tabindex:12)
2025-11-05 13:32:43,650 [INFO] PluginManage:310 - Check plugin userauth
2025-11-05 13:32:43,653 [INFO] UserAuth:118 - Init User Auth plugin
2025-11-05 13:32:43,655 [INFO] PluginManage:359 - Loaded plugin userauth (category:base,tabindex:14)
2025-11-05 13:32:43,655 [INFO] PluginManage:283 - PluginManage : Loaded plugins [18]
2025-11-05 13:32:43,870 [INFO] PinOutPanel:1589 - setPackage(No Configuration,No Configuration)
2025-11-05 13:32:43,953 [INFO] CADModel:165 - CPN selected for project level
2025-11-05 13:32:43,953 [INFO] CADModel:114 - Register for checkConnection events
2025-11-05 13:32:43,961 [INFO] IPUIPlugin:80 - create IPUIPlugin
2025-11-05 13:32:43,961 [INFO] PluginManager:220 - loadIPPluginJar : add adc
2025-11-05 13:32:43,961 [INFO] IPUIPlugin:80 - create IPUIPlugin
2025-11-05 13:32:43,961 [INFO] PluginManager:220 - loadIPPluginJar : add aes
2025-11-05 13:32:43,977 [INFO] IPUIPlugin:80 - create IPUIPlugin
2025-11-05 13:32:43,977 [INFO] PluginManager:220 - loadIPPluginJar : add can
2025-11-05 13:32:43,977 [INFO] IPUIPlugin:80 - create IPUIPlugin
2025-11-05 13:32:43,977 [INFO] PluginManager:220 - loadIPPluginJar : add comp
2025-11-05 13:32:43,977 [INFO] IPUIPlugin:80 - create IPUIPlugin
2025-11-05 13:32:43,977 [INFO] PluginManager:220 - loadIPPluginJar : add cryp
2025-11-05 13:32:43,977 [INFO] IPUIPlugin:80 - create IPUIPlugin
2025-11-05 13:32:43,977 [INFO] PluginManager:220 - loadIPPluginJar : add ddr_ctrl_phy
2025-11-05 13:32:43,977 [INFO] IPUIPlugin:80 - create IPUIPlugin
2025-11-05 13:32:43,977 [INFO] PluginManager:220 - loadIPPluginJar : add dfsdm
2025-11-05 13:32:43,993 [INFO] IPUIPlugin:80 - create IPUIPlugin
2025-11-05 13:32:43,993 [INFO] PluginManager:220 - loadIPPluginJar : add dma
2025-11-05 13:32:43,993 [INFO] IPUIPlugin:80 - create IPUIPlugin
2025-11-05 13:32:43,993 [INFO] PluginManager:220 - loadIPPluginJar : add dma3
2025-11-05 13:32:43,993 [INFO] IPUIPlugin:80 - create IPUIPlugin
2025-11-05 13:32:43,993 [INFO] PluginManager:220 - loadIPPluginJar : add extmemmanager
2025-11-05 13:32:43,993 [INFO] IPUIPlugin:80 - create IPUIPlugin
2025-11-05 13:32:43,993 [INFO] PluginManager:220 - loadIPPluginJar : add fatfs
2025-11-05 13:32:44,007 [INFO] IPUIPlugin:80 - create IPUIPlugin
2025-11-05 13:32:44,007 [INFO] PluginManager:220 - loadIPPluginJar : add fmc
2025-11-05 13:32:44,014 [INFO] IPUIPlugin:80 - create IPUIPlugin
2025-11-05 13:32:44,014 [INFO] PluginManager:220 - loadIPPluginJar : add freertos
2025-11-05 13:32:44,017 [INFO] IPUIPlugin:80 - create IPUIPlugin
2025-11-05 13:32:44,017 [INFO] PluginManager:220 - loadIPPluginJar : add genericplugin
2025-11-05 13:32:44,020 [INFO] IPUIPlugin:80 - create IPUIPlugin
2025-11-05 13:32:44,020 [INFO] PluginManager:220 - loadIPPluginJar : add gfxmmu
2025-11-05 13:32:44,024 [INFO] IPUIPlugin:80 - create IPUIPlugin
2025-11-05 13:32:44,024 [INFO] PluginManager:220 - loadIPPluginJar : add gic
2025-11-05 13:32:44,029 [INFO] IPUIPlugin:80 - create IPUIPlugin
2025-11-05 13:32:44,029 [INFO] PluginManager:220 - loadIPPluginJar : add gpio
2025-11-05 13:32:44,029 [INFO] IPUIPlugin:80 - create IPUIPlugin
2025-11-05 13:32:44,029 [INFO] PluginManager:220 - loadIPPluginJar : add gtzc
2025-11-05 13:32:44,038 [INFO] IPUIPlugin:80 - create IPUIPlugin
2025-11-05 13:32:44,038 [INFO] PluginManager:220 - loadIPPluginJar : add hash
2025-11-05 13:32:44,040 [INFO] IPUIPlugin:80 - create IPUIPlugin
2025-11-05 13:32:44,040 [INFO] PluginManager:220 - loadIPPluginJar : add i2c
2025-11-05 13:32:44,040 [INFO] IPUIPlugin:80 - create IPUIPlugin
2025-11-05 13:32:44,040 [INFO] PluginManager:220 - loadIPPluginJar : add i2s
2025-11-05 13:32:44,040 [INFO] IPUIPlugin:80 - create IPUIPlugin
2025-11-05 13:32:44,046 [INFO] PluginManager:220 - loadIPPluginJar : add i3c
2025-11-05 13:32:44,046 [INFO] IPUIPlugin:80 - create IPUIPlugin
2025-11-05 13:32:44,046 [INFO] PluginManager:220 - loadIPPluginJar : add ipddr
2025-11-05 13:32:44,056 [INFO] IPUIPlugin:80 - create IPUIPlugin
2025-11-05 13:32:44,056 [INFO] PluginManager:220 - loadIPPluginJar : add linkedlist
2025-11-05 13:32:44,059 [INFO] IPUIPlugin:80 - create IPUIPlugin
2025-11-05 13:32:44,059 [INFO] PluginManager:220 - loadIPPluginJar : add lorawan
2025-11-05 13:32:44,059 [INFO] IPUIPlugin:80 - create IPUIPlugin
2025-11-05 13:32:44,059 [INFO] PluginManager:220 - loadIPPluginJar : add ltdc
2025-11-05 13:32:44,068 [INFO] IPUIPlugin:80 - create IPUIPlugin
2025-11-05 13:32:44,068 [INFO] PluginManager:220 - loadIPPluginJar : add mdma
2025-11-05 13:32:44,068 [INFO] IPUIPlugin:80 - create IPUIPlugin
2025-11-05 13:32:44,068 [INFO] PluginManager:220 - loadIPPluginJar : add nvic
2025-11-05 13:32:44,068 [INFO] IPUIPlugin:80 - create IPUIPlugin
2025-11-05 13:32:44,068 [INFO] PluginManager:220 - loadIPPluginJar : add opamp
2025-11-05 13:32:44,077 [INFO] IPUIPlugin:80 - create IPUIPlugin
2025-11-05 13:32:44,077 [INFO] PluginManager:220 - loadIPPluginJar : add openamp
2025-11-05 13:32:44,077 [INFO] IPUIPlugin:80 - create IPUIPlugin
2025-11-05 13:32:44,077 [INFO] PluginManager:220 - loadIPPluginJar : add pdm2pcm
2025-11-05 13:32:44,087 [INFO] IPUIPlugin:80 - create IPUIPlugin
2025-11-05 13:32:44,087 [INFO] PluginManager:220 - loadIPPluginJar : add plateformsettings
2025-11-05 13:32:44,093 [INFO] IPUIPlugin:80 - create IPUIPlugin
2025-11-05 13:32:44,093 [INFO] PluginManager:220 - loadIPPluginJar : add quadspi
2025-11-05 13:32:44,093 [INFO] IPUIPlugin:80 - create IPUIPlugin
2025-11-05 13:32:44,096 [INFO] PluginManager:220 - loadIPPluginJar : add radio
2025-11-05 13:32:44,100 [INFO] IPUIPlugin:80 - create IPUIPlugin
2025-11-05 13:32:44,100 [INFO] PluginManager:220 - loadIPPluginJar : add resmgrutility
2025-11-05 13:32:44,104 [INFO] IPUIPlugin:80 - create IPUIPlugin
2025-11-05 13:32:44,104 [INFO] PluginManager:220 - loadIPPluginJar : add sai
2025-11-05 13:32:44,106 [INFO] IPUIPlugin:80 - create IPUIPlugin
2025-11-05 13:32:44,106 [INFO] PluginManager:220 - loadIPPluginJar : add spi
2025-11-05 13:32:44,112 [INFO] IPUIPlugin:80 - create IPUIPlugin
2025-11-05 13:32:44,112 [INFO] PluginManager:220 - loadIPPluginJar : add stm32_wpan
2025-11-05 13:32:44,115 [INFO] IPUIPlugin:80 - create IPUIPlugin
2025-11-05 13:32:44,115 [INFO] PluginManager:220 - loadIPPluginJar : add tim
2025-11-05 13:32:44,117 [INFO] IPUIPlugin:80 - create IPUIPlugin
2025-11-05 13:32:44,117 [INFO] PluginManager:220 - loadIPPluginJar : add touchsensing
2025-11-05 13:32:44,117 [INFO] IPUIPlugin:80 - create IPUIPlugin
2025-11-05 13:32:44,117 [INFO] PluginManager:220 - loadIPPluginJar : add tracer_emb
2025-11-05 13:32:44,122 [INFO] IPUIPlugin:80 - create IPUIPlugin
2025-11-05 13:32:44,122 [INFO] PluginManager:220 - loadIPPluginJar : add ts
2025-11-05 13:32:44,124 [INFO] IPUIPlugin:80 - create IPUIPlugin
2025-11-05 13:32:44,124 [INFO] PluginManager:220 - loadIPPluginJar : add tsc
2025-11-05 13:32:44,126 [INFO] IPUIPlugin:80 - create IPUIPlugin
2025-11-05 13:32:44,126 [INFO] PluginManager:220 - loadIPPluginJar : add ucpd
2025-11-05 13:32:44,129 [INFO] IPUIPlugin:80 - create IPUIPlugin
2025-11-05 13:32:44,129 [INFO] PluginManager:220 - loadIPPluginJar : add usart
2025-11-05 13:32:44,132 [INFO] IPUIPlugin:80 - create IPUIPlugin
2025-11-05 13:32:44,132 [INFO] PluginManager:220 - loadIPPluginJar : add usbx
2025-11-05 13:32:44,264 [FATAL] Updater:351 - Updater called before beeing initialized
2025-11-05 13:32:44,288 [INFO] RulesReader:64 - Compatibility file has been processed (317 Rules)
2025-11-05 13:32:44,300 [INFO] RulesReader:64 - Compatibility file has been processed (317 Rules)
2025-11-05 13:32:44,309 [INFO] CADModel:165 - CPN selected for project level
2025-11-05 13:32:44,309 [INFO] CADModel:114 - Register for checkConnection events
2025-11-05 13:32:44,309 [FATAL] Updater:351 - Updater called before beeing initialized
2025-11-05 13:32:44,309 [ERROR] CADModel:125 - Updater not yet initialized, retry later 
2025-11-05 13:32:44,478 [FATAL] Updater:351 - Updater called before beeing initialized
2025-11-05 13:32:44,485 [INFO] CADModel:165 - CPN selected for project level
2025-11-05 13:32:44,486 [INFO] CADModel:114 - Register for checkConnection events
2025-11-05 13:32:44,486 [FATAL] Updater:351 - Updater called before beeing initialized
2025-11-05 13:32:44,486 [ERROR] CADModel:125 - Updater not yet initialized, retry later 
2025-11-05 13:32:44,490 [FATAL] Updater:351 - Updater called before beeing initialized
2025-11-05 13:32:44,630 [FATAL] Updater:351 - Updater called before beeing initialized
2025-11-05 13:32:44,637 [INFO] DbMcusAds:53 - JSON generation date=Thu Oct 02 12:36:05 MSK 2025 (1759397765645)
2025-11-05 13:32:44,637 [FATAL] Updater:351 - Updater called before beeing initialized
2025-11-05 13:32:44,674 [WARN] DetailPanel:346 - Failed to get advertising image, set to default
2025-11-05 13:32:44,754 [FATAL] Updater:351 - Updater called before beeing initialized
2025-11-05 13:32:44,754 [FATAL] Updater:351 - Updater called before beeing initialized
2025-11-05 13:32:44,754 [FATAL] Updater:351 - Updater called before beeing initialized
2025-11-05 13:32:44,754 [WARN] DetailPanel:346 - Failed to get advertising image, set to default
2025-11-05 13:32:44,754 [FATAL] Updater:351 - Updater called before beeing initialized
2025-11-05 13:32:44,813 [ERROR] Updater:1198 - MainUpdater not yet initialized. External WinMGr cannot be set.
2025-11-05 13:32:44,813 [INFO] Updater:1134 - Updater Version found : 6.15.0
2025-11-05 13:32:44,829 [INFO] ApplicationProperties:184 - Using Application install path: C:\ST\STM32CubeIDE_1.19.0\STM32CubeIDE\plugins\com.st.stm32cube.common.mx_6.15.0.202507011659
2025-11-05 13:32:45,103 [INFO] MainUpdater:2872 - connection check result : 22
2025-11-05 13:32:45,103 [INFO] MainUpdater:289 - Updater Check For Update Now.
2025-11-05 13:32:45,106 [INFO] MicroXplorer:498 - Change Database Version : DB.6.0.150
2025-11-05 13:32:45,112 [INFO] McuFinderGlobals:63 - Set McuFinder mode to 2 (CubeIDE integrated)
2025-11-05 13:32:45,113 [INFO] UserAuth:487 - Internet connection configuration mode: 2
2025-11-05 13:32:45,120 [INFO] UserAuth:487 - Internet connection configuration mode: 2
2025-11-05 13:32:45,283 [INFO] CheckServerUpdateThread:120 - End of CheckServer Thread
2025-11-05 13:32:46,600 [WARN] PackLoader:240 - Cannot read IP mode file for STMicroelectronics.FP-SNS-MOTENVWB1.1.4.0
2025-11-05 13:32:46,610 [WARN] PackLoader:240 - Cannot read IP mode file for STMicroelectronics.FP-ATR-ASTRA1.2.0.2
2025-11-05 13:32:46,619 [WARN] PackLoader:240 - Cannot read IP mode file for STMicroelectronics.X-CUBE-SMBUS.2.1.0
2025-11-05 13:32:46,626 [WARN] PackLoader:240 - Cannot read IP mode file for STMicroelectronics.X-CUBE-ST60.1.0.0
2025-11-05 13:32:46,654 [WARN] PackLoader:240 - Cannot read IP mode file for STMicroelectronics.X-CUBE-AZRTOS-F7.1.1.0
2025-11-05 13:32:46,663 [WARN] PackLoader:240 - Cannot read IP mode file for Cesanta.I-CUBE-Mongoose.7.19.0
2025-11-05 13:32:46,673 [WARN] PackLoader:240 - Cannot read IP mode file for WES.I-CUBE-Cesium.1.4.0
2025-11-05 13:32:46,695 [WARN] PackLoader:240 - Cannot read IP mode file for Infineon.AIROC-Wi-Fi-Bluetooth-STM32.1.7.1
2025-11-05 13:32:46,707 [WARN] PackLoader:240 - Cannot read IP mode file for STMicroelectronics.X-CUBE-DISPLAY.3.0.0
2025-11-05 13:32:46,719 [WARN] PackLoader:240 - Cannot read IP mode file for STMicroelectronics.X-CUBE-NFC10.1.0.0
2025-11-05 13:32:46,725 [WARN] PackLoader:240 - Cannot read IP mode file for STMicroelectronics.X-CUBE-ST60.1.1.0
2025-11-05 13:32:46,731 [WARN] PackLoader:240 - Cannot read IP mode file for emotas.I-CUBE-CANOPEN.1.3.0
2025-11-05 13:32:46,735 [WARN] PackLoader:240 - Cannot read IP mode file for STMicroelectronics.FP-SNS-SMARTAG2.1.2.0
2025-11-05 13:32:46,739 [WARN] PackLoader:240 - Cannot read IP mode file for STMicroelectronics.FP-SNS-FLIGHT1.5.1.0
2025-11-05 13:32:46,748 [INFO] LogOutputStream:77 - [STDOUT_REDIRECT] 1 : Invalid condition id : UX_CORESTACK_Condition cause : null
2025-11-05 13:32:46,749 [INFO] LogOutputStream:77 - [STDOUT_REDIRECT] 1 : Invalid condition id : UX_CORESTACK_Condition cause : null
2025-11-05 13:32:46,749 [INFO] LogOutputStream:77 - [STDOUT_REDIRECT] 1 : Invalid condition id : UX_CORESTACK_Condition cause : null
2025-11-05 13:32:46,750 [INFO] LogOutputStream:77 - [STDOUT_REDIRECT] 1 : Invalid condition id : UX_CORESTACK_Condition cause : null
2025-11-05 13:32:46,752 [INFO] LogOutputStream:77 - [STDOUT_REDIRECT] 1 : Invalid condition id : UX_CORESTACK_Condition cause : null
2025-11-05 13:32:46,754 [WARN] PackLoader:240 - Cannot read IP mode file for STMicroelectronics.X-CUBE-AZRTOS-WL.2.0.0
2025-11-05 13:32:46,767 [WARN] PackLoader:240 - Cannot read IP mode file for STMicroelectronics.FP-SNS-MOTENV1.5.0.0
2025-11-05 13:32:46,773 [WARN] PackLoader:240 - Cannot read IP mode file for STMicroelectronics.X-CUBE-BLE2.3.3.0
2025-11-05 13:32:46,779 [WARN] PackLoader:240 - Cannot read IP mode file for STMicroelectronics.X-CUBE-NFC9.1.0.0
2025-11-05 13:32:46,785 [WARN] PackLoader:240 - Cannot read IP mode file for STMicroelectronics.X-CUBE-BLE1.7.1.0
2025-11-05 13:32:46,792 [WARN] PackLoader:240 - Cannot read IP mode file for STMicroelectronics.X-CUBE-ST67W61.1.1.0
2025-11-05 13:32:46,804 [WARN] PackLoader:240 - Cannot read IP mode file for STMicroelectronics.X-CUBE-AZRTOS-G0.1.1.0
2025-11-05 13:32:46,809 [WARN] PackLoader:240 - Cannot read IP mode file for STMicroelectronics.X-CUBE-SAFEA1.1.2.2
2025-11-05 13:32:46,815 [WARN] PackLoader:240 - Cannot read IP mode file for STMicroelectronics.X-CUBE-NFC4.3.0.0
2025-11-05 13:32:46,823 [WARN] PackLoader:240 - Cannot read IP mode file for EmbeddedOffice.I-CUBE-FS-RTOS.1.0.1
2025-11-05 13:32:46,829 [WARN] PackLoader:240 - Cannot read IP mode file for STMicroelectronics.X-CUBE-WB05N.2.0.0
2025-11-05 13:32:46,834 [WARN] PackLoader:240 - Cannot read IP mode file for STMicroelectronics.X-CUBE-TCPP.4.2.0
2025-11-05 13:32:46,841 [WARN] PackLoader:240 - Cannot read IP mode file for RealThread.X-CUBE-RT-Thread_Nano.4.1.1
2025-11-05 13:32:46,845 [WARN] PackLoader:240 - Cannot read IP mode file for STMicroelectronics.FP-ATR-SIGFOX1.3.2.0
2025-11-05 13:32:46,850 [WARN] PackLoader:240 - Cannot read IP mode file for ITTIA_DB.I-CUBE-ITTIADB.8.9.0
2025-11-05 13:32:46,856 [WARN] PackLoader:240 - Cannot read IP mode file for STMicroelectronics.X-CUBE-ST67W61.1.0.0
2025-11-05 13:32:46,875 [WARN] PackLoader:240 - Cannot read IP mode file for SEGGER.I-CUBE-embOS.1.3.1
2025-11-05 13:32:46,905 [WARN] PackLoader:240 - Cannot read IP mode file for STMicroelectronics.X-CUBE-ALGOBUILD.1.4.0
2025-11-05 13:32:46,947 [WARN] PackLoader:240 - Cannot read IP mode file for STMicroelectronics.X-CUBE-MEMS1.11.3.0
2025-11-05 13:32:47,035 [WARN] PackLoader:240 - Cannot read IP mode file for STMicroelectronics.X-CUBE-PM33A1.1.0.0
2025-11-05 13:32:47,048 [WARN] PackLoader:240 - Cannot read IP mode file for STMicroelectronics.X-CUBE-AZRTOS-F4.1.1.0
2025-11-05 13:32:47,055 [WARN] PackLoader:240 - Cannot read IP mode file for STMicroelectronics.X-CUBE-ISPU.2.1.0
2025-11-05 13:32:47,070 [WARN] PackLoader:240 - Cannot read IP mode file for STMicroelectronics.X-CUBE-IPS.3.2.0
2025-11-05 13:32:47,097 [WARN] PackLoader:240 - Cannot read IP mode file for STMicroelectronics.X-CUBE-AZRTOS-L5.2.0.0
2025-11-05 13:32:47,110 [WARN] PackLoader:240 - Cannot read IP mode file for STMicroelectronics.X-CUBE-NFC6.3.1.0
2025-11-05 13:32:47,117 [WARN] PackLoader:240 - Cannot read IP mode file for STMicroelectronics.X-CUBE-FREERTOS.1.3.1
2025-11-05 13:32:47,127 [WARN] PackLoader:240 - Cannot read IP mode file for STMicroelectronics.X-CUBE-TOUCHGFX.4.26.0
2025-11-05 13:32:47,133 [WARN] PackLoader:240 - Cannot read IP mode file for STMicroelectronics.X-CUBE-DPower.1.3.0
2025-11-05 13:32:47,150 [WARN] ConditionMgr:438 - getConditionDescription Invalid condition id : LAN8742 Phy interface Condition cause : null
2025-11-05 13:32:47,151 [WARN] PackLoader:240 - Cannot read IP mode file for STMicroelectronics.X-CUBE-AZRTOS-L4.2.0.0
2025-11-05 13:32:47,152 [WARN] ConditionMgr:1044 - genDependencies : Invalid condition id : LAN8742 Phy interface Condition cause : null
2025-11-05 13:32:47,178 [WARN] ConditionMgr:1044 - genDependencies : Invalid condition id : LAN8742 Phy interface Condition cause : null
2025-11-05 13:32:47,179 [WARN] ConditionMgr:1044 - genDependencies : Invalid condition id : LAN8742 Phy interface Condition cause : null
2025-11-05 13:32:47,191 [WARN] PackLoader:240 - Cannot read IP mode file for STMicroelectronics.X-CUBE-SFXS2LP1.4.0.0
2025-11-05 13:32:47,206 [WARN] ConditionMgr:438 - getConditionDescription Invalid condition id : UX DEVICE CLASS RTOS Condition cause : null
2025-11-05 13:32:47,207 [WARN] ConditionMgr:438 - getConditionDescription Invalid condition id : UX DEVICE CLASS RTOS Condition cause : null
2025-11-05 13:32:47,209 [WARN] PackLoader:240 - Cannot read IP mode file for STMicroelectronics.X-CUBE-AZRTOS-WB.2.0.0
2025-11-05 13:32:47,210 [WARN] ConditionMgr:1044 - genDependencies : Invalid condition id : UX DEVICE CLASS RTOS Condition cause : null
2025-11-05 13:32:47,210 [WARN] ConditionMgr:1044 - genDependencies : Invalid condition id : UX DEVICE CLASS RTOS Condition cause : null
2025-11-05 13:32:47,211 [WARN] ConditionMgr:1044 - genDependencies : Invalid condition id : UX DEVICE CLASS RTOS Condition cause : null
2025-11-05 13:32:47,211 [WARN] ConditionMgr:1044 - genDependencies : Invalid condition id : UX DEVICE CLASS RTOS Condition cause : null
2025-11-05 13:32:47,211 [WARN] ConditionMgr:1044 - genDependencies : Invalid condition id : UX DEVICE CLASS RTOS Condition cause : null
2025-11-05 13:32:47,218 [WARN] PackLoader:240 - Cannot read IP mode file for STMicroelectronics.X-CUBE-GNSS1.7.0.1
2025-11-05 13:32:47,221 [WARN] PackLoader:240 - Cannot read IP mode file for STMicroelectronics.X-CUBE-TOUCHGFX.4.25.0
2025-11-05 13:32:47,225 [WARN] ConditionMgr:438 - getConditionDescription Invalid condition id : Cortex-A Device cause : null
2025-11-05 13:32:47,239 [WARN] ConditionMgr:1044 - genDependencies : Invalid condition id : Cortex-A Device cause : null
2025-11-05 13:32:47,239 [WARN] ConditionMgr:1044 - genDependencies : Invalid condition id : Cortex-A Device cause : null
2025-11-05 13:32:47,239 [WARN] ConditionMgr:1044 - genDependencies : Invalid condition id : Cortex-A Device cause : null
2025-11-05 13:32:47,252 [WARN] PackLoader:240 - Cannot read IP mode file for STMicroelectronics.X-CUBE-SUBG2.5.0.0
2025-11-05 13:32:47,277 [WARN] PackLoader:240 - Cannot read IP mode file for STMicroelectronics.X-CUBE-AZRTOS-H7RS.1.1.0
2025-11-05 13:32:47,293 [WARN] PackLoader:240 - Cannot read IP mode file for STMicroelectronics.X-CUBE-AZRTOS-G4.2.0.0
2025-11-05 13:32:47,299 [WARN] PackLoader:240 - Cannot read IP mode file for STMicroelectronics.X-CUBE-NFC7.2.0.0
2025-11-05 13:32:47,308 [WARN] PackLoader:240 - Cannot read IP mode file for STMicroelectronics.X-CUBE-IPS.3.1.0
2025-11-05 13:32:47,315 [WARN] PackLoader:240 - Cannot read IP mode file for STMicroelectronics.X-CUBE-ALS.1.0.2
2025-11-05 13:32:47,325 [WARN] PackLoader:240 - Cannot read IP mode file for STMicroelectronics.X-CUBE-TOF1.3.4.3
2025-11-05 13:32:47,330 [INFO] ThirdParty:978 - Integrity check success = true
2025-11-05 13:32:47,330 [INFO] IntegrityCheckThread:100 - exiting critical section [integrity check]
2025-11-05 13:32:47,330 [INFO] IntegrityCheckThread:103 - End integrity checks thread
2025-11-05 14:01:23,795 [INFO] Activator:176 - 


2025-11-05 14:01:23,800 [INFO] Activator:177 - !SESSION log4j initialized
2025-11-05 14:01:37,224 [INFO] LogOutputStream:77 - [STDOUT_REDIRECT] 
2025-11-05 14:01:41,953 [INFO] ApplicationProperties:184 - Using Application install path: C:\ST\STM32CubeIDE_1.19.0\STM32CubeIDE\plugins\com.st.stm32cube.common.mx_6.15.0.202507011659
2025-11-05 14:01:41,998 [INFO] DbMcusXml:78 - Set database path to: C:\ST\STM32CubeIDE_1.19.0\STM32CubeIDE\plugins\com.st.stm32cube.common.mx_6.15.0.202507011659\\db\/mcu/
2025-11-05 14:01:41,998 [INFO] ApiDb:274 - Set plugin database path to: C:\ST\STM32CubeIDE_1.19.0\STM32CubeIDE\plugins\com.st.stm32cube.common.mx_6.15.0.202507011659\\db\/plugins/boardmanager/
2025-11-05 14:01:41,999 [WARN] ApiDb:259 - Overriding images path with different value:  => C:\ST\STM32CubeIDE_1.19.0\STM32CubeIDE\plugins\com.st.stm32cube.common.mx_6.15.0.202507011659\\db\/plugins/mcufinder/images/
2025-11-05 14:01:42,020 [INFO] ApiDb:250 - Set database path to: C:\Users\eevgs\.stmcufinder\plugins\mcufinder//mcu/
2025-11-05 14:01:42,023 [INFO] DbMcusAds:125 - Set database path to: C:\Users\eevgs\.stmcufinder\plugins\mcufinder//mcu/
2025-11-05 14:01:42,029 [INFO] CrossReferenceDbSqlite:203 - Set database path to: C:\Users\eevgs\.stmcufinder\plugins\mcufinder//mcu/cs/
2025-11-05 14:01:42,297 [INFO] RulesReader:64 - Compatibility file has been processed (317 Rules)
2025-11-05 14:01:42,489 [INFO] DbMcusXml:78 - Set database path to: C:\ST\STM32CubeIDE_1.19.0\STM32CubeIDE\plugins\com.st.stm32cube.common.mx_6.15.0.202507011659\\db\/mcu/
2025-11-05 14:01:42,489 [INFO] ApiDb:274 - Set plugin database path to: C:\ST\STM32CubeIDE_1.19.0\STM32CubeIDE\plugins\com.st.stm32cube.common.mx_6.15.0.202507011659\\db\/plugins/boardmanager/
2025-11-05 14:01:42,489 [INFO] ApiDb:261 - Set plugin images path to: C:\ST\STM32CubeIDE_1.19.0\STM32CubeIDE\plugins\com.st.stm32cube.common.mx_6.15.0.202507011659\\db\/plugins/mcufinder/images/
2025-11-05 14:01:42,489 [WARN] DbFile:41 - Overriding database path with different value: C:\Users\eevgs\.stmcufinder\plugins\mcufinder/ => C:\Users\eevgs\.stmcufinder\plugins\mcufinder
2025-11-05 14:01:42,491 [INFO] ApiDb:250 - Set database path to: C:\Users\eevgs\.stmcufinder\plugins\mcufinder//mcu/
2025-11-05 14:01:42,492 [WARN] DbFile:41 - Overriding database path with different value: C:\Users\eevgs\.stmcufinder\plugins\mcufinder/ => C:\Users\eevgs\.stmcufinder\plugins\mcufinder
2025-11-05 14:01:42,492 [INFO] DbMcusAds:125 - Set database path to: C:\Users\eevgs\.stmcufinder\plugins\mcufinder//mcu/
2025-11-05 14:01:42,492 [WARN] DbFile:41 - Overriding database path with different value: C:\Users\eevgs\.stmcufinder\plugins\mcufinder/ => C:\Users\eevgs\.stmcufinder\plugins\mcufinder
2025-11-05 14:01:42,492 [WARN] DbFile:41 - Overriding database path with different value: C:\Users\eevgs\.stmcufinder\plugins\mcufinder/ => C:\Users\eevgs\.stmcufinder\plugins\mcufinder
2025-11-05 14:01:42,492 [INFO] CrossReferenceDbSqlite:203 - Set database path to: C:\Users\eevgs\.stmcufinder\plugins\mcufinder//mcu/cs/
2025-11-05 14:01:42,667 [INFO] MainPanel:274 - HeapMemory: 268435456
2025-11-05 14:01:42,899 [INFO] DbMcusXml:78 - Set database path to: C:\ST\STM32CubeIDE_1.19.0\STM32CubeIDE\plugins\com.st.stm32cube.common.mx_6.15.0.202507011659\\db\/mcu/
2025-11-05 14:01:42,899 [INFO] ApiDb:274 - Set plugin database path to: C:\ST\STM32CubeIDE_1.19.0\STM32CubeIDE\plugins\com.st.stm32cube.common.mx_6.15.0.202507011659\\db\/plugins/boardmanager/
2025-11-05 14:01:42,899 [INFO] ApiDb:261 - Set plugin images path to: C:\ST\STM32CubeIDE_1.19.0\STM32CubeIDE\plugins\com.st.stm32cube.common.mx_6.15.0.202507011659\\db\/plugins/mcufinder/images/
2025-11-05 14:01:42,900 [WARN] DbFile:41 - Overriding database path with different value: C:\Users\eevgs\.stmcufinder\plugins\mcufinder/ => C:\Users\eevgs\.stmcufinder\plugins\mcufinder
2025-11-05 14:01:42,900 [INFO] ApiDb:250 - Set database path to: C:\Users\eevgs\.stmcufinder\plugins\mcufinder//mcu/
2025-11-05 14:01:42,901 [WARN] DbFile:41 - Overriding database path with different value: C:\Users\eevgs\.stmcufinder\plugins\mcufinder/ => C:\Users\eevgs\.stmcufinder\plugins\mcufinder
2025-11-05 14:01:42,901 [INFO] DbMcusAds:125 - Set database path to: C:\Users\eevgs\.stmcufinder\plugins\mcufinder//mcu/
2025-11-05 14:01:42,901 [WARN] DbFile:41 - Overriding database path with different value: C:\Users\eevgs\.stmcufinder\plugins\mcufinder/ => C:\Users\eevgs\.stmcufinder\plugins\mcufinder
2025-11-05 14:01:42,901 [WARN] DbFile:41 - Overriding database path with different value: C:\Users\eevgs\.stmcufinder\plugins\mcufinder/ => C:\Users\eevgs\.stmcufinder\plugins\mcufinder
2025-11-05 14:01:42,901 [INFO] CrossReferenceDbSqlite:203 - Set database path to: C:\Users\eevgs\.stmcufinder\plugins\mcufinder//mcu/cs/
2025-11-05 14:01:42,944 [INFO] ApplicationProperties:184 - Using Application install path: C:\ST\STM32CubeIDE_1.19.0\STM32CubeIDE\plugins\com.st.stm32cube.common.mx_6.15.0.202507011659
2025-11-05 14:01:42,947 [INFO] PluginManage:196 - Search for loadable plugins [exclusion list=, ]
2025-11-05 14:01:42,950 [INFO] PluginManage:310 - Check plugin analytics
2025-11-05 14:01:43,343 [INFO] AnalyticsPlugin:253 - Accepted Software Licenses: STM32CubeMX.6.15.0
2025-11-05 14:01:43,343 [INFO] AnalyticsPlugin:255 - Accepted CMSIS Pack Licenses: 
2025-11-05 14:01:43,343 [INFO] AnalyticsPlugin:257 - Accepted Firmware Licenses: FW.F4.1.28.0
2025-11-05 14:01:43,352 [INFO] PluginManage:359 - Loaded plugin analytics (category:tool,tabindex:-1)
2025-11-05 14:01:43,353 [INFO] PluginManage:310 - Check plugin cadmodel
2025-11-05 14:01:43,365 [INFO] CADModel:105 - Init CAD model plugin
2025-11-05 14:01:43,366 [INFO] PluginManage:359 - Loaded plugin cadmodel (category:power,tabindex:5)
2025-11-05 14:01:43,367 [INFO] PluginManage:310 - Check plugin clock
2025-11-05 14:01:43,388 [INFO] PluginManage:359 - Loaded plugin clock (category:base,tabindex:2)
2025-11-05 14:01:43,388 [INFO] PluginManage:310 - Check plugin ddr
2025-11-05 14:01:43,394 [INFO] PluginManage:359 - Loaded plugin ddr (category:tool,tabindex:6)
2025-11-05 14:01:43,394 [INFO] PluginManage:310 - Check plugin filemanager
2025-11-05 14:01:43,703 [INFO] PluginManage:359 - Loaded plugin filemanager (category:base,tabindex:10)
2025-11-05 14:01:43,703 [INFO] PluginManage:310 - Check plugin ipmanager
2025-11-05 14:01:43,717 [INFO] PluginManage:359 - Loaded plugin ipmanager (category:base,tabindex:5)
2025-11-05 14:01:43,719 [INFO] PluginManage:310 - Check plugin lpbam
2025-11-05 14:01:43,736 [INFO] PluginManage:359 - Loaded plugin lpbam (category:base,tabindex:0)
2025-11-05 14:01:43,737 [INFO] PluginManage:310 - Check plugin memorymap
2025-11-05 14:01:43,768 [INFO] PluginManage:359 - Loaded plugin memorymap (category:base,tabindex:4)
2025-11-05 14:01:43,769 [INFO] PluginManage:310 - Check plugin pinoutandconfiguration
2025-11-05 14:01:43,790 [INFO] PluginManage:359 - Loaded plugin pinoutandconfiguration (category:base,tabindex:1)
2025-11-05 14:01:43,790 [INFO] PluginManage:310 - Check plugin pinoutconfig
2025-11-05 14:01:44,018 [WARN] SupportedApi:132 - Cannot load RTOS API schema: s4s-elt-must-match.1: The content of 'definitions' must match (annotation?, (simpleType | complexType)?, (unique | key | keyref)*)). A problem was found starting at: attribute.
2025-11-05 14:01:44,331 [INFO] PluginManage:359 - Loaded plugin pinoutconfig (category:base,tabindex:0)
2025-11-05 14:01:44,331 [INFO] PluginManage:310 - Check plugin power
2025-11-05 14:01:44,355 [INFO] PluginManage:359 - Loaded plugin power (category:power,tabindex:4)
2025-11-05 14:01:44,356 [INFO] PluginManage:310 - Check plugin projectmanager
2025-11-05 14:01:44,390 [INFO] PluginManage:359 - Loaded plugin projectmanager (category:projectmanager,tabindex:4)
2025-11-05 14:01:44,391 [INFO] PluginManage:310 - Check plugin rif
2025-11-05 14:01:44,409 [INFO] PluginManage:359 - Loaded plugin rif (category:base,tabindex:3)
2025-11-05 14:01:44,410 [INFO] PluginManage:310 - Check plugin thirdparty
2025-11-05 14:01:44,757 [INFO] PluginManage:359 - Loaded plugin thirdparty (category:base,tabindex:-1)
2025-11-05 14:01:44,757 [WARN] IntegrityCheckThread:84 - waiting for thirdparty lock release [integrity check]
2025-11-05 14:01:44,758 [INFO] PluginManage:310 - Check plugin tools
2025-11-05 14:01:44,759 [INFO] IntegrityCheckThread:86 - entering critical section [integrity check]
2025-11-05 14:01:44,759 [INFO] ThirdPartyUpdaterWithRetryManager:70 - Updater plugin not ready yet. [1/15]
2025-11-05 14:01:44,765 [INFO] PluginManage:359 - Loaded plugin tools (category:base,tabindex:7)
2025-11-05 14:01:44,765 [INFO] PluginManage:310 - Check plugin tutovideos
2025-11-05 14:01:45,221 [INFO] PluginManage:359 - Loaded plugin tutovideos (category:base,tabindex:-1)
2025-11-05 14:01:45,222 [INFO] PluginManage:310 - Check plugin updater
2025-11-05 14:01:45,276 [INFO] PluginManage:359 - Loaded plugin updater (category:base,tabindex:12)
2025-11-05 14:01:45,276 [INFO] PluginManage:310 - Check plugin userauth
2025-11-05 14:01:45,284 [INFO] UserAuth:118 - Init User Auth plugin
2025-11-05 14:01:45,287 [INFO] PluginManage:359 - Loaded plugin userauth (category:base,tabindex:14)
2025-11-05 14:01:45,287 [INFO] PluginManage:283 - PluginManage : Loaded plugins [18]
2025-11-05 14:01:45,758 [INFO] PinOutPanel:1589 - setPackage(No Configuration,No Configuration)
2025-11-05 14:01:45,952 [INFO] CADModel:165 - CPN selected for project level
2025-11-05 14:01:45,953 [INFO] CADModel:114 - Register for checkConnection events
2025-11-05 14:01:45,986 [INFO] IPUIPlugin:80 - create IPUIPlugin
2025-11-05 14:01:45,987 [INFO] PluginManager:220 - loadIPPluginJar : add adc
2025-11-05 14:01:45,993 [INFO] IPUIPlugin:80 - create IPUIPlugin
2025-11-05 14:01:45,993 [INFO] PluginManager:220 - loadIPPluginJar : add aes
2025-11-05 14:01:45,997 [INFO] IPUIPlugin:80 - create IPUIPlugin
2025-11-05 14:01:45,997 [INFO] PluginManager:220 - loadIPPluginJar : add can
2025-11-05 14:01:46,002 [INFO] IPUIPlugin:80 - create IPUIPlugin
2025-11-05 14:01:46,002 [INFO] PluginManager:220 - loadIPPluginJar : add comp
2025-11-05 14:01:46,008 [INFO] IPUIPlugin:80 - create IPUIPlugin
2025-11-05 14:01:46,008 [INFO] PluginManager:220 - loadIPPluginJar : add cryp
2025-11-05 14:01:46,017 [INFO] IPUIPlugin:80 - create IPUIPlugin
2025-11-05 14:01:46,017 [INFO] PluginManager:220 - loadIPPluginJar : add ddr_ctrl_phy
2025-11-05 14:01:46,022 [INFO] IPUIPlugin:80 - create IPUIPlugin
2025-11-05 14:01:46,022 [INFO] PluginManager:220 - loadIPPluginJar : add dfsdm
2025-11-05 14:01:46,031 [INFO] IPUIPlugin:80 - create IPUIPlugin
2025-11-05 14:01:46,032 [INFO] PluginManager:220 - loadIPPluginJar : add dma
2025-11-05 14:01:46,038 [INFO] IPUIPlugin:80 - create IPUIPlugin
2025-11-05 14:01:46,039 [INFO] PluginManager:220 - loadIPPluginJar : add dma3
2025-11-05 14:01:46,041 [INFO] IPUIPlugin:80 - create IPUIPlugin
2025-11-05 14:01:46,041 [INFO] PluginManager:220 - loadIPPluginJar : add extmemmanager
2025-11-05 14:01:46,045 [INFO] IPUIPlugin:80 - create IPUIPlugin
2025-11-05 14:01:46,045 [INFO] PluginManager:220 - loadIPPluginJar : add fatfs
2025-11-05 14:01:46,048 [INFO] IPUIPlugin:80 - create IPUIPlugin
2025-11-05 14:01:46,048 [INFO] PluginManager:220 - loadIPPluginJar : add fmc
2025-11-05 14:01:46,062 [INFO] IPUIPlugin:80 - create IPUIPlugin
2025-11-05 14:01:46,062 [INFO] PluginManager:220 - loadIPPluginJar : add freertos
2025-11-05 14:01:46,071 [INFO] IPUIPlugin:80 - create IPUIPlugin
2025-11-05 14:01:46,071 [INFO] PluginManager:220 - loadIPPluginJar : add genericplugin
2025-11-05 14:01:46,079 [INFO] IPUIPlugin:80 - create IPUIPlugin
2025-11-05 14:01:46,079 [INFO] PluginManager:220 - loadIPPluginJar : add gfxmmu
2025-11-05 14:01:46,089 [INFO] IPUIPlugin:80 - create IPUIPlugin
2025-11-05 14:01:46,089 [INFO] PluginManager:220 - loadIPPluginJar : add gic
2025-11-05 14:01:46,099 [INFO] IPUIPlugin:80 - create IPUIPlugin
2025-11-05 14:01:46,099 [INFO] PluginManager:220 - loadIPPluginJar : add gpio
2025-11-05 14:01:46,107 [INFO] IPUIPlugin:80 - create IPUIPlugin
2025-11-05 14:01:46,107 [INFO] PluginManager:220 - loadIPPluginJar : add gtzc
2025-11-05 14:01:46,113 [INFO] IPUIPlugin:80 - create IPUIPlugin
2025-11-05 14:01:46,114 [INFO] PluginManager:220 - loadIPPluginJar : add hash
2025-11-05 14:01:46,120 [INFO] IPUIPlugin:80 - create IPUIPlugin
2025-11-05 14:01:46,120 [INFO] PluginManager:220 - loadIPPluginJar : add i2c
2025-11-05 14:01:46,127 [INFO] IPUIPlugin:80 - create IPUIPlugin
2025-11-05 14:01:46,127 [INFO] PluginManager:220 - loadIPPluginJar : add i2s
2025-11-05 14:01:46,133 [INFO] IPUIPlugin:80 - create IPUIPlugin
2025-11-05 14:01:46,133 [INFO] PluginManager:220 - loadIPPluginJar : add i3c
2025-11-05 14:01:46,140 [INFO] IPUIPlugin:80 - create IPUIPlugin
2025-11-05 14:01:46,141 [INFO] PluginManager:220 - loadIPPluginJar : add ipddr
2025-11-05 14:01:46,152 [INFO] IPUIPlugin:80 - create IPUIPlugin
2025-11-05 14:01:46,153 [INFO] PluginManager:220 - loadIPPluginJar : add linkedlist
2025-11-05 14:01:46,158 [INFO] IPUIPlugin:80 - create IPUIPlugin
2025-11-05 14:01:46,158 [INFO] PluginManager:220 - loadIPPluginJar : add lorawan
2025-11-05 14:01:46,163 [INFO] IPUIPlugin:80 - create IPUIPlugin
2025-11-05 14:01:46,164 [INFO] PluginManager:220 - loadIPPluginJar : add ltdc
2025-11-05 14:01:46,174 [INFO] IPUIPlugin:80 - create IPUIPlugin
2025-11-05 14:01:46,175 [INFO] PluginManager:220 - loadIPPluginJar : add mdma
2025-11-05 14:01:46,182 [INFO] IPUIPlugin:80 - create IPUIPlugin
2025-11-05 14:01:46,182 [INFO] PluginManager:220 - loadIPPluginJar : add nvic
2025-11-05 14:01:46,189 [INFO] IPUIPlugin:80 - create IPUIPlugin
2025-11-05 14:01:46,189 [INFO] PluginManager:220 - loadIPPluginJar : add opamp
2025-11-05 14:01:46,196 [INFO] IPUIPlugin:80 - create IPUIPlugin
2025-11-05 14:01:46,196 [INFO] PluginManager:220 - loadIPPluginJar : add openamp
2025-11-05 14:01:46,204 [INFO] IPUIPlugin:80 - create IPUIPlugin
2025-11-05 14:01:46,204 [INFO] PluginManager:220 - loadIPPluginJar : add pdm2pcm
2025-11-05 14:01:46,214 [INFO] IPUIPlugin:80 - create IPUIPlugin
2025-11-05 14:01:46,219 [INFO] PluginManager:220 - loadIPPluginJar : add plateformsettings
2025-11-05 14:01:46,221 [INFO] IPUIPlugin:80 - create IPUIPlugin
2025-11-05 14:01:46,221 [INFO] PluginManager:220 - loadIPPluginJar : add quadspi
2025-11-05 14:01:46,228 [INFO] IPUIPlugin:80 - create IPUIPlugin
2025-11-05 14:01:46,229 [INFO] PluginManager:220 - loadIPPluginJar : add radio
2025-11-05 14:01:46,238 [INFO] IPUIPlugin:80 - create IPUIPlugin
2025-11-05 14:01:46,238 [INFO] PluginManager:220 - loadIPPluginJar : add resmgrutility
2025-11-05 14:01:46,244 [INFO] IPUIPlugin:80 - create IPUIPlugin
2025-11-05 14:01:46,244 [INFO] PluginManager:220 - loadIPPluginJar : add sai
2025-11-05 14:01:46,250 [INFO] IPUIPlugin:80 - create IPUIPlugin
2025-11-05 14:01:46,250 [INFO] PluginManager:220 - loadIPPluginJar : add spi
2025-11-05 14:01:46,262 [INFO] IPUIPlugin:80 - create IPUIPlugin
2025-11-05 14:01:46,262 [INFO] PluginManager:220 - loadIPPluginJar : add stm32_wpan
2025-11-05 14:01:46,266 [INFO] IPUIPlugin:80 - create IPUIPlugin
2025-11-05 14:01:46,266 [INFO] PluginManager:220 - loadIPPluginJar : add tim
2025-11-05 14:01:46,274 [INFO] IPUIPlugin:80 - create IPUIPlugin
2025-11-05 14:01:46,274 [INFO] PluginManager:220 - loadIPPluginJar : add touchsensing
2025-11-05 14:01:46,278 [INFO] IPUIPlugin:80 - create IPUIPlugin
2025-11-05 14:01:46,278 [INFO] PluginManager:220 - loadIPPluginJar : add tracer_emb
2025-11-05 14:01:46,282 [INFO] IPUIPlugin:80 - create IPUIPlugin
2025-11-05 14:01:46,283 [INFO] PluginManager:220 - loadIPPluginJar : add ts
2025-11-05 14:01:46,288 [INFO] IPUIPlugin:80 - create IPUIPlugin
2025-11-05 14:01:46,288 [INFO] PluginManager:220 - loadIPPluginJar : add tsc
2025-11-05 14:01:46,292 [INFO] IPUIPlugin:80 - create IPUIPlugin
2025-11-05 14:01:46,293 [INFO] PluginManager:220 - loadIPPluginJar : add ucpd
2025-11-05 14:01:46,298 [INFO] IPUIPlugin:80 - create IPUIPlugin
2025-11-05 14:01:46,299 [INFO] PluginManager:220 - loadIPPluginJar : add usart
2025-11-05 14:01:46,306 [INFO] IPUIPlugin:80 - create IPUIPlugin
2025-11-05 14:01:46,306 [INFO] PluginManager:220 - loadIPPluginJar : add usbx
2025-11-05 14:01:46,544 [FATAL] Updater:351 - Updater called before beeing initialized
2025-11-05 14:01:46,619 [INFO] RulesReader:64 - Compatibility file has been processed (317 Rules)
2025-11-05 14:01:46,646 [INFO] RulesReader:64 - Compatibility file has been processed (317 Rules)
2025-11-05 14:01:46,666 [INFO] CADModel:165 - CPN selected for project level
2025-11-05 14:01:46,666 [INFO] CADModel:114 - Register for checkConnection events
2025-11-05 14:01:46,666 [FATAL] Updater:351 - Updater called before beeing initialized
2025-11-05 14:01:46,666 [ERROR] CADModel:125 - Updater not yet initialized, retry later 
2025-11-05 14:01:47,000 [FATAL] Updater:351 - Updater called before beeing initialized
2025-11-05 14:01:47,005 [INFO] CADModel:165 - CPN selected for project level
2025-11-05 14:01:47,005 [INFO] CADModel:114 - Register for checkConnection events
2025-11-05 14:01:47,005 [FATAL] Updater:351 - Updater called before beeing initialized
2025-11-05 14:01:47,005 [ERROR] CADModel:125 - Updater not yet initialized, retry later 
2025-11-05 14:01:47,009 [FATAL] Updater:351 - Updater called before beeing initialized
2025-11-05 14:01:47,236 [FATAL] Updater:351 - Updater called before beeing initialized
2025-11-05 14:01:47,245 [INFO] DbMcusAds:53 - JSON generation date=Thu Oct 02 12:36:05 MSK 2025 (1759397765645)
2025-11-05 14:01:47,245 [FATAL] Updater:351 - Updater called before beeing initialized
2025-11-05 14:01:47,329 [WARN] DetailPanel:346 - Failed to get advertising image, set to default
2025-11-05 14:01:47,499 [FATAL] Updater:351 - Updater called before beeing initialized
2025-11-05 14:01:47,502 [FATAL] Updater:351 - Updater called before beeing initialized
2025-11-05 14:01:47,502 [FATAL] Updater:351 - Updater called before beeing initialized
2025-11-05 14:01:47,502 [WARN] DetailPanel:346 - Failed to get advertising image, set to default
2025-11-05 14:01:47,504 [FATAL] Updater:351 - Updater called before beeing initialized
2025-11-05 14:01:47,609 [ERROR] Updater:1198 - MainUpdater not yet initialized. External WinMGr cannot be set.
2025-11-05 14:01:47,612 [INFO] Updater:1134 - Updater Version found : 6.15.0
2025-11-05 14:01:47,653 [INFO] ApplicationProperties:184 - Using Application install path: C:\ST\STM32CubeIDE_1.19.0\STM32CubeIDE\plugins\com.st.stm32cube.common.mx_6.15.0.202507011659
2025-11-05 14:01:47,764 [INFO] ThirdPartyUpdaterWithRetryManager:70 - Updater plugin not ready yet. [2/15]
2025-11-05 14:01:50,768 [FATAL] Updater:351 - Updater called before beeing initialized
2025-11-05 14:01:50,770 [ERROR] IntegrityCheckThread:130 - Cannot retrieve database content from updater: error 21
2025-11-05 14:01:50,772 [INFO] ThirdParty:978 - Integrity check success = false
2025-11-05 14:01:50,772 [INFO] IntegrityCheckThread:100 - exiting critical section [integrity check]
2025-11-05 14:01:50,772 [INFO] IntegrityCheckThread:103 - End integrity checks thread
2025-11-05 14:01:51,367 [INFO] MainUpdater:2872 - connection check result : 10
2025-11-05 14:01:51,367 [INFO] MainUpdater:3604 - Updater definition file requires update
2025-11-05 14:01:51,370 [INFO] MainUpdater:289 - Updater Check For Update Now.
2025-11-05 14:01:51,370 [INFO] MicroXplorer:498 - Change Database Version : DB.6.0.150
2025-11-05 14:01:51,382 [INFO] McuFinderGlobals:63 - Set McuFinder mode to 2 (CubeIDE integrated)
2025-11-05 14:01:51,383 [INFO] UserAuth:487 - Internet connection configuration mode: 1
2025-11-05 14:01:51,425 [INFO] JxBrowserEngine:152 - Initiate JxBrowser Engine with user profile folder
2025-11-05 14:01:53,632 [INFO] WebApp:169 - Instantiating new browser for Auth
2025-11-05 14:01:55,171 [INFO] WebApp:463 - Apply proxy settings
2025-11-05 14:01:55,171 [INFO] WebApp:548 - Chromium requires no authentication
2025-11-05 14:01:55,192 [INFO] WebApp:491 - Direct internet connection detected
2025-11-05 14:01:55,241 [INFO] WebApp:900 - Register for checkConnection events
2025-11-05 14:01:55,241 [INFO] WebApp:463 - Apply proxy settings
2025-11-05 14:01:55,241 [INFO] WebApp:548 - Chromium requires no authentication
2025-11-05 14:01:55,241 [INFO] WebApp:491 - Direct internet connection detected
2025-11-05 14:01:55,750 [INFO] WebApp:225 - Starting web application
2025-11-05 14:01:55,750 [INFO] WebApp:593 - Web application path used C:\ST\STM32CubeIDE_1.19.0\STM32CubeIDE\plugins\com.st.stm32cube.common.mx_6.15.0.202507011659\db\plugins\mcufinder\reactClient1\index.html
2025-11-05 14:01:55,936 [INFO] ServerAccessManage:452 - Complete download http(s) 200
2025-11-05 14:01:55,938 [INFO] ServerAccessManage:509 - Download File updaters.zip
2025-11-05 14:01:56,095 [INFO] UserAuth:487 - Internet connection configuration mode: 1
2025-11-05 14:02:00,004 [INFO] FileExtend:248 - Unzip File : updaters.zip
2025-11-05 14:02:00,006 [INFO] FileExtend:263 - Standard Zip Deflate
2025-11-05 14:02:00,116 [INFO] WebApp:191 - Connection restablished
2025-11-05 14:02:01,428 [INFO] ServerAccessManage:452 - Complete download http(s) 200
2025-11-05 14:02:01,428 [INFO] ServerAccessManage:509 - Download File PacksControlFlags.xml
2025-11-05 14:02:02,522 [INFO] ServerAccessManage:452 - Complete download http(s) 200
2025-11-05 14:02:02,522 [INFO] ServerAccessManage:509 - Download File cubemx.pidx
2025-11-05 14:02:05,253 [INFO] ServerAccessManage:452 - Complete download http(s) 200
2025-11-05 14:02:05,253 [INFO] ServerAccessManage:509 - Download File STMicroelectronics.FP-SNS-MOTENV1.pdsc
2025-11-05 14:02:14,442 [INFO] ServerAccessManage:452 - Complete download http(s) 200
2025-11-05 14:02:14,443 [INFO] ServerAccessManage:509 - Download File STMicroelectronics.X-CUBE-GNSS1.pdsc
2025-11-05 14:02:33,542 [ERROR] ServerAccessManage:1212 - Problem, file not found on Server
2025-11-05 14:02:34,371 [ERROR] ServerAccessManage:1212 - Problem, file not found on Server
2025-11-05 14:02:37,251 [ERROR] ServerAccessManage:1212 - Problem, file not found on Server
2025-11-05 14:02:38,018 [ERROR] ServerAccessManage:1212 - Problem, file not found on Server
2025-11-05 14:02:39,512 [ERROR] ServerAccessManage:1212 - Problem, file not found on Server
2025-11-05 14:02:41,913 [ERROR] ServerAccessManage:1212 - Problem, file not found on Server
2025-11-05 14:02:43,424 [WARN] PackLoader:240 - Cannot read IP mode file for STMicroelectronics.FP-SNS-MOTENV1.5.1.0
2025-11-05 14:02:43,452 [WARN] PackLoader:240 - Cannot read IP mode file for STMicroelectronics.X-CUBE-GNSS1.7.1.0
2025-11-05 14:02:43,460 [INFO] PopulateThirdPartyThread:66 - Ending populate Thread
2025-11-05 14:02:43,462 [INFO] ThirdParty:1030 - CMSIS Pack Vendor :STMicroelectronics X-CUBE-GNSS1 7.1.0
2025-11-05 14:02:43,462 [INFO] ThirdParty:1030 - CMSIS Pack Vendor :STMicroelectronics FP-SNS-MOTENV1 5.1.0
2025-11-05 14:02:43,463 [INFO] LoadServerUpdatesThread:375 - End of LoadServerUpdate Thread
2025-11-05 14:02:43,590 [INFO] CheckServerUpdateThread:120 - End of CheckServer Thread
2025-11-05 14:12:37,742 [INFO] WebApp:194 - Connection lost
