2025-10-05 00:03:38,194 [INFO] WebApp:194 - Connection lost
2025-10-05 00:03:38,716 [INFO] WebApp:191 - Connection restablished
2025-10-05 00:03:49,353 [INFO] WebApp:194 - Connection lost
2025-10-05 00:03:54,259 [INFO] WebApp:191 - Connection restablished
2025-10-05 00:51:17,968 [INFO] WebApp:194 - Connection lost
2025-10-05 00:51:57,398 [INFO] WebApp:191 - Connection restablished
2025-10-05 03:21:41,790 [INFO] MainUpdater:2872 - connection check result : 10
2025-10-05 03:21:41,790 [INFO] MainUpdater:2872 - connection check result : 10
2025-10-05 03:21:41,889 [INFO] MicroXplorer:468 - Change Database Path : 
2025-10-05 03:21:41,889 [INFO] MicroXplorer:498 - Change Database Version : DB.6.0.150
2025-10-05 03:21:41,934 [ERROR] ProjectManagerView:395 - 
java.lang.NullPointerException: Cannot invoke "javax.swing.JTextField.getText()" because the return value of "java.util.List.get(int)" is null
	at com.st.microxplorer.plugins.projectmanager.gui.ProjectChoiceTab$9.caretUpdate(ProjectChoiceTab.java:2706) ~[filemanager.jar:?]
	at javax.swing.text.JTextComponent.fireCaretUpdate(JTextComponent.java:408) ~[?:?]
	at javax.swing.text.JTextComponent$MutableCaretEvent.fire(JTextComponent.java:4484) ~[?:?]
	at javax.swing.text.JTextComponent$MutableCaretEvent.stateChanged(JTextComponent.java:4506) ~[?:?]
	at javax.swing.text.DefaultCaret.fireStateChanged(DefaultCaret.java:857) ~[?:?]
	at javax.swing.text.DefaultCaret.changeCaretPosition(DefaultCaret.java:1343) ~[?:?]
	at javax.swing.text.DefaultCaret.handleSetDot(DefaultCaret.java:1242) ~[?:?]
	at javax.swing.text.DefaultCaret.setDot(DefaultCaret.java:1223) ~[?:?]
	at javax.swing.text.DefaultCaret$Handler.insertUpdate(DefaultCaret.java:1819) ~[?:?]
	at javax.swing.text.AbstractDocument.fireInsertUpdate(AbstractDocument.java:227) ~[?:?]
	at javax.swing.text.AbstractDocument.handleInsertString(AbstractDocument.java:781) ~[?:?]
	at javax.swing.text.AbstractDocument.insertString(AbstractDocument.java:740) ~[?:?]
	at javax.swing.text.PlainDocument.insertString(PlainDocument.java:131) ~[?:?]
	at javax.swing.text.AbstractDocument.replace(AbstractDocument.java:699) ~[?:?]
	at javax.swing.text.JTextComponent.setText(JTextComponent.java:1725) ~[?:?]
	at com.st.microxplorer.plugins.projectmanager.gui.ProjectChoiceTab.createHeapStackFields(ProjectChoiceTab.java:993) ~[filemanager.jar:?]
	at com.st.microxplorer.plugins.projectmanager.gui.ProjectChoiceTab.buildLinkSettingsPanel(ProjectChoiceTab.java:3813) ~[filemanager.jar:?]
	at com.st.microxplorer.plugins.projectmanager.gui.ProjectChoiceTab.defineWindowsFields(ProjectChoiceTab.java:1987) ~[filemanager.jar:?]
	at com.st.microxplorer.plugins.projectmanager.gui.ProjectChoiceTab.updateSettings(ProjectChoiceTab.java:558) ~[filemanager.jar:?]
	at com.st.microxplorer.plugins.projectmanager.gui.ProjectSettingsPanel.UpdateDialog(ProjectSettingsPanel.java:247) ~[filemanager.jar:?]
	at com.st.microxplorer.plugins.projectmanager.ProjectManagerView.propertyChange(ProjectManagerView.java:392) ~[filemanager.jar:?]
	at java.beans.PropertyChangeSupport.fire(PropertyChangeSupport.java:343) ~[?:?]
	at java.beans.PropertyChangeSupport.firePropertyChange(PropertyChangeSupport.java:335) ~[?:?]
	at java.beans.PropertyChangeSupport.firePropertyChange(PropertyChangeSupport.java:268) ~[?:?]
	at com.st.microxplorer.util.MXPropertyChangeSupport.firePropertyChange(MXPropertyChangeSupport.java:54) ~[STM32CubeMX.jar:?]
	at com.st.microxplorer.mxsystem.MxSystem.closeConfig(MxSystem.java:899) ~[STM32CubeMX.jar:?]
	at com.st.microxplorer.maingui.MainPanel.closeConfig(MainPanel.java:792) ~[STM32CubeMX.jar:?]
	at com.st.microxplorer.plugins.filemanager.engine.OpenFileManager.loadConfigurationFile(OpenFileManager.java:288) ~[filemanager.jar:?]
	at com.st.microxplorer.plugins.filemanager.engine.MainFileManager.userLoadConfig(MainFileManager.java:364) ~[filemanager.jar:?]
	at com.st.microxplorer.plugins.filemanager.engine.MainFileManager.userLoadConfig(MainFileManager.java:342) ~[filemanager.jar:?]
	at com.st.microxplorer.plugins.filemanager.FileManagerView.getSpecificTask(FileManagerView.java:264) ~[filemanager.jar:?]
	at com.st.stm32cube.common.mx.editor.CubeMxEditor.getMxTabbedPaneInstance(CubeMxEditor.java:1198) ~[com.st.stm32cube.common.mx_6.15.0.202507011659/:?]
	at com.st.stm32cube.common.mx.editor.CubeMxEditor$12$1.createSwingComponent(CubeMxEditor.java:1068) ~[com.st.stm32cube.common.mx_6.15.0.202507011659/:?]
	at com.st.stm32cube.common.mx.oss.core.awtswtbridge.EmbeddedSwingComposite.doComponentCreation(EmbeddedSwingComposite.java:492) ~[com.st.stm32cube.common.mx.oss_6.15.0.202507011659/:?]
	at com.st.stm32cube.common.mx.oss.core.awtswtbridge.EmbeddedSwingComposite$4.run(EmbeddedSwingComposite.java:291) ~[com.st.stm32cube.common.mx.oss_6.15.0.202507011659/:?]
	at com.st.stm32cube.common.mx.oss.core.awtswtbridge.AwtEnvironment$2.run(AwtEnvironment.java:166) ~[com.st.stm32cube.common.mx.oss_6.15.0.202507011659/:?]
	at java.awt.event.InvocationEvent.dispatch(InvocationEvent.java:318) ~[?:?]
	at java.awt.EventQueue.dispatchEventImpl(EventQueue.java:773) ~[?:?]
	at java.awt.EventQueue$4.run(EventQueue.java:720) ~[?:?]
	at java.awt.EventQueue$4.run(EventQueue.java:714) ~[?:?]
	at java.security.AccessController.doPrivileged(AccessController.java:400) ~[?:?]
	at java.security.ProtectionDomain$JavaSecurityAccessImpl.doIntersectionPrivilege(ProtectionDomain.java:87) ~[?:?]
	at java.awt.EventQueue.dispatchEvent(EventQueue.java:742) ~[?:?]
	at java.awt.EventDispatchThread.pumpOneEventForFilters(EventDispatchThread.java:203) ~[?:?]
	at java.awt.EventDispatchThread.pumpEventsForFilter(EventDispatchThread.java:124) ~[?:?]
	at java.awt.EventDispatchThread.pumpEventsForHierarchy(EventDispatchThread.java:113) ~[?:?]
	at java.awt.EventDispatchThread.pumpEvents(EventDispatchThread.java:109) ~[?:?]
	at java.awt.EventDispatchThread.pumpEvents(EventDispatchThread.java:101) ~[?:?]
	at java.awt.EventDispatchThread.run(EventDispatchThread.java:90) ~[?:?]
2025-10-05 03:21:41,956 [WARN] ThirdParty:871 - waiting for thirdparty lock release [close project]
2025-10-05 03:21:41,956 [INFO] ThirdParty:873 - entering critical section [close project]
2025-10-05 03:21:41,956 [INFO] ThirdParty:883 - exiting critical section [close project]
2025-10-05 03:21:41,959 [INFO] PinOutPanel:1589 - setPackage(No Configuration,No Configuration)
2025-10-05 03:21:41,976 [WARN] IpParametersView:155 - Warning: This peripheral hasn't parameters
2025-10-05 03:21:41,990 [WARN] MainPanel:289 - <html><b><center>Warning: This peripheral has no parameters to be configured<br></b></html>
2025-10-05 03:21:42,004 [INFO] UtilMem:75 - Begin LoadConfig() Used Memory: 828334832 Bytes (916455424)
2025-10-05 03:21:42,004 [INFO] MicroXplorer:468 - Change Database Path : 
2025-10-05 03:21:42,004 [INFO] MicroXplorer:498 - Change Database Version : DB.6.0.150
2025-10-05 03:21:42,004 [INFO] OpenFileManager:355 - Change cursor
2025-10-05 03:21:42,039 [INFO] RulesReader:64 - Compatibility file has been processed (317 Rules)
2025-10-05 03:21:42,044 [INFO] Mcu:2029 - Initializing MCU STM32F411C(C-E)Ux STM32F411CEUx STM32F411CEU6
2025-10-05 03:21:43,044 [INFO] Context:786 - Trying to add GPIOservice into a context  which must be forbidden
2025-10-05 03:21:43,487 [INFO] ImportTextPane:234 - (OptionalMessage_ERROR) Pin6 (VP_RIF_VS_RIF1) cannot be retrieved for this MCU
2025-10-05 03:21:43,522 [INFO] RtosManager:558 - Registered RTOS mode: class=CMSIS, group=RTOS, mode=CMSIS_V1, owner=FREERTOS
2025-10-05 03:21:43,522 [INFO] RtosManager:558 - Registered RTOS mode: class=CMSIS, group=RTOS2, mode=CMSIS_V2, owner=FREERTOS
2025-10-05 03:21:43,522 [INFO] RtosManager:558 - Registered RTOS mode: class=RTOS, group=Core, mode=CMSIS_V1, owner=FREERTOS
2025-10-05 03:21:43,522 [INFO] RtosManager:558 - Registered RTOS mode: class=RTOS, group=Core, mode=CMSIS_V2, owner=FREERTOS
2025-10-05 03:21:43,522 [WARN] ModelIntegratedComponent:184 - Missing modes for component STMicroelectronics:FreeRTOS:0.0.1:STMicroelectronics:RTOS:FreeRTOS:Core:::10.2.0:
2025-10-05 03:21:43,535 [WARN] ModelIntegratedComponent:182 - Modes not found for component STMicroelectronics:USB_HOST:1.0.0:STMicroelectronics:USB::USB Host:Audio HS::1.0:USB_HOST_1_0_RESTRICTED_HS
2025-10-05 03:21:43,535 [WARN] ModelIntegratedComponent:188 - Modes not found for component STMicroelectronics:USB_HOST:1.0.0:STMicroelectronics:USB::USB Host:Audio HS::1.0:USB_HOST_1_0_RESTRICTED_HS
2025-10-05 03:21:43,535 [WARN] ModelIntegratedComponent:182 - Modes not found for component STMicroelectronics:USB_HOST:1.0.0:STMicroelectronics:USB::USB Host:CDC HS::1.0:USB_HOST_1_0_RESTRICTED_HS
2025-10-05 03:21:43,535 [WARN] ModelIntegratedComponent:188 - Modes not found for component STMicroelectronics:USB_HOST:1.0.0:STMicroelectronics:USB::USB Host:CDC HS::1.0:USB_HOST_1_0_RESTRICTED_HS
2025-10-05 03:21:43,535 [WARN] ModelIntegratedComponent:182 - Modes not found for component STMicroelectronics:USB_HOST:1.0.0:STMicroelectronics:USB::USB Host:MSC HS::1.0:USB_HOST_1_0_RESTRICTED_HS
2025-10-05 03:21:43,535 [WARN] ModelIntegratedComponent:188 - Modes not found for component STMicroelectronics:USB_HOST:1.0.0:STMicroelectronics:USB::USB Host:MSC HS::1.0:USB_HOST_1_0_RESTRICTED_HS
2025-10-05 03:21:43,535 [WARN] ModelIntegratedComponent:182 - Modes not found for component STMicroelectronics:USB_HOST:1.0.0:STMicroelectronics:USB::USB Host:HID HS::1.0:USB_HOST_1_0_RESTRICTED_HS
2025-10-05 03:21:43,535 [WARN] ModelIntegratedComponent:188 - Modes not found for component STMicroelectronics:USB_HOST:1.0.0:STMicroelectronics:USB::USB Host:HID HS::1.0:USB_HOST_1_0_RESTRICTED_HS
2025-10-05 03:21:43,535 [WARN] ModelIntegratedComponent:182 - Modes not found for component STMicroelectronics:USB_HOST:1.0.0:STMicroelectronics:USB::USB Host:MTP HS::1.0:USB_HOST_1_0_RESTRICTED_HS
2025-10-05 03:21:43,535 [WARN] ModelIntegratedComponent:188 - Modes not found for component STMicroelectronics:USB_HOST:1.0.0:STMicroelectronics:USB::USB Host:MTP HS::1.0:USB_HOST_1_0_RESTRICTED_HS
2025-10-05 03:21:43,539 [WARN] ModelIntegratedComponent:63 - No mode defined for component null
2025-10-05 03:21:43,539 [WARN] ModelIntegratedComponent:63 - No mode defined for component null
2025-10-05 03:21:43,539 [WARN] ModelIntegratedComponent:63 - No mode defined for component null
2025-10-05 03:21:43,539 [WARN] ModelIntegratedComponent:63 - No mode defined for component null
2025-10-05 03:21:43,539 [WARN] ModelIntegratedComponent:63 - No mode defined for component null
2025-10-05 03:21:43,539 [WARN] ModelIntegratedComponent:63 - No mode defined for component null
2025-10-05 03:21:43,539 [WARN] ModelIntegratedComponent:63 - No mode defined for component null
2025-10-05 03:21:43,539 [WARN] ModelIntegratedComponent:63 - No mode defined for component null
2025-10-05 03:21:43,539 [WARN] ModelIntegratedComponent:63 - No mode defined for component null
2025-10-05 03:21:43,539 [WARN] ModelIntegratedComponent:63 - No mode defined for component null
2025-10-05 03:21:43,539 [WARN] ModelIntegratedComponent:63 - No mode defined for component null
2025-10-05 03:21:43,539 [WARN] ModelIntegratedComponent:63 - No mode defined for component null
2025-10-05 03:21:43,539 [WARN] ModelIntegratedComponent:63 - No mode defined for component null
2025-10-05 03:21:43,539 [WARN] ModelIntegratedComponent:63 - No mode defined for component null
2025-10-05 03:21:43,539 [WARN] ModelIntegratedComponent:63 - No mode defined for component null
2025-10-05 03:21:43,539 [WARN] ModelIntegratedComponent:63 - No mode defined for component null
2025-10-05 03:21:43,539 [WARN] ModelIntegratedComponent:63 - No mode defined for component null
2025-10-05 03:21:43,539 [WARN] ModelIntegratedComponent:63 - No mode defined for component null
2025-10-05 03:21:43,539 [WARN] ModelIntegratedComponent:63 - No mode defined for component null
2025-10-05 03:21:43,539 [WARN] ModelIntegratedComponent:63 - No mode defined for component null
2025-10-05 03:21:43,539 [WARN] ModelIntegratedComponent:63 - No mode defined for component null
2025-10-05 03:21:43,539 [WARN] ModelIntegratedComponent:63 - No mode defined for component null
2025-10-05 03:21:43,539 [WARN] ModelIntegratedComponent:63 - No mode defined for component null
2025-10-05 03:21:43,539 [WARN] ModelIntegratedComponent:63 - No mode defined for component null
2025-10-05 03:21:43,539 [WARN] ModelIntegratedComponent:63 - No mode defined for component null
2025-10-05 03:21:43,539 [WARN] ModelIntegratedComponent:63 - No mode defined for component null
2025-10-05 03:21:43,539 [WARN] ModelIntegratedComponent:63 - No mode defined for component null
2025-10-05 03:21:43,539 [WARN] ModelIntegratedComponent:63 - No mode defined for component null
2025-10-05 03:21:43,539 [WARN] ModelIntegratedComponent:63 - No mode defined for component null
2025-10-05 03:21:43,539 [WARN] ModelIntegratedComponent:63 - No mode defined for component null
2025-10-05 03:21:43,539 [WARN] ModelIntegratedComponent:63 - No mode defined for component null
2025-10-05 03:21:43,539 [WARN] ModelIntegratedComponent:63 - No mode defined for component null
2025-10-05 03:21:43,539 [WARN] ModelIntegratedComponent:63 - No mode defined for component null
2025-10-05 03:21:43,539 [WARN] ModelIntegratedComponent:63 - No mode defined for component null
2025-10-05 03:21:43,539 [WARN] ModelIntegratedComponent:63 - No mode defined for component null
2025-10-05 03:21:43,539 [WARN] ModelPack:524 - Component already loaded: STMicroelectronics:HAL Drivers:0.0.0:STMicroelectronics:Device:STMicro_Driver:XSPI:HAL::0.0.1:HAL_XSPI
2025-10-05 03:21:43,764 [WARN] ModelIntegratedComponent:182 - Modes not found for component STMicroelectronics:USB_DEVICE:1.0.0:STMicroelectronics:USB::USB Device:Audio HS::1.0:USB_DEVICE_1_0_RESTRICTED_HS
2025-10-05 03:21:43,764 [WARN] ModelIntegratedComponent:188 - Modes not found for component STMicroelectronics:USB_DEVICE:1.0.0:STMicroelectronics:USB::USB Device:Audio HS::1.0:USB_DEVICE_1_0_RESTRICTED_HS
2025-10-05 03:21:43,764 [WARN] ModelIntegratedComponent:182 - Modes not found for component STMicroelectronics:USB_DEVICE:1.0.0:STMicroelectronics:USB::USB Device:CDC HS::1.0:USB_DEVICE_1_0_RESTRICTED_HS
2025-10-05 03:21:43,764 [WARN] ModelIntegratedComponent:188 - Modes not found for component STMicroelectronics:USB_DEVICE:1.0.0:STMicroelectronics:USB::USB Device:CDC HS::1.0:USB_DEVICE_1_0_RESTRICTED_HS
2025-10-05 03:21:43,764 [WARN] ModelIntegratedComponent:182 - Modes not found for component STMicroelectronics:USB_DEVICE:1.0.0:STMicroelectronics:USB::USB Device:DFU HS::1.0:USB_DEVICE_1_0_RESTRICTED_HS
2025-10-05 03:21:43,764 [WARN] ModelIntegratedComponent:188 - Modes not found for component STMicroelectronics:USB_DEVICE:1.0.0:STMicroelectronics:USB::USB Device:DFU HS::1.0:USB_DEVICE_1_0_RESTRICTED_HS
2025-10-05 03:21:43,764 [WARN] ModelIntegratedComponent:182 - Modes not found for component STMicroelectronics:USB_DEVICE:1.0.0:STMicroelectronics:USB::USB Device:HID HS::1.0:USB_DEVICE_1_0_RESTRICTED_HS
2025-10-05 03:21:43,764 [WARN] ModelIntegratedComponent:188 - Modes not found for component STMicroelectronics:USB_DEVICE:1.0.0:STMicroelectronics:USB::USB Device:HID HS::1.0:USB_DEVICE_1_0_RESTRICTED_HS
2025-10-05 03:21:43,764 [WARN] ModelIntegratedComponent:182 - Modes not found for component STMicroelectronics:USB_DEVICE:1.0.0:STMicroelectronics:USB::USB Device:Custom HID HS::1.0:USB_DEVICE_1_0_RESTRICTED_HS
2025-10-05 03:21:43,764 [WARN] ModelIntegratedComponent:188 - Modes not found for component STMicroelectronics:USB_DEVICE:1.0.0:STMicroelectronics:USB::USB Device:Custom HID HS::1.0:USB_DEVICE_1_0_RESTRICTED_HS
2025-10-05 03:21:43,764 [WARN] ModelIntegratedComponent:182 - Modes not found for component STMicroelectronics:USB_DEVICE:1.0.0:STMicroelectronics:USB::USB Device:MSC HS::1.0:USB_DEVICE_1_0_RESTRICTED_HS
2025-10-05 03:21:43,764 [WARN] ModelIntegratedComponent:188 - Modes not found for component STMicroelectronics:USB_DEVICE:1.0.0:STMicroelectronics:USB::USB Device:MSC HS::1.0:USB_DEVICE_1_0_RESTRICTED_HS
2025-10-05 03:21:43,775 [INFO] ThirdPartyModel:298 - Start build external matchings
2025-10-05 03:21:44,081 [INFO] ThirdPartyModel:316 - End build external matchings
2025-10-05 03:21:44,097 [INFO] ImportTextPane:234 - (OptionalMessage_ERROR) IP (RCC) : Parameter (PLLCLKFreq_Value) has invalid value (120000000)
2025-10-05 03:21:44,097 [INFO] ImportTextPane:234 - (OptionalMessage_ERROR) IP (RCC) : Parameter (RTCHSEDivFreq_Value) has invalid value (12500000)
2025-10-05 03:21:44,098 [WARN] IP:2250 - DEVICE_SERIAL0_HID_FS not found: check if there is a RefParameter without a condition.
2025-10-05 03:21:44,098 [WARN] IP:2250 - DEVICE_SERIAL1_HID_FS not found: check if there is a RefParameter without a condition.
2025-10-05 03:21:44,098 [WARN] IP:2250 - DEVICE_SERIAL2_HID_FS not found: check if there is a RefParameter without a condition.
2025-10-05 03:21:44,286 [INFO] UtilMem:75 - End LoadConfig() Used Memory: 629920864 Bytes (916455424)
2025-10-05 03:21:44,321 [WARN] ThirdParty:833 - waiting for thirdparty lock release [change project]
2025-10-05 03:21:44,322 [INFO] ThirdParty:835 - entering critical section [change project]
2025-10-05 03:21:44,322 [INFO] ThirdParty:1030 - CMSIS Pack Vendor :STMicroelectronics X-CUBE-PM33A1 1.0.0
2025-10-05 03:21:44,322 [INFO] ThirdParty:1030 - CMSIS Pack Vendor :STMicroelectronics USBPD 4.1
2025-10-05 03:21:44,322 [INFO] ThirdParty:1030 - CMSIS Pack Vendor :STMicroelectronics X-CUBE-NFC9 1.0.0
2025-10-05 03:21:44,322 [INFO] ThirdParty:1030 - CMSIS Pack Vendor :STMicroelectronics USB_HOST 2.0.0
2025-10-05 03:21:44,322 [INFO] ThirdParty:1030 - CMSIS Pack Vendor :STMicroelectronics FP-SNS-MOTENVWB1 1.4.0
2025-10-05 03:21:44,322 [INFO] ThirdParty:1030 - CMSIS Pack Vendor :STMicroelectronics X-CUBE-AZRTOS-F4 1.1.0
2025-10-05 03:21:44,322 [INFO] ThirdParty:1030 - CMSIS Pack Vendor :STMicroelectronics LIBJPEG 8.0.0
2025-10-05 03:21:44,322 [INFO] ThirdParty:1030 - CMSIS Pack Vendor :STMicroelectronics FP-ATR-ASTRA1 2.0.2
2025-10-05 03:21:44,322 [INFO] ThirdParty:1030 - CMSIS Pack Vendor :STMicroelectronics X-CUBE-BLE1 7.1.0
2025-10-05 03:21:44,322 [INFO] ThirdParty:1030 - CMSIS Pack Vendor :STMicroelectronics X-CUBE-SMBUS 2.1.0
2025-10-05 03:21:44,322 [INFO] ThirdParty:1030 - CMSIS Pack Vendor :STMicroelectronics USB_DEVICE 3.0.0
2025-10-05 03:21:44,322 [INFO] ThirdParty:1030 - CMSIS Pack Vendor :STMicroelectronics X-CUBE-ISPU 2.1.0
2025-10-05 03:21:44,322 [INFO] ThirdParty:1030 - CMSIS Pack Vendor :STMicroelectronics X-CUBE-AZRTOS-WB 2.0.0
2025-10-05 03:21:44,322 [INFO] ThirdParty:1030 - CMSIS Pack Vendor :STMicroelectronics X-CUBE-ST60 1.0.0
2025-10-05 03:21:44,322 [INFO] ThirdParty:1030 - CMSIS Pack Vendor :STMicroelectronics X-CUBE-GNSS1 7.0.1
2025-10-05 03:21:44,322 [INFO] ThirdParty:1030 - CMSIS Pack Vendor :STMicroelectronics X-CUBE-AZRTOS-F7 1.1.0
2025-10-05 03:21:44,322 [INFO] ThirdParty:1030 - CMSIS Pack Vendor :STMicroelectronics X-CUBE-AZRTOS-L5 2.0.0
2025-10-05 03:21:44,323 [INFO] ThirdParty:1030 - CMSIS Pack Vendor :STMicroelectronics X-CUBE-TOUCHGFX 4.25.0
2025-10-05 03:21:44,323 [INFO] ThirdParty:1030 - CMSIS Pack Vendor :STMicroelectronics USB_DEVICE 2.0.0
2025-10-05 03:21:44,323 [INFO] ThirdParty:1030 - CMSIS Pack Vendor :STMicroelectronics X-CUBE-NFC6 3.1.0
2025-10-05 03:21:44,323 [INFO] ThirdParty:1030 - CMSIS Pack Vendor :Cesanta I-CUBE-Mongoose 7.19.0
2025-10-05 03:21:44,323 [INFO] ThirdParty:1030 - CMSIS Pack Vendor :quantropi X-CUBE-qispace-sdk-base 2.1.0
2025-10-05 03:21:44,323 [INFO] ThirdParty:1030 - CMSIS Pack Vendor :STMicroelectronics FreeRTOS 0.0.1
2025-10-05 03:21:44,323 [INFO] ThirdParty:1030 - CMSIS Pack Vendor :STMicroelectronics X-CUBE-AZRTOS-G0 1.1.0
2025-10-05 03:21:44,323 [INFO] ThirdParty:1030 - CMSIS Pack Vendor :STMicroelectronics X-CUBE-SAFEA1 1.2.2
2025-10-05 03:21:44,323 [INFO] ThirdParty:1030 - CMSIS Pack Vendor :STMicroelectronics X-CUBE-NFC4 3.0.0
2025-10-05 03:21:44,323 [INFO] ThirdParty:1030 - CMSIS Pack Vendor :STMicroelectronics X-CUBE-SUBG2 5.0.0
2025-10-05 03:21:44,323 [INFO] ThirdParty:1030 - CMSIS Pack Vendor :STMicroelectronics X-CUBE-AZRTOS-H7RS 1.1.0
2025-10-05 03:21:44,323 [INFO] ThirdParty:1030 - CMSIS Pack Vendor :STMicroelectronics STM32_WPAN 1.0.0
2025-10-05 03:21:44,323 [INFO] ThirdParty:1030 - CMSIS Pack Vendor :EmbeddedOffice I-CUBE-FS-RTOS 1.0.1
2025-10-05 03:21:44,323 [INFO] ThirdParty:1030 - CMSIS Pack Vendor :STMicroelectronics lwIP 2.0.3
2025-10-05 03:21:44,323 [INFO] ThirdParty:1030 - CMSIS Pack Vendor :WES I-CUBE-Cesium 1.4.0
2025-10-05 03:21:44,323 [INFO] ThirdParty:1030 - CMSIS Pack Vendor :STMicroelectronics USB_HOST 1.0.0
2025-10-05 03:21:44,323 [INFO] ThirdParty:1030 - CMSIS Pack Vendor :Infineon AIROC-Wi-Fi-Bluetooth-STM32 1.7.1
2025-10-05 03:21:44,323 [INFO] ThirdParty:1030 - CMSIS Pack Vendor :STMicroelectronics X-CUBE-AZRTOS-G4 2.0.0
2025-10-05 03:21:44,323 [INFO] ThirdParty:1030 - CMSIS Pack Vendor :STMicroelectronics X-CUBE-WB05N 2.0.0
2025-10-05 03:21:44,323 [INFO] ThirdParty:1030 - CMSIS Pack Vendor :STMicroelectronics PDM2PCM 3.1.0
2025-10-05 03:21:44,323 [INFO] ThirdParty:1030 - CMSIS Pack Vendor :STMicroelectronics PDM2PCM 3.3.0
2025-10-05 03:21:44,323 [INFO] ThirdParty:1030 - CMSIS Pack Vendor :STMicroelectronics X-CUBE-DISPLAY 3.0.0
2025-10-05 03:21:44,323 [INFO] ThirdParty:1030 - CMSIS Pack Vendor :STMicroelectronics X-CUBE-NFC7 2.0.0
2025-10-05 03:21:44,323 [INFO] ThirdParty:1030 - CMSIS Pack Vendor :STMicroelectronics X-CUBE-TCPP 4.2.0
2025-10-05 03:21:44,323 [INFO] ThirdParty:1030 - CMSIS Pack Vendor :RealThread X-CUBE-RT-Thread_Nano 4.1.1
2025-10-05 03:21:44,323 [INFO] ThirdParty:1030 - CMSIS Pack Vendor :STMicroelectronics FP-ATR-SIGFOX1 3.2.0
2025-10-05 03:21:44,323 [INFO] ThirdParty:1030 - CMSIS Pack Vendor :STMicroelectronics X-CUBE-NFC10 1.0.0
2025-10-05 03:21:44,323 [INFO] ThirdParty:1030 - CMSIS Pack Vendor :STMicroelectronics X-CUBE-FREERTOS 1.3.1
2025-10-05 03:21:44,323 [INFO] ThirdParty:1030 - CMSIS Pack Vendor :STMicroelectronics HAL Drivers 0.0.0
2025-10-05 03:21:44,323 [INFO] ThirdParty:1030 - CMSIS Pack Vendor :STMicroelectronics MBEDTLS 2.16.2
2025-10-05 03:21:44,323 [INFO] ThirdParty:1030 - CMSIS Pack Vendor :STMicroelectronics X-CUBE-IPS 3.1.0
2025-10-05 03:21:44,323 [INFO] ThirdParty:1030 - CMSIS Pack Vendor :STMicroelectronics X-CUBE-ALS 1.0.2
2025-10-05 03:21:44,323 [INFO] ThirdParty:1030 - CMSIS Pack Vendor :emotas I-CUBE-CANOPEN 1.3.0
2025-10-05 03:21:44,323 [INFO] ThirdParty:1030 - CMSIS Pack Vendor :STMicroelectronics MBEDTLS 2.14.1
2025-10-05 03:21:44,323 [INFO] ThirdParty:1030 - CMSIS Pack Vendor :ITTIA_DB I-CUBE-ITTIADB 8.9.0
2025-10-05 03:21:44,323 [INFO] ThirdParty:1030 - CMSIS Pack Vendor :STMicroelectronics X-CUBE-TOUCHGFX 4.26.0
2025-10-05 03:21:44,325 [INFO] ThirdParty:1030 - CMSIS Pack Vendor :STMicroelectronics X-CUBE-ST67W61 1.0.0
2025-10-05 03:21:44,325 [INFO] ThirdParty:1030 - CMSIS Pack Vendor :STMicroelectronics ThreadX 1.0.0
2025-10-05 03:21:44,325 [INFO] ThirdParty:1030 - CMSIS Pack Vendor :STMicroelectronics FP-SNS-SMARTAG2 1.2.0
2025-10-05 03:21:44,325 [INFO] ThirdParty:1030 - CMSIS Pack Vendor :STMicroelectronics FP-SNS-FLIGHT1 5.1.0
2025-10-05 03:21:44,325 [INFO] ThirdParty:1030 - CMSIS Pack Vendor :STMicroelectronics X-CUBE-AZRTOS-WL 2.0.0
2025-10-05 03:21:44,325 [INFO] ThirdParty:1030 - CMSIS Pack Vendor :SEGGER I-CUBE-embOS 1.3.1
2025-10-05 03:21:44,325 [INFO] ThirdParty:1030 - CMSIS Pack Vendor :STMicroelectronics X-CUBE-ALGOBUILD 1.4.0
2025-10-05 03:21:44,325 [INFO] ThirdParty:1030 - CMSIS Pack Vendor :STMicroelectronics X-CUBE-DPower 1.3.0
2025-10-05 03:21:44,325 [INFO] ThirdParty:1030 - CMSIS Pack Vendor :STMicroelectronics X-CUBE-MEMS1 11.3.0
2025-10-05 03:21:44,325 [INFO] ThirdParty:1030 - CMSIS Pack Vendor :STMicroelectronics FP-SNS-MOTENV1 5.0.0
2025-10-05 03:21:44,325 [INFO] ThirdParty:1030 - CMSIS Pack Vendor :STMicroelectronics USB_DEVICE 1.0.0
2025-10-05 03:21:44,325 [INFO] ThirdParty:1030 - CMSIS Pack Vendor :STMicroelectronics X-CUBE-AZRTOS-L4 2.0.0
2025-10-05 03:21:44,325 [INFO] ThirdParty:1030 - CMSIS Pack Vendor :STMicroelectronics ThreadX 0.0.2
2025-10-05 03:21:44,325 [INFO] ThirdParty:1030 - CMSIS Pack Vendor :STMicroelectronics lwIP 2.1.2
2025-10-05 03:21:44,325 [INFO] ThirdParty:1030 - CMSIS Pack Vendor :STMicroelectronics X-CUBE-SFXS2LP1 4.0.0
2025-10-05 03:21:44,325 [INFO] ThirdParty:1030 - CMSIS Pack Vendor :STMicroelectronics X-CUBE-BLE2 3.3.0
2025-10-05 03:21:44,325 [INFO] ThirdParty:1030 - CMSIS Pack Vendor :STMicroelectronics X-CUBE-TOF1 3.4.3
2025-10-05 03:21:44,325 [INFO] ThirdParty:1030 - CMSIS Pack Vendor :STMicroelectronics PDM2PCM 3.2.0
2025-10-05 03:21:44,325 [INFO] ThirdParty:841 - exiting critical section [change project]
2025-10-05 03:21:44,544 [INFO] PinOutPanel:1589 - setPackage(No Configuration,No Configuration)
2025-10-05 03:21:44,546 [INFO] PinOutPanel:1589 - setPackage(STM32F411CEUx,UFQFPN48)
2025-10-05 03:21:44,745 [INFO] UtilMem:75 - Before build in PCC Used Memory: 767276960 Bytes (916455424)
2025-10-05 03:21:44,970 [INFO] UtilMem:75 - After build in PCC Used Memory: 811843488 Bytes (916455424)
2025-10-05 03:21:44,982 [INFO] ApiDbMcu:532 - Load IP Config File for USB_DEVICE
2025-10-05 03:21:45,000 [INFO] IPUIPlugin:80 - create IPUIPlugin
2025-10-05 03:21:45,000 [INFO] IPUIPlugin:80 - create IPUIPlugin
2025-10-05 03:21:45,000 [INFO] IPUIPlugin:80 - create IPUIPlugin
2025-10-05 03:21:45,000 [INFO] IPUIPlugin:80 - create IPUIPlugin
2025-10-05 03:21:45,000 [INFO] IPUIPlugin:80 - create IPUIPlugin
2025-10-05 03:21:45,000 [INFO] IPUIPlugin:80 - create IPUIPlugin
2025-10-05 03:21:45,001 [INFO] IPUIPlugin:80 - create IPUIPlugin
2025-10-05 03:21:45,001 [INFO] IPUIPlugin:80 - create IPUIPlugin
2025-10-05 03:21:45,001 [INFO] IPUIPlugin:80 - create IPUIPlugin
2025-10-05 03:21:45,001 [INFO] IPUIPlugin:80 - create IPUIPlugin
2025-10-05 03:21:45,001 [INFO] IPUIPlugin:80 - create IPUIPlugin
2025-10-05 03:21:45,001 [INFO] IPUIPlugin:80 - create IPUIPlugin
2025-10-05 03:21:45,001 [INFO] IPUIPlugin:80 - create IPUIPlugin
2025-10-05 03:21:45,001 [INFO] IPUIPlugin:80 - create IPUIPlugin
2025-10-05 03:21:45,002 [INFO] IPUIPlugin:80 - create IPUIPlugin
2025-10-05 03:21:45,002 [INFO] IPUIPlugin:80 - create IPUIPlugin
2025-10-05 03:21:45,002 [INFO] IPUIPlugin:80 - create IPUIPlugin
2025-10-05 03:21:45,002 [INFO] IPUIPlugin:80 - create IPUIPlugin
2025-10-05 03:21:45,002 [INFO] IPUIPlugin:80 - create IPUIPlugin
2025-10-05 03:21:45,002 [INFO] IPUIPlugin:80 - create IPUIPlugin
2025-10-05 03:21:45,003 [INFO] IPUIPlugin:80 - create IPUIPlugin
2025-10-05 03:21:45,003 [INFO] IPUIPlugin:80 - create IPUIPlugin
2025-10-05 03:21:45,003 [INFO] IPUIPlugin:80 - create IPUIPlugin
2025-10-05 03:21:45,003 [INFO] IPUIPlugin:80 - create IPUIPlugin
2025-10-05 03:21:45,003 [INFO] IPUIPlugin:80 - create IPUIPlugin
2025-10-05 03:21:45,003 [INFO] IPUIPlugin:80 - create IPUIPlugin
2025-10-05 03:21:45,003 [INFO] IPUIPlugin:80 - create IPUIPlugin
2025-10-05 03:21:45,004 [INFO] IPUIPlugin:80 - create IPUIPlugin
2025-10-05 03:21:45,004 [INFO] IPUIPlugin:80 - create IPUIPlugin
2025-10-05 03:21:45,020 [INFO] IPUIPlugin:80 - create IPUIPlugin
2025-10-05 03:21:45,020 [INFO] IPUIPlugin:80 - create IPUIPlugin
2025-10-05 03:21:45,021 [INFO] IPUIPlugin:80 - create IPUIPlugin
2025-10-05 03:21:45,021 [INFO] IPUIPlugin:80 - create IPUIPlugin
2025-10-05 03:21:45,021 [INFO] IPUIPlugin:80 - create IPUIPlugin
2025-10-05 03:21:45,021 [INFO] IPUIPlugin:80 - create IPUIPlugin
2025-10-05 03:21:45,021 [INFO] IPUIPlugin:80 - create IPUIPlugin
2025-10-05 03:21:45,021 [INFO] IPUIPlugin:80 - create IPUIPlugin
2025-10-05 03:21:45,022 [INFO] IPUIPlugin:80 - create IPUIPlugin
2025-10-05 03:21:45,022 [INFO] IPUIPlugin:80 - create IPUIPlugin
2025-10-05 03:21:45,022 [INFO] IPUIPlugin:80 - create IPUIPlugin
2025-10-05 03:21:45,022 [INFO] IPUIPlugin:80 - create IPUIPlugin
2025-10-05 03:21:45,022 [INFO] IPUIPlugin:80 - create IPUIPlugin
2025-10-05 03:21:45,022 [INFO] IPUIPlugin:80 - create IPUIPlugin
2025-10-05 03:21:45,027 [INFO] ApiDbMcu:532 - Load IP Config File for PDM2PCM
2025-10-05 03:21:45,077 [INFO] CADModel:165 - CPN selected for project levelSTM32F411CEU6
2025-10-05 03:21:45,077 [INFO] CADModel:114 - Register for checkConnection events
2025-10-05 03:21:45,137 [INFO] OpenFileManager:386 - Restore cursor
2025-10-05 03:21:45,143 [INFO] ApiDb:581 - Connected to CubeFinder SQLite database (C:\Users\eevgs\.stmcufinder\plugins\mcufinder\mcu\cube-finder-db.db)
2025-10-05 03:21:45,397 [WARN] IP:2250 - DEVICE_SERIAL0_HID_FS not found: check if there is a RefParameter without a condition.
2025-10-05 03:21:45,397 [WARN] IP:2250 - DEVICE_SERIAL1_HID_FS not found: check if there is a RefParameter without a condition.
2025-10-05 03:21:45,397 [WARN] IP:2250 - DEVICE_SERIAL2_HID_FS not found: check if there is a RefParameter without a condition.
2025-10-05 03:21:45,398 [WARN] IP:2250 - DEVICE_SERIAL0_HID_FS not found: check if there is a RefParameter without a condition.
2025-10-05 03:21:45,398 [WARN] IP:2250 - DEVICE_SERIAL1_HID_FS not found: check if there is a RefParameter without a condition.
2025-10-05 03:21:45,398 [WARN] IP:2250 - DEVICE_SERIAL2_HID_FS not found: check if there is a RefParameter without a condition.
2025-10-05 03:21:49,303 [WARN] IP:2250 - DEVICE_SERIAL0_HID_FS not found: check if there is a RefParameter without a condition.
2025-10-05 03:21:49,303 [WARN] IP:2250 - DEVICE_SERIAL1_HID_FS not found: check if there is a RefParameter without a condition.
2025-10-05 03:21:49,303 [WARN] IP:2250 - DEVICE_SERIAL2_HID_FS not found: check if there is a RefParameter without a condition.
2025-10-05 03:21:56,565 [WARN] IP:2250 - DEVICE_SERIAL0_HID_FS not found: check if there is a RefParameter without a condition.
2025-10-05 03:21:56,566 [WARN] IP:2250 - DEVICE_SERIAL1_HID_FS not found: check if there is a RefParameter without a condition.
2025-10-05 03:21:56,566 [WARN] IP:2250 - DEVICE_SERIAL2_HID_FS not found: check if there is a RefParameter without a condition.
2025-10-05 03:22:09,308 [WARN] IP:2250 - DEVICE_SERIAL0_HID_FS not found: check if there is a RefParameter without a condition.
2025-10-05 03:22:09,308 [WARN] IP:2250 - DEVICE_SERIAL1_HID_FS not found: check if there is a RefParameter without a condition.
2025-10-05 03:22:09,308 [WARN] IP:2250 - DEVICE_SERIAL2_HID_FS not found: check if there is a RefParameter without a condition.
2025-10-05 03:22:13,189 [WARN] IP:2250 - DEVICE_SERIAL0_HID_FS not found: check if there is a RefParameter without a condition.
2025-10-05 03:22:13,189 [WARN] IP:2250 - DEVICE_SERIAL1_HID_FS not found: check if there is a RefParameter without a condition.
2025-10-05 03:22:13,189 [WARN] IP:2250 - DEVICE_SERIAL2_HID_FS not found: check if there is a RefParameter without a condition.
2025-10-05 03:22:44,843 [WARN] IP:2250 - DEVICE_SERIAL0_HID_FS not found: check if there is a RefParameter without a condition.
2025-10-05 03:22:44,843 [WARN] IP:2250 - DEVICE_SERIAL1_HID_FS not found: check if there is a RefParameter without a condition.
2025-10-05 03:22:44,843 [WARN] IP:2250 - DEVICE_SERIAL2_HID_FS not found: check if there is a RefParameter without a condition.
2025-10-05 03:22:46,539 [WARN] IP:2250 - DEVICE_SERIAL0_HID_FS not found: check if there is a RefParameter without a condition.
2025-10-05 03:22:46,539 [WARN] IP:2250 - DEVICE_SERIAL1_HID_FS not found: check if there is a RefParameter without a condition.
2025-10-05 03:22:46,539 [WARN] IP:2250 - DEVICE_SERIAL2_HID_FS not found: check if there is a RefParameter without a condition.
2025-10-05 03:22:53,839 [INFO] NvicIntPanel:101 - NVIC parent = com.st.microxplorer.plugins.ip.nvic.MultiNvicIntPanel[,0,0,601x304,layout=javax.swing.BoxLayout,alignmentX=0.0,alignmentY=0.0,border=,flags=9,maximumSize=,minimumSize=,preferredSize=]
2025-10-05 03:23:08,327 [WARN] IP:2250 - DEVICE_SERIAL0_HID_FS not found: check if there is a RefParameter without a condition.
2025-10-05 03:23:08,327 [WARN] IP:2250 - DEVICE_SERIAL1_HID_FS not found: check if there is a RefParameter without a condition.
2025-10-05 03:23:08,327 [WARN] IP:2250 - DEVICE_SERIAL2_HID_FS not found: check if there is a RefParameter without a condition.
2025-10-05 03:25:33,277 [WARN] IP:2250 - DEVICE_SERIAL0_CUSTOM_HID_FS not found: check if there is a RefParameter without a condition.
2025-10-05 03:25:33,277 [WARN] IP:2250 - DEVICE_SERIAL1_CUSTOM_HID_FS not found: check if there is a RefParameter without a condition.
2025-10-05 03:25:33,277 [WARN] IP:2250 - DEVICE_SERIAL2_CUSTOM_HID_FS not found: check if there is a RefParameter without a condition.
2025-10-05 03:25:33,297 [WARN] IP:2250 - DEVICE_SERIAL0_CUSTOM_HID_FS not found: check if there is a RefParameter without a condition.
2025-10-05 03:25:33,297 [WARN] IP:2250 - DEVICE_SERIAL1_CUSTOM_HID_FS not found: check if there is a RefParameter without a condition.
2025-10-05 03:25:33,297 [WARN] IP:2250 - DEVICE_SERIAL2_CUSTOM_HID_FS not found: check if there is a RefParameter without a condition.
2025-10-05 03:25:33,297 [WARN] IP:2250 - DEVICE_SERIAL0_CUSTOM_HID_FS not found: check if there is a RefParameter without a condition.
2025-10-05 03:25:33,297 [WARN] IP:2250 - DEVICE_SERIAL1_CUSTOM_HID_FS not found: check if there is a RefParameter without a condition.
2025-10-05 03:25:33,297 [WARN] IP:2250 - DEVICE_SERIAL2_CUSTOM_HID_FS not found: check if there is a RefParameter without a condition.
2025-10-05 03:25:33,395 [WARN] IP:2250 - DEVICE_SERIAL0_CUSTOM_HID_FS not found: check if there is a RefParameter without a condition.
2025-10-05 03:25:33,395 [WARN] IP:2250 - DEVICE_SERIAL1_CUSTOM_HID_FS not found: check if there is a RefParameter without a condition.
2025-10-05 03:25:33,395 [WARN] IP:2250 - DEVICE_SERIAL2_CUSTOM_HID_FS not found: check if there is a RefParameter without a condition.
2025-10-05 03:25:33,395 [WARN] IP:2250 - DEVICE_SERIAL0_CUSTOM_HID_FS not found: check if there is a RefParameter without a condition.
2025-10-05 03:25:33,395 [WARN] IP:2250 - DEVICE_SERIAL1_CUSTOM_HID_FS not found: check if there is a RefParameter without a condition.
2025-10-05 03:25:33,395 [WARN] IP:2250 - DEVICE_SERIAL2_CUSTOM_HID_FS not found: check if there is a RefParameter without a condition.
2025-10-05 03:25:35,253 [WARN] IP:2250 - DEVICE_SERIAL0_CUSTOM_HID_FS not found: check if there is a RefParameter without a condition.
2025-10-05 03:25:35,253 [WARN] IP:2250 - DEVICE_SERIAL1_CUSTOM_HID_FS not found: check if there is a RefParameter without a condition.
2025-10-05 03:25:35,253 [WARN] IP:2250 - DEVICE_SERIAL2_CUSTOM_HID_FS not found: check if there is a RefParameter without a condition.
2025-10-05 03:25:39,891 [WARN] IP:2250 - DEVICE_SERIAL0_HID_FS not found: check if there is a RefParameter without a condition.
2025-10-05 03:25:39,891 [WARN] IP:2250 - DEVICE_SERIAL1_HID_FS not found: check if there is a RefParameter without a condition.
2025-10-05 03:25:39,891 [WARN] IP:2250 - DEVICE_SERIAL2_HID_FS not found: check if there is a RefParameter without a condition.
2025-10-05 03:25:39,907 [WARN] IP:2250 - DEVICE_SERIAL0_HID_FS not found: check if there is a RefParameter without a condition.
2025-10-05 03:25:39,907 [WARN] IP:2250 - DEVICE_SERIAL1_HID_FS not found: check if there is a RefParameter without a condition.
2025-10-05 03:25:39,907 [WARN] IP:2250 - DEVICE_SERIAL2_HID_FS not found: check if there is a RefParameter without a condition.
2025-10-05 03:25:39,907 [WARN] IP:2250 - DEVICE_SERIAL0_HID_FS not found: check if there is a RefParameter without a condition.
2025-10-05 03:25:39,907 [WARN] IP:2250 - DEVICE_SERIAL1_HID_FS not found: check if there is a RefParameter without a condition.
2025-10-05 03:25:39,907 [WARN] IP:2250 - DEVICE_SERIAL2_HID_FS not found: check if there is a RefParameter without a condition.
2025-10-05 03:25:39,983 [WARN] IP:2250 - DEVICE_SERIAL0_HID_FS not found: check if there is a RefParameter without a condition.
2025-10-05 03:25:39,983 [WARN] IP:2250 - DEVICE_SERIAL1_HID_FS not found: check if there is a RefParameter without a condition.
2025-10-05 03:25:39,983 [WARN] IP:2250 - DEVICE_SERIAL2_HID_FS not found: check if there is a RefParameter without a condition.
2025-10-05 03:25:39,983 [WARN] IP:2250 - DEVICE_SERIAL0_HID_FS not found: check if there is a RefParameter without a condition.
2025-10-05 03:25:39,983 [WARN] IP:2250 - DEVICE_SERIAL1_HID_FS not found: check if there is a RefParameter without a condition.
2025-10-05 03:25:39,983 [WARN] IP:2250 - DEVICE_SERIAL2_HID_FS not found: check if there is a RefParameter without a condition.
2025-10-05 03:25:42,664 [WARN] IP:2250 - DEVICE_SERIAL0_CUSTOM_HID_FS not found: check if there is a RefParameter without a condition.
2025-10-05 03:25:42,664 [WARN] IP:2250 - DEVICE_SERIAL1_CUSTOM_HID_FS not found: check if there is a RefParameter without a condition.
2025-10-05 03:25:42,665 [WARN] IP:2250 - DEVICE_SERIAL2_CUSTOM_HID_FS not found: check if there is a RefParameter without a condition.
2025-10-05 03:25:42,680 [WARN] IP:2250 - DEVICE_SERIAL0_CUSTOM_HID_FS not found: check if there is a RefParameter without a condition.
2025-10-05 03:25:42,680 [WARN] IP:2250 - DEVICE_SERIAL1_CUSTOM_HID_FS not found: check if there is a RefParameter without a condition.
2025-10-05 03:25:42,680 [WARN] IP:2250 - DEVICE_SERIAL2_CUSTOM_HID_FS not found: check if there is a RefParameter without a condition.
2025-10-05 03:25:42,681 [WARN] IP:2250 - DEVICE_SERIAL0_CUSTOM_HID_FS not found: check if there is a RefParameter without a condition.
2025-10-05 03:25:42,681 [WARN] IP:2250 - DEVICE_SERIAL1_CUSTOM_HID_FS not found: check if there is a RefParameter without a condition.
2025-10-05 03:25:42,681 [WARN] IP:2250 - DEVICE_SERIAL2_CUSTOM_HID_FS not found: check if there is a RefParameter without a condition.
2025-10-05 03:25:42,757 [WARN] IP:2250 - DEVICE_SERIAL0_CUSTOM_HID_FS not found: check if there is a RefParameter without a condition.
2025-10-05 03:25:42,757 [WARN] IP:2250 - DEVICE_SERIAL1_CUSTOM_HID_FS not found: check if there is a RefParameter without a condition.
2025-10-05 03:25:42,757 [WARN] IP:2250 - DEVICE_SERIAL2_CUSTOM_HID_FS not found: check if there is a RefParameter without a condition.
2025-10-05 03:25:42,758 [WARN] IP:2250 - DEVICE_SERIAL0_CUSTOM_HID_FS not found: check if there is a RefParameter without a condition.
2025-10-05 03:25:42,758 [WARN] IP:2250 - DEVICE_SERIAL1_CUSTOM_HID_FS not found: check if there is a RefParameter without a condition.
2025-10-05 03:25:42,758 [WARN] IP:2250 - DEVICE_SERIAL2_CUSTOM_HID_FS not found: check if there is a RefParameter without a condition.
2025-10-05 03:25:47,403 [WARN] IP:2250 - DEVICE_SERIAL0_HID_FS not found: check if there is a RefParameter without a condition.
2025-10-05 03:25:47,403 [WARN] IP:2250 - DEVICE_SERIAL1_HID_FS not found: check if there is a RefParameter without a condition.
2025-10-05 03:25:47,403 [WARN] IP:2250 - DEVICE_SERIAL2_HID_FS not found: check if there is a RefParameter without a condition.
2025-10-05 03:25:47,420 [WARN] IP:2250 - DEVICE_SERIAL0_HID_FS not found: check if there is a RefParameter without a condition.
2025-10-05 03:25:47,420 [WARN] IP:2250 - DEVICE_SERIAL1_HID_FS not found: check if there is a RefParameter without a condition.
2025-10-05 03:25:47,420 [WARN] IP:2250 - DEVICE_SERIAL2_HID_FS not found: check if there is a RefParameter without a condition.
2025-10-05 03:25:47,420 [WARN] IP:2250 - DEVICE_SERIAL0_HID_FS not found: check if there is a RefParameter without a condition.
2025-10-05 03:25:47,420 [WARN] IP:2250 - DEVICE_SERIAL1_HID_FS not found: check if there is a RefParameter without a condition.
2025-10-05 03:25:47,420 [WARN] IP:2250 - DEVICE_SERIAL2_HID_FS not found: check if there is a RefParameter without a condition.
2025-10-05 03:25:47,491 [WARN] IP:2250 - DEVICE_SERIAL0_HID_FS not found: check if there is a RefParameter without a condition.
2025-10-05 03:25:47,491 [WARN] IP:2250 - DEVICE_SERIAL1_HID_FS not found: check if there is a RefParameter without a condition.
2025-10-05 03:25:47,491 [WARN] IP:2250 - DEVICE_SERIAL2_HID_FS not found: check if there is a RefParameter without a condition.
2025-10-05 03:25:47,491 [WARN] IP:2250 - DEVICE_SERIAL0_HID_FS not found: check if there is a RefParameter without a condition.
2025-10-05 03:25:47,491 [WARN] IP:2250 - DEVICE_SERIAL1_HID_FS not found: check if there is a RefParameter without a condition.
2025-10-05 03:25:47,491 [WARN] IP:2250 - DEVICE_SERIAL2_HID_FS not found: check if there is a RefParameter without a condition.
2025-10-05 03:25:48,197 [WARN] IP:2250 - DEVICE_SERIAL0_HID_FS not found: check if there is a RefParameter without a condition.
2025-10-05 03:25:48,197 [WARN] IP:2250 - DEVICE_SERIAL1_HID_FS not found: check if there is a RefParameter without a condition.
2025-10-05 03:25:48,197 [WARN] IP:2250 - DEVICE_SERIAL2_HID_FS not found: check if there is a RefParameter without a condition.
2025-10-05 03:25:56,315 [WARN] IP:2250 - DEVICE_SERIAL0_HID_FS not found: check if there is a RefParameter without a condition.
2025-10-05 03:25:56,315 [WARN] IP:2250 - DEVICE_SERIAL1_HID_FS not found: check if there is a RefParameter without a condition.
2025-10-05 03:25:56,315 [WARN] IP:2250 - DEVICE_SERIAL2_HID_FS not found: check if there is a RefParameter without a condition.
2025-10-05 03:25:57,530 [WARN] IP:2250 - DEVICE_SERIAL0_HID_FS not found: check if there is a RefParameter without a condition.
2025-10-05 03:25:57,530 [WARN] IP:2250 - DEVICE_SERIAL1_HID_FS not found: check if there is a RefParameter without a condition.
2025-10-05 03:25:57,530 [WARN] IP:2250 - DEVICE_SERIAL2_HID_FS not found: check if there is a RefParameter without a condition.
2025-10-05 03:26:14,142 [WARN] IP:2250 - DEVICE_SERIAL0_HID_FS not found: check if there is a RefParameter without a condition.
2025-10-05 03:26:14,142 [WARN] IP:2250 - DEVICE_SERIAL1_HID_FS not found: check if there is a RefParameter without a condition.
2025-10-05 03:26:14,142 [WARN] IP:2250 - DEVICE_SERIAL2_HID_FS not found: check if there is a RefParameter without a condition.
2025-10-05 03:26:22,397 [WARN] IP:2250 - DEVICE_SERIAL0_HID_FS not found: check if there is a RefParameter without a condition.
2025-10-05 03:26:22,398 [WARN] IP:2250 - DEVICE_SERIAL1_HID_FS not found: check if there is a RefParameter without a condition.
2025-10-05 03:26:22,398 [WARN] IP:2250 - DEVICE_SERIAL2_HID_FS not found: check if there is a RefParameter without a condition.
2025-10-05 03:26:24,426 [WARN] IP:2250 - DEVICE_SERIAL0_HID_FS not found: check if there is a RefParameter without a condition.
2025-10-05 03:26:24,426 [WARN] IP:2250 - DEVICE_SERIAL1_HID_FS not found: check if there is a RefParameter without a condition.
2025-10-05 03:26:24,426 [WARN] IP:2250 - DEVICE_SERIAL2_HID_FS not found: check if there is a RefParameter without a condition.
2025-10-05 03:26:33,172 [WARN] IP:2250 - DEVICE_SERIAL0_HID_FS not found: check if there is a RefParameter without a condition.
2025-10-05 03:26:33,173 [WARN] IP:2250 - DEVICE_SERIAL1_HID_FS not found: check if there is a RefParameter without a condition.
2025-10-05 03:26:33,173 [WARN] IP:2250 - DEVICE_SERIAL2_HID_FS not found: check if there is a RefParameter without a condition.
2025-10-05 03:26:37,037 [WARN] IP:2250 - DEVICE_SERIAL0_HID_FS not found: check if there is a RefParameter without a condition.
2025-10-05 03:26:37,037 [WARN] IP:2250 - DEVICE_SERIAL1_HID_FS not found: check if there is a RefParameter without a condition.
2025-10-05 03:26:37,037 [WARN] IP:2250 - DEVICE_SERIAL2_HID_FS not found: check if there is a RefParameter without a condition.
2025-10-05 03:27:00,573 [WARN] IP:2250 - DEVICE_SERIAL0_CUSTOM_HID_FS not found: check if there is a RefParameter without a condition.
2025-10-05 03:27:00,573 [WARN] IP:2250 - DEVICE_SERIAL1_CUSTOM_HID_FS not found: check if there is a RefParameter without a condition.
2025-10-05 03:27:00,573 [WARN] IP:2250 - DEVICE_SERIAL2_CUSTOM_HID_FS not found: check if there is a RefParameter without a condition.
2025-10-05 03:27:00,594 [WARN] IP:2250 - DEVICE_SERIAL0_CUSTOM_HID_FS not found: check if there is a RefParameter without a condition.
2025-10-05 03:27:00,594 [WARN] IP:2250 - DEVICE_SERIAL1_CUSTOM_HID_FS not found: check if there is a RefParameter without a condition.
2025-10-05 03:27:00,594 [WARN] IP:2250 - DEVICE_SERIAL2_CUSTOM_HID_FS not found: check if there is a RefParameter without a condition.
2025-10-05 03:27:00,594 [WARN] IP:2250 - DEVICE_SERIAL0_CUSTOM_HID_FS not found: check if there is a RefParameter without a condition.
2025-10-05 03:27:00,594 [WARN] IP:2250 - DEVICE_SERIAL1_CUSTOM_HID_FS not found: check if there is a RefParameter without a condition.
2025-10-05 03:27:00,594 [WARN] IP:2250 - DEVICE_SERIAL2_CUSTOM_HID_FS not found: check if there is a RefParameter without a condition.
2025-10-05 03:27:00,675 [WARN] IP:2250 - DEVICE_SERIAL0_CUSTOM_HID_FS not found: check if there is a RefParameter without a condition.
2025-10-05 03:27:00,675 [WARN] IP:2250 - DEVICE_SERIAL1_CUSTOM_HID_FS not found: check if there is a RefParameter without a condition.
2025-10-05 03:27:00,675 [WARN] IP:2250 - DEVICE_SERIAL2_CUSTOM_HID_FS not found: check if there is a RefParameter without a condition.
2025-10-05 03:27:00,676 [WARN] IP:2250 - DEVICE_SERIAL0_CUSTOM_HID_FS not found: check if there is a RefParameter without a condition.
2025-10-05 03:27:00,676 [WARN] IP:2250 - DEVICE_SERIAL1_CUSTOM_HID_FS not found: check if there is a RefParameter without a condition.
2025-10-05 03:27:00,676 [WARN] IP:2250 - DEVICE_SERIAL2_CUSTOM_HID_FS not found: check if there is a RefParameter without a condition.
2025-10-05 03:27:11,908 [WARN] IP:2250 - DEVICE_SERIAL0_CUSTOM_HID_FS not found: check if there is a RefParameter without a condition.
2025-10-05 03:27:11,908 [WARN] IP:2250 - DEVICE_SERIAL1_CUSTOM_HID_FS not found: check if there is a RefParameter without a condition.
2025-10-05 03:27:11,908 [WARN] IP:2250 - DEVICE_SERIAL2_CUSTOM_HID_FS not found: check if there is a RefParameter without a condition.
2025-10-05 03:27:26,801 [WARN] IP:2250 - DEVICE_SERIAL0_HID_FS not found: check if there is a RefParameter without a condition.
2025-10-05 03:27:26,801 [WARN] IP:2250 - DEVICE_SERIAL1_HID_FS not found: check if there is a RefParameter without a condition.
2025-10-05 03:27:26,801 [WARN] IP:2250 - DEVICE_SERIAL2_HID_FS not found: check if there is a RefParameter without a condition.
2025-10-05 03:27:26,818 [WARN] IP:2250 - DEVICE_SERIAL0_HID_FS not found: check if there is a RefParameter without a condition.
2025-10-05 03:27:26,818 [WARN] IP:2250 - DEVICE_SERIAL1_HID_FS not found: check if there is a RefParameter without a condition.
2025-10-05 03:27:26,818 [WARN] IP:2250 - DEVICE_SERIAL2_HID_FS not found: check if there is a RefParameter without a condition.
2025-10-05 03:27:26,818 [WARN] IP:2250 - DEVICE_SERIAL0_HID_FS not found: check if there is a RefParameter without a condition.
2025-10-05 03:27:26,818 [WARN] IP:2250 - DEVICE_SERIAL1_HID_FS not found: check if there is a RefParameter without a condition.
2025-10-05 03:27:26,818 [WARN] IP:2250 - DEVICE_SERIAL2_HID_FS not found: check if there is a RefParameter without a condition.
2025-10-05 03:27:26,887 [WARN] IP:2250 - DEVICE_SERIAL0_HID_FS not found: check if there is a RefParameter without a condition.
2025-10-05 03:27:26,887 [WARN] IP:2250 - DEVICE_SERIAL1_HID_FS not found: check if there is a RefParameter without a condition.
2025-10-05 03:27:26,887 [WARN] IP:2250 - DEVICE_SERIAL2_HID_FS not found: check if there is a RefParameter without a condition.
2025-10-05 03:27:26,888 [WARN] IP:2250 - DEVICE_SERIAL0_HID_FS not found: check if there is a RefParameter without a condition.
2025-10-05 03:27:26,888 [WARN] IP:2250 - DEVICE_SERIAL1_HID_FS not found: check if there is a RefParameter without a condition.
2025-10-05 03:27:26,888 [WARN] IP:2250 - DEVICE_SERIAL2_HID_FS not found: check if there is a RefParameter without a condition.
2025-10-05 03:27:28,080 [WARN] IP:2250 - DEVICE_SERIAL0_HID_FS not found: check if there is a RefParameter without a condition.
2025-10-05 03:27:28,085 [WARN] IP:2250 - DEVICE_SERIAL1_HID_FS not found: check if there is a RefParameter without a condition.
2025-10-05 03:27:28,085 [WARN] IP:2250 - DEVICE_SERIAL2_HID_FS not found: check if there is a RefParameter without a condition.
2025-10-05 03:27:39,743 [WARN] IP:2250 - DEVICE_SERIAL0_HID_FS not found: check if there is a RefParameter without a condition.
2025-10-05 03:27:39,743 [WARN] IP:2250 - DEVICE_SERIAL1_HID_FS not found: check if there is a RefParameter without a condition.
2025-10-05 03:27:39,743 [WARN] IP:2250 - DEVICE_SERIAL2_HID_FS not found: check if there is a RefParameter without a condition.
2025-10-05 14:32:58,960 [INFO] WebApp:194 - Connection lost
2025-10-05 14:34:22,849 [INFO] WebApp:191 - Connection restablished
2025-10-05 15:37:03,193 [INFO] WebApp:194 - Connection lost
2025-10-05 15:37:03,506 [INFO] WebApp:191 - Connection restablished
2025-10-05 15:37:09,628 [INFO] WebApp:194 - Connection lost
2025-10-05 15:37:18,236 [INFO] WebApp:191 - Connection restablished
2025-10-05 17:56:10,564 [INFO] WebApp:194 - Connection lost
2025-10-05 18:00:40,437 [INFO] WebApp:191 - Connection restablished
