2025-09-29 00:40:06,460 [INFO] MainUpdater:2872 - connection check result : 10
2025-09-29 00:40:06,631 [INFO] McuFinderGlobals:76 - Set McuFinderConnectedMode to true
2025-09-29 00:40:06,635 [INFO] MultiScanPanel:200 - Auto-refresh data requested => check proxy status ongoing
2025-09-29 00:40:06,637 [INFO] FinderPluginLoader:96 - Searching for filters in installed packs
2025-09-29 00:40:07,985 [INFO] LoadUrlFilesThread:185 - End of LoadServerUrlFiles without Thread
2025-09-29 00:40:07,987 [INFO] DetailPanel:341 - Set advertising image to C:/Users/eevgs/STM32Cube/Repository/\en.2400x1350px.jpeg
2025-09-29 00:40:20,810 [INFO] McuResultTable:1403 - Mark MCU STM32F411CEU6 as favorite
2025-09-29 00:41:45,224 [INFO] MainUpdater:2872 - connection check result : 10
2025-09-29 00:41:45,224 [INFO] MainUpdater:2872 - connection check result : 10
2025-09-29 00:41:45,298 [INFO] MicroXplorer:468 - Change Database Path : 
2025-09-29 00:41:45,298 [INFO] MicroXplorer:498 - Change Database Version : DB.6.0.150
2025-09-29 00:41:45,326 [ERROR] ProjectManagerView:395 - 
java.lang.NullPointerException: Cannot invoke "javax.swing.JTextField.getText()" because the return value of "java.util.List.get(int)" is null
	at com.st.microxplorer.plugins.projectmanager.gui.ProjectChoiceTab$9.caretUpdate(ProjectChoiceTab.java:2706) ~[filemanager.jar:?]
	at javax.swing.text.JTextComponent.fireCaretUpdate(JTextComponent.java:408) ~[?:?]
	at javax.swing.text.JTextComponent$MutableCaretEvent.fire(JTextComponent.java:4484) ~[?:?]
	at javax.swing.text.JTextComponent$MutableCaretEvent.stateChanged(JTextComponent.java:4506) ~[?:?]
	at javax.swing.text.DefaultCaret.fireStateChanged(DefaultCaret.java:857) ~[?:?]
	at javax.swing.text.DefaultCaret.changeCaretPosition(DefaultCaret.java:1343) ~[?:?]
	at javax.swing.text.DefaultCaret.handleSetDot(DefaultCaret.java:1242) ~[?:?]
	at javax.swing.text.DefaultCaret.setDot(DefaultCaret.java:1223) ~[?:?]
	at javax.swing.text.DefaultCaret$Handler.insertUpdate(DefaultCaret.java:1819) ~[?:?]
	at javax.swing.text.AbstractDocument.fireInsertUpdate(AbstractDocument.java:227) ~[?:?]
	at javax.swing.text.AbstractDocument.handleInsertString(AbstractDocument.java:781) ~[?:?]
	at javax.swing.text.AbstractDocument.insertString(AbstractDocument.java:740) ~[?:?]
	at javax.swing.text.PlainDocument.insertString(PlainDocument.java:131) ~[?:?]
	at javax.swing.text.AbstractDocument.replace(AbstractDocument.java:699) ~[?:?]
	at javax.swing.text.JTextComponent.setText(JTextComponent.java:1725) ~[?:?]
	at com.st.microxplorer.plugins.projectmanager.gui.ProjectChoiceTab.createHeapStackFields(ProjectChoiceTab.java:993) ~[filemanager.jar:?]
	at com.st.microxplorer.plugins.projectmanager.gui.ProjectChoiceTab.buildLinkSettingsPanel(ProjectChoiceTab.java:3813) ~[filemanager.jar:?]
	at com.st.microxplorer.plugins.projectmanager.gui.ProjectChoiceTab.defineWindowsFields(ProjectChoiceTab.java:1987) ~[filemanager.jar:?]
	at com.st.microxplorer.plugins.projectmanager.gui.ProjectChoiceTab.updateSettings(ProjectChoiceTab.java:558) ~[filemanager.jar:?]
	at com.st.microxplorer.plugins.projectmanager.gui.ProjectSettingsPanel.UpdateDialog(ProjectSettingsPanel.java:247) ~[filemanager.jar:?]
	at com.st.microxplorer.plugins.projectmanager.ProjectManagerView.propertyChange(ProjectManagerView.java:392) ~[filemanager.jar:?]
	at java.beans.PropertyChangeSupport.fire(PropertyChangeSupport.java:343) ~[?:?]
	at java.beans.PropertyChangeSupport.firePropertyChange(PropertyChangeSupport.java:335) ~[?:?]
	at java.beans.PropertyChangeSupport.firePropertyChange(PropertyChangeSupport.java:268) ~[?:?]
	at com.st.microxplorer.util.MXPropertyChangeSupport.firePropertyChange(MXPropertyChangeSupport.java:54) ~[STM32CubeMX.jar:?]
	at com.st.microxplorer.mxsystem.MxSystem.closeConfig(MxSystem.java:899) ~[STM32CubeMX.jar:?]
	at com.st.microxplorer.maingui.MainPanel.closeConfig(MainPanel.java:792) ~[STM32CubeMX.jar:?]
	at com.st.microxplorer.plugins.filemanager.engine.OpenFileManager.loadConfigurationFile(OpenFileManager.java:288) ~[filemanager.jar:?]
	at com.st.microxplorer.plugins.filemanager.engine.MainFileManager.userLoadConfig(MainFileManager.java:364) ~[filemanager.jar:?]
	at com.st.microxplorer.plugins.filemanager.engine.MainFileManager.userLoadConfig(MainFileManager.java:342) ~[filemanager.jar:?]
	at com.st.microxplorer.plugins.filemanager.FileManagerView.getSpecificTask(FileManagerView.java:264) ~[filemanager.jar:?]
	at com.st.stm32cube.common.mx.editor.CubeMxEditor.getMxTabbedPaneInstance(CubeMxEditor.java:1198) ~[com.st.stm32cube.common.mx_6.15.0.202507011659/:?]
	at com.st.stm32cube.common.mx.editor.CubeMxEditor$12$1.createSwingComponent(CubeMxEditor.java:1068) ~[com.st.stm32cube.common.mx_6.15.0.202507011659/:?]
	at com.st.stm32cube.common.mx.oss.core.awtswtbridge.EmbeddedSwingComposite.doComponentCreation(EmbeddedSwingComposite.java:492) ~[com.st.stm32cube.common.mx.oss_6.15.0.202507011659/:?]
	at com.st.stm32cube.common.mx.oss.core.awtswtbridge.EmbeddedSwingComposite$4.run(EmbeddedSwingComposite.java:291) ~[com.st.stm32cube.common.mx.oss_6.15.0.202507011659/:?]
	at com.st.stm32cube.common.mx.oss.core.awtswtbridge.AwtEnvironment$2.run(AwtEnvironment.java:166) ~[com.st.stm32cube.common.mx.oss_6.15.0.202507011659/:?]
	at java.awt.event.InvocationEvent.dispatch(InvocationEvent.java:318) ~[?:?]
	at java.awt.EventQueue.dispatchEventImpl(EventQueue.java:773) ~[?:?]
	at java.awt.EventQueue$4.run(EventQueue.java:720) ~[?:?]
	at java.awt.EventQueue$4.run(EventQueue.java:714) ~[?:?]
	at java.security.AccessController.doPrivileged(AccessController.java:400) ~[?:?]
	at java.security.ProtectionDomain$JavaSecurityAccessImpl.doIntersectionPrivilege(ProtectionDomain.java:87) ~[?:?]
	at java.awt.EventQueue.dispatchEvent(EventQueue.java:742) ~[?:?]
	at java.awt.EventDispatchThread.pumpOneEventForFilters(EventDispatchThread.java:203) ~[?:?]
	at java.awt.EventDispatchThread.pumpEventsForFilter(EventDispatchThread.java:124) ~[?:?]
	at java.awt.EventDispatchThread.pumpEventsForHierarchy(EventDispatchThread.java:113) ~[?:?]
	at java.awt.EventDispatchThread.pumpEvents(EventDispatchThread.java:109) ~[?:?]
	at java.awt.EventDispatchThread.pumpEvents(EventDispatchThread.java:101) ~[?:?]
	at java.awt.EventDispatchThread.run(EventDispatchThread.java:90) ~[?:?]
2025-09-29 00:41:45,328 [WARN] ThirdParty:871 - waiting for thirdparty lock release [close project]
2025-09-29 00:41:45,328 [INFO] ThirdParty:873 - entering critical section [close project]
2025-09-29 00:41:45,330 [INFO] ThirdParty:883 - exiting critical section [close project]
2025-09-29 00:41:45,331 [INFO] PinOutPanel:1589 - setPackage(No Configuration,No Configuration)
2025-09-29 00:41:45,338 [WARN] IpParametersView:155 - Warning: This peripheral hasn't parameters
2025-09-29 00:41:45,344 [WARN] MainPanel:289 - <html><b><center>Warning: This peripheral has no parameters to be configured<br></b></html>
2025-09-29 00:41:45,347 [INFO] UtilMem:75 - Begin LoadConfig() Used Memory: 552658088 Bytes (775946240)
2025-09-29 00:41:45,349 [INFO] MicroXplorer:468 - Change Database Path : 
2025-09-29 00:41:45,349 [INFO] MicroXplorer:498 - Change Database Version : DB.6.0.150
2025-09-29 00:41:45,349 [INFO] OpenFileManager:355 - Change cursor
2025-09-29 00:41:45,370 [INFO] Mcu:2029 - Initializing MCU STM32F411CEUx STM32F411CEUx STM32F411CEU6
2025-09-29 00:41:46,289 [INFO] Context:786 - Trying to add GPIOservice into a context  which must be forbidden
2025-09-29 00:41:46,592 [INFO] ImportTextPane:234 - (OptionalMessage_ERROR) Unable to find key (Mcu.ThirdPartyNb) in loaded IOC file
2025-09-29 00:41:46,592 [INFO] ImportTextPane:234 - (OptionalMessage_ERROR) Unable to find key (Mcu.PinsNb) in loaded IOC file
2025-09-29 00:41:46,593 [INFO] ImportTextPane:234 - (OptionalMessage_ERROR) Pin0 (VP_RIF_VS_RIF1) cannot be retrieved for this MCU
2025-09-29 00:41:46,593 [INFO] ImportTextPane:234 - (OptionalMessage_ERROR) Unable to find key (Mcu.IPNb) in loaded IOC file
2025-09-29 00:41:46,618 [INFO] RtosManager:558 - Registered RTOS mode: class=CMSIS, group=RTOS, mode=CMSIS_V1, owner=FREERTOS
2025-09-29 00:41:46,618 [INFO] RtosManager:558 - Registered RTOS mode: class=CMSIS, group=RTOS2, mode=CMSIS_V2, owner=FREERTOS
2025-09-29 00:41:46,618 [INFO] RtosManager:558 - Registered RTOS mode: class=RTOS, group=Core, mode=CMSIS_V1, owner=FREERTOS
2025-09-29 00:41:46,618 [INFO] RtosManager:558 - Registered RTOS mode: class=RTOS, group=Core, mode=CMSIS_V2, owner=FREERTOS
2025-09-29 00:41:46,618 [WARN] ModelIntegratedComponent:184 - Missing modes for component STMicroelectronics:FreeRTOS:0.0.1:STMicroelectronics:RTOS:FreeRTOS:Core:::10.2.0:
2025-09-29 00:41:46,627 [WARN] ModelIntegratedComponent:182 - Modes not found for component STMicroelectronics:USB_HOST:1.0.0:STMicroelectronics:USB::USB Host:Audio HS::1.0:USB_HOST_1_0_RESTRICTED_HS
2025-09-29 00:41:46,627 [WARN] ModelIntegratedComponent:188 - Modes not found for component STMicroelectronics:USB_HOST:1.0.0:STMicroelectronics:USB::USB Host:Audio HS::1.0:USB_HOST_1_0_RESTRICTED_HS
2025-09-29 00:41:46,627 [WARN] ModelIntegratedComponent:182 - Modes not found for component STMicroelectronics:USB_HOST:1.0.0:STMicroelectronics:USB::USB Host:CDC HS::1.0:USB_HOST_1_0_RESTRICTED_HS
2025-09-29 00:41:46,627 [WARN] ModelIntegratedComponent:188 - Modes not found for component STMicroelectronics:USB_HOST:1.0.0:STMicroelectronics:USB::USB Host:CDC HS::1.0:USB_HOST_1_0_RESTRICTED_HS
2025-09-29 00:41:46,627 [WARN] ModelIntegratedComponent:182 - Modes not found for component STMicroelectronics:USB_HOST:1.0.0:STMicroelectronics:USB::USB Host:MSC HS::1.0:USB_HOST_1_0_RESTRICTED_HS
2025-09-29 00:41:46,627 [WARN] ModelIntegratedComponent:188 - Modes not found for component STMicroelectronics:USB_HOST:1.0.0:STMicroelectronics:USB::USB Host:MSC HS::1.0:USB_HOST_1_0_RESTRICTED_HS
2025-09-29 00:41:46,627 [WARN] ModelIntegratedComponent:182 - Modes not found for component STMicroelectronics:USB_HOST:1.0.0:STMicroelectronics:USB::USB Host:HID HS::1.0:USB_HOST_1_0_RESTRICTED_HS
2025-09-29 00:41:46,627 [WARN] ModelIntegratedComponent:188 - Modes not found for component STMicroelectronics:USB_HOST:1.0.0:STMicroelectronics:USB::USB Host:HID HS::1.0:USB_HOST_1_0_RESTRICTED_HS
2025-09-29 00:41:46,627 [WARN] ModelIntegratedComponent:182 - Modes not found for component STMicroelectronics:USB_HOST:1.0.0:STMicroelectronics:USB::USB Host:MTP HS::1.0:USB_HOST_1_0_RESTRICTED_HS
2025-09-29 00:41:46,627 [WARN] ModelIntegratedComponent:188 - Modes not found for component STMicroelectronics:USB_HOST:1.0.0:STMicroelectronics:USB::USB Host:MTP HS::1.0:USB_HOST_1_0_RESTRICTED_HS
2025-09-29 00:41:46,635 [WARN] ModelIntegratedComponent:63 - No mode defined for component null
2025-09-29 00:41:46,635 [WARN] ModelIntegratedComponent:63 - No mode defined for component null
2025-09-29 00:41:46,635 [WARN] ModelIntegratedComponent:63 - No mode defined for component null
2025-09-29 00:41:46,635 [WARN] ModelIntegratedComponent:63 - No mode defined for component null
2025-09-29 00:41:46,635 [WARN] ModelIntegratedComponent:63 - No mode defined for component null
2025-09-29 00:41:46,635 [WARN] ModelIntegratedComponent:63 - No mode defined for component null
2025-09-29 00:41:46,635 [WARN] ModelIntegratedComponent:63 - No mode defined for component null
2025-09-29 00:41:46,635 [WARN] ModelIntegratedComponent:63 - No mode defined for component null
2025-09-29 00:41:46,635 [WARN] ModelIntegratedComponent:63 - No mode defined for component null
2025-09-29 00:41:46,635 [WARN] ModelIntegratedComponent:63 - No mode defined for component null
2025-09-29 00:41:46,636 [WARN] ModelIntegratedComponent:63 - No mode defined for component null
2025-09-29 00:41:46,636 [WARN] ModelIntegratedComponent:63 - No mode defined for component null
2025-09-29 00:41:46,636 [WARN] ModelIntegratedComponent:63 - No mode defined for component null
2025-09-29 00:41:46,636 [WARN] ModelIntegratedComponent:63 - No mode defined for component null
2025-09-29 00:41:46,636 [WARN] ModelIntegratedComponent:63 - No mode defined for component null
2025-09-29 00:41:46,636 [WARN] ModelIntegratedComponent:63 - No mode defined for component null
2025-09-29 00:41:46,636 [WARN] ModelIntegratedComponent:63 - No mode defined for component null
2025-09-29 00:41:46,636 [WARN] ModelIntegratedComponent:63 - No mode defined for component null
2025-09-29 00:41:46,636 [WARN] ModelIntegratedComponent:63 - No mode defined for component null
2025-09-29 00:41:46,636 [WARN] ModelIntegratedComponent:63 - No mode defined for component null
2025-09-29 00:41:46,637 [WARN] ModelIntegratedComponent:63 - No mode defined for component null
2025-09-29 00:41:46,637 [WARN] ModelIntegratedComponent:63 - No mode defined for component null
2025-09-29 00:41:46,637 [WARN] ModelIntegratedComponent:63 - No mode defined for component null
2025-09-29 00:41:46,637 [WARN] ModelIntegratedComponent:63 - No mode defined for component null
2025-09-29 00:41:46,637 [WARN] ModelIntegratedComponent:63 - No mode defined for component null
2025-09-29 00:41:46,637 [WARN] ModelIntegratedComponent:63 - No mode defined for component null
2025-09-29 00:41:46,637 [WARN] ModelIntegratedComponent:63 - No mode defined for component null
2025-09-29 00:41:46,637 [WARN] ModelIntegratedComponent:63 - No mode defined for component null
2025-09-29 00:41:46,637 [WARN] ModelIntegratedComponent:63 - No mode defined for component null
2025-09-29 00:41:46,637 [WARN] ModelIntegratedComponent:63 - No mode defined for component null
2025-09-29 00:41:46,637 [WARN] ModelIntegratedComponent:63 - No mode defined for component null
2025-09-29 00:41:46,637 [WARN] ModelIntegratedComponent:63 - No mode defined for component null
2025-09-29 00:41:46,637 [WARN] ModelIntegratedComponent:63 - No mode defined for component null
2025-09-29 00:41:46,638 [WARN] ModelIntegratedComponent:63 - No mode defined for component null
2025-09-29 00:41:46,638 [WARN] ModelIntegratedComponent:63 - No mode defined for component null
2025-09-29 00:41:46,638 [WARN] ModelPack:524 - Component already loaded: STMicroelectronics:HAL Drivers:0.0.0:STMicroelectronics:Device:STMicro_Driver:XSPI:HAL::0.0.1:HAL_XSPI
2025-09-29 00:41:46,843 [WARN] ModelIntegratedComponent:182 - Modes not found for component STMicroelectronics:USB_DEVICE:1.0.0:STMicroelectronics:USB::USB Device:Audio HS::1.0:USB_DEVICE_1_0_RESTRICTED_HS
2025-09-29 00:41:46,843 [WARN] ModelIntegratedComponent:188 - Modes not found for component STMicroelectronics:USB_DEVICE:1.0.0:STMicroelectronics:USB::USB Device:Audio HS::1.0:USB_DEVICE_1_0_RESTRICTED_HS
2025-09-29 00:41:46,843 [WARN] ModelIntegratedComponent:182 - Modes not found for component STMicroelectronics:USB_DEVICE:1.0.0:STMicroelectronics:USB::USB Device:CDC HS::1.0:USB_DEVICE_1_0_RESTRICTED_HS
2025-09-29 00:41:46,843 [WARN] ModelIntegratedComponent:188 - Modes not found for component STMicroelectronics:USB_DEVICE:1.0.0:STMicroelectronics:USB::USB Device:CDC HS::1.0:USB_DEVICE_1_0_RESTRICTED_HS
2025-09-29 00:41:46,843 [WARN] ModelIntegratedComponent:182 - Modes not found for component STMicroelectronics:USB_DEVICE:1.0.0:STMicroelectronics:USB::USB Device:DFU HS::1.0:USB_DEVICE_1_0_RESTRICTED_HS
2025-09-29 00:41:46,844 [WARN] ModelIntegratedComponent:188 - Modes not found for component STMicroelectronics:USB_DEVICE:1.0.0:STMicroelectronics:USB::USB Device:DFU HS::1.0:USB_DEVICE_1_0_RESTRICTED_HS
2025-09-29 00:41:46,844 [WARN] ModelIntegratedComponent:182 - Modes not found for component STMicroelectronics:USB_DEVICE:1.0.0:STMicroelectronics:USB::USB Device:HID HS::1.0:USB_DEVICE_1_0_RESTRICTED_HS
2025-09-29 00:41:46,844 [WARN] ModelIntegratedComponent:188 - Modes not found for component STMicroelectronics:USB_DEVICE:1.0.0:STMicroelectronics:USB::USB Device:HID HS::1.0:USB_DEVICE_1_0_RESTRICTED_HS
2025-09-29 00:41:46,844 [WARN] ModelIntegratedComponent:182 - Modes not found for component STMicroelectronics:USB_DEVICE:1.0.0:STMicroelectronics:USB::USB Device:Custom HID HS::1.0:USB_DEVICE_1_0_RESTRICTED_HS
2025-09-29 00:41:46,844 [WARN] ModelIntegratedComponent:188 - Modes not found for component STMicroelectronics:USB_DEVICE:1.0.0:STMicroelectronics:USB::USB Device:Custom HID HS::1.0:USB_DEVICE_1_0_RESTRICTED_HS
2025-09-29 00:41:46,844 [WARN] ModelIntegratedComponent:182 - Modes not found for component STMicroelectronics:USB_DEVICE:1.0.0:STMicroelectronics:USB::USB Device:MSC HS::1.0:USB_DEVICE_1_0_RESTRICTED_HS
2025-09-29 00:41:46,844 [WARN] ModelIntegratedComponent:188 - Modes not found for component STMicroelectronics:USB_DEVICE:1.0.0:STMicroelectronics:USB::USB Device:MSC HS::1.0:USB_DEVICE_1_0_RESTRICTED_HS
2025-09-29 00:41:46,854 [INFO] ThirdPartyModel:298 - Start build external matchings
2025-09-29 00:41:47,233 [INFO] ThirdPartyModel:316 - End build external matchings
2025-09-29 00:41:47,528 [INFO] UtilMem:75 - End LoadConfig() Used Memory: 566997256 Bytes (775946240)
2025-09-29 00:41:47,556 [WARN] ThirdParty:833 - waiting for thirdparty lock release [change project]
2025-09-29 00:41:47,556 [INFO] ThirdParty:835 - entering critical section [change project]
2025-09-29 00:41:47,556 [INFO] ThirdParty:1030 - CMSIS Pack Vendor :STMicroelectronics X-CUBE-PM33A1 1.0.0
2025-09-29 00:41:47,556 [INFO] ThirdParty:1030 - CMSIS Pack Vendor :STMicroelectronics USBPD 4.1
2025-09-29 00:41:47,556 [INFO] ThirdParty:1030 - CMSIS Pack Vendor :STMicroelectronics X-CUBE-NFC9 1.0.0
2025-09-29 00:41:47,556 [INFO] ThirdParty:1030 - CMSIS Pack Vendor :STMicroelectronics USB_HOST 2.0.0
2025-09-29 00:41:47,556 [INFO] ThirdParty:1030 - CMSIS Pack Vendor :STMicroelectronics FP-SNS-MOTENVWB1 1.4.0
2025-09-29 00:41:47,556 [INFO] ThirdParty:1030 - CMSIS Pack Vendor :STMicroelectronics X-CUBE-AZRTOS-F4 1.1.0
2025-09-29 00:41:47,556 [INFO] ThirdParty:1030 - CMSIS Pack Vendor :STMicroelectronics LIBJPEG 8.0.0
2025-09-29 00:41:47,556 [INFO] ThirdParty:1030 - CMSIS Pack Vendor :STMicroelectronics FP-ATR-ASTRA1 2.0.2
2025-09-29 00:41:47,556 [INFO] ThirdParty:1030 - CMSIS Pack Vendor :STMicroelectronics X-CUBE-BLE1 7.1.0
2025-09-29 00:41:47,556 [INFO] ThirdParty:1030 - CMSIS Pack Vendor :STMicroelectronics X-CUBE-SMBUS 2.1.0
2025-09-29 00:41:47,556 [INFO] ThirdParty:1030 - CMSIS Pack Vendor :STMicroelectronics USB_DEVICE 3.0.0
2025-09-29 00:41:47,557 [INFO] ThirdParty:1030 - CMSIS Pack Vendor :STMicroelectronics X-CUBE-ISPU 2.1.0
2025-09-29 00:41:47,557 [INFO] ThirdParty:1030 - CMSIS Pack Vendor :STMicroelectronics X-CUBE-AZRTOS-WB 2.0.0
2025-09-29 00:41:47,557 [INFO] ThirdParty:1030 - CMSIS Pack Vendor :STMicroelectronics X-CUBE-ST60 1.0.0
2025-09-29 00:41:47,557 [INFO] ThirdParty:1030 - CMSIS Pack Vendor :STMicroelectronics X-CUBE-GNSS1 7.0.1
2025-09-29 00:41:47,557 [INFO] ThirdParty:1030 - CMSIS Pack Vendor :STMicroelectronics X-CUBE-AZRTOS-F7 1.1.0
2025-09-29 00:41:47,557 [INFO] ThirdParty:1030 - CMSIS Pack Vendor :STMicroelectronics X-CUBE-AZRTOS-L5 2.0.0
2025-09-29 00:41:47,557 [INFO] ThirdParty:1030 - CMSIS Pack Vendor :STMicroelectronics X-CUBE-TOUCHGFX 4.25.0
2025-09-29 00:41:47,557 [INFO] ThirdParty:1030 - CMSIS Pack Vendor :STMicroelectronics USB_DEVICE 2.0.0
2025-09-29 00:41:47,557 [INFO] ThirdParty:1030 - CMSIS Pack Vendor :STMicroelectronics X-CUBE-NFC6 3.1.0
2025-09-29 00:41:47,557 [INFO] ThirdParty:1030 - CMSIS Pack Vendor :Cesanta I-CUBE-Mongoose 7.19.0
2025-09-29 00:41:47,557 [INFO] ThirdParty:1030 - CMSIS Pack Vendor :quantropi X-CUBE-qispace-sdk-base 2.1.0
2025-09-29 00:41:47,558 [INFO] ThirdParty:1030 - CMSIS Pack Vendor :STMicroelectronics FreeRTOS 0.0.1
2025-09-29 00:41:47,558 [INFO] ThirdParty:1030 - CMSIS Pack Vendor :STMicroelectronics X-CUBE-AZRTOS-G0 1.1.0
2025-09-29 00:41:47,558 [INFO] ThirdParty:1030 - CMSIS Pack Vendor :STMicroelectronics X-CUBE-SAFEA1 1.2.2
2025-09-29 00:41:47,558 [INFO] ThirdParty:1030 - CMSIS Pack Vendor :STMicroelectronics X-CUBE-NFC4 3.0.0
2025-09-29 00:41:47,558 [INFO] ThirdParty:1030 - CMSIS Pack Vendor :STMicroelectronics X-CUBE-SUBG2 5.0.0
2025-09-29 00:41:47,558 [INFO] ThirdParty:1030 - CMSIS Pack Vendor :STMicroelectronics X-CUBE-AZRTOS-H7RS 1.1.0
2025-09-29 00:41:47,558 [INFO] ThirdParty:1030 - CMSIS Pack Vendor :STMicroelectronics STM32_WPAN 1.0.0
2025-09-29 00:41:47,558 [INFO] ThirdParty:1030 - CMSIS Pack Vendor :EmbeddedOffice I-CUBE-FS-RTOS 1.0.1
2025-09-29 00:41:47,558 [INFO] ThirdParty:1030 - CMSIS Pack Vendor :STMicroelectronics lwIP 2.0.3
2025-09-29 00:41:47,558 [INFO] ThirdParty:1030 - CMSIS Pack Vendor :WES I-CUBE-Cesium 1.4.0
2025-09-29 00:41:47,558 [INFO] ThirdParty:1030 - CMSIS Pack Vendor :STMicroelectronics USB_HOST 1.0.0
2025-09-29 00:41:47,558 [INFO] ThirdParty:1030 - CMSIS Pack Vendor :Infineon AIROC-Wi-Fi-Bluetooth-STM32 1.7.1
2025-09-29 00:41:47,558 [INFO] ThirdParty:1030 - CMSIS Pack Vendor :STMicroelectronics X-CUBE-AZRTOS-G4 2.0.0
2025-09-29 00:41:47,558 [INFO] ThirdParty:1030 - CMSIS Pack Vendor :STMicroelectronics X-CUBE-WB05N 2.0.0
2025-09-29 00:41:47,558 [INFO] ThirdParty:1030 - CMSIS Pack Vendor :STMicroelectronics PDM2PCM 3.1.0
2025-09-29 00:41:47,558 [INFO] ThirdParty:1030 - CMSIS Pack Vendor :STMicroelectronics PDM2PCM 3.3.0
2025-09-29 00:41:47,558 [INFO] ThirdParty:1030 - CMSIS Pack Vendor :STMicroelectronics X-CUBE-DISPLAY 3.0.0
2025-09-29 00:41:47,558 [INFO] ThirdParty:1030 - CMSIS Pack Vendor :STMicroelectronics X-CUBE-NFC7 2.0.0
2025-09-29 00:41:47,558 [INFO] ThirdParty:1030 - CMSIS Pack Vendor :STMicroelectronics X-CUBE-TCPP 4.2.0
2025-09-29 00:41:47,559 [INFO] ThirdParty:1030 - CMSIS Pack Vendor :RealThread X-CUBE-RT-Thread_Nano 4.1.1
2025-09-29 00:41:47,559 [INFO] ThirdParty:1030 - CMSIS Pack Vendor :STMicroelectronics FP-ATR-SIGFOX1 3.2.0
2025-09-29 00:41:47,559 [INFO] ThirdParty:1030 - CMSIS Pack Vendor :STMicroelectronics X-CUBE-NFC10 1.0.0
2025-09-29 00:41:47,559 [INFO] ThirdParty:1030 - CMSIS Pack Vendor :STMicroelectronics X-CUBE-FREERTOS 1.3.1
2025-09-29 00:41:47,559 [INFO] ThirdParty:1030 - CMSIS Pack Vendor :STMicroelectronics HAL Drivers 0.0.0
2025-09-29 00:41:47,559 [INFO] ThirdParty:1030 - CMSIS Pack Vendor :STMicroelectronics MBEDTLS 2.16.2
2025-09-29 00:41:47,559 [INFO] ThirdParty:1030 - CMSIS Pack Vendor :STMicroelectronics X-CUBE-IPS 3.1.0
2025-09-29 00:41:47,559 [INFO] ThirdParty:1030 - CMSIS Pack Vendor :STMicroelectronics X-CUBE-ALS 1.0.2
2025-09-29 00:41:47,559 [INFO] ThirdParty:1030 - CMSIS Pack Vendor :emotas I-CUBE-CANOPEN 1.3.0
2025-09-29 00:41:47,559 [INFO] ThirdParty:1030 - CMSIS Pack Vendor :STMicroelectronics MBEDTLS 2.14.1
2025-09-29 00:41:47,559 [INFO] ThirdParty:1030 - CMSIS Pack Vendor :ITTIA_DB I-CUBE-ITTIADB 8.9.0
2025-09-29 00:41:47,559 [INFO] ThirdParty:1030 - CMSIS Pack Vendor :STMicroelectronics X-CUBE-ST67W61 1.0.0
2025-09-29 00:41:47,559 [INFO] ThirdParty:1030 - CMSIS Pack Vendor :STMicroelectronics ThreadX 1.0.0
2025-09-29 00:41:47,559 [INFO] ThirdParty:1030 - CMSIS Pack Vendor :STMicroelectronics FP-SNS-SMARTAG2 1.2.0
2025-09-29 00:41:47,559 [INFO] ThirdParty:1030 - CMSIS Pack Vendor :STMicroelectronics FP-SNS-FLIGHT1 5.1.0
2025-09-29 00:41:47,560 [INFO] ThirdParty:1030 - CMSIS Pack Vendor :STMicroelectronics X-CUBE-AZRTOS-WL 2.0.0
2025-09-29 00:41:47,560 [INFO] ThirdParty:1030 - CMSIS Pack Vendor :SEGGER I-CUBE-embOS 1.3.1
2025-09-29 00:41:47,560 [INFO] ThirdParty:1030 - CMSIS Pack Vendor :STMicroelectronics X-CUBE-ALGOBUILD 1.4.0
2025-09-29 00:41:47,560 [INFO] ThirdParty:1030 - CMSIS Pack Vendor :STMicroelectronics X-CUBE-DPower 1.3.0
2025-09-29 00:41:47,560 [INFO] ThirdParty:1030 - CMSIS Pack Vendor :STMicroelectronics X-CUBE-MEMS1 11.3.0
2025-09-29 00:41:47,560 [INFO] ThirdParty:1030 - CMSIS Pack Vendor :STMicroelectronics FP-SNS-MOTENV1 5.0.0
2025-09-29 00:41:47,560 [INFO] ThirdParty:1030 - CMSIS Pack Vendor :STMicroelectronics USB_DEVICE 1.0.0
2025-09-29 00:41:47,560 [INFO] ThirdParty:1030 - CMSIS Pack Vendor :STMicroelectronics X-CUBE-AZRTOS-L4 2.0.0
2025-09-29 00:41:47,560 [INFO] ThirdParty:1030 - CMSIS Pack Vendor :STMicroelectronics ThreadX 0.0.2
2025-09-29 00:41:47,560 [INFO] ThirdParty:1030 - CMSIS Pack Vendor :STMicroelectronics lwIP 2.1.2
2025-09-29 00:41:47,560 [INFO] ThirdParty:1030 - CMSIS Pack Vendor :STMicroelectronics X-CUBE-SFXS2LP1 4.0.0
2025-09-29 00:41:47,560 [INFO] ThirdParty:1030 - CMSIS Pack Vendor :STMicroelectronics X-CUBE-BLE2 3.3.0
2025-09-29 00:41:47,560 [INFO] ThirdParty:1030 - CMSIS Pack Vendor :STMicroelectronics X-CUBE-TOF1 3.4.3
2025-09-29 00:41:47,560 [INFO] ThirdParty:1030 - CMSIS Pack Vendor :STMicroelectronics PDM2PCM 3.2.0
2025-09-29 00:41:47,560 [INFO] ThirdParty:841 - exiting critical section [change project]
2025-09-29 00:41:47,707 [INFO] PinOutPanel:1589 - setPackage(No Configuration,No Configuration)
2025-09-29 00:41:47,710 [INFO] PinOutPanel:1589 - setPackage(STM32F411CEUx,UFQFPN48)
2025-09-29 00:41:47,894 [INFO] UtilMem:75 - Before build in PCC Used Memory: 729149944 Bytes (775946240)
2025-09-29 00:41:48,083 [INFO] UtilMem:75 - After build in PCC Used Memory: 412774424 Bytes (775946240)
2025-09-29 00:41:48,098 [INFO] IPUIPlugin:80 - create IPUIPlugin
2025-09-29 00:41:48,098 [INFO] IPUIPlugin:80 - create IPUIPlugin
2025-09-29 00:41:48,098 [INFO] IPUIPlugin:80 - create IPUIPlugin
2025-09-29 00:41:48,098 [INFO] IPUIPlugin:80 - create IPUIPlugin
2025-09-29 00:41:48,099 [INFO] IPUIPlugin:80 - create IPUIPlugin
2025-09-29 00:41:48,099 [INFO] IPUIPlugin:80 - create IPUIPlugin
2025-09-29 00:41:48,099 [INFO] IPUIPlugin:80 - create IPUIPlugin
2025-09-29 00:41:48,099 [INFO] IPUIPlugin:80 - create IPUIPlugin
2025-09-29 00:41:48,099 [INFO] IPUIPlugin:80 - create IPUIPlugin
2025-09-29 00:41:48,099 [INFO] IPUIPlugin:80 - create IPUIPlugin
2025-09-29 00:41:48,099 [INFO] IPUIPlugin:80 - create IPUIPlugin
2025-09-29 00:41:48,099 [INFO] IPUIPlugin:80 - create IPUIPlugin
2025-09-29 00:41:48,099 [INFO] IPUIPlugin:80 - create IPUIPlugin
2025-09-29 00:41:48,099 [INFO] IPUIPlugin:80 - create IPUIPlugin
2025-09-29 00:41:48,100 [INFO] IPUIPlugin:80 - create IPUIPlugin
2025-09-29 00:41:48,100 [INFO] IPUIPlugin:80 - create IPUIPlugin
2025-09-29 00:41:48,100 [INFO] IPUIPlugin:80 - create IPUIPlugin
2025-09-29 00:41:48,100 [INFO] IPUIPlugin:80 - create IPUIPlugin
2025-09-29 00:41:48,100 [INFO] IPUIPlugin:80 - create IPUIPlugin
2025-09-29 00:41:48,100 [INFO] IPUIPlugin:80 - create IPUIPlugin
2025-09-29 00:41:48,100 [INFO] IPUIPlugin:80 - create IPUIPlugin
2025-09-29 00:41:48,101 [INFO] IPUIPlugin:80 - create IPUIPlugin
2025-09-29 00:41:48,101 [INFO] IPUIPlugin:80 - create IPUIPlugin
2025-09-29 00:41:48,101 [INFO] IPUIPlugin:80 - create IPUIPlugin
2025-09-29 00:41:48,101 [INFO] IPUIPlugin:80 - create IPUIPlugin
2025-09-29 00:41:48,101 [INFO] IPUIPlugin:80 - create IPUIPlugin
2025-09-29 00:41:48,101 [INFO] IPUIPlugin:80 - create IPUIPlugin
2025-09-29 00:41:48,101 [INFO] IPUIPlugin:80 - create IPUIPlugin
2025-09-29 00:41:48,102 [INFO] IPUIPlugin:80 - create IPUIPlugin
2025-09-29 00:41:48,102 [INFO] IPUIPlugin:80 - create IPUIPlugin
2025-09-29 00:41:48,102 [INFO] IPUIPlugin:80 - create IPUIPlugin
2025-09-29 00:41:48,103 [INFO] IPUIPlugin:80 - create IPUIPlugin
2025-09-29 00:41:48,103 [INFO] IPUIPlugin:80 - create IPUIPlugin
2025-09-29 00:41:48,103 [INFO] IPUIPlugin:80 - create IPUIPlugin
2025-09-29 00:41:48,103 [INFO] IPUIPlugin:80 - create IPUIPlugin
2025-09-29 00:41:48,103 [INFO] IPUIPlugin:80 - create IPUIPlugin
2025-09-29 00:41:48,104 [INFO] IPUIPlugin:80 - create IPUIPlugin
2025-09-29 00:41:48,104 [INFO] IPUIPlugin:80 - create IPUIPlugin
2025-09-29 00:41:48,104 [INFO] IPUIPlugin:80 - create IPUIPlugin
2025-09-29 00:41:48,104 [INFO] IPUIPlugin:80 - create IPUIPlugin
2025-09-29 00:41:48,104 [INFO] IPUIPlugin:80 - create IPUIPlugin
2025-09-29 00:41:48,105 [INFO] IPUIPlugin:80 - create IPUIPlugin
2025-09-29 00:41:48,105 [INFO] IPUIPlugin:80 - create IPUIPlugin
2025-09-29 00:41:48,111 [INFO] ApiDbMcu:532 - Load IP Config File for PDM2PCM
2025-09-29 00:41:48,140 [INFO] CADModel:165 - CPN selected for project levelSTM32F411CEU6
2025-09-29 00:41:48,140 [INFO] CADModel:114 - Register for checkConnection events
2025-09-29 00:41:48,204 [INFO] OpenFileManager:386 - Restore cursor
2025-09-29 00:41:48,509 [INFO] UtilMem:75 - End SaveConfig() Used Memory: 484077592 Bytes (775946240)
2025-09-29 00:41:48,542 [INFO] UtilMem:75 - End SaveConfig() Used Memory: 499806232 Bytes (775946240)
2025-09-29 00:41:48,669 [INFO] BlockDiagram:2775 - set Specific Code input for plugin: NVIC
2025-09-29 00:41:48,670 [INFO] BlockDiagram:2775 - set Specific Code input for plugin: RCC
2025-09-29 00:41:48,670 [INFO] CodeGenerator:892 - code generatio: config db path: C:\ST\STM32CubeIDE_1.19.0\STM32CubeIDE\plugins\com.st.stm32cube.common.mx_6.15.0.202507011659\\db\
2025-09-29 00:41:48,738 [INFO] CodeEngine:265 - oldGeneratedFile, C:\ST\DefaultWorkspase\blackpill_pwm_timer\MXTmpFiles\license.tmp_save
2025-09-29 00:41:48,908 [INFO] CodeEngine:289 - Generated code: C:\ST\DefaultWorkspase\blackpill_pwm_timer\MXTmpFiles\license.tmp
2025-09-29 00:41:48,920 [INFO] CodeEngine:265 - oldGeneratedFile, C:\ST\DefaultWorkspase\blackpill_pwm_timer\Core\Src\stm32f4xx_it.c_save
2025-09-29 00:41:49,125 [INFO] CodeEngine:289 - Generated code: C:\ST\DefaultWorkspase\blackpill_pwm_timer\Core\Src\stm32f4xx_it.c
2025-09-29 00:41:49,130 [INFO] CodeEngine:265 - oldGeneratedFile, C:\ST\DefaultWorkspase\blackpill_pwm_timer\Core\Inc\stm32f4xx_it.h_save
2025-09-29 00:41:49,199 [INFO] CodeEngine:289 - Generated code: C:\ST\DefaultWorkspase\blackpill_pwm_timer\Core\Inc\stm32f4xx_it.h
2025-09-29 00:41:49,244 [INFO] CodeEngine:265 - oldGeneratedFile, C:\ST\DefaultWorkspase\blackpill_pwm_timer\Core\Src\stm32f4xx_hal_msp.c_save
2025-09-29 00:41:49,350 [INFO] CodeEngine:289 - Generated code: C:\ST\DefaultWorkspase\blackpill_pwm_timer\Core\Src\stm32f4xx_hal_msp.c
2025-09-29 00:41:49,356 [INFO] CodeEngine:265 - oldGeneratedFile, C:\ST\DefaultWorkspase\blackpill_pwm_timer\MXTmpFiles\system.tmp_save
2025-09-29 00:41:49,417 [INFO] CodeEngine:289 - Generated code: C:\ST\DefaultWorkspase\blackpill_pwm_timer\MXTmpFiles\system.tmp
2025-09-29 00:41:49,426 [INFO] CodeEngine:321 - oldGeneratedFile, C:\ST\DefaultWorkspase\blackpill_pwm_timer\Core\Inc\stm32f4xx_hal_conf.h_save
2025-09-29 00:41:49,497 [INFO] CodeEngine:345 - Generated code: C:\ST\DefaultWorkspase\blackpill_pwm_timer\Core\Inc\stm32f4xx_hal_conf.h
2025-09-29 00:41:49,521 [INFO] ApiDbMcu:532 - Load IP Config File for RCC
2025-09-29 00:41:49,529 [INFO] CodeEngine:265 - oldGeneratedFile, C:\ST\DefaultWorkspase\blackpill_pwm_timer\Core\Inc\main.h_save
2025-09-29 00:41:49,617 [INFO] CodeEngine:289 - Generated code: C:\ST\DefaultWorkspase\blackpill_pwm_timer\Core\Inc\main.h
2025-09-29 00:41:49,623 [INFO] CodeEngine:265 - oldGeneratedFile, C:\ST\DefaultWorkspase\blackpill_pwm_timer\Core\Src\main.c_save
2025-09-29 00:41:49,711 [INFO] CodeEngine:289 - Generated code: C:\ST\DefaultWorkspase\blackpill_pwm_timer\Core\Src\main.c
2025-09-29 00:41:50,090 [INFO] ProjectBuilder:3606 - Time for Copy HAL[1] : 171mS.
2025-09-29 00:41:50,094 [INFO] ProjectBuilder:5216 - Project Generator version: 4.7.0-B52
2025-09-29 00:41:50,165 [INFO] ConfigFileManager:1595 - The Die is : DIE431
2025-09-29 00:41:50,169 [INFO] ApiDbMcu:532 - Load IP Config File for FATFS
2025-09-29 00:41:50,174 [INFO] ApiDbMcu:532 - Load IP Config File for FREERTOS
2025-09-29 00:41:50,176 [INFO] ApiDbMcu:532 - Load IP Config File for LIBJPEG
2025-09-29 00:41:50,181 [INFO] ApiDbMcu:532 - Load IP Config File for MBEDTLS
2025-09-29 00:41:50,187 [INFO] ApiDbMcu:532 - Load IP Config File for USB_DEVICE
2025-09-29 00:41:50,192 [INFO] ApiDbMcu:532 - Load IP Config File for USB_HOST
2025-09-29 00:41:51,887 [INFO] ProjectBuilder:5496 - Time for Generating toolchain IDE Files: 1793mS.
2025-09-29 00:41:51,888 [INFO] ProjectBuilder:3463 - Time for Copy CMSIS : 0mS.
2025-09-29 00:41:51,890 [INFO] ProjectBuilder:3463 - Time for Copy CMSIS : 1mS.
2025-09-29 00:41:52,860 [INFO] McuFinderGlobals:76 - Set McuFinderConnectedMode to true
2025-09-29 00:41:52,862 [INFO] ApiDb:448 - Save user favorites file C:\Users\eevgs/.stm32cubeide/favorites.mcus.txt: 1 item(s)
2025-09-29 00:41:52,862 [INFO] ApiDb:452 - User favorites MCUs=[STM32F411CEU6]
2025-09-29 00:43:16,297 [INFO] NvicIntPanel:101 - NVIC parent = com.st.microxplorer.plugins.ip.nvic.MultiNvicIntPanel[,0,0,0x0,invalid,layout=javax.swing.BoxLayout,alignmentX=0.0,alignmentY=0.0,border=,flags=9,maximumSize=,minimumSize=,preferredSize=]
2025-09-29 01:23:27,698 [INFO] UtilMem:75 - End SaveConfig() Used Memory: 559874656 Bytes (864026624)
2025-09-29 01:23:27,801 [INFO] UtilMem:75 - End SaveConfig() Used Memory: 576548096 Bytes (864026624)
2025-09-29 01:23:28,206 [INFO] UtilMem:75 - End SaveConfig() Used Memory: 628540360 Bytes (864026624)
2025-09-29 01:23:28,571 [INFO] BlockDiagram:2775 - set Specific Code input for plugin: NVIC
2025-09-29 01:23:28,572 [INFO] BlockDiagram:2775 - set Specific Code input for plugin: TIM1_8
2025-09-29 01:23:28,572 [INFO] BlockDiagram:2775 - set Specific Code input for plugin: SYS
2025-09-29 01:23:28,572 [INFO] BlockDiagram:2775 - set Specific Code input for plugin: GPIO
2025-09-29 01:23:28,572 [INFO] BlockDiagram:2775 - set Specific Code input for plugin: RCC
2025-09-29 01:23:28,574 [INFO] CodeGenerator:892 - code generatio: config db path: C:\ST\STM32CubeIDE_1.19.0\STM32CubeIDE\plugins\com.st.stm32cube.common.mx_6.15.0.202507011659\\db\
2025-09-29 01:23:28,855 [INFO] CodeEngine:265 - oldGeneratedFile, C:\ST\DefaultWorkspase\blackpill_pwm_timer\MXTmpFiles\license.tmp_save
2025-09-29 01:23:29,044 [INFO] CodeEngine:289 - Generated code: C:\ST\DefaultWorkspase\blackpill_pwm_timer\MXTmpFiles\license.tmp
2025-09-29 01:23:29,093 [INFO] CodeEngine:265 - oldGeneratedFile, C:\ST\DefaultWorkspase\blackpill_pwm_timer\MXTmpFiles\gpio.tmp_save
2025-09-29 01:23:29,195 [INFO] CodeEngine:289 - Generated code: C:\ST\DefaultWorkspase\blackpill_pwm_timer\MXTmpFiles\gpio.tmp
2025-09-29 01:23:29,311 [INFO] CodeEngine:265 - oldGeneratedFile, C:\ST\DefaultWorkspase\blackpill_pwm_timer\Core\Src\stm32f4xx_it.c_save
2025-09-29 01:23:29,512 [INFO] CodeEngine:289 - Generated code: C:\ST\DefaultWorkspase\blackpill_pwm_timer\Core\Src\stm32f4xx_it.c
2025-09-29 01:23:29,518 [INFO] CodeEngine:265 - oldGeneratedFile, C:\ST\DefaultWorkspase\blackpill_pwm_timer\Core\Inc\stm32f4xx_it.h_save
2025-09-29 01:23:29,591 [INFO] CodeEngine:289 - Generated code: C:\ST\DefaultWorkspase\blackpill_pwm_timer\Core\Inc\stm32f4xx_it.h
2025-09-29 01:23:29,603 [INFO] CodeEngine:265 - oldGeneratedFile, C:\ST\DefaultWorkspase\blackpill_pwm_timer\Core\Src\stm32f4xx_hal_msp.c_save
2025-09-29 01:23:29,738 [INFO] CodeEngine:289 - Generated code: C:\ST\DefaultWorkspase\blackpill_pwm_timer\Core\Src\stm32f4xx_hal_msp.c
2025-09-29 01:23:29,743 [INFO] CodeEngine:265 - oldGeneratedFile, C:\ST\DefaultWorkspase\blackpill_pwm_timer\MXTmpFiles\system.tmp_save
2025-09-29 01:23:29,808 [INFO] CodeEngine:289 - Generated code: C:\ST\DefaultWorkspase\blackpill_pwm_timer\MXTmpFiles\system.tmp
2025-09-29 01:23:29,818 [INFO] CodeEngine:321 - oldGeneratedFile, C:\ST\DefaultWorkspase\blackpill_pwm_timer\Core\Inc\stm32f4xx_hal_conf.h_save
2025-09-29 01:23:29,895 [INFO] CodeEngine:345 - Generated code: C:\ST\DefaultWorkspase\blackpill_pwm_timer\Core\Inc\stm32f4xx_hal_conf.h
2025-09-29 01:23:29,988 [INFO] ApiDbMcu:532 - Load IP Config File for TIM5
2025-09-29 01:23:29,989 [WARN] IPConfigManager:3811 - IP not found : TIM
2025-09-29 01:23:29,990 [WARN] CodeGenerator:4259 - IP not found : null
2025-09-29 01:23:29,997 [INFO] CodeEngine:265 - oldGeneratedFile, C:\ST\DefaultWorkspase\blackpill_pwm_timer\Core\Inc\main.h_save
2025-09-29 01:23:30,097 [INFO] CodeEngine:289 - Generated code: C:\ST\DefaultWorkspase\blackpill_pwm_timer\Core\Inc\main.h
2025-09-29 01:23:30,103 [INFO] CodeEngine:265 - oldGeneratedFile, C:\ST\DefaultWorkspase\blackpill_pwm_timer\Core\Src\main.c_save
2025-09-29 01:23:30,212 [INFO] CodeEngine:289 - Generated code: C:\ST\DefaultWorkspase\blackpill_pwm_timer\Core\Src\main.c
2025-09-29 01:23:31,028 [INFO] ProjectBuilder:3606 - Time for Copy HAL[1] : 131mS.
2025-09-29 01:23:31,031 [INFO] ProjectBuilder:5216 - Project Generator version: 4.7.0-B52
2025-09-29 01:23:31,107 [INFO] ConfigFileManager:1595 - The Die is : DIE431
2025-09-29 01:23:31,975 [INFO] ProjectBuilder:5496 - Time for Generating toolchain IDE Files: 943mS.
2025-09-29 01:23:31,975 [INFO] ProjectBuilder:3463 - Time for Copy CMSIS : 0mS.
2025-09-29 01:23:31,977 [INFO] ProjectBuilder:3463 - Time for Copy CMSIS : 0mS.
2025-09-29 01:30:11,041 [INFO] NvicIntPanel:101 - NVIC parent = com.st.microxplorer.plugins.ip.nvic.MultiNvicIntPanel[,0,0,0x0,invalid,layout=javax.swing.BoxLayout,alignmentX=0.0,alignmentY=0.0,border=,flags=9,maximumSize=,minimumSize=,preferredSize=]
2025-09-29 01:30:14,472 [INFO] NvicIntPanel:101 - NVIC parent = com.st.microxplorer.plugins.ip.nvic.MultiNvicIntPanel[,0,0,0x0,invalid,layout=javax.swing.BoxLayout,alignmentX=0.0,alignmentY=0.0,border=,flags=9,maximumSize=,minimumSize=,preferredSize=]
2025-09-29 01:30:18,530 [INFO] NvicIntPanel:101 - NVIC parent = com.st.microxplorer.plugins.ip.nvic.MultiNvicIntPanel[,0,0,0x0,invalid,layout=javax.swing.BoxLayout,alignmentX=0.0,alignmentY=0.0,border=,flags=9,maximumSize=,minimumSize=,preferredSize=]
2025-09-29 01:30:21,179 [INFO] UtilMem:75 - End SaveConfig() Used Memory: 534955328 Bytes (864026624)
2025-09-29 01:30:21,246 [INFO] UtilMem:75 - End SaveConfig() Used Memory: 550620792 Bytes (864026624)
2025-09-29 01:30:21,494 [INFO] UtilMem:75 - End SaveConfig() Used Memory: 587320952 Bytes (864026624)
2025-09-29 01:30:21,625 [INFO] BlockDiagram:2775 - set Specific Code input for plugin: NVIC
2025-09-29 01:30:21,625 [INFO] BlockDiagram:2775 - set Specific Code input for plugin: TIM1_8
2025-09-29 01:30:21,625 [INFO] BlockDiagram:2775 - set Specific Code input for plugin: SYS
2025-09-29 01:30:21,626 [INFO] BlockDiagram:2775 - set Specific Code input for plugin: GPIO
2025-09-29 01:30:21,627 [INFO] BlockDiagram:2775 - set Specific Code input for plugin: RCC
2025-09-29 01:30:21,627 [INFO] CodeGenerator:892 - code generatio: config db path: C:\ST\STM32CubeIDE_1.19.0\STM32CubeIDE\plugins\com.st.stm32cube.common.mx_6.15.0.202507011659\\db\
2025-09-29 01:30:21,731 [INFO] CodeEngine:265 - oldGeneratedFile, C:\ST\DefaultWorkspase\blackpill_pwm_timer\MXTmpFiles\license.tmp_save
2025-09-29 01:30:21,793 [INFO] CodeEngine:289 - Generated code: C:\ST\DefaultWorkspase\blackpill_pwm_timer\MXTmpFiles\license.tmp
2025-09-29 01:30:21,806 [INFO] CodeEngine:265 - oldGeneratedFile, C:\ST\DefaultWorkspase\blackpill_pwm_timer\MXTmpFiles\gpio.tmp_save
2025-09-29 01:30:21,856 [INFO] CodeEngine:289 - Generated code: C:\ST\DefaultWorkspase\blackpill_pwm_timer\MXTmpFiles\gpio.tmp
2025-09-29 01:30:21,888 [INFO] CodeEngine:265 - oldGeneratedFile, C:\ST\DefaultWorkspase\blackpill_pwm_timer\Core\Src\stm32f4xx_it.c_save
2025-09-29 01:30:21,944 [INFO] CodeEngine:289 - Generated code: C:\ST\DefaultWorkspase\blackpill_pwm_timer\Core\Src\stm32f4xx_it.c
2025-09-29 01:30:21,949 [INFO] CodeEngine:265 - oldGeneratedFile, C:\ST\DefaultWorkspase\blackpill_pwm_timer\Core\Inc\stm32f4xx_it.h_save
2025-09-29 01:30:21,997 [INFO] CodeEngine:289 - Generated code: C:\ST\DefaultWorkspase\blackpill_pwm_timer\Core\Inc\stm32f4xx_it.h
2025-09-29 01:30:22,006 [INFO] CodeEngine:265 - oldGeneratedFile, C:\ST\DefaultWorkspase\blackpill_pwm_timer\Core\Src\stm32f4xx_hal_msp.c_save
2025-09-29 01:30:22,078 [INFO] CodeEngine:289 - Generated code: C:\ST\DefaultWorkspase\blackpill_pwm_timer\Core\Src\stm32f4xx_hal_msp.c
2025-09-29 01:30:22,081 [INFO] CodeEngine:265 - oldGeneratedFile, C:\ST\DefaultWorkspase\blackpill_pwm_timer\MXTmpFiles\system.tmp_save
2025-09-29 01:30:22,125 [INFO] CodeEngine:289 - Generated code: C:\ST\DefaultWorkspase\blackpill_pwm_timer\MXTmpFiles\system.tmp
2025-09-29 01:30:22,134 [INFO] CodeEngine:321 - oldGeneratedFile, C:\ST\DefaultWorkspase\blackpill_pwm_timer\Core\Inc\stm32f4xx_hal_conf.h_save
2025-09-29 01:30:22,185 [INFO] CodeEngine:345 - Generated code: C:\ST\DefaultWorkspase\blackpill_pwm_timer\Core\Inc\stm32f4xx_hal_conf.h
2025-09-29 01:30:22,200 [WARN] IPConfigManager:3811 - IP not found : TIM
2025-09-29 01:30:22,201 [WARN] CodeGenerator:4259 - IP not found : null
2025-09-29 01:30:22,206 [INFO] CodeEngine:265 - oldGeneratedFile, C:\ST\DefaultWorkspase\blackpill_pwm_timer\Core\Inc\main.h_save
2025-09-29 01:30:22,258 [INFO] CodeEngine:289 - Generated code: C:\ST\DefaultWorkspase\blackpill_pwm_timer\Core\Inc\main.h
2025-09-29 01:30:22,262 [INFO] CodeEngine:265 - oldGeneratedFile, C:\ST\DefaultWorkspase\blackpill_pwm_timer\Core\Src\main.c_save
2025-09-29 01:30:22,337 [INFO] CodeEngine:289 - Generated code: C:\ST\DefaultWorkspase\blackpill_pwm_timer\Core\Src\main.c
2025-09-29 01:30:22,572 [INFO] ProjectBuilder:3606 - Time for Copy HAL[1] : 103mS.
2025-09-29 01:30:22,574 [INFO] ProjectBuilder:5216 - Project Generator version: 4.7.0-B52
2025-09-29 01:30:22,633 [INFO] ConfigFileManager:1595 - The Die is : DIE431
2025-09-29 01:30:23,174 [INFO] ProjectBuilder:5496 - Time for Generating toolchain IDE Files: 600mS.
2025-09-29 01:30:23,175 [INFO] ProjectBuilder:3463 - Time for Copy CMSIS : 1mS.
2025-09-29 01:30:23,177 [INFO] ProjectBuilder:3463 - Time for Copy CMSIS : 0mS.
2025-09-29 13:25:45,620 [INFO] WebApp:194 - Connection lost
2025-09-29 13:46:42,043 [INFO] UtilMem:75 - End SaveConfig() Used Memory: 639741728 Bytes (890241024)
2025-09-29 13:46:42,090 [ERROR] ConfigurationRetriever:142 - IOException on connection: sw-center.st.com
2025-09-29 13:46:42,091 [ERROR] ConfigurationRetriever:142 - IOException on connection: sw-center.st.com
2025-09-29 13:46:42,092 [ERROR] ConfigurationRetriever:142 - IOException on connection: sw-center.st.com
2025-09-29 13:46:42,212 [INFO] BlockDiagram:2775 - set Specific Code input for plugin: NVIC
2025-09-29 13:46:42,212 [INFO] BlockDiagram:2775 - set Specific Code input for plugin: TIM1_8
2025-09-29 13:46:42,212 [INFO] BlockDiagram:2775 - set Specific Code input for plugin: SYS
2025-09-29 13:46:42,213 [INFO] BlockDiagram:2775 - set Specific Code input for plugin: GPIO
2025-09-29 13:46:42,213 [INFO] BlockDiagram:2775 - set Specific Code input for plugin: RCC
2025-09-29 13:46:42,214 [INFO] CodeGenerator:892 - code generatio: config db path: C:\ST\STM32CubeIDE_1.19.0\STM32CubeIDE\plugins\com.st.stm32cube.common.mx_6.15.0.202507011659\\db\
2025-09-29 13:46:42,311 [INFO] CodeEngine:265 - oldGeneratedFile, C:\ST\DefaultWorkspase\blackpill_pwm_timer\MXTmpFiles\license.tmp_save
2025-09-29 13:46:42,500 [INFO] CodeEngine:289 - Generated code: C:\ST\DefaultWorkspase\blackpill_pwm_timer\MXTmpFiles\license.tmp
2025-09-29 13:46:42,533 [INFO] CodeEngine:265 - oldGeneratedFile, C:\ST\DefaultWorkspase\blackpill_pwm_timer\MXTmpFiles\gpio.tmp_save
2025-09-29 13:46:42,627 [INFO] CodeEngine:289 - Generated code: C:\ST\DefaultWorkspase\blackpill_pwm_timer\MXTmpFiles\gpio.tmp
2025-09-29 13:46:42,753 [INFO] CodeEngine:265 - oldGeneratedFile, C:\ST\DefaultWorkspase\blackpill_pwm_timer\Core\Src\stm32f4xx_it.c_save
2025-09-29 13:46:42,927 [INFO] CodeEngine:289 - Generated code: C:\ST\DefaultWorkspase\blackpill_pwm_timer\Core\Src\stm32f4xx_it.c
2025-09-29 13:46:42,934 [INFO] CodeEngine:265 - oldGeneratedFile, C:\ST\DefaultWorkspase\blackpill_pwm_timer\Core\Inc\stm32f4xx_it.h_save
2025-09-29 13:46:43,006 [INFO] CodeEngine:289 - Generated code: C:\ST\DefaultWorkspase\blackpill_pwm_timer\Core\Inc\stm32f4xx_it.h
2025-09-29 13:46:43,018 [INFO] CodeEngine:265 - oldGeneratedFile, C:\ST\DefaultWorkspase\blackpill_pwm_timer\Core\Src\stm32f4xx_hal_msp.c_save
2025-09-29 13:46:43,134 [INFO] CodeEngine:289 - Generated code: C:\ST\DefaultWorkspase\blackpill_pwm_timer\Core\Src\stm32f4xx_hal_msp.c
2025-09-29 13:46:43,139 [INFO] CodeEngine:265 - oldGeneratedFile, C:\ST\DefaultWorkspase\blackpill_pwm_timer\MXTmpFiles\system.tmp_save
2025-09-29 13:46:43,202 [INFO] CodeEngine:289 - Generated code: C:\ST\DefaultWorkspase\blackpill_pwm_timer\MXTmpFiles\system.tmp
2025-09-29 13:46:43,213 [INFO] CodeEngine:321 - oldGeneratedFile, C:\ST\DefaultWorkspase\blackpill_pwm_timer\Core\Inc\stm32f4xx_hal_conf.h_save
2025-09-29 13:46:43,286 [INFO] CodeEngine:345 - Generated code: C:\ST\DefaultWorkspase\blackpill_pwm_timer\Core\Inc\stm32f4xx_hal_conf.h
2025-09-29 13:46:43,307 [WARN] IPConfigManager:3811 - IP not found : TIM
2025-09-29 13:46:43,309 [WARN] CodeGenerator:4259 - IP not found : null
2025-09-29 13:46:43,317 [INFO] CodeEngine:265 - oldGeneratedFile, C:\ST\DefaultWorkspase\blackpill_pwm_timer\Core\Inc\main.h_save
2025-09-29 13:46:43,409 [INFO] CodeEngine:289 - Generated code: C:\ST\DefaultWorkspase\blackpill_pwm_timer\Core\Inc\main.h
2025-09-29 13:46:43,416 [INFO] CodeEngine:265 - oldGeneratedFile, C:\ST\DefaultWorkspase\blackpill_pwm_timer\Core\Src\main.c_save
2025-09-29 13:46:43,527 [INFO] CodeEngine:289 - Generated code: C:\ST\DefaultWorkspase\blackpill_pwm_timer\Core\Src\main.c
2025-09-29 13:46:43,934 [INFO] ProjectBuilder:3606 - Time for Copy HAL[1] : 184mS.
2025-09-29 13:46:43,936 [INFO] ProjectBuilder:5216 - Project Generator version: 4.7.0-B52
2025-09-29 13:46:44,006 [INFO] ConfigFileManager:1595 - The Die is : DIE431
2025-09-29 13:46:44,669 [INFO] ProjectBuilder:5496 - Time for Generating toolchain IDE Files: 733mS.
2025-09-29 13:46:44,670 [INFO] ProjectBuilder:3463 - Time for Copy CMSIS : 1mS.
2025-09-29 13:46:44,672 [INFO] ProjectBuilder:3463 - Time for Copy CMSIS : 0mS.
