2025-10-04 11:40:25,310 [INFO] WebApp:191 - Connection restablished
2025-10-04 11:43:37,905 [INFO] UtilMem:75 - End SaveConfig() Used Memory: 526722520 Bytes (1073741824)
2025-10-04 11:43:38,169 [INFO] UtilMem:75 - End SaveConfig() Used Memory: 571361664 Bytes (1073741824)
2025-10-04 11:43:38,610 [INFO] UtilMem:75 - End SaveConfig() Used Memory: 699250808 Bytes (1073741824)
2025-10-04 11:43:38,763 [INFO] BlockDiagram:2775 - set Specific Code input for plugin: NVIC
2025-10-04 11:43:38,764 [INFO] BlockDiagram:2775 - set Specific Code input for plugin: SYS
2025-10-04 11:43:38,764 [INFO] BlockDiagram:2775 - set Specific Code input for plugin: RCC
2025-10-04 11:43:38,765 [INFO] CodeGenerator:892 - code generatio: config db path: C:\ST\STM32CubeIDE_1.19.0\STM32CubeIDE\plugins\com.st.stm32cube.common.mx_6.15.0.202507011659\\db\
2025-10-04 11:43:38,849 [INFO] CodeEngine:265 - oldGeneratedFile, C:\ST\DefaultWorkspase\blackpill_soundcard\MXTmpFiles\license.tmp_save
2025-10-04 11:43:39,046 [INFO] CodeEngine:289 - Generated code: C:\ST\DefaultWorkspase\blackpill_soundcard\MXTmpFiles\license.tmp
2025-10-04 11:43:39,080 [INFO] CodeEngine:265 - oldGeneratedFile, C:\ST\DefaultWorkspase\blackpill_soundcard\Core\Src\stm32f4xx_it.c_save
2025-10-04 11:43:39,305 [INFO] CodeEngine:289 - Generated code: C:\ST\DefaultWorkspase\blackpill_soundcard\Core\Src\stm32f4xx_it.c
2025-10-04 11:43:39,311 [INFO] CodeEngine:265 - oldGeneratedFile, C:\ST\DefaultWorkspase\blackpill_soundcard\Core\Inc\stm32f4xx_it.h_save
2025-10-04 11:43:39,378 [INFO] CodeEngine:289 - Generated code: C:\ST\DefaultWorkspase\blackpill_soundcard\Core\Inc\stm32f4xx_it.h
2025-10-04 11:43:39,403 [INFO] CodeEngine:265 - oldGeneratedFile, C:\ST\DefaultWorkspase\blackpill_soundcard\Core\Src\stm32f4xx_hal_msp.c_save
2025-10-04 11:43:39,517 [INFO] CodeEngine:289 - Generated code: C:\ST\DefaultWorkspase\blackpill_soundcard\Core\Src\stm32f4xx_hal_msp.c
2025-10-04 11:43:39,517 [INFO] CodeEngine:265 - oldGeneratedFile, C:\ST\DefaultWorkspase\blackpill_soundcard\MXTmpFiles\system.tmp_save
2025-10-04 11:43:39,587 [INFO] CodeEngine:289 - Generated code: C:\ST\DefaultWorkspase\blackpill_soundcard\MXTmpFiles\system.tmp
2025-10-04 11:43:39,602 [INFO] CodeEngine:321 - oldGeneratedFile, C:\ST\DefaultWorkspase\blackpill_soundcard\Core\Inc\stm32f4xx_hal_conf.h_save
2025-10-04 11:43:39,685 [INFO] CodeEngine:345 - Generated code: C:\ST\DefaultWorkspase\blackpill_soundcard\Core\Inc\stm32f4xx_hal_conf.h
2025-10-04 11:43:39,716 [INFO] CodeEngine:265 - oldGeneratedFile, C:\ST\DefaultWorkspase\blackpill_soundcard\Core\Inc\main.h_save
2025-10-04 11:43:39,829 [INFO] CodeEngine:289 - Generated code: C:\ST\DefaultWorkspase\blackpill_soundcard\Core\Inc\main.h
2025-10-04 11:43:39,831 [INFO] CodeEngine:265 - oldGeneratedFile, C:\ST\DefaultWorkspase\blackpill_soundcard\Core\Src\main.c_save
2025-10-04 11:43:39,953 [INFO] CodeEngine:289 - Generated code: C:\ST\DefaultWorkspase\blackpill_soundcard\Core\Src\main.c
2025-10-04 11:43:40,435 [INFO] ProjectBuilder:3606 - Time for Copy HAL[1] : 211mS.
2025-10-04 11:43:40,438 [INFO] ProjectBuilder:5216 - Project Generator version: 4.7.0-B52
2025-10-04 11:43:40,508 [INFO] ConfigFileManager:1595 - The Die is : DIE431
2025-10-04 11:43:41,352 [INFO] ProjectBuilder:5496 - Time for Generating toolchain IDE Files: 914mS.
2025-10-04 11:43:41,353 [INFO] ProjectBuilder:3463 - Time for Copy CMSIS : 0mS.
2025-10-04 11:43:41,357 [INFO] ProjectBuilder:3463 - Time for Copy CMSIS : 0mS.
2025-10-04 11:54:15,961 [INFO] WebApp:194 - Connection lost
