2025-10-08 03:24:07,741 [ERROR] LogOutputStream:75 - [STDERR_REDIRECT] 
2025-10-08 17:06:55,960 [INFO] Activator:176 - 


2025-10-08 17:06:55,964 [INFO] Activator:177 - !SESSION log4j initialized
2025-10-08 17:07:03,140 [INFO] LogOutputStream:77 - [STDOUT_REDIRECT] 
2025-10-08 17:07:05,307 [INFO] ApplicationProperties:184 - Using Application install path: C:\ST\STM32CubeIDE_1.19.0\STM32CubeIDE\plugins\com.st.stm32cube.common.mx_6.15.0.202507011659
2025-10-08 17:07:05,328 [INFO] DbMcusXml:78 - Set database path to: C:\ST\STM32CubeIDE_1.19.0\STM32CubeIDE\plugins\com.st.stm32cube.common.mx_6.15.0.202507011659\\db\/mcu/
2025-10-08 17:07:05,328 [INFO] ApiDb:274 - Set plugin database path to: C:\ST\STM32CubeIDE_1.19.0\STM32CubeIDE\plugins\com.st.stm32cube.common.mx_6.15.0.202507011659\\db\/plugins/boardmanager/
2025-10-08 17:07:05,329 [WARN] ApiDb:259 - Overriding images path with different value:  => C:\ST\STM32CubeIDE_1.19.0\STM32CubeIDE\plugins\com.st.stm32cube.common.mx_6.15.0.202507011659\\db\/plugins/mcufinder/images/
2025-10-08 17:07:05,336 [INFO] ApiDb:250 - Set database path to: C:\Users\eevgs\.stmcufinder\plugins\mcufinder//mcu/
2025-10-08 17:07:05,337 [INFO] DbMcusAds:125 - Set database path to: C:\Users\eevgs\.stmcufinder\plugins\mcufinder//mcu/
2025-10-08 17:07:05,339 [INFO] CrossReferenceDbSqlite:203 - Set database path to: C:\Users\eevgs\.stmcufinder\plugins\mcufinder//mcu/cs/
2025-10-08 17:07:05,466 [INFO] RulesReader:64 - Compatibility file has been processed (317 Rules)
2025-10-08 17:07:05,556 [INFO] DbMcusXml:78 - Set database path to: C:\ST\STM32CubeIDE_1.19.0\STM32CubeIDE\plugins\com.st.stm32cube.common.mx_6.15.0.202507011659\\db\/mcu/
2025-10-08 17:07:05,557 [INFO] ApiDb:274 - Set plugin database path to: C:\ST\STM32CubeIDE_1.19.0\STM32CubeIDE\plugins\com.st.stm32cube.common.mx_6.15.0.202507011659\\db\/plugins/boardmanager/
2025-10-08 17:07:05,557 [INFO] ApiDb:261 - Set plugin images path to: C:\ST\STM32CubeIDE_1.19.0\STM32CubeIDE\plugins\com.st.stm32cube.common.mx_6.15.0.202507011659\\db\/plugins/mcufinder/images/
2025-10-08 17:07:05,557 [WARN] DbFile:41 - Overriding database path with different value: C:\Users\eevgs\.stmcufinder\plugins\mcufinder/ => C:\Users\eevgs\.stmcufinder\plugins\mcufinder
2025-10-08 17:07:05,557 [INFO] ApiDb:250 - Set database path to: C:\Users\eevgs\.stmcufinder\plugins\mcufinder//mcu/
2025-10-08 17:07:05,557 [WARN] DbFile:41 - Overriding database path with different value: C:\Users\eevgs\.stmcufinder\plugins\mcufinder/ => C:\Users\eevgs\.stmcufinder\plugins\mcufinder
2025-10-08 17:07:05,557 [INFO] DbMcusAds:125 - Set database path to: C:\Users\eevgs\.stmcufinder\plugins\mcufinder//mcu/
2025-10-08 17:07:05,558 [WARN] DbFile:41 - Overriding database path with different value: C:\Users\eevgs\.stmcufinder\plugins\mcufinder/ => C:\Users\eevgs\.stmcufinder\plugins\mcufinder
2025-10-08 17:07:05,558 [WARN] DbFile:41 - Overriding database path with different value: C:\Users\eevgs\.stmcufinder\plugins\mcufinder/ => C:\Users\eevgs\.stmcufinder\plugins\mcufinder
2025-10-08 17:07:05,558 [INFO] CrossReferenceDbSqlite:203 - Set database path to: C:\Users\eevgs\.stmcufinder\plugins\mcufinder//mcu/cs/
2025-10-08 17:07:05,644 [INFO] MainPanel:274 - HeapMemory: 268435456
2025-10-08 17:07:05,773 [INFO] DbMcusXml:78 - Set database path to: C:\ST\STM32CubeIDE_1.19.0\STM32CubeIDE\plugins\com.st.stm32cube.common.mx_6.15.0.202507011659\\db\/mcu/
2025-10-08 17:07:05,773 [INFO] ApiDb:274 - Set plugin database path to: C:\ST\STM32CubeIDE_1.19.0\STM32CubeIDE\plugins\com.st.stm32cube.common.mx_6.15.0.202507011659\\db\/plugins/boardmanager/
2025-10-08 17:07:05,773 [INFO] ApiDb:261 - Set plugin images path to: C:\ST\STM32CubeIDE_1.19.0\STM32CubeIDE\plugins\com.st.stm32cube.common.mx_6.15.0.202507011659\\db\/plugins/mcufinder/images/
2025-10-08 17:07:05,774 [WARN] DbFile:41 - Overriding database path with different value: C:\Users\eevgs\.stmcufinder\plugins\mcufinder/ => C:\Users\eevgs\.stmcufinder\plugins\mcufinder
2025-10-08 17:07:05,774 [INFO] ApiDb:250 - Set database path to: C:\Users\eevgs\.stmcufinder\plugins\mcufinder//mcu/
2025-10-08 17:07:05,774 [WARN] DbFile:41 - Overriding database path with different value: C:\Users\eevgs\.stmcufinder\plugins\mcufinder/ => C:\Users\eevgs\.stmcufinder\plugins\mcufinder
2025-10-08 17:07:05,774 [INFO] DbMcusAds:125 - Set database path to: C:\Users\eevgs\.stmcufinder\plugins\mcufinder//mcu/
2025-10-08 17:07:05,774 [WARN] DbFile:41 - Overriding database path with different value: C:\Users\eevgs\.stmcufinder\plugins\mcufinder/ => C:\Users\eevgs\.stmcufinder\plugins\mcufinder
2025-10-08 17:07:05,774 [WARN] DbFile:41 - Overriding database path with different value: C:\Users\eevgs\.stmcufinder\plugins\mcufinder/ => C:\Users\eevgs\.stmcufinder\plugins\mcufinder
2025-10-08 17:07:05,774 [INFO] CrossReferenceDbSqlite:203 - Set database path to: C:\Users\eevgs\.stmcufinder\plugins\mcufinder//mcu/cs/
2025-10-08 17:07:05,794 [INFO] ApplicationProperties:184 - Using Application install path: C:\ST\STM32CubeIDE_1.19.0\STM32CubeIDE\plugins\com.st.stm32cube.common.mx_6.15.0.202507011659
2025-10-08 17:07:05,798 [INFO] PluginManage:196 - Search for loadable plugins [exclusion list=, ]
2025-10-08 17:07:05,800 [INFO] PluginManage:310 - Check plugin analytics
2025-10-08 17:07:06,002 [INFO] AnalyticsPlugin:253 - Accepted Software Licenses: STM32CubeMX.6.15.0
2025-10-08 17:07:06,002 [INFO] AnalyticsPlugin:255 - Accepted CMSIS Pack Licenses: 
2025-10-08 17:07:06,002 [INFO] AnalyticsPlugin:257 - Accepted Firmware Licenses: FW.F4.1.28.0
2025-10-08 17:07:06,005 [INFO] PluginManage:359 - Loaded plugin analytics (category:tool,tabindex:-1)
2025-10-08 17:07:06,006 [INFO] PluginManage:310 - Check plugin cadmodel
2025-10-08 17:07:06,014 [INFO] CADModel:105 - Init CAD model plugin
2025-10-08 17:07:06,014 [INFO] PluginManage:359 - Loaded plugin cadmodel (category:power,tabindex:5)
2025-10-08 17:07:06,015 [INFO] PluginManage:310 - Check plugin clock
2025-10-08 17:07:06,030 [INFO] PluginManage:359 - Loaded plugin clock (category:base,tabindex:2)
2025-10-08 17:07:06,031 [INFO] PluginManage:310 - Check plugin ddr
2025-10-08 17:07:06,035 [INFO] PluginManage:359 - Loaded plugin ddr (category:tool,tabindex:6)
2025-10-08 17:07:06,035 [INFO] PluginManage:310 - Check plugin filemanager
2025-10-08 17:07:06,227 [INFO] PluginManage:359 - Loaded plugin filemanager (category:base,tabindex:10)
2025-10-08 17:07:06,227 [INFO] PluginManage:310 - Check plugin ipmanager
2025-10-08 17:07:06,239 [INFO] PluginManage:359 - Loaded plugin ipmanager (category:base,tabindex:5)
2025-10-08 17:07:06,240 [INFO] PluginManage:310 - Check plugin lpbam
2025-10-08 17:07:06,249 [INFO] PluginManage:359 - Loaded plugin lpbam (category:base,tabindex:0)
2025-10-08 17:07:06,250 [INFO] PluginManage:310 - Check plugin memorymap
2025-10-08 17:07:06,270 [INFO] PluginManage:359 - Loaded plugin memorymap (category:base,tabindex:4)
2025-10-08 17:07:06,271 [INFO] PluginManage:310 - Check plugin pinoutandconfiguration
2025-10-08 17:07:06,282 [INFO] PluginManage:359 - Loaded plugin pinoutandconfiguration (category:base,tabindex:1)
2025-10-08 17:07:06,282 [INFO] PluginManage:310 - Check plugin pinoutconfig
2025-10-08 17:07:06,386 [WARN] SupportedApi:132 - Cannot load RTOS API schema: s4s-elt-must-match.1: The content of 'definitions' must match (annotation?, (simpleType | complexType)?, (unique | key | keyref)*)). A problem was found starting at: attribute.
2025-10-08 17:07:06,555 [INFO] PluginManage:359 - Loaded plugin pinoutconfig (category:base,tabindex:0)
2025-10-08 17:07:06,555 [INFO] PluginManage:310 - Check plugin power
2025-10-08 17:07:06,567 [INFO] PluginManage:359 - Loaded plugin power (category:power,tabindex:4)
2025-10-08 17:07:06,567 [INFO] PluginManage:310 - Check plugin projectmanager
2025-10-08 17:07:06,584 [INFO] PluginManage:359 - Loaded plugin projectmanager (category:projectmanager,tabindex:4)
2025-10-08 17:07:06,584 [INFO] PluginManage:310 - Check plugin rif
2025-10-08 17:07:06,598 [INFO] PluginManage:359 - Loaded plugin rif (category:base,tabindex:3)
2025-10-08 17:07:06,598 [INFO] PluginManage:310 - Check plugin thirdparty
2025-10-08 17:07:06,760 [INFO] PluginManage:359 - Loaded plugin thirdparty (category:base,tabindex:-1)
2025-10-08 17:07:06,760 [WARN] IntegrityCheckThread:84 - waiting for thirdparty lock release [integrity check]
2025-10-08 17:07:06,760 [INFO] PluginManage:310 - Check plugin tools
2025-10-08 17:07:06,760 [INFO] IntegrityCheckThread:86 - entering critical section [integrity check]
2025-10-08 17:07:06,761 [INFO] ThirdPartyUpdaterWithRetryManager:70 - Updater plugin not ready yet. [1/15]
2025-10-08 17:07:06,765 [INFO] PluginManage:359 - Loaded plugin tools (category:base,tabindex:7)
2025-10-08 17:07:06,765 [INFO] PluginManage:310 - Check plugin tutovideos
2025-10-08 17:07:07,022 [INFO] PluginManage:359 - Loaded plugin tutovideos (category:base,tabindex:-1)
2025-10-08 17:07:07,022 [INFO] PluginManage:310 - Check plugin updater
2025-10-08 17:07:07,051 [INFO] PluginManage:359 - Loaded plugin updater (category:base,tabindex:12)
2025-10-08 17:07:07,051 [INFO] PluginManage:310 - Check plugin userauth
2025-10-08 17:07:07,057 [INFO] UserAuth:118 - Init User Auth plugin
2025-10-08 17:07:07,059 [INFO] PluginManage:359 - Loaded plugin userauth (category:base,tabindex:14)
2025-10-08 17:07:07,059 [INFO] PluginManage:283 - PluginManage : Loaded plugins [18]
2025-10-08 17:07:07,317 [INFO] PinOutPanel:1589 - setPackage(No Configuration,No Configuration)
2025-10-08 17:07:07,411 [INFO] CADModel:165 - CPN selected for project level
2025-10-08 17:07:07,411 [INFO] CADModel:114 - Register for checkConnection events
2025-10-08 17:07:07,433 [INFO] IPUIPlugin:80 - create IPUIPlugin
2025-10-08 17:07:07,434 [INFO] PluginManager:220 - loadIPPluginJar : add adc
2025-10-08 17:07:07,437 [INFO] IPUIPlugin:80 - create IPUIPlugin
2025-10-08 17:07:07,437 [INFO] PluginManager:220 - loadIPPluginJar : add aes
2025-10-08 17:07:07,441 [INFO] IPUIPlugin:80 - create IPUIPlugin
2025-10-08 17:07:07,441 [INFO] PluginManager:220 - loadIPPluginJar : add can
2025-10-08 17:07:07,443 [INFO] IPUIPlugin:80 - create IPUIPlugin
2025-10-08 17:07:07,443 [INFO] PluginManager:220 - loadIPPluginJar : add comp
2025-10-08 17:07:07,446 [INFO] IPUIPlugin:80 - create IPUIPlugin
2025-10-08 17:07:07,446 [INFO] PluginManager:220 - loadIPPluginJar : add cryp
2025-10-08 17:07:07,450 [INFO] IPUIPlugin:80 - create IPUIPlugin
2025-10-08 17:07:07,450 [INFO] PluginManager:220 - loadIPPluginJar : add ddr_ctrl_phy
2025-10-08 17:07:07,455 [INFO] IPUIPlugin:80 - create IPUIPlugin
2025-10-08 17:07:07,455 [INFO] PluginManager:220 - loadIPPluginJar : add dfsdm
2025-10-08 17:07:07,463 [INFO] IPUIPlugin:80 - create IPUIPlugin
2025-10-08 17:07:07,464 [INFO] PluginManager:220 - loadIPPluginJar : add dma
2025-10-08 17:07:07,467 [INFO] IPUIPlugin:80 - create IPUIPlugin
2025-10-08 17:07:07,467 [INFO] PluginManager:220 - loadIPPluginJar : add dma3
2025-10-08 17:07:07,471 [INFO] IPUIPlugin:80 - create IPUIPlugin
2025-10-08 17:07:07,471 [INFO] PluginManager:220 - loadIPPluginJar : add extmemmanager
2025-10-08 17:07:07,473 [INFO] IPUIPlugin:80 - create IPUIPlugin
2025-10-08 17:07:07,473 [INFO] PluginManager:220 - loadIPPluginJar : add fatfs
2025-10-08 17:07:07,479 [INFO] IPUIPlugin:80 - create IPUIPlugin
2025-10-08 17:07:07,480 [INFO] PluginManager:220 - loadIPPluginJar : add fmc
2025-10-08 17:07:07,489 [INFO] IPUIPlugin:80 - create IPUIPlugin
2025-10-08 17:07:07,489 [INFO] PluginManager:220 - loadIPPluginJar : add freertos
2025-10-08 17:07:07,491 [INFO] IPUIPlugin:80 - create IPUIPlugin
2025-10-08 17:07:07,491 [INFO] PluginManager:220 - loadIPPluginJar : add genericplugin
2025-10-08 17:07:07,494 [INFO] IPUIPlugin:80 - create IPUIPlugin
2025-10-08 17:07:07,495 [INFO] PluginManager:220 - loadIPPluginJar : add gfxmmu
2025-10-08 17:07:07,499 [INFO] IPUIPlugin:80 - create IPUIPlugin
2025-10-08 17:07:07,499 [INFO] PluginManager:220 - loadIPPluginJar : add gic
2025-10-08 17:07:07,505 [INFO] IPUIPlugin:80 - create IPUIPlugin
2025-10-08 17:07:07,505 [INFO] PluginManager:220 - loadIPPluginJar : add gpio
2025-10-08 17:07:07,509 [INFO] IPUIPlugin:80 - create IPUIPlugin
2025-10-08 17:07:07,509 [INFO] PluginManager:220 - loadIPPluginJar : add gtzc
2025-10-08 17:07:07,512 [INFO] IPUIPlugin:80 - create IPUIPlugin
2025-10-08 17:07:07,512 [INFO] PluginManager:220 - loadIPPluginJar : add hash
2025-10-08 17:07:07,514 [INFO] IPUIPlugin:80 - create IPUIPlugin
2025-10-08 17:07:07,514 [INFO] PluginManager:220 - loadIPPluginJar : add i2c
2025-10-08 17:07:07,520 [INFO] IPUIPlugin:80 - create IPUIPlugin
2025-10-08 17:07:07,520 [INFO] PluginManager:220 - loadIPPluginJar : add i2s
2025-10-08 17:07:07,524 [INFO] IPUIPlugin:80 - create IPUIPlugin
2025-10-08 17:07:07,524 [INFO] PluginManager:220 - loadIPPluginJar : add i3c
2025-10-08 17:07:07,527 [INFO] IPUIPlugin:80 - create IPUIPlugin
2025-10-08 17:07:07,527 [INFO] PluginManager:220 - loadIPPluginJar : add ipddr
2025-10-08 17:07:07,535 [INFO] IPUIPlugin:80 - create IPUIPlugin
2025-10-08 17:07:07,535 [INFO] PluginManager:220 - loadIPPluginJar : add linkedlist
2025-10-08 17:07:07,539 [INFO] IPUIPlugin:80 - create IPUIPlugin
2025-10-08 17:07:07,539 [INFO] PluginManager:220 - loadIPPluginJar : add lorawan
2025-10-08 17:07:07,541 [INFO] IPUIPlugin:80 - create IPUIPlugin
2025-10-08 17:07:07,541 [INFO] PluginManager:220 - loadIPPluginJar : add ltdc
2025-10-08 17:07:07,547 [INFO] IPUIPlugin:80 - create IPUIPlugin
2025-10-08 17:07:07,547 [INFO] PluginManager:220 - loadIPPluginJar : add mdma
2025-10-08 17:07:07,551 [INFO] IPUIPlugin:80 - create IPUIPlugin
2025-10-08 17:07:07,552 [INFO] PluginManager:220 - loadIPPluginJar : add nvic
2025-10-08 17:07:07,554 [INFO] IPUIPlugin:80 - create IPUIPlugin
2025-10-08 17:07:07,555 [INFO] PluginManager:220 - loadIPPluginJar : add opamp
2025-10-08 17:07:07,559 [INFO] IPUIPlugin:80 - create IPUIPlugin
2025-10-08 17:07:07,560 [INFO] PluginManager:220 - loadIPPluginJar : add openamp
2025-10-08 17:07:07,564 [INFO] IPUIPlugin:80 - create IPUIPlugin
2025-10-08 17:07:07,564 [INFO] PluginManager:220 - loadIPPluginJar : add pdm2pcm
2025-10-08 17:07:07,570 [INFO] IPUIPlugin:80 - create IPUIPlugin
2025-10-08 17:07:07,571 [INFO] PluginManager:220 - loadIPPluginJar : add plateformsettings
2025-10-08 17:07:07,574 [INFO] IPUIPlugin:80 - create IPUIPlugin
2025-10-08 17:07:07,574 [INFO] PluginManager:220 - loadIPPluginJar : add quadspi
2025-10-08 17:07:07,576 [INFO] IPUIPlugin:80 - create IPUIPlugin
2025-10-08 17:07:07,577 [INFO] PluginManager:220 - loadIPPluginJar : add radio
2025-10-08 17:07:07,580 [INFO] IPUIPlugin:80 - create IPUIPlugin
2025-10-08 17:07:07,580 [INFO] PluginManager:220 - loadIPPluginJar : add resmgrutility
2025-10-08 17:07:07,585 [INFO] IPUIPlugin:80 - create IPUIPlugin
2025-10-08 17:07:07,585 [INFO] PluginManager:220 - loadIPPluginJar : add sai
2025-10-08 17:07:07,588 [INFO] IPUIPlugin:80 - create IPUIPlugin
2025-10-08 17:07:07,589 [INFO] PluginManager:220 - loadIPPluginJar : add spi
2025-10-08 17:07:07,597 [INFO] IPUIPlugin:80 - create IPUIPlugin
2025-10-08 17:07:07,597 [INFO] PluginManager:220 - loadIPPluginJar : add stm32_wpan
2025-10-08 17:07:07,599 [INFO] IPUIPlugin:80 - create IPUIPlugin
2025-10-08 17:07:07,599 [INFO] PluginManager:220 - loadIPPluginJar : add tim
2025-10-08 17:07:07,603 [INFO] IPUIPlugin:80 - create IPUIPlugin
2025-10-08 17:07:07,603 [INFO] PluginManager:220 - loadIPPluginJar : add touchsensing
2025-10-08 17:07:07,606 [INFO] IPUIPlugin:80 - create IPUIPlugin
2025-10-08 17:07:07,606 [INFO] PluginManager:220 - loadIPPluginJar : add tracer_emb
2025-10-08 17:07:07,609 [INFO] IPUIPlugin:80 - create IPUIPlugin
2025-10-08 17:07:07,609 [INFO] PluginManager:220 - loadIPPluginJar : add ts
2025-10-08 17:07:07,612 [INFO] IPUIPlugin:80 - create IPUIPlugin
2025-10-08 17:07:07,612 [INFO] PluginManager:220 - loadIPPluginJar : add tsc
2025-10-08 17:07:07,614 [INFO] IPUIPlugin:80 - create IPUIPlugin
2025-10-08 17:07:07,614 [INFO] PluginManager:220 - loadIPPluginJar : add ucpd
2025-10-08 17:07:07,618 [INFO] IPUIPlugin:80 - create IPUIPlugin
2025-10-08 17:07:07,618 [INFO] PluginManager:220 - loadIPPluginJar : add usart
2025-10-08 17:07:07,622 [INFO] IPUIPlugin:80 - create IPUIPlugin
2025-10-08 17:07:07,622 [INFO] PluginManager:220 - loadIPPluginJar : add usbx
2025-10-08 17:07:07,773 [FATAL] Updater:351 - Updater called before beeing initialized
2025-10-08 17:07:07,803 [INFO] RulesReader:64 - Compatibility file has been processed (317 Rules)
2025-10-08 17:07:07,818 [INFO] RulesReader:64 - Compatibility file has been processed (317 Rules)
2025-10-08 17:07:07,830 [INFO] CADModel:165 - CPN selected for project level
2025-10-08 17:07:07,830 [INFO] CADModel:114 - Register for checkConnection events
2025-10-08 17:07:07,830 [FATAL] Updater:351 - Updater called before beeing initialized
2025-10-08 17:07:07,830 [ERROR] CADModel:125 - Updater not yet initialized, retry later 
2025-10-08 17:07:08,011 [FATAL] Updater:351 - Updater called before beeing initialized
2025-10-08 17:07:08,013 [INFO] CADModel:165 - CPN selected for project level
2025-10-08 17:07:08,013 [INFO] CADModel:114 - Register for checkConnection events
2025-10-08 17:07:08,013 [FATAL] Updater:351 - Updater called before beeing initialized
2025-10-08 17:07:08,013 [ERROR] CADModel:125 - Updater not yet initialized, retry later 
2025-10-08 17:07:08,017 [FATAL] Updater:351 - Updater called before beeing initialized
2025-10-08 17:07:08,139 [FATAL] Updater:351 - Updater called before beeing initialized
2025-10-08 17:07:08,142 [INFO] DbMcusAds:53 - JSON generation date=Thu Oct 02 12:36:05 MSK 2025 (1759397765045)
2025-10-08 17:07:08,142 [FATAL] Updater:351 - Updater called before beeing initialized
2025-10-08 17:07:08,184 [WARN] DetailPanel:346 - Failed to get advertising image, set to default
2025-10-08 17:07:08,284 [FATAL] Updater:351 - Updater called before beeing initialized
2025-10-08 17:07:08,286 [FATAL] Updater:351 - Updater called before beeing initialized
2025-10-08 17:07:08,286 [FATAL] Updater:351 - Updater called before beeing initialized
2025-10-08 17:07:08,286 [WARN] DetailPanel:346 - Failed to get advertising image, set to default
2025-10-08 17:07:08,287 [FATAL] Updater:351 - Updater called before beeing initialized
2025-10-08 17:07:08,342 [ERROR] Updater:1198 - MainUpdater not yet initialized. External WinMGr cannot be set.
2025-10-08 17:07:08,344 [INFO] Updater:1134 - Updater Version found : 6.15.0
2025-10-08 17:07:08,361 [INFO] ApplicationProperties:184 - Using Application install path: C:\ST\STM32CubeIDE_1.19.0\STM32CubeIDE\plugins\com.st.stm32cube.common.mx_6.15.0.202507011659
2025-10-08 17:07:08,944 [ERROR] CheckConnectionManager:249 - Problem, Http access forbiden
2025-10-08 17:07:08,949 [INFO] MainUpdater:2872 - connection check result : 22
2025-10-08 17:07:08,950 [INFO] MainUpdater:289 - Updater Check For Update Now.
2025-10-08 17:07:08,950 [INFO] MicroXplorer:498 - Change Database Version : DB.6.0.150
2025-10-08 17:07:08,957 [INFO] McuFinderGlobals:63 - Set McuFinder mode to 2 (CubeIDE integrated)
2025-10-08 17:07:08,958 [INFO] UserAuth:487 - Internet connection configuration mode: 2
2025-10-08 17:07:08,963 [INFO] UserAuth:487 - Internet connection configuration mode: 2
2025-10-08 17:07:09,151 [INFO] CheckServerUpdateThread:120 - End of CheckServer Thread
2025-10-08 17:07:10,012 [WARN] PackLoader:240 - Cannot read IP mode file for STMicroelectronics.FP-SNS-MOTENVWB1.1.4.0
2025-10-08 17:07:10,022 [WARN] PackLoader:240 - Cannot read IP mode file for STMicroelectronics.FP-ATR-ASTRA1.2.0.2
2025-10-08 17:07:10,034 [WARN] PackLoader:240 - Cannot read IP mode file for STMicroelectronics.X-CUBE-SMBUS.2.1.0
2025-10-08 17:07:10,041 [WARN] PackLoader:240 - Cannot read IP mode file for STMicroelectronics.X-CUBE-ST60.1.0.0
2025-10-08 17:07:10,079 [WARN] PackLoader:240 - Cannot read IP mode file for STMicroelectronics.X-CUBE-AZRTOS-F7.1.1.0
2025-10-08 17:07:10,093 [WARN] PackLoader:240 - Cannot read IP mode file for Cesanta.I-CUBE-Mongoose.7.19.0
2025-10-08 17:07:10,105 [WARN] PackLoader:240 - Cannot read IP mode file for WES.I-CUBE-Cesium.1.4.0
2025-10-08 17:07:10,132 [WARN] PackLoader:240 - Cannot read IP mode file for Infineon.AIROC-Wi-Fi-Bluetooth-STM32.1.7.1
2025-10-08 17:07:10,147 [WARN] PackLoader:240 - Cannot read IP mode file for STMicroelectronics.X-CUBE-DISPLAY.3.0.0
2025-10-08 17:07:10,163 [WARN] PackLoader:240 - Cannot read IP mode file for STMicroelectronics.X-CUBE-NFC10.1.0.0
2025-10-08 17:07:10,172 [WARN] PackLoader:240 - Cannot read IP mode file for emotas.I-CUBE-CANOPEN.1.3.0
2025-10-08 17:07:10,179 [WARN] PackLoader:240 - Cannot read IP mode file for STMicroelectronics.FP-SNS-SMARTAG2.1.2.0
2025-10-08 17:07:10,183 [WARN] PackLoader:240 - Cannot read IP mode file for STMicroelectronics.FP-SNS-FLIGHT1.5.1.0
2025-10-08 17:07:10,195 [INFO] LogOutputStream:77 - [STDOUT_REDIRECT] 1 : Invalid condition id : UX_CORESTACK_Condition cause : null
2025-10-08 17:07:10,196 [INFO] LogOutputStream:77 - [STDOUT_REDIRECT] 1 : Invalid condition id : UX_CORESTACK_Condition cause : null
2025-10-08 17:07:10,198 [INFO] LogOutputStream:77 - [STDOUT_REDIRECT] 1 : Invalid condition id : UX_CORESTACK_Condition cause : null
2025-10-08 17:07:10,199 [INFO] LogOutputStream:77 - [STDOUT_REDIRECT] 1 : Invalid condition id : UX_CORESTACK_Condition cause : null
2025-10-08 17:07:10,201 [INFO] LogOutputStream:77 - [STDOUT_REDIRECT] 1 : Invalid condition id : UX_CORESTACK_Condition cause : null
2025-10-08 17:07:10,208 [WARN] PackLoader:240 - Cannot read IP mode file for STMicroelectronics.X-CUBE-AZRTOS-WL.2.0.0
2025-10-08 17:07:10,219 [WARN] PackLoader:240 - Cannot read IP mode file for STMicroelectronics.FP-SNS-MOTENV1.5.0.0
2025-10-08 17:07:10,234 [WARN] PackLoader:240 - Cannot read IP mode file for STMicroelectronics.X-CUBE-BLE2.3.3.0
2025-10-08 17:07:10,243 [WARN] PackLoader:240 - Cannot read IP mode file for STMicroelectronics.X-CUBE-NFC9.1.0.0
2025-10-08 17:07:10,251 [WARN] PackLoader:240 - Cannot read IP mode file for STMicroelectronics.X-CUBE-BLE1.7.1.0
2025-10-08 17:07:10,270 [WARN] PackLoader:240 - Cannot read IP mode file for STMicroelectronics.X-CUBE-AZRTOS-G0.1.1.0
2025-10-08 17:07:10,280 [WARN] PackLoader:240 - Cannot read IP mode file for STMicroelectronics.X-CUBE-SAFEA1.1.2.2
2025-10-08 17:07:10,288 [WARN] PackLoader:240 - Cannot read IP mode file for STMicroelectronics.X-CUBE-NFC4.3.0.0
2025-10-08 17:07:10,300 [WARN] PackLoader:240 - Cannot read IP mode file for EmbeddedOffice.I-CUBE-FS-RTOS.1.0.1
2025-10-08 17:07:10,307 [WARN] PackLoader:240 - Cannot read IP mode file for STMicroelectronics.X-CUBE-WB05N.2.0.0
2025-10-08 17:07:10,315 [WARN] PackLoader:240 - Cannot read IP mode file for STMicroelectronics.X-CUBE-TCPP.4.2.0
2025-10-08 17:07:10,338 [WARN] PackLoader:240 - Cannot read IP mode file for RealThread.X-CUBE-RT-Thread_Nano.4.1.1
2025-10-08 17:07:10,344 [WARN] PackLoader:240 - Cannot read IP mode file for STMicroelectronics.FP-ATR-SIGFOX1.3.2.0
2025-10-08 17:07:10,351 [WARN] PackLoader:240 - Cannot read IP mode file for ITTIA_DB.I-CUBE-ITTIADB.8.9.0
2025-10-08 17:07:10,359 [WARN] PackLoader:240 - Cannot read IP mode file for STMicroelectronics.X-CUBE-ST67W61.1.0.0
2025-10-08 17:07:10,417 [WARN] PackLoader:240 - Cannot read IP mode file for SEGGER.I-CUBE-embOS.1.3.1
2025-10-08 17:07:10,462 [WARN] PackLoader:240 - Cannot read IP mode file for STMicroelectronics.X-CUBE-ALGOBUILD.1.4.0
2025-10-08 17:07:10,504 [WARN] PackLoader:240 - Cannot read IP mode file for STMicroelectronics.X-CUBE-MEMS1.11.3.0
2025-10-08 17:07:10,615 [WARN] PackLoader:240 - Cannot read IP mode file for STMicroelectronics.X-CUBE-PM33A1.1.0.0
2025-10-08 17:07:10,631 [WARN] PackLoader:240 - Cannot read IP mode file for STMicroelectronics.X-CUBE-AZRTOS-F4.1.1.0
2025-10-08 17:07:10,637 [WARN] PackLoader:240 - Cannot read IP mode file for STMicroelectronics.X-CUBE-ISPU.2.1.0
2025-10-08 17:07:10,650 [WARN] PackLoader:240 - Cannot read IP mode file for STMicroelectronics.X-CUBE-AZRTOS-L5.2.0.0
2025-10-08 17:07:10,662 [WARN] PackLoader:240 - Cannot read IP mode file for STMicroelectronics.X-CUBE-NFC6.3.1.0
2025-10-08 17:07:10,669 [WARN] PackLoader:240 - Cannot read IP mode file for STMicroelectronics.X-CUBE-FREERTOS.1.3.1
2025-10-08 17:07:10,676 [WARN] PackLoader:240 - Cannot read IP mode file for STMicroelectronics.X-CUBE-TOUCHGFX.4.26.0
2025-10-08 17:07:10,681 [WARN] PackLoader:240 - Cannot read IP mode file for STMicroelectronics.X-CUBE-DPower.1.3.0
2025-10-08 17:07:10,696 [WARN] ConditionMgr:438 - getConditionDescription Invalid condition id : LAN8742 Phy interface Condition cause : null
2025-10-08 17:07:10,697 [WARN] PackLoader:240 - Cannot read IP mode file for STMicroelectronics.X-CUBE-AZRTOS-L4.2.0.0
2025-10-08 17:07:10,699 [WARN] ConditionMgr:1044 - genDependencies : Invalid condition id : LAN8742 Phy interface Condition cause : null
2025-10-08 17:07:10,699 [WARN] ConditionMgr:1044 - genDependencies : Invalid condition id : LAN8742 Phy interface Condition cause : null
2025-10-08 17:07:10,700 [WARN] ConditionMgr:1044 - genDependencies : Invalid condition id : LAN8742 Phy interface Condition cause : null
2025-10-08 17:07:10,709 [WARN] PackLoader:240 - Cannot read IP mode file for STMicroelectronics.X-CUBE-SFXS2LP1.4.0.0
2025-10-08 17:07:10,721 [WARN] ConditionMgr:438 - getConditionDescription Invalid condition id : UX DEVICE CLASS RTOS Condition cause : null
2025-10-08 17:07:10,722 [WARN] ConditionMgr:438 - getConditionDescription Invalid condition id : UX DEVICE CLASS RTOS Condition cause : null
2025-10-08 17:07:10,723 [WARN] PackLoader:240 - Cannot read IP mode file for STMicroelectronics.X-CUBE-AZRTOS-WB.2.0.0
2025-10-08 17:07:10,724 [WARN] ConditionMgr:1044 - genDependencies : Invalid condition id : UX DEVICE CLASS RTOS Condition cause : null
2025-10-08 17:07:10,724 [WARN] ConditionMgr:1044 - genDependencies : Invalid condition id : UX DEVICE CLASS RTOS Condition cause : null
2025-10-08 17:07:10,725 [WARN] ConditionMgr:1044 - genDependencies : Invalid condition id : UX DEVICE CLASS RTOS Condition cause : null
2025-10-08 17:07:10,725 [WARN] ConditionMgr:1044 - genDependencies : Invalid condition id : UX DEVICE CLASS RTOS Condition cause : null
2025-10-08 17:07:10,725 [WARN] ConditionMgr:1044 - genDependencies : Invalid condition id : UX DEVICE CLASS RTOS Condition cause : null
2025-10-08 17:07:10,732 [WARN] PackLoader:240 - Cannot read IP mode file for STMicroelectronics.X-CUBE-GNSS1.7.0.1
2025-10-08 17:07:10,737 [WARN] PackLoader:240 - Cannot read IP mode file for STMicroelectronics.X-CUBE-TOUCHGFX.4.25.0
2025-10-08 17:07:10,743 [WARN] ConditionMgr:438 - getConditionDescription Invalid condition id : Cortex-A Device cause : null
2025-10-08 17:07:10,757 [WARN] ConditionMgr:1044 - genDependencies : Invalid condition id : Cortex-A Device cause : null
2025-10-08 17:07:10,757 [WARN] ConditionMgr:1044 - genDependencies : Invalid condition id : Cortex-A Device cause : null
2025-10-08 17:07:10,757 [WARN] ConditionMgr:1044 - genDependencies : Invalid condition id : Cortex-A Device cause : null
2025-10-08 17:07:10,767 [WARN] PackLoader:240 - Cannot read IP mode file for STMicroelectronics.X-CUBE-SUBG2.5.0.0
2025-10-08 17:07:10,791 [WARN] PackLoader:240 - Cannot read IP mode file for STMicroelectronics.X-CUBE-AZRTOS-H7RS.1.1.0
2025-10-08 17:07:10,806 [WARN] PackLoader:240 - Cannot read IP mode file for STMicroelectronics.X-CUBE-AZRTOS-G4.2.0.0
2025-10-08 17:07:10,813 [WARN] PackLoader:240 - Cannot read IP mode file for STMicroelectronics.X-CUBE-NFC7.2.0.0
2025-10-08 17:07:10,827 [WARN] PackLoader:240 - Cannot read IP mode file for STMicroelectronics.X-CUBE-IPS.3.1.0
2025-10-08 17:07:10,836 [WARN] PackLoader:240 - Cannot read IP mode file for STMicroelectronics.X-CUBE-ALS.1.0.2
2025-10-08 17:07:10,845 [WARN] PackLoader:240 - Cannot read IP mode file for STMicroelectronics.X-CUBE-TOF1.3.4.3
2025-10-08 17:07:10,853 [INFO] ThirdParty:978 - Integrity check success = true
2025-10-08 17:07:10,853 [INFO] IntegrityCheckThread:100 - exiting critical section [integrity check]
2025-10-08 17:07:10,853 [INFO] IntegrityCheckThread:103 - End integrity checks thread
