2025-10-06 02:31:59,311 [INFO] WebApp:194 - Connection lost
2025-10-06 02:43:50,877 [INFO] WebApp:191 - Connection restablished
2025-10-06 02:43:51,952 [INFO] WebApp:194 - Connection lost
2025-10-06 02:43:52,150 [INFO] WebApp:191 - Connection restablished
2025-10-06 05:12:18,820 [INFO] MainUpdater:2872 - connection check result : 10
2025-10-06 05:12:18,960 [INFO] McuFinderGlobals:76 - Set McuFinderConnectedMode to true
2025-10-06 05:12:18,962 [INFO] MultiScanPanel:200 - Auto-refresh data requested => check proxy status ongoing
2025-10-06 05:12:18,964 [INFO] FinderPluginLoader:96 - Searching for filters in installed packs
2025-10-06 05:12:19,998 [INFO] LoadUrlFilesThread:185 - End of LoadServerUrlFiles without Thread
2025-10-06 05:12:19,998 [INFO] DetailPanel:341 - Set advertising image to C:/Users/eevgs/STM32Cube/Repository/\en.mcu-finder-stm32n6dk.jpg
2025-10-06 05:12:43,656 [INFO] MainUpdater:2872 - connection check result : 10
2025-10-06 05:12:43,657 [INFO] MainUpdater:2872 - connection check result : 10
2025-10-06 05:12:43,744 [INFO] MicroXplorer:468 - Change Database Path : 
2025-10-06 05:12:43,745 [INFO] MicroXplorer:498 - Change Database Version : DB.6.0.150
2025-10-06 05:12:43,775 [ERROR] ProjectManagerView:395 - 
java.lang.NullPointerException: Cannot invoke "javax.swing.JTextField.getText()" because the return value of "java.util.List.get(int)" is null
	at com.st.microxplorer.plugins.projectmanager.gui.ProjectChoiceTab$9.caretUpdate(ProjectChoiceTab.java:2706) ~[filemanager.jar:?]
	at javax.swing.text.JTextComponent.fireCaretUpdate(JTextComponent.java:408) ~[?:?]
	at javax.swing.text.JTextComponent$MutableCaretEvent.fire(JTextComponent.java:4484) ~[?:?]
	at javax.swing.text.JTextComponent$MutableCaretEvent.stateChanged(JTextComponent.java:4506) ~[?:?]
	at javax.swing.text.DefaultCaret.fireStateChanged(DefaultCaret.java:857) ~[?:?]
	at javax.swing.text.DefaultCaret.changeCaretPosition(DefaultCaret.java:1343) ~[?:?]
	at javax.swing.text.DefaultCaret.handleSetDot(DefaultCaret.java:1242) ~[?:?]
	at javax.swing.text.DefaultCaret.setDot(DefaultCaret.java:1223) ~[?:?]
	at javax.swing.text.DefaultCaret$Handler.insertUpdate(DefaultCaret.java:1819) ~[?:?]
	at javax.swing.text.AbstractDocument.fireInsertUpdate(AbstractDocument.java:227) ~[?:?]
	at javax.swing.text.AbstractDocument.handleInsertString(AbstractDocument.java:781) ~[?:?]
	at javax.swing.text.AbstractDocument.insertString(AbstractDocument.java:740) ~[?:?]
	at javax.swing.text.PlainDocument.insertString(PlainDocument.java:131) ~[?:?]
	at javax.swing.text.AbstractDocument.replace(AbstractDocument.java:699) ~[?:?]
	at javax.swing.text.JTextComponent.setText(JTextComponent.java:1725) ~[?:?]
	at com.st.microxplorer.plugins.projectmanager.gui.ProjectChoiceTab.createHeapStackFields(ProjectChoiceTab.java:993) ~[filemanager.jar:?]
	at com.st.microxplorer.plugins.projectmanager.gui.ProjectChoiceTab.buildLinkSettingsPanel(ProjectChoiceTab.java:3813) ~[filemanager.jar:?]
	at com.st.microxplorer.plugins.projectmanager.gui.ProjectChoiceTab.defineWindowsFields(ProjectChoiceTab.java:1987) ~[filemanager.jar:?]
	at com.st.microxplorer.plugins.projectmanager.gui.ProjectChoiceTab.updateSettings(ProjectChoiceTab.java:558) ~[filemanager.jar:?]
	at com.st.microxplorer.plugins.projectmanager.gui.ProjectSettingsPanel.UpdateDialog(ProjectSettingsPanel.java:247) ~[filemanager.jar:?]
	at com.st.microxplorer.plugins.projectmanager.ProjectManagerView.propertyChange(ProjectManagerView.java:392) ~[filemanager.jar:?]
	at java.beans.PropertyChangeSupport.fire(PropertyChangeSupport.java:343) ~[?:?]
	at java.beans.PropertyChangeSupport.firePropertyChange(PropertyChangeSupport.java:335) ~[?:?]
	at java.beans.PropertyChangeSupport.firePropertyChange(PropertyChangeSupport.java:268) ~[?:?]
	at com.st.microxplorer.util.MXPropertyChangeSupport.firePropertyChange(MXPropertyChangeSupport.java:54) ~[STM32CubeMX.jar:?]
	at com.st.microxplorer.mxsystem.MxSystem.closeConfig(MxSystem.java:899) ~[STM32CubeMX.jar:?]
	at com.st.microxplorer.maingui.MainPanel.closeConfig(MainPanel.java:792) ~[STM32CubeMX.jar:?]
	at com.st.microxplorer.plugins.filemanager.engine.OpenFileManager.loadConfigurationFile(OpenFileManager.java:288) ~[filemanager.jar:?]
	at com.st.microxplorer.plugins.filemanager.engine.MainFileManager.userLoadConfig(MainFileManager.java:364) ~[filemanager.jar:?]
	at com.st.microxplorer.plugins.filemanager.engine.MainFileManager.userLoadConfig(MainFileManager.java:342) ~[filemanager.jar:?]
	at com.st.microxplorer.plugins.filemanager.FileManagerView.getSpecificTask(FileManagerView.java:264) ~[filemanager.jar:?]
	at com.st.stm32cube.common.mx.editor.CubeMxEditor.getMxTabbedPaneInstance(CubeMxEditor.java:1198) ~[com.st.stm32cube.common.mx_6.15.0.202507011659/:?]
	at com.st.stm32cube.common.mx.editor.CubeMxEditor$12$1.createSwingComponent(CubeMxEditor.java:1068) ~[com.st.stm32cube.common.mx_6.15.0.202507011659/:?]
	at com.st.stm32cube.common.mx.oss.core.awtswtbridge.EmbeddedSwingComposite.doComponentCreation(EmbeddedSwingComposite.java:492) ~[com.st.stm32cube.common.mx.oss_6.15.0.202507011659/:?]
	at com.st.stm32cube.common.mx.oss.core.awtswtbridge.EmbeddedSwingComposite$4.run(EmbeddedSwingComposite.java:291) ~[com.st.stm32cube.common.mx.oss_6.15.0.202507011659/:?]
	at com.st.stm32cube.common.mx.oss.core.awtswtbridge.AwtEnvironment$2.run(AwtEnvironment.java:166) ~[com.st.stm32cube.common.mx.oss_6.15.0.202507011659/:?]
	at java.awt.event.InvocationEvent.dispatch(InvocationEvent.java:318) ~[?:?]
	at java.awt.EventQueue.dispatchEventImpl(EventQueue.java:773) ~[?:?]
	at java.awt.EventQueue$4.run(EventQueue.java:720) ~[?:?]
	at java.awt.EventQueue$4.run(EventQueue.java:714) ~[?:?]
	at java.security.AccessController.doPrivileged(AccessController.java:400) ~[?:?]
	at java.security.ProtectionDomain$JavaSecurityAccessImpl.doIntersectionPrivilege(ProtectionDomain.java:87) ~[?:?]
	at java.awt.EventQueue.dispatchEvent(EventQueue.java:742) ~[?:?]
	at java.awt.EventDispatchThread.pumpOneEventForFilters(EventDispatchThread.java:203) ~[?:?]
	at java.awt.EventDispatchThread.pumpEventsForFilter(EventDispatchThread.java:124) ~[?:?]
	at java.awt.EventDispatchThread.pumpEventsForHierarchy(EventDispatchThread.java:113) ~[?:?]
	at java.awt.EventDispatchThread.pumpEvents(EventDispatchThread.java:109) ~[?:?]
	at java.awt.EventDispatchThread.pumpEvents(EventDispatchThread.java:101) ~[?:?]
	at java.awt.EventDispatchThread.run(EventDispatchThread.java:90) ~[?:?]
2025-10-06 05:12:43,778 [WARN] ThirdParty:871 - waiting for thirdparty lock release [close project]
2025-10-06 05:12:43,778 [INFO] ThirdParty:873 - entering critical section [close project]
2025-10-06 05:12:43,778 [INFO] ThirdParty:883 - exiting critical section [close project]
2025-10-06 05:12:43,779 [INFO] PinOutPanel:1589 - setPackage(No Configuration,No Configuration)
2025-10-06 05:12:43,787 [WARN] IpParametersView:155 - Warning: This peripheral hasn't parameters
2025-10-06 05:12:43,802 [WARN] MainPanel:289 - <html><b><center>Warning: This peripheral has no parameters to be configured<br></b></html>
2025-10-06 05:12:43,805 [INFO] UtilMem:75 - Begin LoadConfig() Used Memory: 438797160 Bytes (980418560)
2025-10-06 05:12:43,805 [INFO] MicroXplorer:468 - Change Database Path : 
2025-10-06 05:12:43,806 [INFO] MicroXplorer:498 - Change Database Version : DB.6.0.150
2025-10-06 05:12:43,806 [INFO] OpenFileManager:355 - Change cursor
2025-10-06 05:12:43,823 [INFO] Mcu:2029 - Initializing MCU STM32F411CEUx STM32F411CEUx STM32F411CEU6
2025-10-06 05:12:44,717 [INFO] Context:786 - Trying to add GPIOservice into a context  which must be forbidden
2025-10-06 05:12:45,038 [INFO] ImportTextPane:234 - (OptionalMessage_ERROR) Unable to find key (Mcu.ThirdPartyNb) in loaded IOC file
2025-10-06 05:12:45,038 [INFO] ImportTextPane:234 - (OptionalMessage_ERROR) Unable to find key (Mcu.PinsNb) in loaded IOC file
2025-10-06 05:12:45,039 [INFO] ImportTextPane:234 - (OptionalMessage_ERROR) Pin0 (VP_RIF_VS_RIF1) cannot be retrieved for this MCU
2025-10-06 05:12:45,039 [INFO] ImportTextPane:234 - (OptionalMessage_ERROR) Unable to find key (Mcu.IPNb) in loaded IOC file
2025-10-06 05:12:45,065 [INFO] RtosManager:558 - Registered RTOS mode: class=CMSIS, group=RTOS, mode=CMSIS_V1, owner=FREERTOS
2025-10-06 05:12:45,065 [INFO] RtosManager:558 - Registered RTOS mode: class=CMSIS, group=RTOS2, mode=CMSIS_V2, owner=FREERTOS
2025-10-06 05:12:45,067 [INFO] RtosManager:558 - Registered RTOS mode: class=RTOS, group=Core, mode=CMSIS_V1, owner=FREERTOS
2025-10-06 05:12:45,067 [INFO] RtosManager:558 - Registered RTOS mode: class=RTOS, group=Core, mode=CMSIS_V2, owner=FREERTOS
2025-10-06 05:12:45,067 [WARN] ModelIntegratedComponent:184 - Missing modes for component STMicroelectronics:FreeRTOS:0.0.1:STMicroelectronics:RTOS:FreeRTOS:Core:::10.2.0:
2025-10-06 05:12:45,075 [WARN] ModelIntegratedComponent:182 - Modes not found for component STMicroelectronics:USB_HOST:1.0.0:STMicroelectronics:USB::USB Host:Audio HS::1.0:USB_HOST_1_0_RESTRICTED_HS
2025-10-06 05:12:45,075 [WARN] ModelIntegratedComponent:188 - Modes not found for component STMicroelectronics:USB_HOST:1.0.0:STMicroelectronics:USB::USB Host:Audio HS::1.0:USB_HOST_1_0_RESTRICTED_HS
2025-10-06 05:12:45,075 [WARN] ModelIntegratedComponent:182 - Modes not found for component STMicroelectronics:USB_HOST:1.0.0:STMicroelectronics:USB::USB Host:CDC HS::1.0:USB_HOST_1_0_RESTRICTED_HS
2025-10-06 05:12:45,075 [WARN] ModelIntegratedComponent:188 - Modes not found for component STMicroelectronics:USB_HOST:1.0.0:STMicroelectronics:USB::USB Host:CDC HS::1.0:USB_HOST_1_0_RESTRICTED_HS
2025-10-06 05:12:45,075 [WARN] ModelIntegratedComponent:182 - Modes not found for component STMicroelectronics:USB_HOST:1.0.0:STMicroelectronics:USB::USB Host:MSC HS::1.0:USB_HOST_1_0_RESTRICTED_HS
2025-10-06 05:12:45,075 [WARN] ModelIntegratedComponent:188 - Modes not found for component STMicroelectronics:USB_HOST:1.0.0:STMicroelectronics:USB::USB Host:MSC HS::1.0:USB_HOST_1_0_RESTRICTED_HS
2025-10-06 05:12:45,075 [WARN] ModelIntegratedComponent:182 - Modes not found for component STMicroelectronics:USB_HOST:1.0.0:STMicroelectronics:USB::USB Host:HID HS::1.0:USB_HOST_1_0_RESTRICTED_HS
2025-10-06 05:12:45,075 [WARN] ModelIntegratedComponent:188 - Modes not found for component STMicroelectronics:USB_HOST:1.0.0:STMicroelectronics:USB::USB Host:HID HS::1.0:USB_HOST_1_0_RESTRICTED_HS
2025-10-06 05:12:45,075 [WARN] ModelIntegratedComponent:182 - Modes not found for component STMicroelectronics:USB_HOST:1.0.0:STMicroelectronics:USB::USB Host:MTP HS::1.0:USB_HOST_1_0_RESTRICTED_HS
2025-10-06 05:12:45,076 [WARN] ModelIntegratedComponent:188 - Modes not found for component STMicroelectronics:USB_HOST:1.0.0:STMicroelectronics:USB::USB Host:MTP HS::1.0:USB_HOST_1_0_RESTRICTED_HS
2025-10-06 05:12:45,083 [WARN] ModelIntegratedComponent:63 - No mode defined for component null
2025-10-06 05:12:45,083 [WARN] ModelIntegratedComponent:63 - No mode defined for component null
2025-10-06 05:12:45,083 [WARN] ModelIntegratedComponent:63 - No mode defined for component null
2025-10-06 05:12:45,083 [WARN] ModelIntegratedComponent:63 - No mode defined for component null
2025-10-06 05:12:45,083 [WARN] ModelIntegratedComponent:63 - No mode defined for component null
2025-10-06 05:12:45,083 [WARN] ModelIntegratedComponent:63 - No mode defined for component null
2025-10-06 05:12:45,083 [WARN] ModelIntegratedComponent:63 - No mode defined for component null
2025-10-06 05:12:45,083 [WARN] ModelIntegratedComponent:63 - No mode defined for component null
2025-10-06 05:12:45,083 [WARN] ModelIntegratedComponent:63 - No mode defined for component null
2025-10-06 05:12:45,083 [WARN] ModelIntegratedComponent:63 - No mode defined for component null
2025-10-06 05:12:45,083 [WARN] ModelIntegratedComponent:63 - No mode defined for component null
2025-10-06 05:12:45,083 [WARN] ModelIntegratedComponent:63 - No mode defined for component null
2025-10-06 05:12:45,083 [WARN] ModelIntegratedComponent:63 - No mode defined for component null
2025-10-06 05:12:45,083 [WARN] ModelIntegratedComponent:63 - No mode defined for component null
2025-10-06 05:12:45,084 [WARN] ModelIntegratedComponent:63 - No mode defined for component null
2025-10-06 05:12:45,084 [WARN] ModelIntegratedComponent:63 - No mode defined for component null
2025-10-06 05:12:45,084 [WARN] ModelIntegratedComponent:63 - No mode defined for component null
2025-10-06 05:12:45,084 [WARN] ModelIntegratedComponent:63 - No mode defined for component null
2025-10-06 05:12:45,084 [WARN] ModelIntegratedComponent:63 - No mode defined for component null
2025-10-06 05:12:45,084 [WARN] ModelIntegratedComponent:63 - No mode defined for component null
2025-10-06 05:12:45,084 [WARN] ModelIntegratedComponent:63 - No mode defined for component null
2025-10-06 05:12:45,084 [WARN] ModelIntegratedComponent:63 - No mode defined for component null
2025-10-06 05:12:45,084 [WARN] ModelIntegratedComponent:63 - No mode defined for component null
2025-10-06 05:12:45,084 [WARN] ModelIntegratedComponent:63 - No mode defined for component null
2025-10-06 05:12:45,085 [WARN] ModelIntegratedComponent:63 - No mode defined for component null
2025-10-06 05:12:45,085 [WARN] ModelIntegratedComponent:63 - No mode defined for component null
2025-10-06 05:12:45,085 [WARN] ModelIntegratedComponent:63 - No mode defined for component null
2025-10-06 05:12:45,085 [WARN] ModelIntegratedComponent:63 - No mode defined for component null
2025-10-06 05:12:45,085 [WARN] ModelIntegratedComponent:63 - No mode defined for component null
2025-10-06 05:12:45,085 [WARN] ModelIntegratedComponent:63 - No mode defined for component null
2025-10-06 05:12:45,085 [WARN] ModelIntegratedComponent:63 - No mode defined for component null
2025-10-06 05:12:45,085 [WARN] ModelIntegratedComponent:63 - No mode defined for component null
2025-10-06 05:12:45,085 [WARN] ModelIntegratedComponent:63 - No mode defined for component null
2025-10-06 05:12:45,085 [WARN] ModelIntegratedComponent:63 - No mode defined for component null
2025-10-06 05:12:45,085 [WARN] ModelIntegratedComponent:63 - No mode defined for component null
2025-10-06 05:12:45,086 [WARN] ModelPack:524 - Component already loaded: STMicroelectronics:HAL Drivers:0.0.0:STMicroelectronics:Device:STMicro_Driver:XSPI:HAL::0.0.1:HAL_XSPI
2025-10-06 05:12:45,203 [WARN] ModelIntegratedComponent:182 - Modes not found for component STMicroelectronics:USB_DEVICE:1.0.0:STMicroelectronics:USB::USB Device:Audio HS::1.0:USB_DEVICE_1_0_RESTRICTED_HS
2025-10-06 05:12:45,203 [WARN] ModelIntegratedComponent:188 - Modes not found for component STMicroelectronics:USB_DEVICE:1.0.0:STMicroelectronics:USB::USB Device:Audio HS::1.0:USB_DEVICE_1_0_RESTRICTED_HS
2025-10-06 05:12:45,203 [WARN] ModelIntegratedComponent:182 - Modes not found for component STMicroelectronics:USB_DEVICE:1.0.0:STMicroelectronics:USB::USB Device:CDC HS::1.0:USB_DEVICE_1_0_RESTRICTED_HS
2025-10-06 05:12:45,203 [WARN] ModelIntegratedComponent:188 - Modes not found for component STMicroelectronics:USB_DEVICE:1.0.0:STMicroelectronics:USB::USB Device:CDC HS::1.0:USB_DEVICE_1_0_RESTRICTED_HS
2025-10-06 05:12:45,203 [WARN] ModelIntegratedComponent:182 - Modes not found for component STMicroelectronics:USB_DEVICE:1.0.0:STMicroelectronics:USB::USB Device:DFU HS::1.0:USB_DEVICE_1_0_RESTRICTED_HS
2025-10-06 05:12:45,203 [WARN] ModelIntegratedComponent:188 - Modes not found for component STMicroelectronics:USB_DEVICE:1.0.0:STMicroelectronics:USB::USB Device:DFU HS::1.0:USB_DEVICE_1_0_RESTRICTED_HS
2025-10-06 05:12:45,203 [WARN] ModelIntegratedComponent:182 - Modes not found for component STMicroelectronics:USB_DEVICE:1.0.0:STMicroelectronics:USB::USB Device:HID HS::1.0:USB_DEVICE_1_0_RESTRICTED_HS
2025-10-06 05:12:45,203 [WARN] ModelIntegratedComponent:188 - Modes not found for component STMicroelectronics:USB_DEVICE:1.0.0:STMicroelectronics:USB::USB Device:HID HS::1.0:USB_DEVICE_1_0_RESTRICTED_HS
2025-10-06 05:12:45,203 [WARN] ModelIntegratedComponent:182 - Modes not found for component STMicroelectronics:USB_DEVICE:1.0.0:STMicroelectronics:USB::USB Device:Custom HID HS::1.0:USB_DEVICE_1_0_RESTRICTED_HS
2025-10-06 05:12:45,203 [WARN] ModelIntegratedComponent:188 - Modes not found for component STMicroelectronics:USB_DEVICE:1.0.0:STMicroelectronics:USB::USB Device:Custom HID HS::1.0:USB_DEVICE_1_0_RESTRICTED_HS
2025-10-06 05:12:45,204 [WARN] ModelIntegratedComponent:182 - Modes not found for component STMicroelectronics:USB_DEVICE:1.0.0:STMicroelectronics:USB::USB Device:MSC HS::1.0:USB_DEVICE_1_0_RESTRICTED_HS
2025-10-06 05:12:45,204 [WARN] ModelIntegratedComponent:188 - Modes not found for component STMicroelectronics:USB_DEVICE:1.0.0:STMicroelectronics:USB::USB Device:MSC HS::1.0:USB_DEVICE_1_0_RESTRICTED_HS
2025-10-06 05:12:45,210 [INFO] ThirdPartyModel:298 - Start build external matchings
2025-10-06 05:12:45,480 [INFO] ThirdPartyModel:316 - End build external matchings
2025-10-06 05:12:45,663 [INFO] UtilMem:75 - End LoadConfig() Used Memory: 842813112 Bytes (980418560)
2025-10-06 05:12:45,685 [WARN] ThirdParty:833 - waiting for thirdparty lock release [change project]
2025-10-06 05:12:45,685 [INFO] ThirdParty:835 - entering critical section [change project]
2025-10-06 05:12:45,685 [INFO] ThirdParty:1030 - CMSIS Pack Vendor :STMicroelectronics X-CUBE-PM33A1 1.0.0
2025-10-06 05:12:45,685 [INFO] ThirdParty:1030 - CMSIS Pack Vendor :STMicroelectronics USBPD 4.1
2025-10-06 05:12:45,685 [INFO] ThirdParty:1030 - CMSIS Pack Vendor :STMicroelectronics X-CUBE-NFC9 1.0.0
2025-10-06 05:12:45,685 [INFO] ThirdParty:1030 - CMSIS Pack Vendor :STMicroelectronics USB_HOST 2.0.0
2025-10-06 05:12:45,685 [INFO] ThirdParty:1030 - CMSIS Pack Vendor :STMicroelectronics FP-SNS-MOTENVWB1 1.4.0
2025-10-06 05:12:45,685 [INFO] ThirdParty:1030 - CMSIS Pack Vendor :STMicroelectronics X-CUBE-AZRTOS-F4 1.1.0
2025-10-06 05:12:45,685 [INFO] ThirdParty:1030 - CMSIS Pack Vendor :STMicroelectronics LIBJPEG 8.0.0
2025-10-06 05:12:45,685 [INFO] ThirdParty:1030 - CMSIS Pack Vendor :STMicroelectronics FP-ATR-ASTRA1 2.0.2
2025-10-06 05:12:45,685 [INFO] ThirdParty:1030 - CMSIS Pack Vendor :STMicroelectronics X-CUBE-BLE1 7.1.0
2025-10-06 05:12:45,685 [INFO] ThirdParty:1030 - CMSIS Pack Vendor :STMicroelectronics X-CUBE-SMBUS 2.1.0
2025-10-06 05:12:45,685 [INFO] ThirdParty:1030 - CMSIS Pack Vendor :STMicroelectronics USB_DEVICE 3.0.0
2025-10-06 05:12:45,686 [INFO] ThirdParty:1030 - CMSIS Pack Vendor :STMicroelectronics X-CUBE-ISPU 2.1.0
2025-10-06 05:12:45,686 [INFO] ThirdParty:1030 - CMSIS Pack Vendor :STMicroelectronics X-CUBE-AZRTOS-WB 2.0.0
2025-10-06 05:12:45,686 [INFO] ThirdParty:1030 - CMSIS Pack Vendor :STMicroelectronics X-CUBE-ST60 1.0.0
2025-10-06 05:12:45,686 [INFO] ThirdParty:1030 - CMSIS Pack Vendor :STMicroelectronics X-CUBE-GNSS1 7.0.1
2025-10-06 05:12:45,686 [INFO] ThirdParty:1030 - CMSIS Pack Vendor :STMicroelectronics X-CUBE-AZRTOS-F7 1.1.0
2025-10-06 05:12:45,686 [INFO] ThirdParty:1030 - CMSIS Pack Vendor :STMicroelectronics X-CUBE-AZRTOS-L5 2.0.0
2025-10-06 05:12:45,686 [INFO] ThirdParty:1030 - CMSIS Pack Vendor :STMicroelectronics X-CUBE-TOUCHGFX 4.25.0
2025-10-06 05:12:45,686 [INFO] ThirdParty:1030 - CMSIS Pack Vendor :STMicroelectronics USB_DEVICE 2.0.0
2025-10-06 05:12:45,686 [INFO] ThirdParty:1030 - CMSIS Pack Vendor :STMicroelectronics X-CUBE-NFC6 3.1.0
2025-10-06 05:12:45,686 [INFO] ThirdParty:1030 - CMSIS Pack Vendor :Cesanta I-CUBE-Mongoose 7.19.0
2025-10-06 05:12:45,686 [INFO] ThirdParty:1030 - CMSIS Pack Vendor :quantropi X-CUBE-qispace-sdk-base 2.1.0
2025-10-06 05:12:45,686 [INFO] ThirdParty:1030 - CMSIS Pack Vendor :STMicroelectronics FreeRTOS 0.0.1
2025-10-06 05:12:45,686 [INFO] ThirdParty:1030 - CMSIS Pack Vendor :STMicroelectronics X-CUBE-AZRTOS-G0 1.1.0
2025-10-06 05:12:45,686 [INFO] ThirdParty:1030 - CMSIS Pack Vendor :STMicroelectronics X-CUBE-SAFEA1 1.2.2
2025-10-06 05:12:45,686 [INFO] ThirdParty:1030 - CMSIS Pack Vendor :STMicroelectronics X-CUBE-NFC4 3.0.0
2025-10-06 05:12:45,686 [INFO] ThirdParty:1030 - CMSIS Pack Vendor :STMicroelectronics X-CUBE-SUBG2 5.0.0
2025-10-06 05:12:45,686 [INFO] ThirdParty:1030 - CMSIS Pack Vendor :STMicroelectronics X-CUBE-AZRTOS-H7RS 1.1.0
2025-10-06 05:12:45,687 [INFO] ThirdParty:1030 - CMSIS Pack Vendor :STMicroelectronics STM32_WPAN 1.0.0
2025-10-06 05:12:45,687 [INFO] ThirdParty:1030 - CMSIS Pack Vendor :EmbeddedOffice I-CUBE-FS-RTOS 1.0.1
2025-10-06 05:12:45,687 [INFO] ThirdParty:1030 - CMSIS Pack Vendor :STMicroelectronics lwIP 2.0.3
2025-10-06 05:12:45,687 [INFO] ThirdParty:1030 - CMSIS Pack Vendor :WES I-CUBE-Cesium 1.4.0
2025-10-06 05:12:45,687 [INFO] ThirdParty:1030 - CMSIS Pack Vendor :STMicroelectronics USB_HOST 1.0.0
2025-10-06 05:12:45,687 [INFO] ThirdParty:1030 - CMSIS Pack Vendor :Infineon AIROC-Wi-Fi-Bluetooth-STM32 1.7.1
2025-10-06 05:12:45,687 [INFO] ThirdParty:1030 - CMSIS Pack Vendor :STMicroelectronics X-CUBE-AZRTOS-G4 2.0.0
2025-10-06 05:12:45,687 [INFO] ThirdParty:1030 - CMSIS Pack Vendor :STMicroelectronics X-CUBE-WB05N 2.0.0
2025-10-06 05:12:45,687 [INFO] ThirdParty:1030 - CMSIS Pack Vendor :STMicroelectronics PDM2PCM 3.1.0
2025-10-06 05:12:45,687 [INFO] ThirdParty:1030 - CMSIS Pack Vendor :STMicroelectronics PDM2PCM 3.3.0
2025-10-06 05:12:45,688 [INFO] ThirdParty:1030 - CMSIS Pack Vendor :STMicroelectronics X-CUBE-DISPLAY 3.0.0
2025-10-06 05:12:45,688 [INFO] ThirdParty:1030 - CMSIS Pack Vendor :STMicroelectronics X-CUBE-NFC7 2.0.0
2025-10-06 05:12:45,688 [INFO] ThirdParty:1030 - CMSIS Pack Vendor :STMicroelectronics X-CUBE-TCPP 4.2.0
2025-10-06 05:12:45,688 [INFO] ThirdParty:1030 - CMSIS Pack Vendor :RealThread X-CUBE-RT-Thread_Nano 4.1.1
2025-10-06 05:12:45,688 [INFO] ThirdParty:1030 - CMSIS Pack Vendor :STMicroelectronics FP-ATR-SIGFOX1 3.2.0
2025-10-06 05:12:45,688 [INFO] ThirdParty:1030 - CMSIS Pack Vendor :STMicroelectronics X-CUBE-NFC10 1.0.0
2025-10-06 05:12:45,688 [INFO] ThirdParty:1030 - CMSIS Pack Vendor :STMicroelectronics X-CUBE-FREERTOS 1.3.1
2025-10-06 05:12:45,688 [INFO] ThirdParty:1030 - CMSIS Pack Vendor :STMicroelectronics HAL Drivers 0.0.0
2025-10-06 05:12:45,688 [INFO] ThirdParty:1030 - CMSIS Pack Vendor :STMicroelectronics MBEDTLS 2.16.2
2025-10-06 05:12:45,688 [INFO] ThirdParty:1030 - CMSIS Pack Vendor :STMicroelectronics X-CUBE-IPS 3.1.0
2025-10-06 05:12:45,688 [INFO] ThirdParty:1030 - CMSIS Pack Vendor :STMicroelectronics X-CUBE-ALS 1.0.2
2025-10-06 05:12:45,688 [INFO] ThirdParty:1030 - CMSIS Pack Vendor :emotas I-CUBE-CANOPEN 1.3.0
2025-10-06 05:12:45,688 [INFO] ThirdParty:1030 - CMSIS Pack Vendor :STMicroelectronics MBEDTLS 2.14.1
2025-10-06 05:12:45,688 [INFO] ThirdParty:1030 - CMSIS Pack Vendor :ITTIA_DB I-CUBE-ITTIADB 8.9.0
2025-10-06 05:12:45,688 [INFO] ThirdParty:1030 - CMSIS Pack Vendor :STMicroelectronics X-CUBE-TOUCHGFX 4.26.0
2025-10-06 05:12:45,688 [INFO] ThirdParty:1030 - CMSIS Pack Vendor :STMicroelectronics X-CUBE-ST67W61 1.0.0
2025-10-06 05:12:45,688 [INFO] ThirdParty:1030 - CMSIS Pack Vendor :STMicroelectronics ThreadX 1.0.0
2025-10-06 05:12:45,688 [INFO] ThirdParty:1030 - CMSIS Pack Vendor :STMicroelectronics FP-SNS-SMARTAG2 1.2.0
2025-10-06 05:12:45,688 [INFO] ThirdParty:1030 - CMSIS Pack Vendor :STMicroelectronics FP-SNS-FLIGHT1 5.1.0
2025-10-06 05:12:45,688 [INFO] ThirdParty:1030 - CMSIS Pack Vendor :STMicroelectronics X-CUBE-AZRTOS-WL 2.0.0
2025-10-06 05:12:45,689 [INFO] ThirdParty:1030 - CMSIS Pack Vendor :SEGGER I-CUBE-embOS 1.3.1
2025-10-06 05:12:45,689 [INFO] ThirdParty:1030 - CMSIS Pack Vendor :STMicroelectronics X-CUBE-ALGOBUILD 1.4.0
2025-10-06 05:12:45,689 [INFO] ThirdParty:1030 - CMSIS Pack Vendor :STMicroelectronics X-CUBE-DPower 1.3.0
2025-10-06 05:12:45,689 [INFO] ThirdParty:1030 - CMSIS Pack Vendor :STMicroelectronics X-CUBE-MEMS1 11.3.0
2025-10-06 05:12:45,689 [INFO] ThirdParty:1030 - CMSIS Pack Vendor :STMicroelectronics FP-SNS-MOTENV1 5.0.0
2025-10-06 05:12:45,689 [INFO] ThirdParty:1030 - CMSIS Pack Vendor :STMicroelectronics USB_DEVICE 1.0.0
2025-10-06 05:12:45,689 [INFO] ThirdParty:1030 - CMSIS Pack Vendor :STMicroelectronics X-CUBE-AZRTOS-L4 2.0.0
2025-10-06 05:12:45,689 [INFO] ThirdParty:1030 - CMSIS Pack Vendor :STMicroelectronics ThreadX 0.0.2
2025-10-06 05:12:45,689 [INFO] ThirdParty:1030 - CMSIS Pack Vendor :STMicroelectronics lwIP 2.1.2
2025-10-06 05:12:45,689 [INFO] ThirdParty:1030 - CMSIS Pack Vendor :STMicroelectronics X-CUBE-SFXS2LP1 4.0.0
2025-10-06 05:12:45,689 [INFO] ThirdParty:1030 - CMSIS Pack Vendor :STMicroelectronics X-CUBE-BLE2 3.3.0
2025-10-06 05:12:45,689 [INFO] ThirdParty:1030 - CMSIS Pack Vendor :STMicroelectronics X-CUBE-TOF1 3.4.3
2025-10-06 05:12:45,689 [INFO] ThirdParty:1030 - CMSIS Pack Vendor :STMicroelectronics PDM2PCM 3.2.0
2025-10-06 05:12:45,689 [INFO] ThirdParty:841 - exiting critical section [change project]
2025-10-06 05:12:45,863 [INFO] PinOutPanel:1589 - setPackage(No Configuration,No Configuration)
2025-10-06 05:12:45,865 [INFO] PinOutPanel:1589 - setPackage(STM32F411CEUx,UFQFPN48)
2025-10-06 05:12:46,109 [INFO] UtilMem:75 - Before build in PCC Used Memory: 452996168 Bytes (980418560)
2025-10-06 05:12:46,271 [INFO] UtilMem:75 - After build in PCC Used Memory: 497036360 Bytes (980418560)
2025-10-06 05:12:46,285 [INFO] IPUIPlugin:80 - create IPUIPlugin
2025-10-06 05:12:46,286 [INFO] IPUIPlugin:80 - create IPUIPlugin
2025-10-06 05:12:46,286 [INFO] IPUIPlugin:80 - create IPUIPlugin
2025-10-06 05:12:46,286 [INFO] IPUIPlugin:80 - create IPUIPlugin
2025-10-06 05:12:46,286 [INFO] IPUIPlugin:80 - create IPUIPlugin
2025-10-06 05:12:46,286 [INFO] IPUIPlugin:80 - create IPUIPlugin
2025-10-06 05:12:46,286 [INFO] IPUIPlugin:80 - create IPUIPlugin
2025-10-06 05:12:46,286 [INFO] IPUIPlugin:80 - create IPUIPlugin
2025-10-06 05:12:46,287 [INFO] IPUIPlugin:80 - create IPUIPlugin
2025-10-06 05:12:46,287 [INFO] IPUIPlugin:80 - create IPUIPlugin
2025-10-06 05:12:46,287 [INFO] IPUIPlugin:80 - create IPUIPlugin
2025-10-06 05:12:46,287 [INFO] IPUIPlugin:80 - create IPUIPlugin
2025-10-06 05:12:46,287 [INFO] IPUIPlugin:80 - create IPUIPlugin
2025-10-06 05:12:46,287 [INFO] IPUIPlugin:80 - create IPUIPlugin
2025-10-06 05:12:46,287 [INFO] IPUIPlugin:80 - create IPUIPlugin
2025-10-06 05:12:46,287 [INFO] IPUIPlugin:80 - create IPUIPlugin
2025-10-06 05:12:46,287 [INFO] IPUIPlugin:80 - create IPUIPlugin
2025-10-06 05:12:46,288 [INFO] IPUIPlugin:80 - create IPUIPlugin
2025-10-06 05:12:46,288 [INFO] IPUIPlugin:80 - create IPUIPlugin
2025-10-06 05:12:46,288 [INFO] IPUIPlugin:80 - create IPUIPlugin
2025-10-06 05:12:46,288 [INFO] IPUIPlugin:80 - create IPUIPlugin
2025-10-06 05:12:46,288 [INFO] IPUIPlugin:80 - create IPUIPlugin
2025-10-06 05:12:46,288 [INFO] IPUIPlugin:80 - create IPUIPlugin
2025-10-06 05:12:46,288 [INFO] IPUIPlugin:80 - create IPUIPlugin
2025-10-06 05:12:46,289 [INFO] IPUIPlugin:80 - create IPUIPlugin
2025-10-06 05:12:46,289 [INFO] IPUIPlugin:80 - create IPUIPlugin
2025-10-06 05:12:46,289 [INFO] IPUIPlugin:80 - create IPUIPlugin
2025-10-06 05:12:46,289 [INFO] IPUIPlugin:80 - create IPUIPlugin
2025-10-06 05:12:46,289 [INFO] IPUIPlugin:80 - create IPUIPlugin
2025-10-06 05:12:46,289 [INFO] IPUIPlugin:80 - create IPUIPlugin
2025-10-06 05:12:46,290 [INFO] IPUIPlugin:80 - create IPUIPlugin
2025-10-06 05:12:46,290 [INFO] IPUIPlugin:80 - create IPUIPlugin
2025-10-06 05:12:46,290 [INFO] IPUIPlugin:80 - create IPUIPlugin
2025-10-06 05:12:46,290 [INFO] IPUIPlugin:80 - create IPUIPlugin
2025-10-06 05:12:46,290 [INFO] IPUIPlugin:80 - create IPUIPlugin
2025-10-06 05:12:46,290 [INFO] IPUIPlugin:80 - create IPUIPlugin
2025-10-06 05:12:46,290 [INFO] IPUIPlugin:80 - create IPUIPlugin
2025-10-06 05:12:46,291 [INFO] IPUIPlugin:80 - create IPUIPlugin
2025-10-06 05:12:46,291 [INFO] IPUIPlugin:80 - create IPUIPlugin
2025-10-06 05:12:46,291 [INFO] IPUIPlugin:80 - create IPUIPlugin
2025-10-06 05:12:46,291 [INFO] IPUIPlugin:80 - create IPUIPlugin
2025-10-06 05:12:46,292 [INFO] IPUIPlugin:80 - create IPUIPlugin
2025-10-06 05:12:46,292 [INFO] IPUIPlugin:80 - create IPUIPlugin
2025-10-06 05:12:46,296 [INFO] ApiDbMcu:532 - Load IP Config File for PDM2PCM
2025-10-06 05:12:46,322 [INFO] CADModel:165 - CPN selected for project levelSTM32F411CEU6
2025-10-06 05:12:46,322 [INFO] CADModel:114 - Register for checkConnection events
2025-10-06 05:12:46,384 [INFO] OpenFileManager:386 - Restore cursor
2025-10-06 05:12:46,706 [INFO] UtilMem:75 - End SaveConfig() Used Memory: 569914440 Bytes (980418560)
2025-10-06 05:12:46,742 [INFO] UtilMem:75 - End SaveConfig() Used Memory: 585116744 Bytes (980418560)
2025-10-06 05:12:46,830 [INFO] BlockDiagram:2775 - set Specific Code input for plugin: NVIC
2025-10-06 05:12:46,830 [INFO] BlockDiagram:2775 - set Specific Code input for plugin: RCC
2025-10-06 05:12:46,831 [INFO] CodeGenerator:892 - code generatio: config db path: C:\ST\STM32CubeIDE_1.19.0\STM32CubeIDE\plugins\com.st.stm32cube.common.mx_6.15.0.202507011659\\db\
2025-10-06 05:12:46,901 [INFO] CodeEngine:265 - oldGeneratedFile, C:\ST\DefaultWorkspase\blackpill_soundcard_hal\MXTmpFiles\license.tmp_save
2025-10-06 05:12:47,061 [INFO] CodeEngine:289 - Generated code: C:\ST\DefaultWorkspase\blackpill_soundcard_hal\MXTmpFiles\license.tmp
2025-10-06 05:12:47,072 [INFO] CodeEngine:265 - oldGeneratedFile, C:\ST\DefaultWorkspase\blackpill_soundcard_hal\Core\Src\stm32f4xx_it.c_save
2025-10-06 05:12:47,248 [INFO] CodeEngine:289 - Generated code: C:\ST\DefaultWorkspase\blackpill_soundcard_hal\Core\Src\stm32f4xx_it.c
2025-10-06 05:12:47,253 [INFO] CodeEngine:265 - oldGeneratedFile, C:\ST\DefaultWorkspase\blackpill_soundcard_hal\Core\Inc\stm32f4xx_it.h_save
2025-10-06 05:12:47,312 [INFO] CodeEngine:289 - Generated code: C:\ST\DefaultWorkspase\blackpill_soundcard_hal\Core\Inc\stm32f4xx_it.h
2025-10-06 05:12:47,345 [INFO] CodeEngine:265 - oldGeneratedFile, C:\ST\DefaultWorkspase\blackpill_soundcard_hal\Core\Src\stm32f4xx_hal_msp.c_save
2025-10-06 05:12:47,432 [INFO] CodeEngine:289 - Generated code: C:\ST\DefaultWorkspase\blackpill_soundcard_hal\Core\Src\stm32f4xx_hal_msp.c
2025-10-06 05:12:47,436 [INFO] CodeEngine:265 - oldGeneratedFile, C:\ST\DefaultWorkspase\blackpill_soundcard_hal\MXTmpFiles\system.tmp_save
2025-10-06 05:12:47,487 [INFO] CodeEngine:289 - Generated code: C:\ST\DefaultWorkspase\blackpill_soundcard_hal\MXTmpFiles\system.tmp
2025-10-06 05:12:47,496 [INFO] CodeEngine:321 - oldGeneratedFile, C:\ST\DefaultWorkspase\blackpill_soundcard_hal\Core\Inc\stm32f4xx_hal_conf.h_save
2025-10-06 05:12:47,556 [INFO] CodeEngine:345 - Generated code: C:\ST\DefaultWorkspase\blackpill_soundcard_hal\Core\Inc\stm32f4xx_hal_conf.h
2025-10-06 05:12:47,579 [INFO] ApiDbMcu:532 - Load IP Config File for RCC
2025-10-06 05:12:47,585 [INFO] CodeEngine:265 - oldGeneratedFile, C:\ST\DefaultWorkspase\blackpill_soundcard_hal\Core\Inc\main.h_save
2025-10-06 05:12:47,672 [INFO] CodeEngine:289 - Generated code: C:\ST\DefaultWorkspase\blackpill_soundcard_hal\Core\Inc\main.h
2025-10-06 05:12:47,679 [INFO] CodeEngine:265 - oldGeneratedFile, C:\ST\DefaultWorkspase\blackpill_soundcard_hal\Core\Src\main.c_save
2025-10-06 05:12:47,779 [INFO] CodeEngine:289 - Generated code: C:\ST\DefaultWorkspase\blackpill_soundcard_hal\Core\Src\main.c
2025-10-06 05:12:48,138 [INFO] ProjectBuilder:3606 - Time for Copy HAL[1] : 177mS.
2025-10-06 05:12:48,141 [INFO] ProjectBuilder:5216 - Project Generator version: 4.7.0-B52
2025-10-06 05:12:48,209 [INFO] ConfigFileManager:1595 - The Die is : DIE431
2025-10-06 05:12:48,213 [INFO] ApiDbMcu:532 - Load IP Config File for FATFS
2025-10-06 05:12:48,217 [INFO] ApiDbMcu:532 - Load IP Config File for FREERTOS
2025-10-06 05:12:48,219 [INFO] ApiDbMcu:532 - Load IP Config File for LIBJPEG
2025-10-06 05:12:48,224 [INFO] ApiDbMcu:532 - Load IP Config File for MBEDTLS
2025-10-06 05:12:48,232 [INFO] ApiDbMcu:532 - Load IP Config File for USB_DEVICE
2025-10-06 05:12:48,236 [INFO] ApiDbMcu:532 - Load IP Config File for USB_HOST
2025-10-06 05:12:50,090 [INFO] ProjectBuilder:5496 - Time for Generating toolchain IDE Files: 1949mS.
2025-10-06 05:12:50,092 [INFO] ProjectBuilder:3463 - Time for Copy CMSIS : 0mS.
2025-10-06 05:12:50,094 [INFO] ProjectBuilder:3463 - Time for Copy CMSIS : 0mS.
2025-10-06 05:12:51,225 [INFO] McuFinderGlobals:76 - Set McuFinderConnectedMode to true
2025-10-06 05:12:51,228 [INFO] ApiDb:448 - Save user favorites file C:\Users\eevgs/.stm32cubeide/favorites.mcus.txt: 1 item(s)
2025-10-06 05:12:51,228 [INFO] ApiDb:452 - User favorites MCUs=[STM32F411CEU6]
2025-10-06 05:13:05,865 [INFO] NvicIntPanel:101 - NVIC parent = com.st.microxplorer.plugins.ip.nvic.MultiNvicIntPanel[,0,0,601x199,layout=javax.swing.BoxLayout,alignmentX=0.0,alignmentY=0.0,border=,flags=9,maximumSize=,minimumSize=,preferredSize=]
2025-10-06 05:13:32,781 [INFO] NvicIntPanel:101 - NVIC parent = com.st.microxplorer.plugins.ip.nvic.MultiNvicIntPanel[,0,0,601x199,layout=javax.swing.BoxLayout,alignmentX=0.0,alignmentY=0.0,border=,flags=9,maximumSize=,minimumSize=,preferredSize=]
2025-10-06 05:13:37,038 [INFO] NvicIntPanel:101 - NVIC parent = com.st.microxplorer.plugins.ip.nvic.MultiNvicIntPanel[,0,0,0x0,invalid,layout=javax.swing.BoxLayout,alignmentX=0.0,alignmentY=0.0,border=,flags=9,maximumSize=,minimumSize=,preferredSize=]
2025-10-06 05:13:37,089 [INFO] NvicIntPanel:101 - NVIC parent = com.st.microxplorer.plugins.ip.nvic.MultiNvicIntPanel[,0,0,0x0,invalid,layout=javax.swing.BoxLayout,alignmentX=0.0,alignmentY=0.0,border=,flags=9,maximumSize=,minimumSize=,preferredSize=]
2025-10-06 05:13:37,667 [INFO] NvicIntPanel:101 - NVIC parent = com.st.microxplorer.plugins.ip.nvic.MultiNvicIntPanel[,0,0,0x0,invalid,layout=javax.swing.BoxLayout,alignmentX=0.0,alignmentY=0.0,border=,flags=9,maximumSize=,minimumSize=,preferredSize=]
2025-10-06 05:13:52,319 [WARN] IP:2250 - DEVICE_SERIAL0_AUDIO_FS not found: check if there is a RefParameter without a condition.
2025-10-06 05:13:52,319 [WARN] IP:2250 - DEVICE_SERIAL1_AUDIO_FS not found: check if there is a RefParameter without a condition.
2025-10-06 05:13:52,319 [WARN] IP:2250 - DEVICE_SERIAL2_AUDIO_FS not found: check if there is a RefParameter without a condition.
2025-10-06 05:13:52,319 [WARN] IP:2250 - DEVICE_SERIAL0_AUDIO_FS not found: check if there is a RefParameter without a condition.
2025-10-06 05:13:52,319 [WARN] IP:2250 - DEVICE_SERIAL1_AUDIO_FS not found: check if there is a RefParameter without a condition.
2025-10-06 05:13:52,319 [WARN] IP:2250 - DEVICE_SERIAL2_AUDIO_FS not found: check if there is a RefParameter without a condition.
2025-10-06 05:13:52,332 [WARN] IP:2250 - DEVICE_SERIAL0_AUDIO_FS not found: check if there is a RefParameter without a condition.
2025-10-06 05:13:52,333 [WARN] IP:2250 - DEVICE_SERIAL1_AUDIO_FS not found: check if there is a RefParameter without a condition.
2025-10-06 05:13:52,333 [WARN] IP:2250 - DEVICE_SERIAL2_AUDIO_FS not found: check if there is a RefParameter without a condition.
2025-10-06 05:13:52,345 [WARN] IP:2250 - DEVICE_SERIAL0_AUDIO_FS not found: check if there is a RefParameter without a condition.
2025-10-06 05:13:52,346 [WARN] IP:2250 - DEVICE_SERIAL1_AUDIO_FS not found: check if there is a RefParameter without a condition.
2025-10-06 05:13:52,346 [WARN] IP:2250 - DEVICE_SERIAL2_AUDIO_FS not found: check if there is a RefParameter without a condition.
2025-10-06 05:14:01,678 [WARN] IP:2250 - DEVICE_SERIAL0_AUDIO_FS not found: check if there is a RefParameter without a condition.
2025-10-06 05:14:01,678 [WARN] IP:2250 - DEVICE_SERIAL1_AUDIO_FS not found: check if there is a RefParameter without a condition.
2025-10-06 05:14:01,678 [WARN] IP:2250 - DEVICE_SERIAL2_AUDIO_FS not found: check if there is a RefParameter without a condition.
2025-10-06 05:16:03,467 [INFO] NvicIntPanel:101 - NVIC parent = com.st.microxplorer.plugins.ip.nvic.MultiNvicIntPanel[,0,0,0x0,invalid,layout=javax.swing.BoxLayout,alignmentX=0.0,alignmentY=0.0,border=,flags=9,maximumSize=,minimumSize=,preferredSize=]
2025-10-06 05:16:09,968 [WARN] IP:2250 - DEVICE_SERIAL0_AUDIO_FS not found: check if there is a RefParameter without a condition.
2025-10-06 05:16:09,968 [WARN] IP:2250 - DEVICE_SERIAL1_AUDIO_FS not found: check if there is a RefParameter without a condition.
2025-10-06 05:16:09,968 [WARN] IP:2250 - DEVICE_SERIAL2_AUDIO_FS not found: check if there is a RefParameter without a condition.
2025-10-06 05:21:04,163 [WARN] IP:2250 - DEVICE_SERIAL0_AUDIO_FS not found: check if there is a RefParameter without a condition.
2025-10-06 05:21:04,163 [WARN] IP:2250 - DEVICE_SERIAL1_AUDIO_FS not found: check if there is a RefParameter without a condition.
2025-10-06 05:21:04,163 [WARN] IP:2250 - DEVICE_SERIAL2_AUDIO_FS not found: check if there is a RefParameter without a condition.
2025-10-06 05:21:04,163 [WARN] IP:2250 - DEVICE_SERIAL0_AUDIO_FS not found: check if there is a RefParameter without a condition.
2025-10-06 05:21:04,163 [WARN] IP:2250 - DEVICE_SERIAL1_AUDIO_FS not found: check if there is a RefParameter without a condition.
2025-10-06 05:21:04,163 [WARN] IP:2250 - DEVICE_SERIAL2_AUDIO_FS not found: check if there is a RefParameter without a condition.
2025-10-06 05:21:04,181 [WARN] IP:2250 - DEVICE_SERIAL0_AUDIO_FS not found: check if there is a RefParameter without a condition.
2025-10-06 05:21:04,181 [WARN] IP:2250 - DEVICE_SERIAL1_AUDIO_FS not found: check if there is a RefParameter without a condition.
2025-10-06 05:21:04,181 [WARN] IP:2250 - DEVICE_SERIAL2_AUDIO_FS not found: check if there is a RefParameter without a condition.
2025-10-06 05:21:26,387 [INFO] I2sManager:658 - 9.6E7
2025-10-06 05:21:26,388 [INFO] I2sManager:195 - I2S Clock Value : 9.6E7
2025-10-06 05:21:26,390 [INFO] I2sManager:553 - AudioClock : 8000Divider : 187Odd : 1
2025-10-06 05:21:26,430 [INFO] I2sManager:658 - 9.6E7
2025-10-06 05:21:26,430 [INFO] I2sManager:195 - I2S Clock Value : 9.6E7
2025-10-06 05:21:26,430 [INFO] I2sManager:553 - AudioClock : 8000Divider : 187Odd : 1
2025-10-06 05:21:36,194 [INFO] I2sManager:658 - 9.6E7
2025-10-06 05:21:36,194 [INFO] I2sManager:195 - I2S Clock Value : 9.6E7
2025-10-06 05:21:36,194 [INFO] I2sManager:553 - AudioClock : 7978Divider : 94Odd : 0
2025-10-06 05:21:36,217 [INFO] I2sManager:553 - AudioClock : 7978Divider : 94Odd : 0
2025-10-06 05:21:43,875 [INFO] NvicIntPanel:101 - NVIC parent = com.st.microxplorer.plugins.ip.nvic.MultiNvicIntPanel[,0,0,0x0,invalid,layout=javax.swing.BoxLayout,alignmentX=0.0,alignmentY=0.0,border=,flags=9,maximumSize=,minimumSize=,preferredSize=]
2025-10-06 05:21:43,891 [INFO] I2sManager:658 - 9.6E7
2025-10-06 05:21:43,891 [INFO] I2sManager:195 - I2S Clock Value : 9.6E7
2025-10-06 05:21:43,892 [INFO] I2sManager:553 - AudioClock : 48387Divider : 15Odd : 1
2025-10-06 05:21:43,915 [INFO] NvicIntPanel:101 - NVIC parent = com.st.microxplorer.plugins.ip.nvic.MultiNvicIntPanel[,0,0,0x0,invalid,layout=javax.swing.BoxLayout,alignmentX=0.0,alignmentY=0.0,border=,flags=9,maximumSize=,minimumSize=,preferredSize=]
2025-10-06 05:24:03,092 [WARN] IP:2250 - DEVICE_SERIAL0_AUDIO_FS not found: check if there is a RefParameter without a condition.
2025-10-06 05:24:03,092 [WARN] IP:2250 - DEVICE_SERIAL1_AUDIO_FS not found: check if there is a RefParameter without a condition.
2025-10-06 05:24:03,092 [WARN] IP:2250 - DEVICE_SERIAL2_AUDIO_FS not found: check if there is a RefParameter without a condition.
