2025-10-28 11:48:49,462 [INFO] McuFinderGlobals:76 - Set McuFinderConnectedMode to false
2025-10-28 11:48:49,587 [INFO] MultiScanPanel:200 - Auto-refresh data requested => check proxy status ongoing
2025-10-28 11:48:49,588 [INFO] MultiScanPanel:204 - Proxy status is invalid
2025-10-28 11:48:49,609 [INFO] FinderPluginLoader:96 - Searching for filters in installed packs
2025-10-28 11:48:53,997 [INFO] DetailPanel:341 - Set advertising image to C:/Users/eevgs/STM32Cube/Repository/\en.mcu-finder-stm32n6dk.jpg
2025-10-28 11:49:37,683 [INFO] MainUpdater:2872 - connection check result : 10
2025-10-28 11:49:37,767 [INFO] MicroXplorer:468 - Change Database Path : 
2025-10-28 11:49:37,768 [INFO] MicroXplorer:498 - Change Database Version : DB.6.0.150
2025-10-28 11:49:37,840 [ERROR] ProjectManagerView:395 - 
java.lang.NullPointerException: Cannot invoke "javax.swing.JTextField.getText()" because the return value of "java.util.List.get(int)" is null
	at com.st.microxplorer.plugins.projectmanager.gui.ProjectChoiceTab$9.caretUpdate(ProjectChoiceTab.java:2706) ~[filemanager.jar:?]
	at javax.swing.text.JTextComponent.fireCaretUpdate(JTextComponent.java:408) ~[?:?]
	at javax.swing.text.JTextComponent$MutableCaretEvent.fire(JTextComponent.java:4484) ~[?:?]
	at javax.swing.text.JTextComponent$MutableCaretEvent.stateChanged(JTextComponent.java:4506) ~[?:?]
	at javax.swing.text.DefaultCaret.fireStateChanged(DefaultCaret.java:857) ~[?:?]
	at javax.swing.text.DefaultCaret.changeCaretPosition(DefaultCaret.java:1343) ~[?:?]
	at javax.swing.text.DefaultCaret.handleSetDot(DefaultCaret.java:1242) ~[?:?]
	at javax.swing.text.DefaultCaret.setDot(DefaultCaret.java:1223) ~[?:?]
	at javax.swing.text.DefaultCaret$Handler.insertUpdate(DefaultCaret.java:1819) ~[?:?]
	at javax.swing.text.AbstractDocument.fireInsertUpdate(AbstractDocument.java:227) ~[?:?]
	at javax.swing.text.AbstractDocument.handleInsertString(AbstractDocument.java:781) ~[?:?]
	at javax.swing.text.AbstractDocument.insertString(AbstractDocument.java:740) ~[?:?]
	at javax.swing.text.PlainDocument.insertString(PlainDocument.java:131) ~[?:?]
	at javax.swing.text.AbstractDocument.replace(AbstractDocument.java:699) ~[?:?]
	at javax.swing.text.JTextComponent.setText(JTextComponent.java:1725) ~[?:?]
	at com.st.microxplorer.plugins.projectmanager.gui.ProjectChoiceTab.createHeapStackFields(ProjectChoiceTab.java:993) ~[filemanager.jar:?]
	at com.st.microxplorer.plugins.projectmanager.gui.ProjectChoiceTab.buildLinkSettingsPanel(ProjectChoiceTab.java:3813) ~[filemanager.jar:?]
	at com.st.microxplorer.plugins.projectmanager.gui.ProjectChoiceTab.defineWindowsFields(ProjectChoiceTab.java:1987) ~[filemanager.jar:?]
	at com.st.microxplorer.plugins.projectmanager.gui.ProjectChoiceTab.updateSettings(ProjectChoiceTab.java:558) ~[filemanager.jar:?]
	at com.st.microxplorer.plugins.projectmanager.gui.ProjectSettingsPanel.UpdateDialog(ProjectSettingsPanel.java:247) ~[filemanager.jar:?]
	at com.st.microxplorer.plugins.projectmanager.ProjectManagerView.propertyChange(ProjectManagerView.java:392) ~[filemanager.jar:?]
	at java.beans.PropertyChangeSupport.fire(PropertyChangeSupport.java:343) ~[?:?]
	at java.beans.PropertyChangeSupport.firePropertyChange(PropertyChangeSupport.java:335) ~[?:?]
	at java.beans.PropertyChangeSupport.firePropertyChange(PropertyChangeSupport.java:268) ~[?:?]
	at com.st.microxplorer.util.MXPropertyChangeSupport.firePropertyChange(MXPropertyChangeSupport.java:54) ~[STM32CubeMX.jar:?]
	at com.st.microxplorer.mxsystem.MxSystem.closeConfig(MxSystem.java:899) ~[STM32CubeMX.jar:?]
	at com.st.microxplorer.maingui.MainPanel.closeConfig(MainPanel.java:792) ~[STM32CubeMX.jar:?]
	at com.st.microxplorer.plugins.filemanager.engine.OpenFileManager.loadConfigurationFile(OpenFileManager.java:288) ~[filemanager.jar:?]
	at com.st.microxplorer.plugins.filemanager.engine.MainFileManager.userLoadConfig(MainFileManager.java:364) ~[filemanager.jar:?]
	at com.st.microxplorer.plugins.filemanager.engine.MainFileManager.userLoadConfig(MainFileManager.java:342) ~[filemanager.jar:?]
	at com.st.microxplorer.plugins.filemanager.FileManagerView.getSpecificTask(FileManagerView.java:264) ~[filemanager.jar:?]
	at com.st.stm32cube.common.mx.editor.CubeMxEditor.getMxTabbedPaneInstance(CubeMxEditor.java:1198) ~[com.st.stm32cube.common.mx_6.15.0.202507011659/:?]
	at com.st.stm32cube.common.mx.editor.CubeMxEditor$12$1.createSwingComponent(CubeMxEditor.java:1068) ~[com.st.stm32cube.common.mx_6.15.0.202507011659/:?]
	at com.st.stm32cube.common.mx.oss.core.awtswtbridge.EmbeddedSwingComposite.doComponentCreation(EmbeddedSwingComposite.java:492) ~[com.st.stm32cube.common.mx.oss_6.15.0.202507011659/:?]
	at com.st.stm32cube.common.mx.oss.core.awtswtbridge.EmbeddedSwingComposite$4.run(EmbeddedSwingComposite.java:291) ~[com.st.stm32cube.common.mx.oss_6.15.0.202507011659/:?]
	at com.st.stm32cube.common.mx.oss.core.awtswtbridge.AwtEnvironment$2.run(AwtEnvironment.java:166) ~[com.st.stm32cube.common.mx.oss_6.15.0.202507011659/:?]
	at java.awt.event.InvocationEvent.dispatch(InvocationEvent.java:318) ~[?:?]
	at java.awt.EventQueue.dispatchEventImpl(EventQueue.java:773) ~[?:?]
	at java.awt.EventQueue$4.run(EventQueue.java:720) ~[?:?]
	at java.awt.EventQueue$4.run(EventQueue.java:714) ~[?:?]
	at java.security.AccessController.doPrivileged(AccessController.java:400) ~[?:?]
	at java.security.ProtectionDomain$JavaSecurityAccessImpl.doIntersectionPrivilege(ProtectionDomain.java:87) ~[?:?]
	at java.awt.EventQueue.dispatchEvent(EventQueue.java:742) ~[?:?]
	at java.awt.EventDispatchThread.pumpOneEventForFilters(EventDispatchThread.java:203) ~[?:?]
	at java.awt.EventDispatchThread.pumpEventsForFilter(EventDispatchThread.java:124) ~[?:?]
	at java.awt.EventDispatchThread.pumpEventsForHierarchy(EventDispatchThread.java:113) ~[?:?]
	at java.awt.EventDispatchThread.pumpEvents(EventDispatchThread.java:109) ~[?:?]
	at java.awt.EventDispatchThread.pumpEvents(EventDispatchThread.java:101) ~[?:?]
	at java.awt.EventDispatchThread.run(EventDispatchThread.java:90) ~[?:?]
2025-10-28 11:49:37,844 [WARN] ThirdParty:871 - waiting for thirdparty lock release [close project]
2025-10-28 11:49:37,844 [INFO] ThirdParty:873 - entering critical section [close project]
2025-10-28 11:49:37,845 [INFO] ThirdParty:883 - exiting critical section [close project]
2025-10-28 11:49:37,848 [INFO] PinOutPanel:1589 - setPackage(No Configuration,No Configuration)
2025-10-28 11:49:37,881 [WARN] IpParametersView:155 - Warning: This peripheral hasn't parameters
2025-10-28 11:49:37,898 [WARN] MainPanel:289 - <html><b><center>Warning: This peripheral has no parameters to be configured<br></b></html>
2025-10-28 11:49:37,912 [INFO] UtilMem:75 - Begin LoadConfig() Used Memory: 609306896 Bytes (790626304)
2025-10-28 11:49:37,914 [INFO] MicroXplorer:468 - Change Database Path : 
2025-10-28 11:49:37,914 [INFO] MicroXplorer:498 - Change Database Version : DB.6.0.150
2025-10-28 11:49:37,914 [INFO] OpenFileManager:355 - Change cursor
2025-10-28 11:49:37,996 [INFO] RulesReader:64 - Compatibility file has been processed (317 Rules)
2025-10-28 11:49:38,009 [INFO] Mcu:2029 - Initializing MCU STM32F411C(C-E)Ux STM32F411CEUx STM32F411CEU6
2025-10-28 11:49:40,189 [INFO] Context:786 - Trying to add GPIOservice into a context  which must be forbidden
2025-10-28 11:49:40,962 [INFO] ImportTextPane:234 - (OptionalMessage_ERROR) Pin13 (VP_RIF_VS_RIF1) cannot be retrieved for this MCU
2025-10-28 11:49:41,094 [INFO] RtosManager:558 - Registered RTOS mode: class=CMSIS, group=RTOS, mode=CMSIS_V1, owner=FREERTOS
2025-10-28 11:49:41,094 [INFO] RtosManager:558 - Registered RTOS mode: class=CMSIS, group=RTOS2, mode=CMSIS_V2, owner=FREERTOS
2025-10-28 11:49:41,094 [INFO] RtosManager:558 - Registered RTOS mode: class=RTOS, group=Core, mode=CMSIS_V1, owner=FREERTOS
2025-10-28 11:49:41,094 [INFO] RtosManager:558 - Registered RTOS mode: class=RTOS, group=Core, mode=CMSIS_V2, owner=FREERTOS
2025-10-28 11:49:41,094 [WARN] ModelIntegratedComponent:184 - Missing modes for component STMicroelectronics:FreeRTOS:0.0.1:STMicroelectronics:RTOS:FreeRTOS:Core:::10.2.0:
2025-10-28 11:49:41,119 [WARN] ModelIntegratedComponent:182 - Modes not found for component STMicroelectronics:USB_HOST:1.0.0:STMicroelectronics:USB::USB Host:Audio HS::1.0:USB_HOST_1_0_RESTRICTED_HS
2025-10-28 11:49:41,120 [WARN] ModelIntegratedComponent:188 - Modes not found for component STMicroelectronics:USB_HOST:1.0.0:STMicroelectronics:USB::USB Host:Audio HS::1.0:USB_HOST_1_0_RESTRICTED_HS
2025-10-28 11:49:41,120 [WARN] ModelIntegratedComponent:182 - Modes not found for component STMicroelectronics:USB_HOST:1.0.0:STMicroelectronics:USB::USB Host:CDC HS::1.0:USB_HOST_1_0_RESTRICTED_HS
2025-10-28 11:49:41,120 [WARN] ModelIntegratedComponent:188 - Modes not found for component STMicroelectronics:USB_HOST:1.0.0:STMicroelectronics:USB::USB Host:CDC HS::1.0:USB_HOST_1_0_RESTRICTED_HS
2025-10-28 11:49:41,120 [WARN] ModelIntegratedComponent:182 - Modes not found for component STMicroelectronics:USB_HOST:1.0.0:STMicroelectronics:USB::USB Host:MSC HS::1.0:USB_HOST_1_0_RESTRICTED_HS
2025-10-28 11:49:41,120 [WARN] ModelIntegratedComponent:188 - Modes not found for component STMicroelectronics:USB_HOST:1.0.0:STMicroelectronics:USB::USB Host:MSC HS::1.0:USB_HOST_1_0_RESTRICTED_HS
2025-10-28 11:49:41,120 [WARN] ModelIntegratedComponent:182 - Modes not found for component STMicroelectronics:USB_HOST:1.0.0:STMicroelectronics:USB::USB Host:HID HS::1.0:USB_HOST_1_0_RESTRICTED_HS
2025-10-28 11:49:41,121 [WARN] ModelIntegratedComponent:188 - Modes not found for component STMicroelectronics:USB_HOST:1.0.0:STMicroelectronics:USB::USB Host:HID HS::1.0:USB_HOST_1_0_RESTRICTED_HS
2025-10-28 11:49:41,121 [WARN] ModelIntegratedComponent:182 - Modes not found for component STMicroelectronics:USB_HOST:1.0.0:STMicroelectronics:USB::USB Host:MTP HS::1.0:USB_HOST_1_0_RESTRICTED_HS
2025-10-28 11:49:41,121 [WARN] ModelIntegratedComponent:188 - Modes not found for component STMicroelectronics:USB_HOST:1.0.0:STMicroelectronics:USB::USB Host:MTP HS::1.0:USB_HOST_1_0_RESTRICTED_HS
2025-10-28 11:49:41,146 [WARN] ModelIntegratedComponent:63 - No mode defined for component null
2025-10-28 11:49:41,146 [WARN] ModelIntegratedComponent:63 - No mode defined for component null
2025-10-28 11:49:41,146 [WARN] ModelIntegratedComponent:63 - No mode defined for component null
2025-10-28 11:49:41,146 [WARN] ModelIntegratedComponent:63 - No mode defined for component null
2025-10-28 11:49:41,146 [WARN] ModelIntegratedComponent:63 - No mode defined for component null
2025-10-28 11:49:41,146 [WARN] ModelIntegratedComponent:63 - No mode defined for component null
2025-10-28 11:49:41,146 [WARN] ModelIntegratedComponent:63 - No mode defined for component null
2025-10-28 11:49:41,146 [WARN] ModelIntegratedComponent:63 - No mode defined for component null
2025-10-28 11:49:41,146 [WARN] ModelIntegratedComponent:63 - No mode defined for component null
2025-10-28 11:49:41,147 [WARN] ModelIntegratedComponent:63 - No mode defined for component null
2025-10-28 11:49:41,147 [WARN] ModelIntegratedComponent:63 - No mode defined for component null
2025-10-28 11:49:41,147 [WARN] ModelIntegratedComponent:63 - No mode defined for component null
2025-10-28 11:49:41,147 [WARN] ModelIntegratedComponent:63 - No mode defined for component null
2025-10-28 11:49:41,147 [WARN] ModelIntegratedComponent:63 - No mode defined for component null
2025-10-28 11:49:41,147 [WARN] ModelIntegratedComponent:63 - No mode defined for component null
2025-10-28 11:49:41,147 [WARN] ModelIntegratedComponent:63 - No mode defined for component null
2025-10-28 11:49:41,148 [WARN] ModelIntegratedComponent:63 - No mode defined for component null
2025-10-28 11:49:41,148 [WARN] ModelIntegratedComponent:63 - No mode defined for component null
2025-10-28 11:49:41,148 [WARN] ModelIntegratedComponent:63 - No mode defined for component null
2025-10-28 11:49:41,148 [WARN] ModelIntegratedComponent:63 - No mode defined for component null
2025-10-28 11:49:41,148 [WARN] ModelIntegratedComponent:63 - No mode defined for component null
2025-10-28 11:49:41,148 [WARN] ModelIntegratedComponent:63 - No mode defined for component null
2025-10-28 11:49:41,149 [WARN] ModelIntegratedComponent:63 - No mode defined for component null
2025-10-28 11:49:41,149 [WARN] ModelIntegratedComponent:63 - No mode defined for component null
2025-10-28 11:49:41,149 [WARN] ModelIntegratedComponent:63 - No mode defined for component null
2025-10-28 11:49:41,149 [WARN] ModelIntegratedComponent:63 - No mode defined for component null
2025-10-28 11:49:41,149 [WARN] ModelIntegratedComponent:63 - No mode defined for component null
2025-10-28 11:49:41,149 [WARN] ModelIntegratedComponent:63 - No mode defined for component null
2025-10-28 11:49:41,149 [WARN] ModelIntegratedComponent:63 - No mode defined for component null
2025-10-28 11:49:41,150 [WARN] ModelIntegratedComponent:63 - No mode defined for component null
2025-10-28 11:49:41,150 [WARN] ModelIntegratedComponent:63 - No mode defined for component null
2025-10-28 11:49:41,150 [WARN] ModelIntegratedComponent:63 - No mode defined for component null
2025-10-28 11:49:41,150 [WARN] ModelIntegratedComponent:63 - No mode defined for component null
2025-10-28 11:49:41,150 [WARN] ModelIntegratedComponent:63 - No mode defined for component null
2025-10-28 11:49:41,150 [WARN] ModelIntegratedComponent:63 - No mode defined for component null
2025-10-28 11:49:41,151 [WARN] ModelPack:524 - Component already loaded: STMicroelectronics:HAL Drivers:0.0.0:STMicroelectronics:Device:STMicro_Driver:XSPI:HAL::0.0.1:HAL_XSPI
2025-10-28 11:49:41,670 [WARN] ModelIntegratedComponent:182 - Modes not found for component STMicroelectronics:USB_DEVICE:1.0.0:STMicroelectronics:USB::USB Device:Audio HS::1.0:USB_DEVICE_1_0_RESTRICTED_HS
2025-10-28 11:49:41,671 [WARN] ModelIntegratedComponent:188 - Modes not found for component STMicroelectronics:USB_DEVICE:1.0.0:STMicroelectronics:USB::USB Device:Audio HS::1.0:USB_DEVICE_1_0_RESTRICTED_HS
2025-10-28 11:49:41,671 [WARN] ModelIntegratedComponent:182 - Modes not found for component STMicroelectronics:USB_DEVICE:1.0.0:STMicroelectronics:USB::USB Device:CDC HS::1.0:USB_DEVICE_1_0_RESTRICTED_HS
2025-10-28 11:49:41,671 [WARN] ModelIntegratedComponent:188 - Modes not found for component STMicroelectronics:USB_DEVICE:1.0.0:STMicroelectronics:USB::USB Device:CDC HS::1.0:USB_DEVICE_1_0_RESTRICTED_HS
2025-10-28 11:49:41,671 [WARN] ModelIntegratedComponent:182 - Modes not found for component STMicroelectronics:USB_DEVICE:1.0.0:STMicroelectronics:USB::USB Device:DFU HS::1.0:USB_DEVICE_1_0_RESTRICTED_HS
2025-10-28 11:49:41,671 [WARN] ModelIntegratedComponent:188 - Modes not found for component STMicroelectronics:USB_DEVICE:1.0.0:STMicroelectronics:USB::USB Device:DFU HS::1.0:USB_DEVICE_1_0_RESTRICTED_HS
2025-10-28 11:49:41,671 [WARN] ModelIntegratedComponent:182 - Modes not found for component STMicroelectronics:USB_DEVICE:1.0.0:STMicroelectronics:USB::USB Device:HID HS::1.0:USB_DEVICE_1_0_RESTRICTED_HS
2025-10-28 11:49:41,672 [WARN] ModelIntegratedComponent:188 - Modes not found for component STMicroelectronics:USB_DEVICE:1.0.0:STMicroelectronics:USB::USB Device:HID HS::1.0:USB_DEVICE_1_0_RESTRICTED_HS
2025-10-28 11:49:41,672 [WARN] ModelIntegratedComponent:182 - Modes not found for component STMicroelectronics:USB_DEVICE:1.0.0:STMicroelectronics:USB::USB Device:Custom HID HS::1.0:USB_DEVICE_1_0_RESTRICTED_HS
2025-10-28 11:49:41,672 [WARN] ModelIntegratedComponent:188 - Modes not found for component STMicroelectronics:USB_DEVICE:1.0.0:STMicroelectronics:USB::USB Device:Custom HID HS::1.0:USB_DEVICE_1_0_RESTRICTED_HS
2025-10-28 11:49:41,672 [WARN] ModelIntegratedComponent:182 - Modes not found for component STMicroelectronics:USB_DEVICE:1.0.0:STMicroelectronics:USB::USB Device:MSC HS::1.0:USB_DEVICE_1_0_RESTRICTED_HS
2025-10-28 11:49:41,672 [WARN] ModelIntegratedComponent:188 - Modes not found for component STMicroelectronics:USB_DEVICE:1.0.0:STMicroelectronics:USB::USB Device:MSC HS::1.0:USB_DEVICE_1_0_RESTRICTED_HS
2025-10-28 11:49:41,692 [INFO] ThirdPartyModel:298 - Start build external matchings
2025-10-28 11:49:42,523 [INFO] ThirdPartyModel:316 - End build external matchings
2025-10-28 11:49:42,565 [INFO] ImportTextPane:234 - (OptionalMessage_ERROR) IP (DMA) : Parameter (Instance) has Id (SPI1_TX) currently not set
2025-10-28 11:49:42,565 [INFO] ImportTextPane:234 - (OptionalMessage_ERROR) IP (DMA) : Parameter (Channel) has Id (SPI1_TX) currently not set
2025-10-28 11:49:42,565 [INFO] ImportTextPane:234 - (OptionalMessage_ERROR) IP (DMA) : Parameter (Direction) has Id (SPI1_TX) currently not set
2025-10-28 11:49:42,565 [INFO] ImportTextPane:234 - (OptionalMessage_ERROR) IP (DMA) : Parameter (PeriphInc) has Id (SPI1_TX) currently not set
2025-10-28 11:49:42,565 [INFO] ImportTextPane:234 - (OptionalMessage_ERROR) IP (DMA) : Parameter (MemInc) has Id (SPI1_TX) currently not set
2025-10-28 11:49:42,565 [INFO] ImportTextPane:234 - (OptionalMessage_ERROR) IP (DMA) : Parameter (PeriphDataAlignment) has Id (SPI1_TX) currently not set
2025-10-28 11:49:42,565 [INFO] ImportTextPane:234 - (OptionalMessage_ERROR) IP (DMA) : Parameter (MemDataAlignment) has Id (SPI1_TX) currently not set
2025-10-28 11:49:42,565 [INFO] ImportTextPane:234 - (OptionalMessage_ERROR) IP (DMA) : Parameter (Mode) has Id (SPI1_TX) currently not set
2025-10-28 11:49:42,565 [INFO] ImportTextPane:234 - (OptionalMessage_ERROR) IP (DMA) : Parameter (Priority) has Id (SPI1_TX) currently not set
2025-10-28 11:49:42,565 [INFO] ImportTextPane:234 - (OptionalMessage_ERROR) IP (DMA) : Parameter (FIFOMode) has Id (SPI1_TX) currently not set
2025-10-28 11:49:42,565 [INFO] ImportTextPane:234 - (OptionalMessage_ERROR) IP (DMA) : Parameter (Instance) has Id (SPI1_RX) currently not set
2025-10-28 11:49:42,565 [INFO] ImportTextPane:234 - (OptionalMessage_ERROR) IP (DMA) : Parameter (Channel) has Id (SPI1_RX) currently not set
2025-10-28 11:49:42,565 [INFO] ImportTextPane:234 - (OptionalMessage_ERROR) IP (DMA) : Parameter (Direction) has Id (SPI1_RX) currently not set
2025-10-28 11:49:42,565 [INFO] ImportTextPane:234 - (OptionalMessage_ERROR) IP (DMA) : Parameter (PeriphInc) has Id (SPI1_RX) currently not set
2025-10-28 11:49:42,565 [INFO] ImportTextPane:234 - (OptionalMessage_ERROR) IP (DMA) : Parameter (MemInc) has Id (SPI1_RX) currently not set
2025-10-28 11:49:42,565 [INFO] ImportTextPane:234 - (OptionalMessage_ERROR) IP (DMA) : Parameter (PeriphDataAlignment) has Id (SPI1_RX) currently not set
2025-10-28 11:49:42,565 [INFO] ImportTextPane:234 - (OptionalMessage_ERROR) IP (DMA) : Parameter (MemDataAlignment) has Id (SPI1_RX) currently not set
2025-10-28 11:49:42,565 [INFO] ImportTextPane:234 - (OptionalMessage_ERROR) IP (DMA) : Parameter (Mode) has Id (SPI1_RX) currently not set
2025-10-28 11:49:42,565 [INFO] ImportTextPane:234 - (OptionalMessage_ERROR) IP (DMA) : Parameter (Priority) has Id (SPI1_RX) currently not set
2025-10-28 11:49:42,565 [INFO] ImportTextPane:234 - (OptionalMessage_ERROR) IP (DMA) : Parameter (FIFOMode) has Id (SPI1_RX) currently not set
2025-10-28 11:49:42,565 [INFO] ImportTextPane:234 - (OptionalMessage_ERROR) IP (DMA) : Parameter (Instance) has Id (USART2_RX) currently not set
2025-10-28 11:49:42,565 [INFO] ImportTextPane:234 - (OptionalMessage_ERROR) IP (DMA) : Parameter (Channel) has Id (USART2_RX) currently not set
2025-10-28 11:49:42,565 [INFO] ImportTextPane:234 - (OptionalMessage_ERROR) IP (DMA) : Parameter (Direction) has Id (USART2_RX) currently not set
2025-10-28 11:49:42,565 [INFO] ImportTextPane:234 - (OptionalMessage_ERROR) IP (DMA) : Parameter (PeriphInc) has Id (USART2_RX) currently not set
2025-10-28 11:49:42,565 [INFO] ImportTextPane:234 - (OptionalMessage_ERROR) IP (DMA) : Parameter (MemInc) has Id (USART2_RX) currently not set
2025-10-28 11:49:42,565 [INFO] ImportTextPane:234 - (OptionalMessage_ERROR) IP (DMA) : Parameter (PeriphDataAlignment) has Id (USART2_RX) currently not set
2025-10-28 11:49:42,565 [INFO] ImportTextPane:234 - (OptionalMessage_ERROR) IP (DMA) : Parameter (MemDataAlignment) has Id (USART2_RX) currently not set
2025-10-28 11:49:42,565 [INFO] ImportTextPane:234 - (OptionalMessage_ERROR) IP (DMA) : Parameter (Mode) has Id (USART2_RX) currently not set
2025-10-28 11:49:42,565 [INFO] ImportTextPane:234 - (OptionalMessage_ERROR) IP (DMA) : Parameter (Priority) has Id (USART2_RX) currently not set
2025-10-28 11:49:42,565 [INFO] ImportTextPane:234 - (OptionalMessage_ERROR) IP (DMA) : Parameter (FIFOMode) has Id (USART2_RX) currently not set
2025-10-28 11:49:42,565 [INFO] ImportTextPane:234 - (OptionalMessage_ERROR) IP (DMA) : Parameter (Instance) has Id (USART1_TX) currently not set
2025-10-28 11:49:42,565 [INFO] ImportTextPane:234 - (OptionalMessage_ERROR) IP (DMA) : Parameter (Channel) has Id (USART1_TX) currently not set
2025-10-28 11:49:42,565 [INFO] ImportTextPane:234 - (OptionalMessage_ERROR) IP (DMA) : Parameter (Direction) has Id (USART1_TX) currently not set
2025-10-28 11:49:42,565 [INFO] ImportTextPane:234 - (OptionalMessage_ERROR) IP (DMA) : Parameter (PeriphInc) has Id (USART1_TX) currently not set
2025-10-28 11:49:42,565 [INFO] ImportTextPane:234 - (OptionalMessage_ERROR) IP (DMA) : Parameter (MemInc) has Id (USART1_TX) currently not set
2025-10-28 11:49:42,565 [INFO] ImportTextPane:234 - (OptionalMessage_ERROR) IP (DMA) : Parameter (PeriphDataAlignment) has Id (USART1_TX) currently not set
2025-10-28 11:49:42,565 [INFO] ImportTextPane:234 - (OptionalMessage_ERROR) IP (DMA) : Parameter (MemDataAlignment) has Id (USART1_TX) currently not set
2025-10-28 11:49:42,565 [INFO] ImportTextPane:234 - (OptionalMessage_ERROR) IP (DMA) : Parameter (Mode) has Id (USART1_TX) currently not set
2025-10-28 11:49:42,565 [INFO] ImportTextPane:234 - (OptionalMessage_ERROR) IP (DMA) : Parameter (Priority) has Id (USART1_TX) currently not set
2025-10-28 11:49:42,565 [INFO] ImportTextPane:234 - (OptionalMessage_ERROR) IP (DMA) : Parameter (FIFOMode) has Id (USART1_TX) currently not set
2025-10-28 11:49:42,578 [INFO] ImportTextPane:234 - (OptionalMessage_ERROR) IP (RCC) : Parameter (48MHZClocksFreq_Value) has invalid value (50000000)
2025-10-28 11:49:42,580 [INFO] ImportTextPane:234 - (OptionalMessage_ERROR) IP (RCC) : Parameter (RTCHSEDivFreq_Value) has invalid value (12500000)
2025-10-28 11:49:43,089 [INFO] UtilMem:75 - End LoadConfig() Used Memory: 518055240 Bytes (975175680)
2025-10-28 11:49:43,154 [WARN] ThirdParty:833 - waiting for thirdparty lock release [change project]
2025-10-28 11:49:43,155 [INFO] ThirdParty:835 - entering critical section [change project]
2025-10-28 11:49:43,155 [INFO] ThirdParty:1030 - CMSIS Pack Vendor :STMicroelectronics X-CUBE-PM33A1 1.0.0
2025-10-28 11:49:43,155 [INFO] ThirdParty:1030 - CMSIS Pack Vendor :STMicroelectronics USBPD 4.1
2025-10-28 11:49:43,155 [INFO] ThirdParty:1030 - CMSIS Pack Vendor :STMicroelectronics X-CUBE-NFC9 1.0.0
2025-10-28 11:49:43,155 [INFO] ThirdParty:1030 - CMSIS Pack Vendor :STMicroelectronics USB_HOST 2.0.0
2025-10-28 11:49:43,155 [INFO] ThirdParty:1030 - CMSIS Pack Vendor :STMicroelectronics FP-SNS-MOTENVWB1 1.4.0
2025-10-28 11:49:43,155 [INFO] ThirdParty:1030 - CMSIS Pack Vendor :STMicroelectronics X-CUBE-AZRTOS-F4 1.1.0
2025-10-28 11:49:43,155 [INFO] ThirdParty:1030 - CMSIS Pack Vendor :STMicroelectronics LIBJPEG 8.0.0
2025-10-28 11:49:43,155 [INFO] ThirdParty:1030 - CMSIS Pack Vendor :STMicroelectronics FP-ATR-ASTRA1 2.0.2
2025-10-28 11:49:43,155 [INFO] ThirdParty:1030 - CMSIS Pack Vendor :STMicroelectronics X-CUBE-BLE1 7.1.0
2025-10-28 11:49:43,156 [INFO] ThirdParty:1030 - CMSIS Pack Vendor :STMicroelectronics X-CUBE-SMBUS 2.1.0
2025-10-28 11:49:43,156 [INFO] ThirdParty:1030 - CMSIS Pack Vendor :STMicroelectronics USB_DEVICE 3.0.0
2025-10-28 11:49:43,156 [INFO] ThirdParty:1030 - CMSIS Pack Vendor :STMicroelectronics X-CUBE-ISPU 2.1.0
2025-10-28 11:49:43,156 [INFO] ThirdParty:1030 - CMSIS Pack Vendor :STMicroelectronics X-CUBE-IPS 3.2.0
2025-10-28 11:49:43,156 [INFO] ThirdParty:1030 - CMSIS Pack Vendor :STMicroelectronics X-CUBE-AZRTOS-WB 2.0.0
2025-10-28 11:49:43,156 [INFO] ThirdParty:1030 - CMSIS Pack Vendor :STMicroelectronics X-CUBE-ST60 1.0.0
2025-10-28 11:49:43,156 [INFO] ThirdParty:1030 - CMSIS Pack Vendor :STMicroelectronics X-CUBE-GNSS1 7.0.1
2025-10-28 11:49:43,156 [INFO] ThirdParty:1030 - CMSIS Pack Vendor :STMicroelectronics X-CUBE-AZRTOS-F7 1.1.0
2025-10-28 11:49:43,156 [INFO] ThirdParty:1030 - CMSIS Pack Vendor :STMicroelectronics X-CUBE-AZRTOS-L5 2.0.0
2025-10-28 11:49:43,156 [INFO] ThirdParty:1030 - CMSIS Pack Vendor :STMicroelectronics X-CUBE-TOUCHGFX 4.25.0
2025-10-28 11:49:43,157 [INFO] ThirdParty:1030 - CMSIS Pack Vendor :STMicroelectronics USB_DEVICE 2.0.0
2025-10-28 11:49:43,157 [INFO] ThirdParty:1030 - CMSIS Pack Vendor :STMicroelectronics X-CUBE-NFC6 3.1.0
2025-10-28 11:49:43,157 [INFO] ThirdParty:1030 - CMSIS Pack Vendor :STMicroelectronics X-CUBE-ST67W61 1.1.0
2025-10-28 11:49:43,157 [INFO] ThirdParty:1030 - CMSIS Pack Vendor :Cesanta I-CUBE-Mongoose 7.19.0
2025-10-28 11:49:43,157 [INFO] ThirdParty:1030 - CMSIS Pack Vendor :quantropi X-CUBE-qispace-sdk-base 2.1.0
2025-10-28 11:49:43,157 [INFO] ThirdParty:1030 - CMSIS Pack Vendor :STMicroelectronics FreeRTOS 0.0.1
2025-10-28 11:49:43,157 [INFO] ThirdParty:1030 - CMSIS Pack Vendor :STMicroelectronics X-CUBE-AZRTOS-G0 1.1.0
2025-10-28 11:49:43,157 [INFO] ThirdParty:1030 - CMSIS Pack Vendor :STMicroelectronics X-CUBE-SAFEA1 1.2.2
2025-10-28 11:49:43,157 [INFO] ThirdParty:1030 - CMSIS Pack Vendor :STMicroelectronics X-CUBE-NFC4 3.0.0
2025-10-28 11:49:43,157 [INFO] ThirdParty:1030 - CMSIS Pack Vendor :STMicroelectronics X-CUBE-SUBG2 5.0.0
2025-10-28 11:49:43,157 [INFO] ThirdParty:1030 - CMSIS Pack Vendor :STMicroelectronics X-CUBE-AZRTOS-H7RS 1.1.0
2025-10-28 11:49:43,157 [INFO] ThirdParty:1030 - CMSIS Pack Vendor :STMicroelectronics STM32_WPAN 1.0.0
2025-10-28 11:49:43,157 [INFO] ThirdParty:1030 - CMSIS Pack Vendor :EmbeddedOffice I-CUBE-FS-RTOS 1.0.1
2025-10-28 11:49:43,157 [INFO] ThirdParty:1030 - CMSIS Pack Vendor :STMicroelectronics lwIP 2.0.3
2025-10-28 11:49:43,157 [INFO] ThirdParty:1030 - CMSIS Pack Vendor :WES I-CUBE-Cesium 1.4.0
2025-10-28 11:49:43,158 [INFO] ThirdParty:1030 - CMSIS Pack Vendor :STMicroelectronics USB_HOST 1.0.0
2025-10-28 11:49:43,158 [INFO] ThirdParty:1030 - CMSIS Pack Vendor :Infineon AIROC-Wi-Fi-Bluetooth-STM32 1.7.1
2025-10-28 11:49:43,158 [INFO] ThirdParty:1030 - CMSIS Pack Vendor :STMicroelectronics X-CUBE-AZRTOS-G4 2.0.0
2025-10-28 11:49:43,158 [INFO] ThirdParty:1030 - CMSIS Pack Vendor :STMicroelectronics X-CUBE-WB05N 2.0.0
2025-10-28 11:49:43,158 [INFO] ThirdParty:1030 - CMSIS Pack Vendor :STMicroelectronics PDM2PCM 3.1.0
2025-10-28 11:49:43,158 [INFO] ThirdParty:1030 - CMSIS Pack Vendor :STMicroelectronics PDM2PCM 3.3.0
2025-10-28 11:49:43,158 [INFO] ThirdParty:1030 - CMSIS Pack Vendor :STMicroelectronics X-CUBE-DISPLAY 3.0.0
2025-10-28 11:49:43,158 [INFO] ThirdParty:1030 - CMSIS Pack Vendor :STMicroelectronics X-CUBE-NFC7 2.0.0
2025-10-28 11:49:43,158 [INFO] ThirdParty:1030 - CMSIS Pack Vendor :STMicroelectronics X-CUBE-TCPP 4.2.0
2025-10-28 11:49:43,158 [INFO] ThirdParty:1030 - CMSIS Pack Vendor :RealThread X-CUBE-RT-Thread_Nano 4.1.1
2025-10-28 11:49:43,158 [INFO] ThirdParty:1030 - CMSIS Pack Vendor :STMicroelectronics FP-ATR-SIGFOX1 3.2.0
2025-10-28 11:49:43,158 [INFO] ThirdParty:1030 - CMSIS Pack Vendor :STMicroelectronics X-CUBE-NFC10 1.0.0
2025-10-28 11:49:43,158 [INFO] ThirdParty:1030 - CMSIS Pack Vendor :STMicroelectronics X-CUBE-FREERTOS 1.3.1
2025-10-28 11:49:43,158 [INFO] ThirdParty:1030 - CMSIS Pack Vendor :STMicroelectronics HAL Drivers 0.0.0
2025-10-28 11:49:43,158 [INFO] ThirdParty:1030 - CMSIS Pack Vendor :STMicroelectronics MBEDTLS 2.16.2
2025-10-28 11:49:43,158 [INFO] ThirdParty:1030 - CMSIS Pack Vendor :STMicroelectronics X-CUBE-ST60 1.1.0
2025-10-28 11:49:43,158 [INFO] ThirdParty:1030 - CMSIS Pack Vendor :STMicroelectronics X-CUBE-IPS 3.1.0
2025-10-28 11:49:43,159 [INFO] ThirdParty:1030 - CMSIS Pack Vendor :STMicroelectronics X-CUBE-ALS 1.0.2
2025-10-28 11:49:43,159 [INFO] ThirdParty:1030 - CMSIS Pack Vendor :emotas I-CUBE-CANOPEN 1.3.0
2025-10-28 11:49:43,159 [INFO] ThirdParty:1030 - CMSIS Pack Vendor :STMicroelectronics MBEDTLS 2.14.1
2025-10-28 11:49:43,159 [INFO] ThirdParty:1030 - CMSIS Pack Vendor :ITTIA_DB I-CUBE-ITTIADB 8.9.0
2025-10-28 11:49:43,159 [INFO] ThirdParty:1030 - CMSIS Pack Vendor :STMicroelectronics X-CUBE-TOUCHGFX 4.26.0
2025-10-28 11:49:43,159 [INFO] ThirdParty:1030 - CMSIS Pack Vendor :STMicroelectronics X-CUBE-ST67W61 1.0.0
2025-10-28 11:49:43,159 [INFO] ThirdParty:1030 - CMSIS Pack Vendor :STMicroelectronics ThreadX 1.0.0
2025-10-28 11:49:43,159 [INFO] ThirdParty:1030 - CMSIS Pack Vendor :STMicroelectronics FP-SNS-SMARTAG2 1.2.0
2025-10-28 11:49:43,159 [INFO] ThirdParty:1030 - CMSIS Pack Vendor :STMicroelectronics FP-SNS-FLIGHT1 5.1.0
2025-10-28 11:49:43,159 [INFO] ThirdParty:1030 - CMSIS Pack Vendor :STMicroelectronics X-CUBE-AZRTOS-WL 2.0.0
2025-10-28 11:49:43,159 [INFO] ThirdParty:1030 - CMSIS Pack Vendor :SEGGER I-CUBE-embOS 1.3.1
2025-10-28 11:49:43,159 [INFO] ThirdParty:1030 - CMSIS Pack Vendor :STMicroelectronics X-CUBE-ALGOBUILD 1.4.0
2025-10-28 11:49:43,160 [INFO] ThirdParty:1030 - CMSIS Pack Vendor :STMicroelectronics X-CUBE-DPower 1.3.0
2025-10-28 11:49:43,160 [INFO] ThirdParty:1030 - CMSIS Pack Vendor :STMicroelectronics X-CUBE-MEMS1 11.3.0
2025-10-28 11:49:43,160 [INFO] ThirdParty:1030 - CMSIS Pack Vendor :STMicroelectronics FP-SNS-MOTENV1 5.0.0
2025-10-28 11:49:43,160 [INFO] ThirdParty:1030 - CMSIS Pack Vendor :STMicroelectronics USB_DEVICE 1.0.0
2025-10-28 11:49:43,160 [INFO] ThirdParty:1030 - CMSIS Pack Vendor :STMicroelectronics X-CUBE-AZRTOS-L4 2.0.0
2025-10-28 11:49:43,160 [INFO] ThirdParty:1030 - CMSIS Pack Vendor :STMicroelectronics ThreadX 0.0.2
2025-10-28 11:49:43,160 [INFO] ThirdParty:1030 - CMSIS Pack Vendor :STMicroelectronics lwIP 2.1.2
2025-10-28 11:49:43,160 [INFO] ThirdParty:1030 - CMSIS Pack Vendor :STMicroelectronics X-CUBE-SFXS2LP1 4.0.0
2025-10-28 11:49:43,160 [INFO] ThirdParty:1030 - CMSIS Pack Vendor :STMicroelectronics X-CUBE-BLE2 3.3.0
2025-10-28 11:49:43,160 [INFO] ThirdParty:1030 - CMSIS Pack Vendor :STMicroelectronics X-CUBE-TOF1 3.4.3
2025-10-28 11:49:43,160 [INFO] ThirdParty:1030 - CMSIS Pack Vendor :STMicroelectronics PDM2PCM 3.2.0
2025-10-28 11:49:43,161 [INFO] ThirdParty:841 - exiting critical section [change project]
2025-10-28 11:49:43,554 [INFO] PinOutPanel:1589 - setPackage(No Configuration,No Configuration)
2025-10-28 11:49:43,558 [INFO] PinOutPanel:1589 - setPackage(STM32F411CEUx,UFQFPN48)
2025-10-28 11:49:43,968 [INFO] UtilMem:75 - Before build in PCC Used Memory: 643879664 Bytes (975175680)
2025-10-28 11:49:44,364 [INFO] UtilMem:75 - After build in PCC Used Memory: 689494768 Bytes (975175680)
2025-10-28 11:49:44,381 [INFO] ApiDbMcu:532 - Load IP Config File for FATFS
2025-10-28 11:49:44,427 [INFO] IPUIPlugin:80 - create IPUIPlugin
2025-10-28 11:49:44,429 [INFO] IPUIPlugin:80 - create IPUIPlugin
2025-10-28 11:49:44,429 [INFO] IPUIPlugin:80 - create IPUIPlugin
2025-10-28 11:49:44,429 [INFO] IPUIPlugin:80 - create IPUIPlugin
2025-10-28 11:49:44,429 [INFO] IPUIPlugin:80 - create IPUIPlugin
2025-10-28 11:49:44,429 [INFO] IPUIPlugin:80 - create IPUIPlugin
2025-10-28 11:49:44,429 [INFO] IPUIPlugin:80 - create IPUIPlugin
2025-10-28 11:49:44,429 [INFO] IPUIPlugin:80 - create IPUIPlugin
2025-10-28 11:49:44,429 [INFO] IPUIPlugin:80 - create IPUIPlugin
2025-10-28 11:49:44,429 [INFO] IPUIPlugin:80 - create IPUIPlugin
2025-10-28 11:49:44,429 [INFO] IPUIPlugin:80 - create IPUIPlugin
2025-10-28 11:49:44,429 [INFO] IPUIPlugin:80 - create IPUIPlugin
2025-10-28 11:49:44,429 [INFO] IPUIPlugin:80 - create IPUIPlugin
2025-10-28 11:49:44,429 [INFO] IPUIPlugin:80 - create IPUIPlugin
2025-10-28 11:49:44,429 [INFO] IPUIPlugin:80 - create IPUIPlugin
2025-10-28 11:49:44,429 [INFO] IPUIPlugin:80 - create IPUIPlugin
2025-10-28 11:49:44,429 [INFO] IPUIPlugin:80 - create IPUIPlugin
2025-10-28 11:49:44,429 [INFO] IPUIPlugin:80 - create IPUIPlugin
2025-10-28 11:49:44,429 [INFO] IPUIPlugin:80 - create IPUIPlugin
2025-10-28 11:49:44,429 [INFO] IPUIPlugin:80 - create IPUIPlugin
2025-10-28 11:49:44,434 [INFO] IPUIPlugin:80 - create IPUIPlugin
2025-10-28 11:49:44,434 [INFO] IPUIPlugin:80 - create IPUIPlugin
2025-10-28 11:49:44,434 [INFO] IPUIPlugin:80 - create IPUIPlugin
2025-10-28 11:49:44,434 [INFO] IPUIPlugin:80 - create IPUIPlugin
2025-10-28 11:49:44,434 [INFO] IPUIPlugin:80 - create IPUIPlugin
2025-10-28 11:49:44,434 [INFO] IPUIPlugin:80 - create IPUIPlugin
2025-10-28 11:49:44,434 [INFO] IPUIPlugin:80 - create IPUIPlugin
2025-10-28 11:49:44,434 [INFO] IPUIPlugin:80 - create IPUIPlugin
2025-10-28 11:49:44,434 [INFO] IPUIPlugin:80 - create IPUIPlugin
2025-10-28 11:49:44,434 [INFO] IPUIPlugin:80 - create IPUIPlugin
2025-10-28 11:49:44,434 [INFO] IPUIPlugin:80 - create IPUIPlugin
2025-10-28 11:49:44,440 [INFO] IPUIPlugin:80 - create IPUIPlugin
2025-10-28 11:49:44,440 [INFO] IPUIPlugin:80 - create IPUIPlugin
2025-10-28 11:49:44,440 [INFO] IPUIPlugin:80 - create IPUIPlugin
2025-10-28 11:49:44,440 [INFO] IPUIPlugin:80 - create IPUIPlugin
2025-10-28 11:49:44,440 [INFO] IPUIPlugin:80 - create IPUIPlugin
2025-10-28 11:49:44,442 [INFO] IPUIPlugin:80 - create IPUIPlugin
2025-10-28 11:49:44,442 [INFO] IPUIPlugin:80 - create IPUIPlugin
2025-10-28 11:49:44,443 [INFO] IPUIPlugin:80 - create IPUIPlugin
2025-10-28 11:49:44,443 [INFO] IPUIPlugin:80 - create IPUIPlugin
2025-10-28 11:49:44,443 [INFO] IPUIPlugin:80 - create IPUIPlugin
2025-10-28 11:49:44,443 [INFO] IPUIPlugin:80 - create IPUIPlugin
2025-10-28 11:49:44,443 [INFO] IPUIPlugin:80 - create IPUIPlugin
2025-10-28 11:49:44,450 [INFO] ApiDbMcu:532 - Load IP Config File for PDM2PCM
2025-10-28 11:49:44,540 [INFO] CADModel:165 - CPN selected for project levelSTM32F411CEU6
2025-10-28 11:49:44,540 [INFO] CADModel:114 - Register for checkConnection events
2025-10-28 11:49:44,628 [INFO] OpenFileManager:386 - Restore cursor
2025-10-28 11:49:45,813 [INFO] UtilMem:75 - End SaveConfig() Used Memory: 790158064 Bytes (975175680)
2025-10-28 11:49:45,930 [INFO] UtilMem:75 - End SaveConfig() Used Memory: 805360368 Bytes (975175680)
2025-10-28 11:49:46,111 [INFO] BlockDiagram:2775 - set Specific Code input for plugin: SPI
2025-10-28 11:49:46,111 [INFO] BlockDiagram:2775 - set Specific Code input for plugin: NVIC
2025-10-28 11:49:46,111 [INFO] BlockDiagram:2775 - set Specific Code input for plugin: USART
2025-10-28 11:49:46,111 [INFO] BlockDiagram:2775 - set Specific Code input for plugin: USART
2025-10-28 11:49:46,111 [INFO] BlockDiagram:2775 - set Specific Code input for plugin: DMA
2025-10-28 11:49:46,111 [INFO] BlockDiagram:2775 - set Specific Code input for plugin: SYS
2025-10-28 11:49:46,111 [INFO] BlockDiagram:2775 - set Specific Code input for plugin: GPIO
2025-10-28 11:49:46,111 [INFO] BlockDiagram:2775 - set Specific Code input for plugin: RCC
2025-10-28 11:49:46,111 [INFO] BlockDiagram:2775 - set Specific Code input for plugin: FATFS
2025-10-28 11:49:46,113 [INFO] CodeGenerator:892 - code generatio: config db path: C:\ST\STM32CubeIDE_1.19.0\STM32CubeIDE\plugins\com.st.stm32cube.common.mx_6.15.0.202507011659\\db\
2025-10-28 11:49:46,135 [INFO] Argument:325 - Argument : hdmavalue: null
2025-10-28 11:49:46,135 [INFO] Argument:327 - 	 sub Args: 
2025-10-28 11:49:46,135 [INFO] Argument:325 - Argument : Instancevalue: DMA2_Stream2
2025-10-28 11:49:46,135 [INFO] Argument:335 - Argument : Instancevalue: DMA2_Stream2
2025-10-28 11:49:46,135 [INFO] Argument:325 - Argument : Initvalue: null
2025-10-28 11:49:46,135 [INFO] Argument:327 - 	 sub Args: 
2025-10-28 11:49:46,135 [INFO] Argument:325 - Argument : Channelvalue: DMA_CHANNEL_2
2025-10-28 11:49:46,135 [INFO] Argument:335 - Argument : Channelvalue: DMA_CHANNEL_2
2025-10-28 11:49:46,135 [INFO] Argument:325 - Argument : Directionvalue: DMA_MEMORY_TO_PERIPH
2025-10-28 11:49:46,135 [INFO] Argument:335 - Argument : Directionvalue: DMA_MEMORY_TO_PERIPH
2025-10-28 11:49:46,135 [INFO] Argument:325 - Argument : PeriphIncvalue: DMA_PINC_DISABLE
2025-10-28 11:49:46,135 [INFO] Argument:335 - Argument : PeriphIncvalue: DMA_PINC_DISABLE
2025-10-28 11:49:46,135 [INFO] Argument:325 - Argument : MemIncvalue: DMA_MINC_ENABLE
2025-10-28 11:49:46,135 [INFO] Argument:335 - Argument : MemIncvalue: DMA_MINC_ENABLE
2025-10-28 11:49:46,135 [INFO] Argument:325 - Argument : PeriphDataAlignmentvalue: DMA_PDATAALIGN_BYTE
2025-10-28 11:49:46,136 [INFO] Argument:335 - Argument : PeriphDataAlignmentvalue: DMA_PDATAALIGN_BYTE
2025-10-28 11:49:46,136 [INFO] Argument:325 - Argument : MemDataAlignmentvalue: DMA_MDATAALIGN_BYTE
2025-10-28 11:49:46,136 [INFO] Argument:335 - Argument : MemDataAlignmentvalue: DMA_MDATAALIGN_BYTE
2025-10-28 11:49:46,136 [INFO] Argument:325 - Argument : Modevalue: DMA_NORMAL
2025-10-28 11:49:46,136 [INFO] Argument:335 - Argument : Modevalue: DMA_NORMAL
2025-10-28 11:49:46,136 [INFO] Argument:325 - Argument : Priorityvalue: DMA_PRIORITY_LOW
2025-10-28 11:49:46,136 [INFO] Argument:335 - Argument : Priorityvalue: DMA_PRIORITY_LOW
2025-10-28 11:49:46,136 [INFO] Argument:325 - Argument : FIFOModevalue: DMA_FIFOMODE_DISABLE
2025-10-28 11:49:46,136 [INFO] Argument:335 - Argument : FIFOModevalue: DMA_FIFOMODE_DISABLE
2025-10-28 11:49:46,136 [INFO] Argument:325 - Argument : FIFOThresholdvalue: null
2025-10-28 11:49:46,136 [INFO] Argument:335 - Argument : FIFOThresholdvalue: null
2025-10-28 11:49:46,136 [INFO] Argument:325 - Argument : MemBurstvalue: null
2025-10-28 11:49:46,136 [INFO] Argument:335 - Argument : MemBurstvalue: null
2025-10-28 11:49:46,136 [INFO] Argument:325 - Argument : PeriphBurstvalue: null
2025-10-28 11:49:46,136 [INFO] Argument:335 - Argument : PeriphBurstvalue: null
2025-10-28 11:49:46,136 [INFO] Argument:325 - Argument : Lockvalue: null
2025-10-28 11:49:46,136 [INFO] Argument:335 - Argument : Lockvalue: null
2025-10-28 11:49:46,136 [INFO] Argument:325 - Argument : Statevalue: null
2025-10-28 11:49:46,136 [INFO] Argument:335 - Argument : Statevalue: null
2025-10-28 11:49:46,136 [INFO] Argument:325 - Argument : Parentvalue: null
2025-10-28 11:49:46,137 [INFO] Argument:335 - Argument : Parentvalue: null
2025-10-28 11:49:46,137 [INFO] Argument:325 - Argument : XferCpltCallbackvalue: null
2025-10-28 11:49:46,137 [INFO] Argument:335 - Argument : XferCpltCallbackvalue: null
2025-10-28 11:49:46,137 [INFO] Argument:325 - Argument : XferHalfCpltCallbackvalue: null
2025-10-28 11:49:46,137 [INFO] Argument:335 - Argument : XferHalfCpltCallbackvalue: null
2025-10-28 11:49:46,137 [INFO] Argument:325 - Argument : XferM1CpltCallbackvalue: null
2025-10-28 11:49:46,137 [INFO] Argument:335 - Argument : XferM1CpltCallbackvalue: null
2025-10-28 11:49:46,137 [INFO] Argument:325 - Argument : XferErrorCallbackvalue: null
2025-10-28 11:49:46,137 [INFO] Argument:335 - Argument : XferErrorCallbackvalue: null
2025-10-28 11:49:46,137 [INFO] Argument:325 - Argument : ErrorCodevalue: null
2025-10-28 11:49:46,137 [INFO] Argument:335 - Argument : ErrorCodevalue: null
2025-10-28 11:49:46,137 [INFO] Argument:325 - Argument : hdmavalue: null
2025-10-28 11:49:46,137 [INFO] Argument:327 - 	 sub Args: 
2025-10-28 11:49:46,137 [INFO] Argument:325 - Argument : Instancevalue: DMA2_Stream0
2025-10-28 11:49:46,137 [INFO] Argument:335 - Argument : Instancevalue: DMA2_Stream0
2025-10-28 11:49:46,138 [INFO] Argument:325 - Argument : Initvalue: null
2025-10-28 11:49:46,138 [INFO] Argument:327 - 	 sub Args: 
2025-10-28 11:49:46,138 [INFO] Argument:325 - Argument : Channelvalue: DMA_CHANNEL_3
2025-10-28 11:49:46,138 [INFO] Argument:335 - Argument : Channelvalue: DMA_CHANNEL_3
2025-10-28 11:49:46,138 [INFO] Argument:325 - Argument : Directionvalue: DMA_PERIPH_TO_MEMORY
2025-10-28 11:49:46,138 [INFO] Argument:335 - Argument : Directionvalue: DMA_PERIPH_TO_MEMORY
2025-10-28 11:49:46,138 [INFO] Argument:325 - Argument : PeriphIncvalue: DMA_PINC_DISABLE
2025-10-28 11:49:46,138 [INFO] Argument:335 - Argument : PeriphIncvalue: DMA_PINC_DISABLE
2025-10-28 11:49:46,138 [INFO] Argument:325 - Argument : MemIncvalue: DMA_MINC_ENABLE
2025-10-28 11:49:46,138 [INFO] Argument:335 - Argument : MemIncvalue: DMA_MINC_ENABLE
2025-10-28 11:49:46,138 [INFO] Argument:325 - Argument : PeriphDataAlignmentvalue: DMA_PDATAALIGN_BYTE
2025-10-28 11:49:46,138 [INFO] Argument:335 - Argument : PeriphDataAlignmentvalue: DMA_PDATAALIGN_BYTE
2025-10-28 11:49:46,138 [INFO] Argument:325 - Argument : MemDataAlignmentvalue: DMA_MDATAALIGN_BYTE
2025-10-28 11:49:46,138 [INFO] Argument:335 - Argument : MemDataAlignmentvalue: DMA_MDATAALIGN_BYTE
2025-10-28 11:49:46,138 [INFO] Argument:325 - Argument : Modevalue: DMA_NORMAL
2025-10-28 11:49:46,138 [INFO] Argument:335 - Argument : Modevalue: DMA_NORMAL
2025-10-28 11:49:46,138 [INFO] Argument:325 - Argument : Priorityvalue: DMA_PRIORITY_LOW
2025-10-28 11:49:46,138 [INFO] Argument:335 - Argument : Priorityvalue: DMA_PRIORITY_LOW
2025-10-28 11:49:46,138 [INFO] Argument:325 - Argument : FIFOModevalue: DMA_FIFOMODE_DISABLE
2025-10-28 11:49:46,138 [INFO] Argument:335 - Argument : FIFOModevalue: DMA_FIFOMODE_DISABLE
2025-10-28 11:49:46,138 [INFO] Argument:325 - Argument : FIFOThresholdvalue: null
2025-10-28 11:49:46,138 [INFO] Argument:335 - Argument : FIFOThresholdvalue: null
2025-10-28 11:49:46,139 [INFO] Argument:325 - Argument : MemBurstvalue: null
2025-10-28 11:49:46,139 [INFO] Argument:335 - Argument : MemBurstvalue: null
2025-10-28 11:49:46,139 [INFO] Argument:325 - Argument : PeriphBurstvalue: null
2025-10-28 11:49:46,139 [INFO] Argument:335 - Argument : PeriphBurstvalue: null
2025-10-28 11:49:46,139 [INFO] Argument:325 - Argument : Lockvalue: null
2025-10-28 11:49:46,139 [INFO] Argument:335 - Argument : Lockvalue: null
2025-10-28 11:49:46,139 [INFO] Argument:325 - Argument : Statevalue: null
2025-10-28 11:49:46,139 [INFO] Argument:335 - Argument : Statevalue: null
2025-10-28 11:49:46,139 [INFO] Argument:325 - Argument : Parentvalue: null
2025-10-28 11:49:46,139 [INFO] Argument:335 - Argument : Parentvalue: null
2025-10-28 11:49:46,139 [INFO] Argument:325 - Argument : XferCpltCallbackvalue: null
2025-10-28 11:49:46,139 [INFO] Argument:335 - Argument : XferCpltCallbackvalue: null
2025-10-28 11:49:46,139 [INFO] Argument:325 - Argument : XferHalfCpltCallbackvalue: null
2025-10-28 11:49:46,139 [INFO] Argument:335 - Argument : XferHalfCpltCallbackvalue: null
2025-10-28 11:49:46,139 [INFO] Argument:325 - Argument : XferM1CpltCallbackvalue: null
2025-10-28 11:49:46,139 [INFO] Argument:335 - Argument : XferM1CpltCallbackvalue: null
2025-10-28 11:49:46,139 [INFO] Argument:325 - Argument : XferErrorCallbackvalue: null
2025-10-28 11:49:46,139 [INFO] Argument:335 - Argument : XferErrorCallbackvalue: null
2025-10-28 11:49:46,139 [INFO] Argument:325 - Argument : ErrorCodevalue: null
2025-10-28 11:49:46,139 [INFO] Argument:335 - Argument : ErrorCodevalue: null
2025-10-28 11:49:46,141 [INFO] Argument:325 - Argument : hdmavalue: null
2025-10-28 11:49:46,141 [INFO] Argument:327 - 	 sub Args: 
2025-10-28 11:49:46,141 [INFO] Argument:325 - Argument : Instancevalue: DMA2_Stream7
2025-10-28 11:49:46,141 [INFO] Argument:335 - Argument : Instancevalue: DMA2_Stream7
2025-10-28 11:49:46,141 [INFO] Argument:325 - Argument : Initvalue: null
2025-10-28 11:49:46,141 [INFO] Argument:327 - 	 sub Args: 
2025-10-28 11:49:46,142 [INFO] Argument:325 - Argument : Channelvalue: DMA_CHANNEL_4
2025-10-28 11:49:46,142 [INFO] Argument:335 - Argument : Channelvalue: DMA_CHANNEL_4
2025-10-28 11:49:46,142 [INFO] Argument:325 - Argument : Directionvalue: DMA_MEMORY_TO_PERIPH
2025-10-28 11:49:46,142 [INFO] Argument:335 - Argument : Directionvalue: DMA_MEMORY_TO_PERIPH
2025-10-28 11:49:46,142 [INFO] Argument:325 - Argument : PeriphIncvalue: DMA_PINC_DISABLE
2025-10-28 11:49:46,142 [INFO] Argument:335 - Argument : PeriphIncvalue: DMA_PINC_DISABLE
2025-10-28 11:49:46,142 [INFO] Argument:325 - Argument : MemIncvalue: DMA_MINC_ENABLE
2025-10-28 11:49:46,142 [INFO] Argument:335 - Argument : MemIncvalue: DMA_MINC_ENABLE
2025-10-28 11:49:46,142 [INFO] Argument:325 - Argument : PeriphDataAlignmentvalue: DMA_PDATAALIGN_BYTE
2025-10-28 11:49:46,142 [INFO] Argument:335 - Argument : PeriphDataAlignmentvalue: DMA_PDATAALIGN_BYTE
2025-10-28 11:49:46,142 [INFO] Argument:325 - Argument : MemDataAlignmentvalue: DMA_MDATAALIGN_BYTE
2025-10-28 11:49:46,142 [INFO] Argument:335 - Argument : MemDataAlignmentvalue: DMA_MDATAALIGN_BYTE
2025-10-28 11:49:46,142 [INFO] Argument:325 - Argument : Modevalue: DMA_NORMAL
2025-10-28 11:49:46,142 [INFO] Argument:335 - Argument : Modevalue: DMA_NORMAL
2025-10-28 11:49:46,142 [INFO] Argument:325 - Argument : Priorityvalue: DMA_PRIORITY_LOW
2025-10-28 11:49:46,142 [INFO] Argument:335 - Argument : Priorityvalue: DMA_PRIORITY_LOW
2025-10-28 11:49:46,142 [INFO] Argument:325 - Argument : FIFOModevalue: DMA_FIFOMODE_DISABLE
2025-10-28 11:49:46,142 [INFO] Argument:335 - Argument : FIFOModevalue: DMA_FIFOMODE_DISABLE
2025-10-28 11:49:46,142 [INFO] Argument:325 - Argument : FIFOThresholdvalue: null
2025-10-28 11:49:46,142 [INFO] Argument:335 - Argument : FIFOThresholdvalue: null
2025-10-28 11:49:46,142 [INFO] Argument:325 - Argument : MemBurstvalue: null
2025-10-28 11:49:46,142 [INFO] Argument:335 - Argument : MemBurstvalue: null
2025-10-28 11:49:46,142 [INFO] Argument:325 - Argument : PeriphBurstvalue: null
2025-10-28 11:49:46,142 [INFO] Argument:335 - Argument : PeriphBurstvalue: null
2025-10-28 11:49:46,142 [INFO] Argument:325 - Argument : Lockvalue: null
2025-10-28 11:49:46,143 [INFO] Argument:335 - Argument : Lockvalue: null
2025-10-28 11:49:46,143 [INFO] Argument:325 - Argument : Statevalue: null
2025-10-28 11:49:46,143 [INFO] Argument:335 - Argument : Statevalue: null
2025-10-28 11:49:46,143 [INFO] Argument:325 - Argument : Parentvalue: null
2025-10-28 11:49:46,143 [INFO] Argument:335 - Argument : Parentvalue: null
2025-10-28 11:49:46,143 [INFO] Argument:325 - Argument : XferCpltCallbackvalue: null
2025-10-28 11:49:46,143 [INFO] Argument:335 - Argument : XferCpltCallbackvalue: null
2025-10-28 11:49:46,143 [INFO] Argument:325 - Argument : XferHalfCpltCallbackvalue: null
2025-10-28 11:49:46,143 [INFO] Argument:335 - Argument : XferHalfCpltCallbackvalue: null
2025-10-28 11:49:46,143 [INFO] Argument:325 - Argument : XferM1CpltCallbackvalue: null
2025-10-28 11:49:46,143 [INFO] Argument:335 - Argument : XferM1CpltCallbackvalue: null
2025-10-28 11:49:46,143 [INFO] Argument:325 - Argument : XferErrorCallbackvalue: null
2025-10-28 11:49:46,143 [INFO] Argument:335 - Argument : XferErrorCallbackvalue: null
2025-10-28 11:49:46,143 [INFO] Argument:325 - Argument : ErrorCodevalue: null
2025-10-28 11:49:46,143 [INFO] Argument:335 - Argument : ErrorCodevalue: null
2025-10-28 11:49:46,144 [INFO] Argument:325 - Argument : hdmavalue: null
2025-10-28 11:49:46,144 [INFO] Argument:327 - 	 sub Args: 
2025-10-28 11:49:46,144 [INFO] Argument:325 - Argument : Instancevalue: DMA1_Stream5
2025-10-28 11:49:46,144 [INFO] Argument:335 - Argument : Instancevalue: DMA1_Stream5
2025-10-28 11:49:46,144 [INFO] Argument:325 - Argument : Initvalue: null
2025-10-28 11:49:46,146 [INFO] Argument:327 - 	 sub Args: 
2025-10-28 11:49:46,146 [INFO] Argument:325 - Argument : Channelvalue: DMA_CHANNEL_4
2025-10-28 11:49:46,146 [INFO] Argument:335 - Argument : Channelvalue: DMA_CHANNEL_4
2025-10-28 11:49:46,146 [INFO] Argument:325 - Argument : Directionvalue: DMA_PERIPH_TO_MEMORY
2025-10-28 11:49:46,146 [INFO] Argument:335 - Argument : Directionvalue: DMA_PERIPH_TO_MEMORY
2025-10-28 11:49:46,146 [INFO] Argument:325 - Argument : PeriphIncvalue: DMA_PINC_DISABLE
2025-10-28 11:49:46,146 [INFO] Argument:335 - Argument : PeriphIncvalue: DMA_PINC_DISABLE
2025-10-28 11:49:46,146 [INFO] Argument:325 - Argument : MemIncvalue: DMA_MINC_ENABLE
2025-10-28 11:49:46,146 [INFO] Argument:335 - Argument : MemIncvalue: DMA_MINC_ENABLE
2025-10-28 11:49:46,146 [INFO] Argument:325 - Argument : PeriphDataAlignmentvalue: DMA_PDATAALIGN_BYTE
2025-10-28 11:49:46,146 [INFO] Argument:335 - Argument : PeriphDataAlignmentvalue: DMA_PDATAALIGN_BYTE
2025-10-28 11:49:46,146 [INFO] Argument:325 - Argument : MemDataAlignmentvalue: DMA_MDATAALIGN_BYTE
2025-10-28 11:49:46,146 [INFO] Argument:335 - Argument : MemDataAlignmentvalue: DMA_MDATAALIGN_BYTE
2025-10-28 11:49:46,146 [INFO] Argument:325 - Argument : Modevalue: DMA_NORMAL
2025-10-28 11:49:46,146 [INFO] Argument:335 - Argument : Modevalue: DMA_NORMAL
2025-10-28 11:49:46,146 [INFO] Argument:325 - Argument : Priorityvalue: DMA_PRIORITY_LOW
2025-10-28 11:49:46,146 [INFO] Argument:335 - Argument : Priorityvalue: DMA_PRIORITY_LOW
2025-10-28 11:49:46,146 [INFO] Argument:325 - Argument : FIFOModevalue: DMA_FIFOMODE_DISABLE
2025-10-28 11:49:46,146 [INFO] Argument:335 - Argument : FIFOModevalue: DMA_FIFOMODE_DISABLE
2025-10-28 11:49:46,146 [INFO] Argument:325 - Argument : FIFOThresholdvalue: null
2025-10-28 11:49:46,146 [INFO] Argument:335 - Argument : FIFOThresholdvalue: null
2025-10-28 11:49:46,146 [INFO] Argument:325 - Argument : MemBurstvalue: null
2025-10-28 11:49:46,147 [INFO] Argument:335 - Argument : MemBurstvalue: null
2025-10-28 11:49:46,147 [INFO] Argument:325 - Argument : PeriphBurstvalue: null
2025-10-28 11:49:46,147 [INFO] Argument:335 - Argument : PeriphBurstvalue: null
2025-10-28 11:49:46,147 [INFO] Argument:325 - Argument : Lockvalue: null
2025-10-28 11:49:46,147 [INFO] Argument:335 - Argument : Lockvalue: null
2025-10-28 11:49:46,147 [INFO] Argument:325 - Argument : Statevalue: null
2025-10-28 11:49:46,147 [INFO] Argument:335 - Argument : Statevalue: null
2025-10-28 11:49:46,147 [INFO] Argument:325 - Argument : Parentvalue: null
2025-10-28 11:49:46,147 [INFO] Argument:335 - Argument : Parentvalue: null
2025-10-28 11:49:46,147 [INFO] Argument:325 - Argument : XferCpltCallbackvalue: null
2025-10-28 11:49:46,147 [INFO] Argument:335 - Argument : XferCpltCallbackvalue: null
2025-10-28 11:49:46,147 [INFO] Argument:325 - Argument : XferHalfCpltCallbackvalue: null
2025-10-28 11:49:46,147 [INFO] Argument:335 - Argument : XferHalfCpltCallbackvalue: null
2025-10-28 11:49:46,147 [INFO] Argument:325 - Argument : XferM1CpltCallbackvalue: null
2025-10-28 11:49:46,147 [INFO] Argument:335 - Argument : XferM1CpltCallbackvalue: null
2025-10-28 11:49:46,147 [INFO] Argument:325 - Argument : XferErrorCallbackvalue: null
2025-10-28 11:49:46,147 [INFO] Argument:335 - Argument : XferErrorCallbackvalue: null
2025-10-28 11:49:46,147 [INFO] Argument:325 - Argument : ErrorCodevalue: null
2025-10-28 11:49:46,147 [INFO] Argument:335 - Argument : ErrorCodevalue: null
2025-10-28 11:49:46,296 [INFO] CodeEngine:265 - oldGeneratedFile, C:\ST\DefaultWorkspase\uart-rx-idle\MXTmpFiles\license.tmp_save
2025-10-28 11:49:46,766 [INFO] CodeEngine:289 - Generated code: C:\ST\DefaultWorkspase\uart-rx-idle\MXTmpFiles\license.tmp
2025-10-28 11:49:46,831 [INFO] CodeEngine:265 - oldGeneratedFile, C:\ST\DefaultWorkspase\uart-rx-idle\MXTmpFiles\gpio.tmp_save
2025-10-28 11:49:47,151 [INFO] CodeEngine:289 - Generated code: C:\ST\DefaultWorkspase\uart-rx-idle\MXTmpFiles\gpio.tmp
2025-10-28 11:49:47,751 [INFO] Middleware:1452 - No code input for Bsp Dependency
2025-10-28 11:49:47,766 [INFO] CodeEngine:265 - oldGeneratedFile, C:\ST\DefaultWorkspase\uart-rx-idle\MXTmpFiles\fatfs_HalInit.tmp_save
2025-10-28 11:49:47,973 [INFO] CodeEngine:289 - Generated code: C:\ST\DefaultWorkspase\uart-rx-idle\MXTmpFiles\fatfs_HalInit.tmp
2025-10-28 11:49:47,984 [INFO] CodeEngine:265 - oldGeneratedFile, C:\ST\DefaultWorkspase\uart-rx-idle\MXTmpFiles\fatfs_vars.tmp_save
2025-10-28 11:49:48,157 [INFO] CodeEngine:289 - Generated code: C:\ST\DefaultWorkspase\uart-rx-idle\MXTmpFiles\fatfs_vars.tmp
2025-10-28 11:49:48,166 [INFO] CodeEngine:265 - oldGeneratedFile, C:\ST\DefaultWorkspase\uart-rx-idle\MXTmpFiles\fatfs_ext_vars.tmp_save
2025-10-28 11:49:48,332 [INFO] CodeEngine:289 - Generated code: C:\ST\DefaultWorkspase\uart-rx-idle\MXTmpFiles\fatfs_ext_vars.tmp
2025-10-28 11:49:48,354 [INFO] CodeEngine:265 - oldGeneratedFile, C:\ST\DefaultWorkspase\uart-rx-idle\MXTmpFiles\fatfs_inc.tmp_save
2025-10-28 11:49:48,513 [INFO] CodeEngine:289 - Generated code: C:\ST\DefaultWorkspase\uart-rx-idle\MXTmpFiles\fatfs_inc.tmp
2025-10-28 11:49:48,627 [INFO] CodeEngine:265 - oldGeneratedFile, C:\ST\DefaultWorkspase\uart-rx-idle\MXTmpFiles\dma.tmp_save
2025-10-28 11:49:48,751 [INFO] CodeEngine:289 - Generated code: C:\ST\DefaultWorkspase\uart-rx-idle\MXTmpFiles\dma.tmp
2025-10-28 11:49:48,759 [INFO] CodeEngine:265 - oldGeneratedFile, C:\ST\DefaultWorkspase\uart-rx-idle\MXTmpFiles\dma_GV.tmp_save
2025-10-28 11:49:48,895 [INFO] CodeEngine:289 - Generated code: C:\ST\DefaultWorkspase\uart-rx-idle\MXTmpFiles\dma_GV.tmp
2025-10-28 11:49:48,910 [INFO] Middleware:1452 - No code input for Bsp Dependency
2025-10-28 11:49:48,923 [INFO] CodeEngine:265 - oldGeneratedFile, C:\ST\DefaultWorkspase\uart-rx-idle\MXTmpFiles\fatfs_HalInit.tmp_save
2025-10-28 11:49:49,039 [INFO] CodeEngine:289 - Generated code: C:\ST\DefaultWorkspase\uart-rx-idle\MXTmpFiles\fatfs_HalInit.tmp
2025-10-28 11:49:49,039 [INFO] CodeEngine:265 - oldGeneratedFile, C:\ST\DefaultWorkspase\uart-rx-idle\MXTmpFiles\fatfs_vars.tmp_save
2025-10-28 11:49:49,166 [INFO] CodeEngine:289 - Generated code: C:\ST\DefaultWorkspase\uart-rx-idle\MXTmpFiles\fatfs_vars.tmp
2025-10-28 11:49:49,166 [INFO] CodeEngine:265 - oldGeneratedFile, C:\ST\DefaultWorkspase\uart-rx-idle\MXTmpFiles\fatfs_ext_vars.tmp_save
2025-10-28 11:49:49,276 [INFO] CodeEngine:289 - Generated code: C:\ST\DefaultWorkspase\uart-rx-idle\MXTmpFiles\fatfs_ext_vars.tmp
2025-10-28 11:49:49,292 [INFO] CodeEngine:265 - oldGeneratedFile, C:\ST\DefaultWorkspase\uart-rx-idle\MXTmpFiles\fatfs_inc.tmp_save
2025-10-28 11:49:49,423 [INFO] CodeEngine:289 - Generated code: C:\ST\DefaultWorkspase\uart-rx-idle\MXTmpFiles\fatfs_inc.tmp
2025-10-28 11:49:49,440 [INFO] CodeEngine:265 - oldGeneratedFile, C:\ST\DefaultWorkspase\uart-rx-idle\FATFS\Target\ffconf.h_save
2025-10-28 11:49:49,563 [INFO] CodeEngine:289 - Generated code: C:\ST\DefaultWorkspase\uart-rx-idle\FATFS\Target\ffconf.h
2025-10-28 11:49:49,582 [INFO] CodeEngine:265 - oldGeneratedFile, C:\ST\DefaultWorkspase\uart-rx-idle\FATFS\Target\user_diskio.c_save
2025-10-28 11:49:49,688 [INFO] CodeEngine:289 - Generated code: C:\ST\DefaultWorkspase\uart-rx-idle\FATFS\Target\user_diskio.c
2025-10-28 11:49:49,699 [INFO] CodeEngine:265 - oldGeneratedFile, C:\ST\DefaultWorkspase\uart-rx-idle\FATFS\Target\user_diskio.h_save
2025-10-28 11:49:49,815 [INFO] CodeEngine:289 - Generated code: C:\ST\DefaultWorkspase\uart-rx-idle\FATFS\Target\user_diskio.h
2025-10-28 11:49:49,820 [INFO] CodeEngine:265 - oldGeneratedFile, C:\ST\DefaultWorkspase\uart-rx-idle\FATFS\App\fatfs.c_save
2025-10-28 11:49:49,933 [INFO] CodeEngine:289 - Generated code: C:\ST\DefaultWorkspase\uart-rx-idle\FATFS\App\fatfs.c
2025-10-28 11:49:49,939 [INFO] CodeEngine:265 - oldGeneratedFile, C:\ST\DefaultWorkspase\uart-rx-idle\FATFS\App\fatfs.h_save
2025-10-28 11:49:50,045 [INFO] CodeEngine:289 - Generated code: C:\ST\DefaultWorkspase\uart-rx-idle\FATFS\App\fatfs.h
2025-10-28 11:49:50,068 [INFO] CodeEngine:265 - oldGeneratedFile, C:\ST\DefaultWorkspase\uart-rx-idle\Core\Src\stm32f4xx_it.c_save
2025-10-28 11:49:50,388 [INFO] CodeEngine:289 - Generated code: C:\ST\DefaultWorkspase\uart-rx-idle\Core\Src\stm32f4xx_it.c
2025-10-28 11:49:50,399 [INFO] CodeEngine:265 - oldGeneratedFile, C:\ST\DefaultWorkspase\uart-rx-idle\Core\Inc\stm32f4xx_it.h_save
2025-10-28 11:49:50,521 [INFO] CodeEngine:289 - Generated code: C:\ST\DefaultWorkspase\uart-rx-idle\Core\Inc\stm32f4xx_it.h
2025-10-28 11:49:50,549 [INFO] CodeEngine:265 - oldGeneratedFile, C:\ST\DefaultWorkspase\uart-rx-idle\Core\Src\stm32f4xx_hal_msp.c_save
2025-10-28 11:49:50,737 [INFO] CodeEngine:289 - Generated code: C:\ST\DefaultWorkspase\uart-rx-idle\Core\Src\stm32f4xx_hal_msp.c
2025-10-28 11:49:50,746 [INFO] CodeEngine:265 - oldGeneratedFile, C:\ST\DefaultWorkspase\uart-rx-idle\MXTmpFiles\system.tmp_save
2025-10-28 11:49:50,859 [INFO] CodeEngine:289 - Generated code: C:\ST\DefaultWorkspase\uart-rx-idle\MXTmpFiles\system.tmp
2025-10-28 11:49:50,876 [INFO] CodeEngine:321 - oldGeneratedFile, C:\ST\DefaultWorkspase\uart-rx-idle\Core\Inc\stm32f4xx_hal_conf.h_save
2025-10-28 11:49:51,002 [INFO] CodeEngine:345 - Generated code: C:\ST\DefaultWorkspase\uart-rx-idle\Core\Inc\stm32f4xx_hal_conf.h
2025-10-28 11:49:51,040 [INFO] ApiDbMcu:532 - Load IP Config File for SPI1
2025-10-28 11:49:51,045 [INFO] ApiDbMcu:532 - Load IP Config File for USART1
2025-10-28 11:49:51,048 [INFO] ApiDbMcu:532 - Load IP Config File for USART2
2025-10-28 11:49:51,053 [INFO] ApiDbMcu:532 - Load IP Config File for RCC
2025-10-28 11:49:51,069 [INFO] CodeEngine:265 - oldGeneratedFile, C:\ST\DefaultWorkspase\uart-rx-idle\Core\Inc\main.h_save
2025-10-28 11:49:51,200 [INFO] CodeEngine:289 - Generated code: C:\ST\DefaultWorkspase\uart-rx-idle\Core\Inc\main.h
2025-10-28 11:49:51,222 [INFO] CodeEngine:265 - oldGeneratedFile, C:\ST\DefaultWorkspase\uart-rx-idle\Core\Src\main.c_save
2025-10-28 11:49:51,396 [INFO] CodeEngine:289 - Generated code: C:\ST\DefaultWorkspase\uart-rx-idle\Core\Src\main.c
2025-10-28 11:49:52,167 [INFO] ProjectBuilder:3606 - Time for Copy HAL[1] : 372mS.
2025-10-28 11:49:52,179 [INFO] ProjectBuilder:5216 - Project Generator version: 4.7.0-B52
2025-10-28 11:49:52,305 [INFO] ConfigFileManager:1595 - The Die is : DIE431
2025-10-28 11:49:52,314 [INFO] ApiDbMcu:532 - Load IP Config File for FREERTOS
2025-10-28 11:49:52,317 [INFO] ApiDbMcu:532 - Load IP Config File for LIBJPEG
2025-10-28 11:49:52,327 [INFO] ApiDbMcu:532 - Load IP Config File for MBEDTLS
2025-10-28 11:49:52,338 [INFO] ApiDbMcu:532 - Load IP Config File for USB_DEVICE
2025-10-28 11:49:52,343 [INFO] ApiDbMcu:532 - Load IP Config File for USB_HOST
2025-10-28 11:49:56,253 [INFO] ProjectBuilder:5496 - Time for Generating toolchain IDE Files: 4074mS.
2025-10-28 11:49:56,254 [INFO] ProjectBuilder:3463 - Time for Copy CMSIS : 1mS.
2025-10-28 11:49:56,260 [INFO] ProjectBuilder:3463 - Time for Copy CMSIS : 0mS.
2025-10-28 11:49:57,303 [INFO] McuFinderGlobals:76 - Set McuFinderConnectedMode to true
2025-10-28 11:49:57,311 [INFO] ApiDb:448 - Save user favorites file C:\Users\eevgs/.stm32cubeide/favorites.mcus.txt: 1 item(s)
2025-10-28 11:49:57,311 [INFO] ApiDb:452 - User favorites MCUs=[STM32F411CEU6]
